{"total": {"lines":{"total":11782,"covered":7026,"skipped":0,"pct":59.63},"statements":{"total":12355,"covered":7271,"skipped":0,"pct":58.85},"functions":{"total":2448,"covered":1341,"skipped":0,"pct":54.77},"branches":{"total":9476,"covered":4773,"skipped":0,"pct":50.36},"branchesTrue":{"total":0,"covered":0,"skipped":0,"pct":100}}
,"/Users/jeremiahstones/Documents/workspace/PersonalProjects/sound_first/sound-first-mobile/src/components/AudioInput.tsx": {"lines":{"total":289,"covered":82,"skipped":0,"pct":28.37},"functions":{"total":24,"covered":8,"skipped":0,"pct":33.33},"statements":{"total":298,"covered":82,"skipped":0,"pct":27.51},"branches":{"total":189,"covered":23,"skipped":0,"pct":12.16}}
,"/Users/jeremiahstones/Documents/workspace/PersonalProjects/sound_first/sound-first-mobile/src/components/AudioPlayer.tsx": {"lines":{"total":83,"covered":73,"skipped":0,"pct":87.95},"functions":{"total":19,"covered":17,"skipped":0,"pct":89.47},"statements":{"total":87,"covered":75,"skipped":0,"pct":86.2},"branches":{"total":68,"covered":59,"skipped":0,"pct":86.76}}
,"/Users/jeremiahstones/Documents/workspace/PersonalProjects/sound_first/sound-first-mobile/src/components/DevNavMenu.tsx": {"lines":{"total":33,"covered":33,"skipped":0,"pct":100},"functions":{"total":9,"covered":9,"skipped":0,"pct":100},"statements":{"total":34,"covered":34,"skipped":0,"pct":100},"branches":{"total":19,"covered":19,"skipped":0,"pct":100}}
,"/Users/jeremiahstones/Documents/workspace/PersonalProjects/sound_first/sound-first-mobile/src/components/EDMVisualizer.tsx": {"lines":{"total":60,"covered":59,"skipped":0,"pct":98.33},"functions":{"total":21,"covered":20,"skipped":0,"pct":95.23},"statements":{"total":67,"covered":66,"skipped":0,"pct":98.5},"branches":{"total":38,"covered":29,"skipped":0,"pct":76.31}}
,"/Users/jeremiahstones/Documents/workspace/PersonalProjects/sound_first/sound-first-mobile/src/components/ErrorBoundary.d.ts": {"lines":{"total":0,"covered":0,"skipped":0,"pct":100},"functions":{"total":0,"covered":0,"skipped":0,"pct":100},"statements":{"total":0,"covered":0,"skipped":0,"pct":100},"branches":{"total":0,"covered":0,"skipped":0,"pct":100}}
,"/Users/jeremiahstones/Documents/workspace/PersonalProjects/sound_first/sound-first-mobile/src/components/ErrorBoundary.tsx": {"lines":{"total":16,"covered":16,"skipped":0,"pct":100},"functions":{"total":5,"covered":5,"skipped":0,"pct":100},"statements":{"total":16,"covered":16,"skipped":0,"pct":100},"branches":{"total":9,"covered":9,"skipped":0,"pct":100}}
,"/Users/jeremiahstones/Documents/workspace/PersonalProjects/sound_first/sound-first-mobile/src/components/HelpMenu.tsx": {"lines":{"total":31,"covered":31,"skipped":0,"pct":100},"functions":{"total":8,"covered":8,"skipped":0,"pct":100},"statements":{"total":33,"covered":32,"skipped":0,"pct":96.96},"branches":{"total":38,"covered":32,"skipped":0,"pct":84.21}}
,"/Users/jeremiahstones/Documents/workspace/PersonalProjects/sound_first/sound-first-mobile/src/components/Metronome.tsx": {"lines":{"total":175,"covered":123,"skipped":0,"pct":70.28},"functions":{"total":52,"covered":33,"skipped":0,"pct":63.46},"statements":{"total":183,"covered":126,"skipped":0,"pct":68.85},"branches":{"total":190,"covered":131,"skipped":0,"pct":68.94}}
,"/Users/jeremiahstones/Documents/workspace/PersonalProjects/sound_first/sound-first-mobile/src/components/MiniLesson.tsx": {"lines":{"total":56,"covered":54,"skipped":0,"pct":96.42},"functions":{"total":10,"covered":10,"skipped":0,"pct":100},"statements":{"total":58,"covered":55,"skipped":0,"pct":94.82},"branches":{"total":73,"covered":60,"skipped":0,"pct":82.19}}
,"/Users/jeremiahstones/Documents/workspace/PersonalProjects/sound_first/sound-first-mobile/src/components/MobileAudioInput.tsx": {"lines":{"total":11,"covered":11,"skipped":0,"pct":100},"functions":{"total":1,"covered":1,"skipped":0,"pct":100},"statements":{"total":11,"covered":11,"skipped":0,"pct":100},"branches":{"total":44,"covered":33,"skipped":0,"pct":75}}
,"/Users/jeremiahstones/Documents/workspace/PersonalProjects/sound_first/sound-first-mobile/src/components/NotationDisplay.tsx": {"lines":{"total":107,"covered":36,"skipped":0,"pct":33.64},"functions":{"total":11,"covered":6,"skipped":0,"pct":54.54},"statements":{"total":113,"covered":38,"skipped":0,"pct":33.62},"branches":{"total":71,"covered":29,"skipped":0,"pct":40.84}}
,"/Users/jeremiahstones/Documents/workspace/PersonalProjects/sound_first/sound-first-mobile/src/components/PitchDrone.tsx": {"lines":{"total":287,"covered":112,"skipped":0,"pct":39.02},"functions":{"total":56,"covered":27,"skipped":0,"pct":48.21},"statements":{"total":304,"covered":114,"skipped":0,"pct":37.5},"branches":{"total":198,"covered":70,"skipped":0,"pct":35.35}}
,"/Users/jeremiahstones/Documents/workspace/PersonalProjects/sound_first/sound-first-mobile/src/components/ResetButton.tsx": {"lines":{"total":0,"covered":0,"skipped":0,"pct":100},"functions":{"total":0,"covered":0,"skipped":0,"pct":100},"statements":{"total":0,"covered":0,"skipped":0,"pct":100},"branches":{"total":0,"covered":0,"skipped":0,"pct":100}}
,"/Users/jeremiahstones/Documents/workspace/PersonalProjects/sound_first/sound-first-mobile/src/components/StaffNotePicker.tsx": {"lines":{"total":48,"covered":48,"skipped":0,"pct":100},"functions":{"total":12,"covered":12,"skipped":0,"pct":100},"statements":{"total":50,"covered":48,"skipped":0,"pct":96},"branches":{"total":33,"covered":28,"skipped":0,"pct":84.84}}
,"/Users/jeremiahstones/Documents/workspace/PersonalProjects/sound_first/sound-first-mobile/src/components/VolumeBar.tsx": {"lines":{"total":39,"covered":39,"skipped":0,"pct":100},"functions":{"total":7,"covered":7,"skipped":0,"pct":100},"statements":{"total":41,"covered":41,"skipped":0,"pct":100},"branches":{"total":44,"covered":42,"skipped":0,"pct":95.45}}
,"/Users/jeremiahstones/Documents/workspace/PersonalProjects/sound_first/sound-first-mobile/src/components/AudioInput/index.ts": {"lines":{"total":0,"covered":0,"skipped":0,"pct":100},"functions":{"total":0,"covered":0,"skipped":0,"pct":100},"statements":{"total":0,"covered":0,"skipped":0,"pct":100},"branches":{"total":0,"covered":0,"skipped":0,"pct":100}}
,"/Users/jeremiahstones/Documents/workspace/PersonalProjects/sound_first/sound-first-mobile/src/components/AudioInput/pitchUtils.ts": {"lines":{"total":76,"covered":76,"skipped":0,"pct":100},"functions":{"total":5,"covered":5,"skipped":0,"pct":100},"statements":{"total":88,"covered":87,"skipped":0,"pct":98.86},"branches":{"total":36,"covered":34,"skipped":0,"pct":94.44}}
,"/Users/jeremiahstones/Documents/workspace/PersonalProjects/sound_first/sound-first-mobile/src/components/AudioInput/styles.ts": {"lines":{"total":1,"covered":0,"skipped":0,"pct":0},"functions":{"total":0,"covered":0,"skipped":0,"pct":100},"statements":{"total":1,"covered":0,"skipped":0,"pct":0},"branches":{"total":2,"covered":0,"skipped":0,"pct":0}}
,"/Users/jeremiahstones/Documents/workspace/PersonalProjects/sound_first/sound-first-mobile/src/components/AudioInput/webViewHtml.ts": {"lines":{"total":2,"covered":0,"skipped":0,"pct":0},"functions":{"total":1,"covered":0,"skipped":0,"pct":0},"statements":{"total":2,"covered":0,"skipped":0,"pct":0},"branches":{"total":2,"covered":0,"skipped":0,"pct":0}}
,"/Users/jeremiahstones/Documents/workspace/PersonalProjects/sound_first/sound-first-mobile/src/components/Metronome/constants.ts": {"lines":{"total":7,"covered":7,"skipped":0,"pct":100},"functions":{"total":1,"covered":1,"skipped":0,"pct":100},"statements":{"total":7,"covered":7,"skipped":0,"pct":100},"branches":{"total":4,"covered":4,"skipped":0,"pct":100}}
,"/Users/jeremiahstones/Documents/workspace/PersonalProjects/sound_first/sound-first-mobile/src/components/Metronome/index.ts": {"lines":{"total":0,"covered":0,"skipped":0,"pct":100},"functions":{"total":0,"covered":0,"skipped":0,"pct":100},"statements":{"total":0,"covered":0,"skipped":0,"pct":100},"branches":{"total":0,"covered":0,"skipped":0,"pct":100}}
,"/Users/jeremiahstones/Documents/workspace/PersonalProjects/sound_first/sound-first-mobile/src/components/Metronome/styles.ts": {"lines":{"total":3,"covered":3,"skipped":0,"pct":100},"functions":{"total":0,"covered":0,"skipped":0,"pct":100},"statements":{"total":3,"covered":3,"skipped":0,"pct":100},"branches":{"total":2,"covered":1,"skipped":0,"pct":50}}
,"/Users/jeremiahstones/Documents/workspace/PersonalProjects/sound_first/sound-first-mobile/src/components/PitchDrone/constants.ts": {"lines":{"total":13,"covered":13,"skipped":0,"pct":100},"functions":{"total":5,"covered":5,"skipped":0,"pct":100},"statements":{"total":14,"covered":14,"skipped":0,"pct":100},"branches":{"total":6,"covered":5,"skipped":0,"pct":83.33}}
,"/Users/jeremiahstones/Documents/workspace/PersonalProjects/sound_first/sound-first-mobile/src/components/PitchDrone/index.ts": {"lines":{"total":0,"covered":0,"skipped":0,"pct":100},"functions":{"total":0,"covered":0,"skipped":0,"pct":100},"statements":{"total":0,"covered":0,"skipped":0,"pct":100},"branches":{"total":0,"covered":0,"skipped":0,"pct":100}}
,"/Users/jeremiahstones/Documents/workspace/PersonalProjects/sound_first/sound-first-mobile/src/components/PitchDrone/styles.ts": {"lines":{"total":2,"covered":2,"skipped":0,"pct":100},"functions":{"total":0,"covered":0,"skipped":0,"pct":100},"statements":{"total":2,"covered":2,"skipped":0,"pct":100},"branches":{"total":4,"covered":2,"skipped":0,"pct":50}}
,"/Users/jeremiahstones/Documents/workspace/PersonalProjects/sound_first/sound-first-mobile/src/components/admin/DetailRow.tsx": {"lines":{"total":2,"covered":2,"skipped":0,"pct":100},"functions":{"total":1,"covered":1,"skipped":0,"pct":100},"statements":{"total":2,"covered":2,"skipped":0,"pct":100},"branches":{"total":4,"covered":4,"skipped":0,"pct":100}}
,"/Users/jeremiahstones/Documents/workspace/PersonalProjects/sound_first/sound-first-mobile/src/components/admin/FormField.tsx": {"lines":{"total":2,"covered":2,"skipped":0,"pct":100},"functions":{"total":1,"covered":1,"skipped":0,"pct":100},"statements":{"total":2,"covered":2,"skipped":0,"pct":100},"branches":{"total":14,"covered":14,"skipped":0,"pct":100}}
,"/Users/jeremiahstones/Documents/workspace/PersonalProjects/sound_first/sound-first-mobile/src/components/admin/index.ts": {"lines":{"total":0,"covered":0,"skipped":0,"pct":100},"functions":{"total":0,"covered":0,"skipped":0,"pct":100},"statements":{"total":0,"covered":0,"skipped":0,"pct":100},"branches":{"total":0,"covered":0,"skipped":0,"pct":100}}
,"/Users/jeremiahstones/Documents/workspace/PersonalProjects/sound_first/sound-first-mobile/src/hooks/index.ts": {"lines":{"total":0,"covered":0,"skipped":0,"pct":100},"functions":{"total":0,"covered":0,"skipped":0,"pct":100},"statements":{"total":0,"covered":0,"skipped":0,"pct":100},"branches":{"total":0,"covered":0,"skipped":0,"pct":100}}
,"/Users/jeremiahstones/Documents/workspace/PersonalProjects/sound_first/sound-first-mobile/src/hooks/useApi.ts": {"lines":{"total":29,"covered":29,"skipped":0,"pct":100},"functions":{"total":11,"covered":11,"skipped":0,"pct":100},"statements":{"total":33,"covered":33,"skipped":0,"pct":100},"branches":{"total":6,"covered":4,"skipped":0,"pct":66.66}}
,"/Users/jeremiahstones/Documents/workspace/PersonalProjects/sound_first/sound-first-mobile/src/hooks/useAsyncState.ts": {"lines":{"total":20,"covered":20,"skipped":0,"pct":100},"functions":{"total":3,"covered":3,"skipped":0,"pct":100},"statements":{"total":20,"covered":20,"skipped":0,"pct":100},"branches":{"total":3,"covered":2,"skipped":0,"pct":66.66}}
,"/Users/jeremiahstones/Documents/workspace/PersonalProjects/sound_first/sound-first-mobile/src/hooks/useDebounce.ts": {"lines":{"total":18,"covered":18,"skipped":0,"pct":100},"functions":{"total":9,"covered":9,"skipped":0,"pct":100},"statements":{"total":18,"covered":18,"skipped":0,"pct":100},"branches":{"total":6,"covered":5,"skipped":0,"pct":83.33}}
,"/Users/jeremiahstones/Documents/workspace/PersonalProjects/sound_first/sound-first-mobile/src/hooks/useExerciseAudio.ts": {"lines":{"total":128,"covered":122,"skipped":0,"pct":95.31},"functions":{"total":22,"covered":22,"skipped":0,"pct":100},"statements":{"total":135,"covered":126,"skipped":0,"pct":93.33},"branches":{"total":60,"covered":46,"skipped":0,"pct":76.66}}
,"/Users/jeremiahstones/Documents/workspace/PersonalProjects/sound_first/sound-first-mobile/src/hooks/usePitchDetection.ts": {"lines":{"total":307,"covered":78,"skipped":0,"pct":25.4},"functions":{"total":22,"covered":11,"skipped":0,"pct":50},"statements":{"total":315,"covered":79,"skipped":0,"pct":25.07},"branches":{"total":184,"covered":30,"skipped":0,"pct":16.3}}
,"/Users/jeremiahstones/Documents/workspace/PersonalProjects/sound_first/sound-first-mobile/src/hooks/useSelectionEngine.ts": {"lines":{"total":79,"covered":77,"skipped":0,"pct":97.46},"functions":{"total":21,"covered":21,"skipped":0,"pct":100},"statements":{"total":91,"covered":89,"skipped":0,"pct":97.8},"branches":{"total":40,"covered":33,"skipped":0,"pct":82.5}}
,"/Users/jeremiahstones/Documents/workspace/PersonalProjects/sound_first/sound-first-mobile/src/hooks/useTuneMasteryData.ts": {"lines":{"total":119,"covered":118,"skipped":0,"pct":99.15},"functions":{"total":47,"covered":47,"skipped":0,"pct":100},"statements":{"total":139,"covered":134,"skipped":0,"pct":96.4},"branches":{"total":34,"covered":28,"skipped":0,"pct":82.35}}
,"/Users/jeremiahstones/Documents/workspace/PersonalProjects/sound_first/sound-first-mobile/src/screens/ExerciseTestScreen.js": {"lines":{"total":79,"covered":73,"skipped":0,"pct":92.4},"functions":{"total":24,"covered":22,"skipped":0,"pct":91.66},"statements":{"total":87,"covered":80,"skipped":0,"pct":91.95},"branches":{"total":58,"covered":53,"skipped":0,"pct":91.37}}
,"/Users/jeremiahstones/Documents/workspace/PersonalProjects/sound_first/sound-first-mobile/src/screens/FocusCardScreen.js": {"lines":{"total":4,"covered":4,"skipped":0,"pct":100},"functions":{"total":1,"covered":1,"skipped":0,"pct":100},"statements":{"total":4,"covered":4,"skipped":0,"pct":100},"branches":{"total":4,"covered":2,"skipped":0,"pct":50}}
,"/Users/jeremiahstones/Documents/workspace/PersonalProjects/sound_first/sound-first-mobile/src/screens/HistoryScreen.js": {"lines":{"total":35,"covered":35,"skipped":0,"pct":100},"functions":{"total":18,"covered":18,"skipped":0,"pct":100},"statements":{"total":35,"covered":35,"skipped":0,"pct":100},"branches":{"total":45,"covered":43,"skipped":0,"pct":95.55}}
,"/Users/jeremiahstones/Documents/workspace/PersonalProjects/sound_first/sound-first-mobile/src/screens/HomeScreen.js": {"lines":{"total":42,"covered":39,"skipped":0,"pct":92.85},"functions":{"total":16,"covered":14,"skipped":0,"pct":87.5},"statements":{"total":51,"covered":48,"skipped":0,"pct":94.11},"branches":{"total":70,"covered":66,"skipped":0,"pct":94.28}}
,"/Users/jeremiahstones/Documents/workspace/PersonalProjects/sound_first/sound-first-mobile/src/screens/RatingScreen.js": {"lines":{"total":23,"covered":23,"skipped":0,"pct":100},"functions":{"total":4,"covered":4,"skipped":0,"pct":100},"statements":{"total":23,"covered":23,"skipped":0,"pct":100},"branches":{"total":18,"covered":17,"skipped":0,"pct":94.44}}
,"/Users/jeremiahstones/Documents/workspace/PersonalProjects/sound_first/sound-first-mobile/src/screens/SelfDirectedScreen.js": {"lines":{"total":24,"covered":18,"skipped":0,"pct":75},"functions":{"total":8,"covered":5,"skipped":0,"pct":62.5},"statements":{"total":25,"covered":19,"skipped":0,"pct":76},"branches":{"total":11,"covered":4,"skipped":0,"pct":36.36}}
,"/Users/jeremiahstones/Documents/workspace/PersonalProjects/sound_first/sound-first-mobile/src/screens/SessionEndScreen.js": {"lines":{"total":13,"covered":11,"skipped":0,"pct":84.61},"functions":{"total":3,"covered":3,"skipped":0,"pct":100},"statements":{"total":13,"covered":11,"skipped":0,"pct":84.61},"branches":{"total":11,"covered":11,"skipped":0,"pct":100}}
,"/Users/jeremiahstones/Documents/workspace/PersonalProjects/sound_first/sound-first-mobile/src/screens/StartPracticeScreen.js": {"lines":{"total":39,"covered":31,"skipped":0,"pct":79.48},"functions":{"total":15,"covered":10,"skipped":0,"pct":66.66},"statements":{"total":39,"covered":31,"skipped":0,"pct":79.48},"branches":{"total":31,"covered":29,"skipped":0,"pct":93.54}}
,"/Users/jeremiahstones/Documents/workspace/PersonalProjects/sound_first/sound-first-mobile/src/screens/Admin/index.js": {"lines":{"total":6,"covered":0,"skipped":0,"pct":0},"functions":{"total":3,"covered":0,"skipped":0,"pct":0},"statements":{"total":6,"covered":0,"skipped":0,"pct":0},"branches":{"total":18,"covered":0,"skipped":0,"pct":0}}
,"/Users/jeremiahstones/Documents/workspace/PersonalProjects/sound_first/sound-first-mobile/src/screens/Admin/styles.js": {"lines":{"total":1,"covered":1,"skipped":0,"pct":100},"functions":{"total":0,"covered":0,"skipped":0,"pct":100},"statements":{"total":1,"covered":1,"skipped":0,"pct":100},"branches":{"total":12,"covered":6,"skipped":0,"pct":50}}
,"/Users/jeremiahstones/Documents/workspace/PersonalProjects/sound_first/sound-first-mobile/src/screens/Admin/tabs/index.js": {"lines":{"total":0,"covered":0,"skipped":0,"pct":100},"functions":{"total":0,"covered":0,"skipped":0,"pct":100},"statements":{"total":0,"covered":0,"skipped":0,"pct":100},"branches":{"total":0,"covered":0,"skipped":0,"pct":100}}
,"/Users/jeremiahstones/Documents/workspace/PersonalProjects/sound_first/sound-first-mobile/src/screens/Admin/tabs/CapabilityExplorer/index.js": {"lines":{"total":85,"covered":0,"skipped":0,"pct":0},"functions":{"total":35,"covered":0,"skipped":0,"pct":0},"statements":{"total":86,"covered":0,"skipped":0,"pct":0},"branches":{"total":85,"covered":0,"skipped":0,"pct":0}}
,"/Users/jeremiahstones/Documents/workspace/PersonalProjects/sound_first/sound-first-mobile/src/screens/Admin/tabs/CapabilityExplorer/validation.js": {"lines":{"total":34,"covered":34,"skipped":0,"pct":100},"functions":{"total":1,"covered":1,"skipped":0,"pct":100},"statements":{"total":34,"covered":34,"skipped":0,"pct":100},"branches":{"total":33,"covered":33,"skipped":0,"pct":100}}
,"/Users/jeremiahstones/Documents/workspace/PersonalProjects/sound_first/sound-first-mobile/src/screens/Admin/tabs/CapabilityExplorer/components/CapabilityCreateModal.js": {"lines":{"total":54,"covered":0,"skipped":0,"pct":0},"functions":{"total":25,"covered":0,"skipped":0,"pct":0},"statements":{"total":59,"covered":0,"skipped":0,"pct":0},"branches":{"total":54,"covered":0,"skipped":0,"pct":0}}
,"/Users/jeremiahstones/Documents/workspace/PersonalProjects/sound_first/sound-first-mobile/src/screens/Admin/tabs/CapabilityExplorer/components/CapabilityDetailView.js": {"lines":{"total":17,"covered":13,"skipped":0,"pct":76.47},"functions":{"total":10,"covered":6,"skipped":0,"pct":60},"statements":{"total":18,"covered":14,"skipped":0,"pct":77.77},"branches":{"total":38,"covered":26,"skipped":0,"pct":68.42}}
,"/Users/jeremiahstones/Documents/workspace/PersonalProjects/sound_first/sound-first-mobile/src/screens/Admin/tabs/CapabilityExplorer/components/CapabilityEditModal.js": {"lines":{"total":95,"covered":0,"skipped":0,"pct":0},"functions":{"total":38,"covered":0,"skipped":0,"pct":0},"statements":{"total":101,"covered":0,"skipped":0,"pct":0},"branches":{"total":104,"covered":0,"skipped":0,"pct":0}}
,"/Users/jeremiahstones/Documents/workspace/PersonalProjects/sound_first/sound-first-mobile/src/screens/Admin/tabs/CapabilityExplorer/components/DetailRow.js": {"lines":{"total":2,"covered":2,"skipped":0,"pct":100},"functions":{"total":1,"covered":1,"skipped":0,"pct":100},"statements":{"total":2,"covered":2,"skipped":0,"pct":100},"branches":{"total":0,"covered":0,"skipped":0,"pct":100}}
,"/Users/jeremiahstones/Documents/workspace/PersonalProjects/sound_first/sound-first-mobile/src/screens/Admin/tabs/CapabilityExplorer/components/DetectionRuleEditor.js": {"lines":{"total":73,"covered":0,"skipped":0,"pct":0},"functions":{"total":35,"covered":0,"skipped":0,"pct":0},"statements":{"total":80,"covered":0,"skipped":0,"pct":0},"branches":{"total":116,"covered":0,"skipped":0,"pct":0}}
,"/Users/jeremiahstones/Documents/workspace/PersonalProjects/sound_first/sound-first-mobile/src/screens/Admin/tabs/CapabilityExplorer/components/DomainManageModal.js": {"lines":{"total":35,"covered":0,"skipped":0,"pct":0},"functions":{"total":7,"covered":0,"skipped":0,"pct":0},"statements":{"total":35,"covered":0,"skipped":0,"pct":0},"branches":{"total":18,"covered":0,"skipped":0,"pct":0}}
,"/Users/jeremiahstones/Documents/workspace/PersonalProjects/sound_first/sound-first-mobile/src/screens/Admin/tabs/CapabilityExplorer/components/FormField.js": {"lines":{"total":2,"covered":2,"skipped":0,"pct":100},"functions":{"total":1,"covered":1,"skipped":0,"pct":100},"statements":{"total":2,"covered":2,"skipped":0,"pct":100},"branches":{"total":6,"covered":6,"skipped":0,"pct":100}}
,"/Users/jeremiahstones/Documents/workspace/PersonalProjects/sound_first/sound-first-mobile/src/screens/Admin/tabs/CapabilityExplorer/components/PrerequisiteSelector.js": {"lines":{"total":24,"covered":0,"skipped":0,"pct":0},"functions":{"total":10,"covered":0,"skipped":0,"pct":0},"statements":{"total":29,"covered":0,"skipped":0,"pct":0},"branches":{"total":32,"covered":0,"skipped":0,"pct":0}}
,"/Users/jeremiahstones/Documents/workspace/PersonalProjects/sound_first/sound-first-mobile/src/screens/Admin/tabs/CapabilityExplorer/hooks/useCapabilities.js": {"lines":{"total":176,"covered":0,"skipped":0,"pct":0},"functions":{"total":36,"covered":0,"skipped":0,"pct":0},"statements":{"total":188,"covered":0,"skipped":0,"pct":0},"branches":{"total":86,"covered":0,"skipped":0,"pct":0}}
,"/Users/jeremiahstones/Documents/workspace/PersonalProjects/sound_first/sound-first-mobile/src/screens/Admin/tabs/EngineSettings/index.js": {"lines":{"total":61,"covered":0,"skipped":0,"pct":0},"functions":{"total":15,"covered":0,"skipped":0,"pct":0},"statements":{"total":63,"covered":0,"skipped":0,"pct":0},"branches":{"total":28,"covered":0,"skipped":0,"pct":0}}
,"/Users/jeremiahstones/Documents/workspace/PersonalProjects/sound_first/sound-first-mobile/src/screens/Admin/tabs/FocusCardExplorer/index.js": {"lines":{"total":43,"covered":0,"skipped":0,"pct":0},"functions":{"total":20,"covered":0,"skipped":0,"pct":0},"statements":{"total":43,"covered":0,"skipped":0,"pct":0},"branches":{"total":32,"covered":0,"skipped":0,"pct":0}}
,"/Users/jeremiahstones/Documents/workspace/PersonalProjects/sound_first/sound-first-mobile/src/screens/Admin/tabs/FocusCardExplorer/components/DetailRow.js": {"lines":{"total":2,"covered":0,"skipped":0,"pct":0},"functions":{"total":1,"covered":0,"skipped":0,"pct":0},"statements":{"total":2,"covered":0,"skipped":0,"pct":0},"branches":{"total":0,"covered":0,"skipped":0,"pct":100}}
,"/Users/jeremiahstones/Documents/workspace/PersonalProjects/sound_first/sound-first-mobile/src/screens/Admin/tabs/FocusCardExplorer/components/FocusCardCreateModal.js": {"lines":{"total":44,"covered":0,"skipped":0,"pct":0},"functions":{"total":15,"covered":0,"skipped":0,"pct":0},"statements":{"total":48,"covered":0,"skipped":0,"pct":0},"branches":{"total":34,"covered":0,"skipped":0,"pct":0}}
,"/Users/jeremiahstones/Documents/workspace/PersonalProjects/sound_first/sound-first-mobile/src/screens/Admin/tabs/FocusCardExplorer/components/FocusCardDetailView.js": {"lines":{"total":7,"covered":0,"skipped":0,"pct":0},"functions":{"total":5,"covered":0,"skipped":0,"pct":0},"statements":{"total":7,"covered":0,"skipped":0,"pct":0},"branches":{"total":14,"covered":0,"skipped":0,"pct":0}}
,"/Users/jeremiahstones/Documents/workspace/PersonalProjects/sound_first/sound-first-mobile/src/screens/Admin/tabs/FocusCardExplorer/components/FocusCardEditModal.js": {"lines":{"total":48,"covered":0,"skipped":0,"pct":0},"functions":{"total":15,"covered":0,"skipped":0,"pct":0},"statements":{"total":52,"covered":0,"skipped":0,"pct":0},"branches":{"total":46,"covered":0,"skipped":0,"pct":0}}
,"/Users/jeremiahstones/Documents/workspace/PersonalProjects/sound_first/sound-first-mobile/src/screens/Admin/tabs/FocusCardExplorer/components/FormField.js": {"lines":{"total":2,"covered":0,"skipped":0,"pct":0},"functions":{"total":1,"covered":0,"skipped":0,"pct":0},"statements":{"total":2,"covered":0,"skipped":0,"pct":0},"branches":{"total":9,"covered":0,"skipped":0,"pct":0}}
,"/Users/jeremiahstones/Documents/workspace/PersonalProjects/sound_first/sound-first-mobile/src/screens/Admin/tabs/FocusCardExplorer/hooks/index.js": {"lines":{"total":0,"covered":0,"skipped":0,"pct":100},"functions":{"total":0,"covered":0,"skipped":0,"pct":100},"statements":{"total":0,"covered":0,"skipped":0,"pct":100},"branches":{"total":0,"covered":0,"skipped":0,"pct":100}}
,"/Users/jeremiahstones/Documents/workspace/PersonalProjects/sound_first/sound-first-mobile/src/screens/Admin/tabs/FocusCardExplorer/hooks/useFocusCards.js": {"lines":{"total":64,"covered":0,"skipped":0,"pct":0},"functions":{"total":11,"covered":0,"skipped":0,"pct":0},"statements":{"total":65,"covered":0,"skipped":0,"pct":0},"branches":{"total":21,"covered":0,"skipped":0,"pct":0}}
,"/Users/jeremiahstones/Documents/workspace/PersonalProjects/sound_first/sound-first-mobile/src/screens/Admin/tabs/MaterialExplorer/index.js": {"lines":{"total":21,"covered":0,"skipped":0,"pct":0},"functions":{"total":8,"covered":0,"skipped":0,"pct":0},"statements":{"total":21,"covered":0,"skipped":0,"pct":0},"branches":{"total":42,"covered":0,"skipped":0,"pct":0}}
,"/Users/jeremiahstones/Documents/workspace/PersonalProjects/sound_first/sound-first-mobile/src/screens/Admin/tabs/MaterialExplorer/softGateHelp.js": {"lines":{"total":1,"covered":0,"skipped":0,"pct":0},"functions":{"total":0,"covered":0,"skipped":0,"pct":100},"statements":{"total":1,"covered":0,"skipped":0,"pct":0},"branches":{"total":0,"covered":0,"skipped":0,"pct":100}}
,"/Users/jeremiahstones/Documents/workspace/PersonalProjects/sound_first/sound-first-mobile/src/screens/Admin/tabs/MaterialExplorer/components/MaterialDetailView.js": {"lines":{"total":40,"covered":0,"skipped":0,"pct":0},"functions":{"total":10,"covered":0,"skipped":0,"pct":0},"statements":{"total":41,"covered":0,"skipped":0,"pct":0},"branches":{"total":85,"covered":0,"skipped":0,"pct":0}}
,"/Users/jeremiahstones/Documents/workspace/PersonalProjects/sound_first/sound-first-mobile/src/screens/Admin/tabs/MaterialExplorer/components/MaterialUploadContent.js": {"lines":{"total":75,"covered":0,"skipped":0,"pct":0},"functions":{"total":38,"covered":0,"skipped":0,"pct":0},"statements":{"total":83,"covered":0,"skipped":0,"pct":0},"branches":{"total":149,"covered":0,"skipped":0,"pct":0}}
,"/Users/jeremiahstones/Documents/workspace/PersonalProjects/sound_first/sound-first-mobile/src/screens/Admin/tabs/MaterialExplorer/hooks/index.js": {"lines":{"total":0,"covered":0,"skipped":0,"pct":100},"functions":{"total":0,"covered":0,"skipped":0,"pct":100},"statements":{"total":0,"covered":0,"skipped":0,"pct":100},"branches":{"total":0,"covered":0,"skipped":0,"pct":100}}
,"/Users/jeremiahstones/Documents/workspace/PersonalProjects/sound_first/sound-first-mobile/src/screens/Admin/tabs/MaterialExplorer/hooks/useMaterials.js": {"lines":{"total":90,"covered":0,"skipped":0,"pct":0},"functions":{"total":11,"covered":0,"skipped":0,"pct":0},"statements":{"total":90,"covered":0,"skipped":0,"pct":0},"branches":{"total":27,"covered":0,"skipped":0,"pct":0}}
,"/Users/jeremiahstones/Documents/workspace/PersonalProjects/sound_first/sound-first-mobile/src/screens/Admin/tabs/MaterialExplorer/hooks/useUpload.js": {"lines":{"total":77,"covered":0,"skipped":0,"pct":0},"functions":{"total":8,"covered":0,"skipped":0,"pct":0},"statements":{"total":78,"covered":0,"skipped":0,"pct":0},"branches":{"total":33,"covered":0,"skipped":0,"pct":0}}
,"/Users/jeremiahstones/Documents/workspace/PersonalProjects/sound_first/sound-first-mobile/src/screens/Admin/tabs/SessionDiagnostics/index.js": {"lines":{"total":40,"covered":0,"skipped":0,"pct":0},"functions":{"total":11,"covered":0,"skipped":0,"pct":0},"statements":{"total":40,"covered":0,"skipped":0,"pct":0},"branches":{"total":44,"covered":0,"skipped":0,"pct":0}}
,"/Users/jeremiahstones/Documents/workspace/PersonalProjects/sound_first/sound-first-mobile/src/screens/Admin/tabs/SoftGateExplorer/index.js": {"lines":{"total":4,"covered":0,"skipped":0,"pct":0},"functions":{"total":3,"covered":0,"skipped":0,"pct":0},"statements":{"total":4,"covered":0,"skipped":0,"pct":0},"branches":{"total":12,"covered":0,"skipped":0,"pct":0}}
,"/Users/jeremiahstones/Documents/workspace/PersonalProjects/sound_first/sound-first-mobile/src/screens/Admin/tabs/SoftGateExplorer/components/FormField.js": {"lines":{"total":2,"covered":0,"skipped":0,"pct":0},"functions":{"total":1,"covered":0,"skipped":0,"pct":0},"statements":{"total":2,"covered":0,"skipped":0,"pct":0},"branches":{"total":6,"covered":0,"skipped":0,"pct":0}}
,"/Users/jeremiahstones/Documents/workspace/PersonalProjects/sound_first/sound-first-mobile/src/screens/Admin/tabs/SoftGateExplorer/components/SoftGateRuleCreateModal.js": {"lines":{"total":29,"covered":0,"skipped":0,"pct":0},"functions":{"total":12,"covered":0,"skipped":0,"pct":0},"statements":{"total":30,"covered":0,"skipped":0,"pct":0},"branches":{"total":18,"covered":0,"skipped":0,"pct":0}}
,"/Users/jeremiahstones/Documents/workspace/PersonalProjects/sound_first/sound-first-mobile/src/screens/Admin/tabs/SoftGateExplorer/components/SoftGateRuleEditModal.js": {"lines":{"total":29,"covered":0,"skipped":0,"pct":0},"functions":{"total":14,"covered":0,"skipped":0,"pct":0},"statements":{"total":30,"covered":0,"skipped":0,"pct":0},"branches":{"total":22,"covered":0,"skipped":0,"pct":0}}
,"/Users/jeremiahstones/Documents/workspace/PersonalProjects/sound_first/sound-first-mobile/src/screens/Admin/tabs/SoftGateExplorer/components/SoftGateRulesList.js": {"lines":{"total":26,"covered":0,"skipped":0,"pct":0},"functions":{"total":12,"covered":0,"skipped":0,"pct":0},"statements":{"total":26,"covered":0,"skipped":0,"pct":0},"branches":{"total":6,"covered":0,"skipped":0,"pct":0}}
,"/Users/jeremiahstones/Documents/workspace/PersonalProjects/sound_first/sound-first-mobile/src/screens/Admin/tabs/SoftGateExplorer/components/UserSoftGateStateEditModal.js": {"lines":{"total":22,"covered":0,"skipped":0,"pct":0},"functions":{"total":8,"covered":0,"skipped":0,"pct":0},"statements":{"total":23,"covered":0,"skipped":0,"pct":0},"branches":{"total":12,"covered":0,"skipped":0,"pct":0}}
,"/Users/jeremiahstones/Documents/workspace/PersonalProjects/sound_first/sound-first-mobile/src/screens/Admin/tabs/SoftGateExplorer/components/UserSoftGateStateView.js": {"lines":{"total":31,"covered":0,"skipped":0,"pct":0},"functions":{"total":16,"covered":0,"skipped":0,"pct":0},"statements":{"total":31,"covered":0,"skipped":0,"pct":0},"branches":{"total":23,"covered":0,"skipped":0,"pct":0}}
,"/Users/jeremiahstones/Documents/workspace/PersonalProjects/sound_first/sound-first-mobile/src/screens/Admin/tabs/SoftGateExplorer/hooks/index.js": {"lines":{"total":0,"covered":0,"skipped":0,"pct":100},"functions":{"total":0,"covered":0,"skipped":0,"pct":100},"statements":{"total":0,"covered":0,"skipped":0,"pct":100},"branches":{"total":0,"covered":0,"skipped":0,"pct":100}}
,"/Users/jeremiahstones/Documents/workspace/PersonalProjects/sound_first/sound-first-mobile/src/screens/Admin/tabs/SoftGateExplorer/hooks/useSoftGateRules.js": {"lines":{"total":46,"covered":0,"skipped":0,"pct":0},"functions":{"total":6,"covered":0,"skipped":0,"pct":0},"statements":{"total":46,"covered":0,"skipped":0,"pct":0},"branches":{"total":14,"covered":0,"skipped":0,"pct":0}}
,"/Users/jeremiahstones/Documents/workspace/PersonalProjects/sound_first/sound-first-mobile/src/screens/Admin/tabs/SoftGateExplorer/hooks/useUserSoftGateState.js": {"lines":{"total":52,"covered":0,"skipped":0,"pct":0},"functions":{"total":8,"covered":0,"skipped":0,"pct":0},"statements":{"total":54,"covered":0,"skipped":0,"pct":0},"branches":{"total":21,"covered":0,"skipped":0,"pct":0}}
,"/Users/jeremiahstones/Documents/workspace/PersonalProjects/sound_first/sound-first-mobile/src/screens/Admin/tabs/UserProgressionInspector/index.js": {"lines":{"total":248,"covered":0,"skipped":0,"pct":0},"functions":{"total":74,"covered":0,"skipped":0,"pct":0},"statements":{"total":256,"covered":0,"skipped":0,"pct":0},"branches":{"total":256,"covered":0,"skipped":0,"pct":0}}
,"/Users/jeremiahstones/Documents/workspace/PersonalProjects/sound_first/sound-first-mobile/src/screens/CapabilityPath/index.js": {"lines":{"total":110,"covered":0,"skipped":0,"pct":0},"functions":{"total":35,"covered":0,"skipped":0,"pct":0},"statements":{"total":117,"covered":0,"skipped":0,"pct":0},"branches":{"total":48,"covered":0,"skipped":0,"pct":0}}
,"/Users/jeremiahstones/Documents/workspace/PersonalProjects/sound_first/sound-first-mobile/src/screens/CapabilityPath/styles.js": {"lines":{"total":0,"covered":0,"skipped":0,"pct":100},"functions":{"total":0,"covered":0,"skipped":0,"pct":100},"statements":{"total":0,"covered":0,"skipped":0,"pct":100},"branches":{"total":6,"covered":0,"skipped":0,"pct":0}}
,"/Users/jeremiahstones/Documents/workspace/PersonalProjects/sound_first/sound-first-mobile/src/screens/CapabilityPath/components/AddCapabilityModal.js": {"lines":{"total":9,"covered":0,"skipped":0,"pct":0},"functions":{"total":8,"covered":0,"skipped":0,"pct":0},"statements":{"total":9,"covered":0,"skipped":0,"pct":0},"branches":{"total":14,"covered":0,"skipped":0,"pct":0}}
,"/Users/jeremiahstones/Documents/workspace/PersonalProjects/sound_first/sound-first-mobile/src/screens/CapabilityPath/components/CapabilityRow.js": {"lines":{"total":11,"covered":0,"skipped":0,"pct":0},"functions":{"total":9,"covered":0,"skipped":0,"pct":0},"statements":{"total":11,"covered":0,"skipped":0,"pct":0},"branches":{"total":14,"covered":0,"skipped":0,"pct":0}}
,"/Users/jeremiahstones/Documents/workspace/PersonalProjects/sound_first/sound-first-mobile/src/screens/CapabilityPath/data/constants.js": {"lines":{"total":4,"covered":0,"skipped":0,"pct":0},"functions":{"total":0,"covered":0,"skipped":0,"pct":100},"statements":{"total":4,"covered":0,"skipped":0,"pct":0},"branches":{"total":0,"covered":0,"skipped":0,"pct":100}}
,"/Users/jeremiahstones/Documents/workspace/PersonalProjects/sound_first/sound-first-mobile/src/screens/CapabilityPath/data/initialCapabilities.js": {"lines":{"total":35,"covered":0,"skipped":0,"pct":0},"functions":{"total":6,"covered":0,"skipped":0,"pct":0},"statements":{"total":36,"covered":0,"skipped":0,"pct":0},"branches":{"total":22,"covered":0,"skipped":0,"pct":0}}
,"/Users/jeremiahstones/Documents/workspace/PersonalProjects/sound_first/sound-first-mobile/src/screens/FirstNote/index.js": {"lines":{"total":35,"covered":16,"skipped":0,"pct":45.71},"functions":{"total":9,"covered":6,"skipped":0,"pct":66.66},"statements":{"total":35,"covered":16,"skipped":0,"pct":45.71},"branches":{"total":27,"covered":7,"skipped":0,"pct":25.92}}
,"/Users/jeremiahstones/Documents/workspace/PersonalProjects/sound_first/sound-first-mobile/src/screens/FirstNote/styles.js": {"lines":{"total":1,"covered":1,"skipped":0,"pct":100},"functions":{"total":0,"covered":0,"skipped":0,"pct":100},"statements":{"total":1,"covered":1,"skipped":0,"pct":100},"branches":{"total":4,"covered":2,"skipped":0,"pct":50}}
,"/Users/jeremiahstones/Documents/workspace/PersonalProjects/sound_first/sound-first-mobile/src/screens/FirstNote/components/DevNavMenu.js": {"lines":{"total":55,"covered":55,"skipped":0,"pct":100},"functions":{"total":11,"covered":11,"skipped":0,"pct":100},"statements":{"total":56,"covered":56,"skipped":0,"pct":100},"branches":{"total":52,"covered":49,"skipped":0,"pct":94.23}}
,"/Users/jeremiahstones/Documents/workspace/PersonalProjects/sound_first/sound-first-mobile/src/screens/FirstNote/context/FirstNoteContext.js": {"lines":{"total":63,"covered":51,"skipped":0,"pct":80.95},"functions":{"total":13,"covered":9,"skipped":0,"pct":69.23},"statements":{"total":65,"covered":52,"skipped":0,"pct":80},"branches":{"total":31,"covered":14,"skipped":0,"pct":45.16}}
,"/Users/jeremiahstones/Documents/workspace/PersonalProjects/sound_first/sound-first-mobile/src/screens/FirstNote/data/focusCards.js": {"lines":{"total":2,"covered":2,"skipped":0,"pct":100},"functions":{"total":0,"covered":0,"skipped":0,"pct":100},"statements":{"total":2,"covered":2,"skipped":0,"pct":100},"branches":{"total":0,"covered":0,"skipped":0,"pct":100}}
,"/Users/jeremiahstones/Documents/workspace/PersonalProjects/sound_first/sound-first-mobile/src/screens/FirstNote/data/index.js": {"lines":{"total":0,"covered":0,"skipped":0,"pct":100},"functions":{"total":0,"covered":0,"skipped":0,"pct":100},"statements":{"total":0,"covered":0,"skipped":0,"pct":100},"branches":{"total":0,"covered":0,"skipped":0,"pct":100}}
,"/Users/jeremiahstones/Documents/workspace/PersonalProjects/sound_first/sound-first-mobile/src/screens/FirstNote/data/instruments.js": {"lines":{"total":3,"covered":2,"skipped":0,"pct":66.66},"functions":{"total":1,"covered":0,"skipped":0,"pct":0},"statements":{"total":3,"covered":2,"skipped":0,"pct":66.66},"branches":{"total":2,"covered":0,"skipped":0,"pct":0}}
,"/Users/jeremiahstones/Documents/workspace/PersonalProjects/sound_first/sound-first-mobile/src/screens/FirstNote/data/pitchExplorer.js": {"lines":{"total":2,"covered":2,"skipped":0,"pct":100},"functions":{"total":0,"covered":0,"skipped":0,"pct":100},"statements":{"total":2,"covered":2,"skipped":0,"pct":100},"branches":{"total":0,"covered":0,"skipped":0,"pct":100}}
,"/Users/jeremiahstones/Documents/workspace/PersonalProjects/sound_first/sound-first-mobile/src/screens/FirstNote/hooks/index.js": {"lines":{"total":0,"covered":0,"skipped":0,"pct":100},"functions":{"total":0,"covered":0,"skipped":0,"pct":100},"statements":{"total":0,"covered":0,"skipped":0,"pct":100},"branches":{"total":0,"covered":0,"skipped":0,"pct":100}}
,"/Users/jeremiahstones/Documents/workspace/PersonalProjects/sound_first/sound-first-mobile/src/screens/FirstNote/hooks/useFirstNoteAudio.js": {"lines":{"total":148,"covered":129,"skipped":0,"pct":87.16},"functions":{"total":18,"covered":15,"skipped":0,"pct":83.33},"statements":{"total":150,"covered":129,"skipped":0,"pct":86},"branches":{"total":46,"covered":33,"skipped":0,"pct":71.73}}
,"/Users/jeremiahstones/Documents/workspace/PersonalProjects/sound_first/sound-first-mobile/src/screens/FirstNote/hooks/useFirstNoteNavigation.js": {"lines":{"total":30,"covered":30,"skipped":0,"pct":100},"functions":{"total":6,"covered":6,"skipped":0,"pct":100},"statements":{"total":30,"covered":30,"skipped":0,"pct":100},"branches":{"total":10,"covered":9,"skipped":0,"pct":90}}
,"/Users/jeremiahstones/Documents/workspace/PersonalProjects/sound_first/sound-first-mobile/src/screens/FirstNote/stages/Stage0.js": {"lines":{"total":14,"covered":14,"skipped":0,"pct":100},"functions":{"total":5,"covered":5,"skipped":0,"pct":100},"statements":{"total":14,"covered":14,"skipped":0,"pct":100},"branches":{"total":26,"covered":26,"skipped":0,"pct":100}}
,"/Users/jeremiahstones/Documents/workspace/PersonalProjects/sound_first/sound-first-mobile/src/screens/FirstNote/stages/Stage1.js": {"lines":{"total":25,"covered":25,"skipped":0,"pct":100},"functions":{"total":9,"covered":9,"skipped":0,"pct":100},"statements":{"total":25,"covered":25,"skipped":0,"pct":100},"branches":{"total":31,"covered":31,"skipped":0,"pct":100}}
,"/Users/jeremiahstones/Documents/workspace/PersonalProjects/sound_first/sound-first-mobile/src/screens/FirstNote/stages/Stage2.js": {"lines":{"total":62,"covered":57,"skipped":0,"pct":91.93},"functions":{"total":22,"covered":18,"skipped":0,"pct":81.81},"statements":{"total":67,"covered":59,"skipped":0,"pct":88.05},"branches":{"total":63,"covered":57,"skipped":0,"pct":90.47}}
,"/Users/jeremiahstones/Documents/workspace/PersonalProjects/sound_first/sound-first-mobile/src/screens/FirstNote/stages/Stage3.js": {"lines":{"total":14,"covered":14,"skipped":0,"pct":100},"functions":{"total":6,"covered":6,"skipped":0,"pct":100},"statements":{"total":14,"covered":14,"skipped":0,"pct":100},"branches":{"total":12,"covered":12,"skipped":0,"pct":100}}
,"/Users/jeremiahstones/Documents/workspace/PersonalProjects/sound_first/sound-first-mobile/src/screens/FirstNote/stages/Stage4.js": {"lines":{"total":28,"covered":28,"skipped":0,"pct":100},"functions":{"total":12,"covered":12,"skipped":0,"pct":100},"statements":{"total":28,"covered":28,"skipped":0,"pct":100},"branches":{"total":32,"covered":30,"skipped":0,"pct":93.75}}
,"/Users/jeremiahstones/Documents/workspace/PersonalProjects/sound_first/sound-first-mobile/src/screens/FirstNote/stages/Stage5.js": {"lines":{"total":13,"covered":13,"skipped":0,"pct":100},"functions":{"total":5,"covered":5,"skipped":0,"pct":100},"statements":{"total":13,"covered":13,"skipped":0,"pct":100},"branches":{"total":20,"covered":20,"skipped":0,"pct":100}}
,"/Users/jeremiahstones/Documents/workspace/PersonalProjects/sound_first/sound-first-mobile/src/screens/FirstNote/stages/Stage6.js": {"lines":{"total":46,"covered":46,"skipped":0,"pct":100},"functions":{"total":20,"covered":20,"skipped":0,"pct":100},"statements":{"total":46,"covered":46,"skipped":0,"pct":100},"branches":{"total":64,"covered":52,"skipped":0,"pct":81.25}}
,"/Users/jeremiahstones/Documents/workspace/PersonalProjects/sound_first/sound-first-mobile/src/screens/FirstNote/stages/Stage7.js": {"lines":{"total":13,"covered":13,"skipped":0,"pct":100},"functions":{"total":7,"covered":7,"skipped":0,"pct":100},"statements":{"total":13,"covered":13,"skipped":0,"pct":100},"branches":{"total":14,"covered":14,"skipped":0,"pct":100}}
,"/Users/jeremiahstones/Documents/workspace/PersonalProjects/sound_first/sound-first-mobile/src/screens/FirstNote/stages/index.js": {"lines":{"total":0,"covered":0,"skipped":0,"pct":100},"functions":{"total":0,"covered":0,"skipped":0,"pct":100},"statements":{"total":0,"covered":0,"skipped":0,"pct":100},"branches":{"total":0,"covered":0,"skipped":0,"pct":100}}
,"/Users/jeremiahstones/Documents/workspace/PersonalProjects/sound_first/sound-first-mobile/src/screens/FirstNote/utils/index.js": {"lines":{"total":0,"covered":0,"skipped":0,"pct":100},"functions":{"total":0,"covered":0,"skipped":0,"pct":100},"statements":{"total":0,"covered":0,"skipped":0,"pct":100},"branches":{"total":0,"covered":0,"skipped":0,"pct":100}}
,"/Users/jeremiahstones/Documents/workspace/PersonalProjects/sound_first/sound-first-mobile/src/screens/FirstNote/utils/noteHelpers.js": {"lines":{"total":27,"covered":17,"skipped":0,"pct":62.96},"functions":{"total":4,"covered":3,"skipped":0,"pct":75},"statements":{"total":33,"covered":17,"skipped":0,"pct":51.51},"branches":{"total":29,"covered":17,"skipped":0,"pct":58.62}}
,"/Users/jeremiahstones/Documents/workspace/PersonalProjects/sound_first/sound-first-mobile/src/screens/Onboarding/index.js": {"lines":{"total":57,"covered":54,"skipped":0,"pct":94.73},"functions":{"total":12,"covered":12,"skipped":0,"pct":100},"statements":{"total":58,"covered":55,"skipped":0,"pct":94.82},"branches":{"total":30,"covered":22,"skipped":0,"pct":73.33}}
,"/Users/jeremiahstones/Documents/workspace/PersonalProjects/sound_first/sound-first-mobile/src/screens/Onboarding/styles.js": {"lines":{"total":2,"covered":2,"skipped":0,"pct":100},"functions":{"total":0,"covered":0,"skipped":0,"pct":100},"statements":{"total":2,"covered":2,"skipped":0,"pct":100},"branches":{"total":14,"covered":7,"skipped":0,"pct":50}}
,"/Users/jeremiahstones/Documents/workspace/PersonalProjects/sound_first/sound-first-mobile/src/screens/Onboarding/components/ProgressDots.js": {"lines":{"total":6,"covered":6,"skipped":0,"pct":100},"functions":{"total":3,"covered":3,"skipped":0,"pct":100},"statements":{"total":6,"covered":6,"skipped":0,"pct":100},"branches":{"total":2,"covered":2,"skipped":0,"pct":100}}
,"/Users/jeremiahstones/Documents/workspace/PersonalProjects/sound_first/sound-first-mobile/src/screens/Onboarding/data/instruments.js": {"lines":{"total":13,"covered":13,"skipped":0,"pct":100},"functions":{"total":4,"covered":4,"skipped":0,"pct":100},"statements":{"total":19,"covered":19,"skipped":0,"pct":100},"branches":{"total":19,"covered":17,"skipped":0,"pct":89.47}}
,"/Users/jeremiahstones/Documents/workspace/PersonalProjects/sound_first/sound-first-mobile/src/screens/Onboarding/steps/InstrumentStep.js": {"lines":{"total":11,"covered":11,"skipped":0,"pct":100},"functions":{"total":6,"covered":6,"skipped":0,"pct":100},"statements":{"total":11,"covered":11,"skipped":0,"pct":100},"branches":{"total":22,"covered":22,"skipped":0,"pct":100}}
,"/Users/jeremiahstones/Documents/workspace/PersonalProjects/sound_first/sound-first-mobile/src/screens/Onboarding/steps/StartingNoteStep.js": {"lines":{"total":14,"covered":14,"skipped":0,"pct":100},"functions":{"total":6,"covered":6,"skipped":0,"pct":100},"statements":{"total":16,"covered":16,"skipped":0,"pct":100},"branches":{"total":26,"covered":26,"skipped":0,"pct":100}}
,"/Users/jeremiahstones/Documents/workspace/PersonalProjects/sound_first/sound-first-mobile/src/screens/Session/SessionScreenContent.js": {"lines":{"total":79,"covered":53,"skipped":0,"pct":67.08},"functions":{"total":12,"covered":6,"skipped":0,"pct":50},"statements":{"total":79,"covered":53,"skipped":0,"pct":67.08},"branches":{"total":71,"covered":55,"skipped":0,"pct":77.46}}
,"/Users/jeremiahstones/Documents/workspace/PersonalProjects/sound_first/sound-first-mobile/src/screens/Session/index.js": {"lines":{"total":2,"covered":0,"skipped":0,"pct":0},"functions":{"total":1,"covered":0,"skipped":0,"pct":0},"statements":{"total":2,"covered":0,"skipped":0,"pct":0},"branches":{"total":0,"covered":0,"skipped":0,"pct":100}}
,"/Users/jeremiahstones/Documents/workspace/PersonalProjects/sound_first/sound-first-mobile/src/screens/Session/components/CurriculumSteps.js": {"lines":{"total":12,"covered":12,"skipped":0,"pct":100},"functions":{"total":5,"covered":5,"skipped":0,"pct":100},"statements":{"total":14,"covered":14,"skipped":0,"pct":100},"branches":{"total":29,"covered":29,"skipped":0,"pct":100}}
,"/Users/jeremiahstones/Documents/workspace/PersonalProjects/sound_first/sound-first-mobile/src/screens/Session/components/FocusCard.js": {"lines":{"total":2,"covered":2,"skipped":0,"pct":100},"functions":{"total":1,"covered":1,"skipped":0,"pct":100},"statements":{"total":2,"covered":2,"skipped":0,"pct":100},"branches":{"total":6,"covered":6,"skipped":0,"pct":100}}
,"/Users/jeremiahstones/Documents/workspace/PersonalProjects/sound_first/sound-first-mobile/src/screens/Session/components/MaterialCard.js": {"lines":{"total":2,"covered":2,"skipped":0,"pct":100},"functions":{"total":1,"covered":1,"skipped":0,"pct":100},"statements":{"total":2,"covered":2,"skipped":0,"pct":100},"branches":{"total":10,"covered":10,"skipped":0,"pct":100}}
,"/Users/jeremiahstones/Documents/workspace/PersonalProjects/sound_first/sound-first-mobile/src/screens/Session/components/ReflectionModal.js": {"lines":{"total":8,"covered":8,"skipped":0,"pct":100},"functions":{"total":6,"covered":6,"skipped":0,"pct":100},"statements":{"total":8,"covered":8,"skipped":0,"pct":100},"branches":{"total":30,"covered":29,"skipped":0,"pct":96.66}}
,"/Users/jeremiahstones/Documents/workspace/PersonalProjects/sound_first/sound-first-mobile/src/screens/Session/components/SessionTimer.js": {"lines":{"total":21,"covered":21,"skipped":0,"pct":100},"functions":{"total":3,"covered":3,"skipped":0,"pct":100},"statements":{"total":22,"covered":22,"skipped":0,"pct":100},"branches":{"total":12,"covered":10,"skipped":0,"pct":83.33}}
,"/Users/jeremiahstones/Documents/workspace/PersonalProjects/sound_first/sound-first-mobile/src/screens/Session/components/TeachingModuleSession.js": {"lines":{"total":50,"covered":50,"skipped":0,"pct":100},"functions":{"total":16,"covered":16,"skipped":0,"pct":100},"statements":{"total":50,"covered":50,"skipped":0,"pct":100},"branches":{"total":33,"covered":27,"skipped":0,"pct":81.81}}
,"/Users/jeremiahstones/Documents/workspace/PersonalProjects/sound_first/sound-first-mobile/src/screens/Session/components/TimeUpModal.js": {"lines":{"total":3,"covered":3,"skipped":0,"pct":100},"functions":{"total":1,"covered":1,"skipped":0,"pct":100},"statements":{"total":3,"covered":3,"skipped":0,"pct":100},"branches":{"total":0,"covered":0,"skipped":0,"pct":100}}
,"/Users/jeremiahstones/Documents/workspace/PersonalProjects/sound_first/sound-first-mobile/src/screens/Session/components/ToolsPanel.js": {"lines":{"total":2,"covered":2,"skipped":0,"pct":100},"functions":{"total":1,"covered":1,"skipped":0,"pct":100},"statements":{"total":2,"covered":2,"skipped":0,"pct":100},"branches":{"total":29,"covered":29,"skipped":0,"pct":100}}
,"/Users/jeremiahstones/Documents/workspace/PersonalProjects/sound_first/sound-first-mobile/src/screens/Session/components/VolumeModal.js": {"lines":{"total":2,"covered":2,"skipped":0,"pct":100},"functions":{"total":1,"covered":1,"skipped":0,"pct":100},"statements":{"total":2,"covered":2,"skipped":0,"pct":100},"branches":{"total":0,"covered":0,"skipped":0,"pct":100}}
,"/Users/jeremiahstones/Documents/workspace/PersonalProjects/sound_first/sound-first-mobile/src/screens/Session/components/styles.js": {"lines":{"total":2,"covered":2,"skipped":0,"pct":100},"functions":{"total":0,"covered":0,"skipped":0,"pct":100},"statements":{"total":2,"covered":2,"skipped":0,"pct":100},"branches":{"total":4,"covered":2,"skipped":0,"pct":50}}
,"/Users/jeremiahstones/Documents/workspace/PersonalProjects/sound_first/sound-first-mobile/src/screens/Session/components/exercises/AuralCompareExercise.js": {"lines":{"total":58,"covered":32,"skipped":0,"pct":55.17},"functions":{"total":14,"covered":5,"skipped":0,"pct":35.71},"statements":{"total":63,"covered":33,"skipped":0,"pct":52.38},"branches":{"total":59,"covered":25,"skipped":0,"pct":42.37}}
,"/Users/jeremiahstones/Documents/workspace/PersonalProjects/sound_first/sound-first-mobile/src/screens/Session/components/exercises/ContourCopyExercise.js": {"lines":{"total":89,"covered":54,"skipped":0,"pct":60.67},"functions":{"total":18,"covered":8,"skipped":0,"pct":44.44},"statements":{"total":97,"covered":56,"skipped":0,"pct":57.73},"branches":{"total":55,"covered":23,"skipped":0,"pct":41.81}}
,"/Users/jeremiahstones/Documents/workspace/PersonalProjects/sound_first/sound-first-mobile/src/screens/Session/components/exercises/DiatonicScalePatternExercise.js": {"lines":{"total":116,"covered":64,"skipped":0,"pct":55.17},"functions":{"total":28,"covered":10,"skipped":0,"pct":35.71},"statements":{"total":125,"covered":65,"skipped":0,"pct":52},"branches":{"total":127,"covered":29,"skipped":0,"pct":22.83}}
,"/Users/jeremiahstones/Documents/workspace/PersonalProjects/sound_first/sound-first-mobile/src/screens/Session/components/exercises/EnterOnBeatOneExercise.js": {"lines":{"total":163,"covered":61,"skipped":0,"pct":37.42},"functions":{"total":19,"covered":8,"skipped":0,"pct":42.1},"statements":{"total":170,"covered":63,"skipped":0,"pct":37.05},"branches":{"total":103,"covered":25,"skipped":0,"pct":24.27}}
,"/Users/jeremiahstones/Documents/workspace/PersonalProjects/sound_first/sound-first-mobile/src/screens/Session/components/exercises/FeelThePulseExercise.js": {"lines":{"total":127,"covered":42,"skipped":0,"pct":33.07},"functions":{"total":15,"covered":3,"skipped":0,"pct":20},"statements":{"total":138,"covered":43,"skipped":0,"pct":31.15},"branches":{"total":105,"covered":13,"skipped":0,"pct":12.38}}
,"/Users/jeremiahstones/Documents/workspace/PersonalProjects/sound_first/sound-first-mobile/src/screens/Session/components/exercises/FlatAccidentalExercise.js": {"lines":{"total":110,"covered":74,"skipped":0,"pct":67.27},"functions":{"total":24,"covered":16,"skipped":0,"pct":66.66},"statements":{"total":115,"covered":76,"skipped":0,"pct":66.08},"branches":{"total":82,"covered":54,"skipped":0,"pct":65.85}}
,"/Users/jeremiahstones/Documents/workspace/PersonalProjects/sound_first/sound-first-mobile/src/screens/Session/components/exercises/Fragment2LessonExercise.js": {"lines":{"total":616,"covered":554,"skipped":0,"pct":89.93},"functions":{"total":104,"covered":87,"skipped":0,"pct":83.65},"statements":{"total":641,"covered":575,"skipped":0,"pct":89.7},"branches":{"total":447,"covered":356,"skipped":0,"pct":79.64}}
,"/Users/jeremiahstones/Documents/workspace/PersonalProjects/sound_first/sound-first-mobile/src/screens/Session/components/exercises/HalfNoteLessonExercise.js": {"lines":{"total":403,"covered":322,"skipped":0,"pct":79.9},"functions":{"total":61,"covered":47,"skipped":0,"pct":77.04},"statements":{"total":418,"covered":331,"skipped":0,"pct":79.18},"branches":{"total":326,"covered":220,"skipped":0,"pct":67.48}}
,"/Users/jeremiahstones/Documents/workspace/PersonalProjects/sound_first/sound-first-mobile/src/screens/Session/components/exercises/HalfRestLessonExercise.js": {"lines":{"total":440,"covered":373,"skipped":0,"pct":84.77},"functions":{"total":59,"covered":51,"skipped":0,"pct":86.44},"statements":{"total":453,"covered":380,"skipped":0,"pct":83.88},"branches":{"total":386,"covered":256,"skipped":0,"pct":66.32}}
,"/Users/jeremiahstones/Documents/workspace/PersonalProjects/sound_first/sound-first-mobile/src/screens/Session/components/exercises/HalfStepsTheoryExercise.js": {"lines":{"total":108,"covered":72,"skipped":0,"pct":66.66},"functions":{"total":25,"covered":15,"skipped":0,"pct":60},"statements":{"total":114,"covered":74,"skipped":0,"pct":64.91},"branches":{"total":80,"covered":62,"skipped":0,"pct":77.5}}
,"/Users/jeremiahstones/Documents/workspace/PersonalProjects/sound_first/sound-first-mobile/src/screens/Session/components/exercises/KeySignatureBasicsExercise.js": {"lines":{"total":70,"covered":31,"skipped":0,"pct":44.28},"functions":{"total":17,"covered":4,"skipped":0,"pct":23.52},"statements":{"total":72,"covered":31,"skipped":0,"pct":43.05},"branches":{"total":86,"covered":10,"skipped":0,"pct":11.62}}
,"/Users/jeremiahstones/Documents/workspace/PersonalProjects/sound_first/sound-first-mobile/src/screens/Session/components/exercises/NaturalAccidentalExercise.js": {"lines":{"total":86,"covered":62,"skipped":0,"pct":72.09},"functions":{"total":19,"covered":13,"skipped":0,"pct":68.42},"statements":{"total":91,"covered":64,"skipped":0,"pct":70.32},"branches":{"total":76,"covered":50,"skipped":0,"pct":65.78}}
,"/Users/jeremiahstones/Documents/workspace/PersonalProjects/sound_first/sound-first-mobile/src/screens/Session/components/exercises/NoteNamePatternExercise.js": {"lines":{"total":106,"covered":38,"skipped":0,"pct":35.84},"functions":{"total":19,"covered":6,"skipped":0,"pct":31.57},"statements":{"total":111,"covered":39,"skipped":0,"pct":35.13},"branches":{"total":92,"covered":9,"skipped":0,"pct":9.78}}
,"/Users/jeremiahstones/Documents/workspace/PersonalProjects/sound_first/sound-first-mobile/src/screens/Session/components/exercises/NoteNameQuizExercise.js": {"lines":{"total":56,"covered":43,"skipped":0,"pct":76.78},"functions":{"total":15,"covered":12,"skipped":0,"pct":80},"statements":{"total":59,"covered":46,"skipped":0,"pct":77.96},"branches":{"total":62,"covered":42,"skipped":0,"pct":67.74}}
,"/Users/jeremiahstones/Documents/workspace/PersonalProjects/sound_first/sound-first-mobile/src/screens/Session/components/exercises/OctaveConceptExercise.js": {"lines":{"total":92,"covered":34,"skipped":0,"pct":36.95},"functions":{"total":21,"covered":3,"skipped":0,"pct":14.28},"statements":{"total":99,"covered":34,"skipped":0,"pct":34.34},"branches":{"total":78,"covered":8,"skipped":0,"pct":10.25}}
,"/Users/jeremiahstones/Documents/workspace/PersonalProjects/sound_first/sound-first-mobile/src/screens/Session/components/exercises/OctaveMatchingExercise.js": {"lines":{"total":99,"covered":45,"skipped":0,"pct":45.45},"functions":{"total":22,"covered":7,"skipped":0,"pct":31.81},"statements":{"total":106,"covered":45,"skipped":0,"pct":42.45},"branches":{"total":85,"covered":25,"skipped":0,"pct":29.41}}
,"/Users/jeremiahstones/Documents/workspace/PersonalProjects/sound_first/sound-first-mobile/src/screens/Session/components/exercises/OctavePlayExercise.js": {"lines":{"total":103,"covered":45,"skipped":0,"pct":43.68},"functions":{"total":18,"covered":4,"skipped":0,"pct":22.22},"statements":{"total":110,"covered":45,"skipped":0,"pct":40.9},"branches":{"total":74,"covered":17,"skipped":0,"pct":22.97}}
,"/Users/jeremiahstones/Documents/workspace/PersonalProjects/sound_first/sound-first-mobile/src/screens/Session/components/exercises/PitchDirectionExercise.js": {"lines":{"total":67,"covered":41,"skipped":0,"pct":61.19},"functions":{"total":14,"covered":6,"skipped":0,"pct":42.85},"statements":{"total":72,"covered":42,"skipped":0,"pct":58.33},"branches":{"total":60,"covered":28,"skipped":0,"pct":46.66}}
,"/Users/jeremiahstones/Documents/workspace/PersonalProjects/sound_first/sound-first-mobile/src/screens/Session/components/exercises/QuarterNoteLessonExercise.js": {"lines":{"total":437,"covered":360,"skipped":0,"pct":82.37},"functions":{"total":60,"covered":47,"skipped":0,"pct":78.33},"statements":{"total":453,"covered":370,"skipped":0,"pct":81.67},"branches":{"total":325,"covered":221,"skipped":0,"pct":68}}
,"/Users/jeremiahstones/Documents/workspace/PersonalProjects/sound_first/sound-first-mobile/src/screens/Session/components/exercises/QuarterRestLessonExercise.js": {"lines":{"total":461,"covered":400,"skipped":0,"pct":86.76},"functions":{"total":61,"covered":53,"skipped":0,"pct":86.88},"statements":{"total":475,"covered":408,"skipped":0,"pct":85.89},"branches":{"total":348,"covered":244,"skipped":0,"pct":70.11}}
,"/Users/jeremiahstones/Documents/workspace/PersonalProjects/sound_first/sound-first-mobile/src/screens/Session/components/exercises/RangeExpansionExercise.js": {"lines":{"total":354,"covered":138,"skipped":0,"pct":38.98},"functions":{"total":55,"covered":25,"skipped":0,"pct":45.45},"statements":{"total":378,"covered":144,"skipped":0,"pct":38.09},"branches":{"total":295,"covered":54,"skipped":0,"pct":18.3}}
,"/Users/jeremiahstones/Documents/workspace/PersonalProjects/sound_first/sound-first-mobile/src/screens/Session/components/exercises/SharpAccidentalExercise.js": {"lines":{"total":113,"covered":77,"skipped":0,"pct":68.14},"functions":{"total":25,"covered":17,"skipped":0,"pct":68},"statements":{"total":118,"covered":79,"skipped":0,"pct":66.94},"branches":{"total":90,"covered":60,"skipped":0,"pct":66.66}}
,"/Users/jeremiahstones/Documents/workspace/PersonalProjects/sound_first/sound-first-mobile/src/screens/Session/components/exercises/StartOnCueExercise.js": {"lines":{"total":362,"covered":225,"skipped":0,"pct":62.15},"functions":{"total":41,"covered":26,"skipped":0,"pct":63.41},"statements":{"total":378,"covered":230,"skipped":0,"pct":60.84},"branches":{"total":216,"covered":109,"skipped":0,"pct":50.46}}
,"/Users/jeremiahstones/Documents/workspace/PersonalProjects/sound_first/sound-first-mobile/src/screens/Session/components/exercises/TapAlongExercise.js": {"lines":{"total":138,"covered":49,"skipped":0,"pct":35.5},"functions":{"total":18,"covered":7,"skipped":0,"pct":38.88},"statements":{"total":145,"covered":50,"skipped":0,"pct":34.48},"branches":{"total":76,"covered":18,"skipped":0,"pct":23.68}}
,"/Users/jeremiahstones/Documents/workspace/PersonalProjects/sound_first/sound-first-mobile/src/screens/Session/components/exercises/TimeSignature44Exercise.js": {"lines":{"total":90,"covered":32,"skipped":0,"pct":35.55},"functions":{"total":19,"covered":5,"skipped":0,"pct":26.31},"statements":{"total":93,"covered":32,"skipped":0,"pct":34.4},"branches":{"total":77,"covered":11,"skipped":0,"pct":14.28}}
,"/Users/jeremiahstones/Documents/workspace/PersonalProjects/sound_first/sound-first-mobile/src/screens/Session/components/exercises/TimeSignatureBasicsExercise.js": {"lines":{"total":114,"covered":46,"skipped":0,"pct":40.35},"functions":{"total":27,"covered":11,"skipped":0,"pct":40.74},"statements":{"total":121,"covered":50,"skipped":0,"pct":41.32},"branches":{"total":75,"covered":12,"skipped":0,"pct":16}}
,"/Users/jeremiahstones/Documents/workspace/PersonalProjects/sound_first/sound-first-mobile/src/screens/Session/components/exercises/WholeNoteLessonExercise.js": {"lines":{"total":402,"covered":318,"skipped":0,"pct":79.1},"functions":{"total":61,"covered":47,"skipped":0,"pct":77.04},"statements":{"total":417,"covered":327,"skipped":0,"pct":78.41},"branches":{"total":330,"covered":219,"skipped":0,"pct":66.36}}
,"/Users/jeremiahstones/Documents/workspace/PersonalProjects/sound_first/sound-first-mobile/src/screens/Session/components/exercises/WholeRestLessonExercise.js": {"lines":{"total":454,"covered":367,"skipped":0,"pct":80.83},"functions":{"total":66,"covered":53,"skipped":0,"pct":80.3},"statements":{"total":470,"covered":376,"skipped":0,"pct":80},"branches":{"total":382,"covered":258,"skipped":0,"pct":67.53}}
,"/Users/jeremiahstones/Documents/workspace/PersonalProjects/sound_first/sound-first-mobile/src/screens/Session/components/exercises/WholeStepsTheoryExercise.js": {"lines":{"total":124,"covered":85,"skipped":0,"pct":68.54},"functions":{"total":30,"covered":18,"skipped":0,"pct":60},"statements":{"total":136,"covered":88,"skipped":0,"pct":64.7},"branches":{"total":76,"covered":60,"skipped":0,"pct":78.94}}
,"/Users/jeremiahstones/Documents/workspace/PersonalProjects/sound_first/sound-first-mobile/src/screens/Session/components/exercises/index.js": {"lines":{"total":2,"covered":2,"skipped":0,"pct":100},"functions":{"total":1,"covered":1,"skipped":0,"pct":100},"statements":{"total":2,"covered":2,"skipped":0,"pct":100},"branches":{"total":2,"covered":2,"skipped":0,"pct":100}}
,"/Users/jeremiahstones/Documents/workspace/PersonalProjects/sound_first/sound-first-mobile/src/screens/Session/components/exercises/shared/AudioLoadingState.tsx": {"lines":{"total":11,"covered":11,"skipped":0,"pct":100},"functions":{"total":2,"covered":2,"skipped":0,"pct":100},"statements":{"total":11,"covered":11,"skipped":0,"pct":100},"branches":{"total":17,"covered":15,"skipped":0,"pct":88.23}}
,"/Users/jeremiahstones/Documents/workspace/PersonalProjects/sound_first/sound-first-mobile/src/screens/Session/components/exercises/shared/ExerciseErrorBoundary.tsx": {"lines":{"total":25,"covered":23,"skipped":0,"pct":92},"functions":{"total":9,"covered":8,"skipped":0,"pct":88.88},"statements":{"total":25,"covered":23,"skipped":0,"pct":92},"branches":{"total":19,"covered":12,"skipped":0,"pct":63.15}}
,"/Users/jeremiahstones/Documents/workspace/PersonalProjects/sound_first/sound-first-mobile/src/screens/Session/components/exercises/shared/MiniKeyboard.tsx": {"lines":{"total":41,"covered":41,"skipped":0,"pct":100},"functions":{"total":7,"covered":7,"skipped":0,"pct":100},"statements":{"total":44,"covered":43,"skipped":0,"pct":97.72},"branches":{"total":52,"covered":49,"skipped":0,"pct":94.23}}
,"/Users/jeremiahstones/Documents/workspace/PersonalProjects/sound_first/sound-first-mobile/src/screens/Session/components/exercises/shared/audioHelpers.ts": {"lines":{"total":56,"covered":53,"skipped":0,"pct":94.64},"functions":{"total":6,"covered":6,"skipped":0,"pct":100},"statements":{"total":60,"covered":56,"skipped":0,"pct":93.33},"branches":{"total":32,"covered":25,"skipped":0,"pct":78.12}}
,"/Users/jeremiahstones/Documents/workspace/PersonalProjects/sound_first/sound-first-mobile/src/screens/Session/components/exercises/shared/exerciseConstants.ts": {"lines":{"total":9,"covered":9,"skipped":0,"pct":100},"functions":{"total":0,"covered":0,"skipped":0,"pct":100},"statements":{"total":9,"covered":9,"skipped":0,"pct":100},"branches":{"total":0,"covered":0,"skipped":0,"pct":100}}
,"/Users/jeremiahstones/Documents/workspace/PersonalProjects/sound_first/sound-first-mobile/src/screens/Session/components/exercises/shared/index.ts": {"lines":{"total":0,"covered":0,"skipped":0,"pct":100},"functions":{"total":0,"covered":0,"skipped":0,"pct":100},"statements":{"total":0,"covered":0,"skipped":0,"pct":100},"branches":{"total":0,"covered":0,"skipped":0,"pct":100}}
,"/Users/jeremiahstones/Documents/workspace/PersonalProjects/sound_first/sound-first-mobile/src/screens/Session/components/exercises/shared/lessonStyles.ts": {"lines":{"total":4,"covered":4,"skipped":0,"pct":100},"functions":{"total":0,"covered":0,"skipped":0,"pct":100},"statements":{"total":4,"covered":4,"skipped":0,"pct":100},"branches":{"total":0,"covered":0,"skipped":0,"pct":100}}
,"/Users/jeremiahstones/Documents/workspace/PersonalProjects/sound_first/sound-first-mobile/src/screens/Session/components/exercises/shared/noteUtils.ts": {"lines":{"total":40,"covered":40,"skipped":0,"pct":100},"functions":{"total":8,"covered":8,"skipped":0,"pct":100},"statements":{"total":48,"covered":46,"skipped":0,"pct":95.83},"branches":{"total":27,"covered":23,"skipped":0,"pct":85.18}}
,"/Users/jeremiahstones/Documents/workspace/PersonalProjects/sound_first/sound-first-mobile/src/screens/Session/components/exercises/shared/propTypes.ts": {"lines":{"total":7,"covered":7,"skipped":0,"pct":100},"functions":{"total":1,"covered":0,"skipped":0,"pct":0},"statements":{"total":7,"covered":7,"skipped":0,"pct":100},"branches":{"total":0,"covered":0,"skipped":0,"pct":100}}
,"/Users/jeremiahstones/Documents/workspace/PersonalProjects/sound_first/sound-first-mobile/src/screens/Session/components/exercises/shared/useExerciseAudioContext.ts": {"lines":{"total":33,"covered":0,"skipped":0,"pct":0},"functions":{"total":6,"covered":0,"skipped":0,"pct":0},"statements":{"total":33,"covered":0,"skipped":0,"pct":0},"branches":{"total":14,"covered":0,"skipped":0,"pct":0}}
,"/Users/jeremiahstones/Documents/workspace/PersonalProjects/sound_first/sound-first-mobile/src/screens/Session/context/SessionContext.js": {"lines":{"total":187,"covered":101,"skipped":0,"pct":54.01},"functions":{"total":36,"covered":19,"skipped":0,"pct":52.77},"statements":{"total":196,"covered":104,"skipped":0,"pct":53.06},"branches":{"total":96,"covered":36,"skipped":0,"pct":37.5}}
,"/Users/jeremiahstones/Documents/workspace/PersonalProjects/sound_first/sound-first-mobile/src/screens/Session/data/stepTypes.js": {"lines":{"total":2,"covered":2,"skipped":0,"pct":100},"functions":{"total":0,"covered":0,"skipped":0,"pct":100},"statements":{"total":2,"covered":2,"skipped":0,"pct":100},"branches":{"total":0,"covered":0,"skipped":0,"pct":100}}
,"/Users/jeremiahstones/Documents/workspace/PersonalProjects/sound_first/sound-first-mobile/src/screens/Session/hooks/useTools.js": {"lines":{"total":42,"covered":42,"skipped":0,"pct":100},"functions":{"total":8,"covered":8,"skipped":0,"pct":100},"statements":{"total":42,"covered":42,"skipped":0,"pct":100},"branches":{"total":6,"covered":6,"skipped":0,"pct":100}}
,"/Users/jeremiahstones/Documents/workspace/PersonalProjects/sound_first/sound-first-mobile/src/screens/TuneMastery/index.tsx": {"lines":{"total":88,"covered":66,"skipped":0,"pct":75},"functions":{"total":24,"covered":12,"skipped":0,"pct":50},"statements":{"total":90,"covered":68,"skipped":0,"pct":75.55},"branches":{"total":67,"covered":53,"skipped":0,"pct":79.1}}
,"/Users/jeremiahstones/Documents/workspace/PersonalProjects/sound_first/sound-first-mobile/src/screens/TuneMastery/styles.ts": {"lines":{"total":1,"covered":1,"skipped":0,"pct":100},"functions":{"total":0,"covered":0,"skipped":0,"pct":100},"statements":{"total":1,"covered":1,"skipped":0,"pct":100},"branches":{"total":0,"covered":0,"skipped":0,"pct":100}}
,"/Users/jeremiahstones/Documents/workspace/PersonalProjects/sound_first/sound-first-mobile/src/screens/TuneMastery/components/KeyBadge.tsx": {"lines":{"total":13,"covered":11,"skipped":0,"pct":84.61},"functions":{"total":2,"covered":2,"skipped":0,"pct":100},"statements":{"total":19,"covered":16,"skipped":0,"pct":84.21},"branches":{"total":19,"covered":16,"skipped":0,"pct":84.21}}
,"/Users/jeremiahstones/Documents/workspace/PersonalProjects/sound_first/sound-first-mobile/src/screens/TuneMastery/components/PracticePanel.tsx": {"lines":{"total":47,"covered":27,"skipped":0,"pct":57.44},"functions":{"total":20,"covered":7,"skipped":0,"pct":35},"statements":{"total":49,"covered":28,"skipped":0,"pct":57.14},"branches":{"total":80,"covered":52,"skipped":0,"pct":65}}
,"/Users/jeremiahstones/Documents/workspace/PersonalProjects/sound_first/sound-first-mobile/src/screens/TuneMastery/components/SelectionPanel.tsx": {"lines":{"total":25,"covered":25,"skipped":0,"pct":100},"functions":{"total":15,"covered":15,"skipped":0,"pct":100},"statements":{"total":30,"covered":30,"skipped":0,"pct":100},"branches":{"total":24,"covered":24,"skipped":0,"pct":100}}
,"/Users/jeremiahstones/Documents/workspace/PersonalProjects/sound_first/sound-first-mobile/src/screens/TuneMastery/components/SettingsModal.tsx": {"lines":{"total":46,"covered":43,"skipped":0,"pct":93.47},"functions":{"total":12,"covered":9,"skipped":0,"pct":75},"statements":{"total":46,"covered":43,"skipped":0,"pct":93.47},"branches":{"total":79,"covered":78,"skipped":0,"pct":98.73}}
,"/Users/jeremiahstones/Documents/workspace/PersonalProjects/sound_first/sound-first-mobile/src/screens/TuneMastery/components/TuneCard.tsx": {"lines":{"total":37,"covered":37,"skipped":0,"pct":100},"functions":{"total":14,"covered":14,"skipped":0,"pct":100},"statements":{"total":37,"covered":37,"skipped":0,"pct":100},"branches":{"total":64,"covered":64,"skipped":0,"pct":100}}
,"/Users/jeremiahstones/Documents/workspace/PersonalProjects/sound_first/sound-first-mobile/src/screens/TuneMastery/components/TuneList.tsx": {"lines":{"total":17,"covered":17,"skipped":0,"pct":100},"functions":{"total":12,"covered":12,"skipped":0,"pct":100},"statements":{"total":18,"covered":18,"skipped":0,"pct":100},"branches":{"total":28,"covered":28,"skipped":0,"pct":100}}
,"/Users/jeremiahstones/Documents/workspace/PersonalProjects/sound_first/sound-first-mobile/src/screens/TuneMastery/components/Tuner.tsx": {"lines":{"total":42,"covered":38,"skipped":0,"pct":90.47},"functions":{"total":7,"covered":7,"skipped":0,"pct":100},"statements":{"total":46,"covered":39,"skipped":0,"pct":84.78},"branches":{"total":48,"covered":34,"skipped":0,"pct":70.83}}
,"/Users/jeremiahstones/Documents/workspace/PersonalProjects/sound_first/sound-first-mobile/src/types/api.ts": {"lines":{"total":0,"covered":0,"skipped":0,"pct":100},"functions":{"total":0,"covered":0,"skipped":0,"pct":100},"statements":{"total":0,"covered":0,"skipped":0,"pct":100},"branches":{"total":0,"covered":0,"skipped":0,"pct":100}}
,"/Users/jeremiahstones/Documents/workspace/PersonalProjects/sound_first/sound-first-mobile/src/types/capability.ts": {"lines":{"total":0,"covered":0,"skipped":0,"pct":100},"functions":{"total":0,"covered":0,"skipped":0,"pct":100},"statements":{"total":0,"covered":0,"skipped":0,"pct":100},"branches":{"total":0,"covered":0,"skipped":0,"pct":100}}
,"/Users/jeremiahstones/Documents/workspace/PersonalProjects/sound_first/sound-first-mobile/src/types/focusCard.ts": {"lines":{"total":0,"covered":0,"skipped":0,"pct":100},"functions":{"total":0,"covered":0,"skipped":0,"pct":100},"statements":{"total":0,"covered":0,"skipped":0,"pct":100},"branches":{"total":0,"covered":0,"skipped":0,"pct":100}}
,"/Users/jeremiahstones/Documents/workspace/PersonalProjects/sound_first/sound-first-mobile/src/types/index.ts": {"lines":{"total":0,"covered":0,"skipped":0,"pct":100},"functions":{"total":0,"covered":0,"skipped":0,"pct":100},"statements":{"total":0,"covered":0,"skipped":0,"pct":100},"branches":{"total":0,"covered":0,"skipped":0,"pct":100}}
,"/Users/jeremiahstones/Documents/workspace/PersonalProjects/sound_first/sound-first-mobile/src/types/material.ts": {"lines":{"total":0,"covered":0,"skipped":0,"pct":100},"functions":{"total":0,"covered":0,"skipped":0,"pct":100},"statements":{"total":0,"covered":0,"skipped":0,"pct":100},"branches":{"total":0,"covered":0,"skipped":0,"pct":100}}
,"/Users/jeremiahstones/Documents/workspace/PersonalProjects/sound_first/sound-first-mobile/src/types/session.ts": {"lines":{"total":0,"covered":0,"skipped":0,"pct":100},"functions":{"total":0,"covered":0,"skipped":0,"pct":100},"statements":{"total":0,"covered":0,"skipped":0,"pct":100},"branches":{"total":0,"covered":0,"skipped":0,"pct":100}}
,"/Users/jeremiahstones/Documents/workspace/PersonalProjects/sound_first/sound-first-mobile/src/types/tuning.ts": {"lines":{"total":1,"covered":0,"skipped":0,"pct":0},"functions":{"total":0,"covered":0,"skipped":0,"pct":100},"statements":{"total":1,"covered":0,"skipped":0,"pct":0},"branches":{"total":0,"covered":0,"skipped":0,"pct":100}}
,"/Users/jeremiahstones/Documents/workspace/PersonalProjects/sound_first/sound-first-mobile/src/types/user.ts": {"lines":{"total":0,"covered":0,"skipped":0,"pct":100},"functions":{"total":0,"covered":0,"skipped":0,"pct":100},"statements":{"total":0,"covered":0,"skipped":0,"pct":100},"branches":{"total":0,"covered":0,"skipped":0,"pct":100}}
}
