{"total": {"lines":{"total":11283,"covered":2955,"skipped":0,"pct":26.18},"statements":{"total":11801,"covered":3035,"skipped":0,"pct":25.71},"functions":{"total":2266,"covered":495,"skipped":0,"pct":21.84},"branches":{"total":8976,"covered":1242,"skipped":0,"pct":13.83},"branchesTrue":{"total":0,"covered":0,"skipped":0,"pct":100}}
,"/Users/jeremiahstones/Documents/workspace/PersonalProjects/sound_first/sound-first-mobile/src/components/AudioInput.js": {"lines":{"total":343,"covered":84,"skipped":0,"pct":24.48},"functions":{"total":26,"covered":8,"skipped":0,"pct":30.76},"statements":{"total":353,"covered":84,"skipped":0,"pct":23.79},"branches":{"total":211,"covered":23,"skipped":0,"pct":10.9}}
,"/Users/jeremiahstones/Documents/workspace/PersonalProjects/sound_first/sound-first-mobile/src/components/AudioPlayer.js": {"lines":{"total":79,"covered":30,"skipped":0,"pct":37.97},"functions":{"total":19,"covered":8,"skipped":0,"pct":42.1},"statements":{"total":83,"covered":30,"skipped":0,"pct":36.14},"branches":{"total":68,"covered":20,"skipped":0,"pct":29.41}}
,"/Users/jeremiahstones/Documents/workspace/PersonalProjects/sound_first/sound-first-mobile/src/components/DevNavMenu.js": {"lines":{"total":33,"covered":10,"skipped":0,"pct":30.3},"functions":{"total":9,"covered":1,"skipped":0,"pct":11.11},"statements":{"total":34,"covered":10,"skipped":0,"pct":29.41},"branches":{"total":17,"covered":2,"skipped":0,"pct":11.76}}
,"/Users/jeremiahstones/Documents/workspace/PersonalProjects/sound_first/sound-first-mobile/src/components/EDMVisualizer.js": {"lines":{"total":60,"covered":36,"skipped":0,"pct":60},"functions":{"total":21,"covered":10,"skipped":0,"pct":47.61},"statements":{"total":67,"covered":39,"skipped":0,"pct":58.2},"branches":{"total":38,"covered":14,"skipped":0,"pct":36.84}}
,"/Users/jeremiahstones/Documents/workspace/PersonalProjects/sound_first/sound-first-mobile/src/components/ErrorBoundary.js": {"lines":{"total":17,"covered":17,"skipped":0,"pct":100},"functions":{"total":5,"covered":5,"skipped":0,"pct":100},"statements":{"total":17,"covered":17,"skipped":0,"pct":100},"branches":{"total":9,"covered":9,"skipped":0,"pct":100}}
,"/Users/jeremiahstones/Documents/workspace/PersonalProjects/sound_first/sound-first-mobile/src/components/HelpMenu.js": {"lines":{"total":32,"covered":32,"skipped":0,"pct":100},"functions":{"total":8,"covered":8,"skipped":0,"pct":100},"statements":{"total":34,"covered":33,"skipped":0,"pct":97.05},"branches":{"total":36,"covered":31,"skipped":0,"pct":86.11}}
,"/Users/jeremiahstones/Documents/workspace/PersonalProjects/sound_first/sound-first-mobile/src/components/Metronome.js": {"lines":{"total":174,"covered":93,"skipped":0,"pct":53.44},"functions":{"total":52,"covered":17,"skipped":0,"pct":32.69},"statements":{"total":182,"covered":94,"skipped":0,"pct":51.64},"branches":{"total":191,"covered":90,"skipped":0,"pct":47.12}}
,"/Users/jeremiahstones/Documents/workspace/PersonalProjects/sound_first/sound-first-mobile/src/components/MiniLesson.js": {"lines":{"total":55,"covered":53,"skipped":0,"pct":96.36},"functions":{"total":10,"covered":10,"skipped":0,"pct":100},"statements":{"total":56,"covered":54,"skipped":0,"pct":96.42},"branches":{"total":67,"covered":56,"skipped":0,"pct":83.58}}
,"/Users/jeremiahstones/Documents/workspace/PersonalProjects/sound_first/sound-first-mobile/src/components/MobileAudioInput.js": {"lines":{"total":10,"covered":10,"skipped":0,"pct":100},"functions":{"total":1,"covered":1,"skipped":0,"pct":100},"statements":{"total":10,"covered":10,"skipped":0,"pct":100},"branches":{"total":44,"covered":36,"skipped":0,"pct":81.81}}
,"/Users/jeremiahstones/Documents/workspace/PersonalProjects/sound_first/sound-first-mobile/src/components/NotationDisplay.js": {"lines":{"total":104,"covered":33,"skipped":0,"pct":31.73},"functions":{"total":11,"covered":5,"skipped":0,"pct":45.45},"statements":{"total":110,"covered":35,"skipped":0,"pct":31.81},"branches":{"total":69,"covered":26,"skipped":0,"pct":37.68}}
,"/Users/jeremiahstones/Documents/workspace/PersonalProjects/sound_first/sound-first-mobile/src/components/PitchDrone.js": {"lines":{"total":283,"covered":110,"skipped":0,"pct":38.86},"functions":{"total":53,"covered":25,"skipped":0,"pct":47.16},"statements":{"total":298,"covered":112,"skipped":0,"pct":37.58},"branches":{"total":184,"covered":63,"skipped":0,"pct":34.23}}
,"/Users/jeremiahstones/Documents/workspace/PersonalProjects/sound_first/sound-first-mobile/src/components/ResetButton.js": {"lines":{"total":0,"covered":0,"skipped":0,"pct":100},"functions":{"total":0,"covered":0,"skipped":0,"pct":100},"statements":{"total":0,"covered":0,"skipped":0,"pct":100},"branches":{"total":0,"covered":0,"skipped":0,"pct":100}}
,"/Users/jeremiahstones/Documents/workspace/PersonalProjects/sound_first/sound-first-mobile/src/components/StaffNotePicker.js": {"lines":{"total":48,"covered":45,"skipped":0,"pct":93.75},"functions":{"total":12,"covered":12,"skipped":0,"pct":100},"statements":{"total":50,"covered":45,"skipped":0,"pct":90},"branches":{"total":33,"covered":25,"skipped":0,"pct":75.75}}
,"/Users/jeremiahstones/Documents/workspace/PersonalProjects/sound_first/sound-first-mobile/src/components/VolumeBar.js": {"lines":{"total":39,"covered":33,"skipped":0,"pct":84.61},"functions":{"total":7,"covered":6,"skipped":0,"pct":85.71},"statements":{"total":41,"covered":35,"skipped":0,"pct":85.36},"branches":{"total":44,"covered":35,"skipped":0,"pct":79.54}}
,"/Users/jeremiahstones/Documents/workspace/PersonalProjects/sound_first/sound-first-mobile/src/components/AudioInput/index.js": {"lines":{"total":0,"covered":0,"skipped":0,"pct":100},"functions":{"total":0,"covered":0,"skipped":0,"pct":100},"statements":{"total":0,"covered":0,"skipped":0,"pct":100},"branches":{"total":0,"covered":0,"skipped":0,"pct":100}}
,"/Users/jeremiahstones/Documents/workspace/PersonalProjects/sound_first/sound-first-mobile/src/components/AudioInput/pitchUtils.js": {"lines":{"total":67,"covered":13,"skipped":0,"pct":19.4},"functions":{"total":5,"covered":1,"skipped":0,"pct":20},"statements":{"total":78,"covered":15,"skipped":0,"pct":19.23},"branches":{"total":41,"covered":7,"skipped":0,"pct":17.07}}
,"/Users/jeremiahstones/Documents/workspace/PersonalProjects/sound_first/sound-first-mobile/src/components/AudioInput/styles.js": {"lines":{"total":1,"covered":0,"skipped":0,"pct":0},"functions":{"total":0,"covered":0,"skipped":0,"pct":100},"statements":{"total":1,"covered":0,"skipped":0,"pct":0},"branches":{"total":2,"covered":0,"skipped":0,"pct":0}}
,"/Users/jeremiahstones/Documents/workspace/PersonalProjects/sound_first/sound-first-mobile/src/components/AudioInput/webViewHtml.js": {"lines":{"total":2,"covered":0,"skipped":0,"pct":0},"functions":{"total":1,"covered":0,"skipped":0,"pct":0},"statements":{"total":2,"covered":0,"skipped":0,"pct":0},"branches":{"total":2,"covered":0,"skipped":0,"pct":0}}
,"/Users/jeremiahstones/Documents/workspace/PersonalProjects/sound_first/sound-first-mobile/src/components/Metronome/constants.js": {"lines":{"total":7,"covered":7,"skipped":0,"pct":100},"functions":{"total":1,"covered":1,"skipped":0,"pct":100},"statements":{"total":7,"covered":7,"skipped":0,"pct":100},"branches":{"total":4,"covered":2,"skipped":0,"pct":50}}
,"/Users/jeremiahstones/Documents/workspace/PersonalProjects/sound_first/sound-first-mobile/src/components/Metronome/index.js": {"lines":{"total":0,"covered":0,"skipped":0,"pct":100},"functions":{"total":0,"covered":0,"skipped":0,"pct":100},"statements":{"total":0,"covered":0,"skipped":0,"pct":100},"branches":{"total":0,"covered":0,"skipped":0,"pct":100}}
,"/Users/jeremiahstones/Documents/workspace/PersonalProjects/sound_first/sound-first-mobile/src/components/Metronome/styles.js": {"lines":{"total":3,"covered":3,"skipped":0,"pct":100},"functions":{"total":0,"covered":0,"skipped":0,"pct":100},"statements":{"total":3,"covered":3,"skipped":0,"pct":100},"branches":{"total":2,"covered":1,"skipped":0,"pct":50}}
,"/Users/jeremiahstones/Documents/workspace/PersonalProjects/sound_first/sound-first-mobile/src/components/PitchDrone/constants.js": {"lines":{"total":13,"covered":3,"skipped":0,"pct":23.07},"functions":{"total":5,"covered":0,"skipped":0,"pct":0},"statements":{"total":14,"covered":3,"skipped":0,"pct":21.42},"branches":{"total":6,"covered":0,"skipped":0,"pct":0}}
,"/Users/jeremiahstones/Documents/workspace/PersonalProjects/sound_first/sound-first-mobile/src/components/PitchDrone/index.js": {"lines":{"total":0,"covered":0,"skipped":0,"pct":100},"functions":{"total":0,"covered":0,"skipped":0,"pct":100},"statements":{"total":0,"covered":0,"skipped":0,"pct":100},"branches":{"total":0,"covered":0,"skipped":0,"pct":100}}
,"/Users/jeremiahstones/Documents/workspace/PersonalProjects/sound_first/sound-first-mobile/src/components/PitchDrone/styles.js": {"lines":{"total":2,"covered":2,"skipped":0,"pct":100},"functions":{"total":0,"covered":0,"skipped":0,"pct":100},"statements":{"total":2,"covered":2,"skipped":0,"pct":100},"branches":{"total":4,"covered":2,"skipped":0,"pct":50}}
,"/Users/jeremiahstones/Documents/workspace/PersonalProjects/sound_first/sound-first-mobile/src/components/admin/DetailRow.js": {"lines":{"total":3,"covered":0,"skipped":0,"pct":0},"functions":{"total":1,"covered":0,"skipped":0,"pct":0},"statements":{"total":3,"covered":0,"skipped":0,"pct":0},"branches":{"total":4,"covered":0,"skipped":0,"pct":0}}
,"/Users/jeremiahstones/Documents/workspace/PersonalProjects/sound_first/sound-first-mobile/src/components/admin/FormField.js": {"lines":{"total":3,"covered":0,"skipped":0,"pct":0},"functions":{"total":1,"covered":0,"skipped":0,"pct":0},"statements":{"total":3,"covered":0,"skipped":0,"pct":0},"branches":{"total":14,"covered":0,"skipped":0,"pct":0}}
,"/Users/jeremiahstones/Documents/workspace/PersonalProjects/sound_first/sound-first-mobile/src/components/admin/index.js": {"lines":{"total":0,"covered":0,"skipped":0,"pct":100},"functions":{"total":0,"covered":0,"skipped":0,"pct":100},"statements":{"total":0,"covered":0,"skipped":0,"pct":100},"branches":{"total":0,"covered":0,"skipped":0,"pct":100}}
,"/Users/jeremiahstones/Documents/workspace/PersonalProjects/sound_first/sound-first-mobile/src/hooks/index.js": {"lines":{"total":0,"covered":0,"skipped":0,"pct":100},"functions":{"total":0,"covered":0,"skipped":0,"pct":100},"statements":{"total":0,"covered":0,"skipped":0,"pct":100},"branches":{"total":0,"covered":0,"skipped":0,"pct":100}}
,"/Users/jeremiahstones/Documents/workspace/PersonalProjects/sound_first/sound-first-mobile/src/hooks/useApi.js": {"lines":{"total":28,"covered":28,"skipped":0,"pct":100},"functions":{"total":11,"covered":11,"skipped":0,"pct":100},"statements":{"total":32,"covered":32,"skipped":0,"pct":100},"branches":{"total":4,"covered":3,"skipped":0,"pct":75}}
,"/Users/jeremiahstones/Documents/workspace/PersonalProjects/sound_first/sound-first-mobile/src/hooks/useAsyncState.js": {"lines":{"total":19,"covered":19,"skipped":0,"pct":100},"functions":{"total":3,"covered":3,"skipped":0,"pct":100},"statements":{"total":19,"covered":19,"skipped":0,"pct":100},"branches":{"total":1,"covered":1,"skipped":0,"pct":100}}
,"/Users/jeremiahstones/Documents/workspace/PersonalProjects/sound_first/sound-first-mobile/src/hooks/useDebounce.js": {"lines":{"total":18,"covered":18,"skipped":0,"pct":100},"functions":{"total":9,"covered":9,"skipped":0,"pct":100},"statements":{"total":18,"covered":18,"skipped":0,"pct":100},"branches":{"total":6,"covered":5,"skipped":0,"pct":83.33}}
,"/Users/jeremiahstones/Documents/workspace/PersonalProjects/sound_first/sound-first-mobile/src/hooks/useExerciseAudio.js": {"lines":{"total":129,"covered":66,"skipped":0,"pct":51.16},"functions":{"total":22,"covered":12,"skipped":0,"pct":54.54},"statements":{"total":136,"covered":67,"skipped":0,"pct":49.26},"branches":{"total":60,"covered":20,"skipped":0,"pct":33.33}}
,"/Users/jeremiahstones/Documents/workspace/PersonalProjects/sound_first/sound-first-mobile/src/hooks/usePitchDetection.js": {"lines":{"total":310,"covered":76,"skipped":0,"pct":24.51},"functions":{"total":22,"covered":11,"skipped":0,"pct":50},"statements":{"total":318,"covered":77,"skipped":0,"pct":24.21},"branches":{"total":178,"covered":28,"skipped":0,"pct":15.73}}
,"/Users/jeremiahstones/Documents/workspace/PersonalProjects/sound_first/sound-first-mobile/src/screens/ExerciseTestScreen.js": {"lines":{"total":79,"covered":0,"skipped":0,"pct":0},"functions":{"total":24,"covered":0,"skipped":0,"pct":0},"statements":{"total":87,"covered":0,"skipped":0,"pct":0},"branches":{"total":58,"covered":0,"skipped":0,"pct":0}}
,"/Users/jeremiahstones/Documents/workspace/PersonalProjects/sound_first/sound-first-mobile/src/screens/FocusCardScreen.js": {"lines":{"total":4,"covered":0,"skipped":0,"pct":0},"functions":{"total":1,"covered":0,"skipped":0,"pct":0},"statements":{"total":4,"covered":0,"skipped":0,"pct":0},"branches":{"total":4,"covered":0,"skipped":0,"pct":0}}
,"/Users/jeremiahstones/Documents/workspace/PersonalProjects/sound_first/sound-first-mobile/src/screens/HistoryScreen.js": {"lines":{"total":35,"covered":0,"skipped":0,"pct":0},"functions":{"total":18,"covered":0,"skipped":0,"pct":0},"statements":{"total":35,"covered":0,"skipped":0,"pct":0},"branches":{"total":45,"covered":0,"skipped":0,"pct":0}}
,"/Users/jeremiahstones/Documents/workspace/PersonalProjects/sound_first/sound-first-mobile/src/screens/HomeScreen.js": {"lines":{"total":35,"covered":0,"skipped":0,"pct":0},"functions":{"total":13,"covered":0,"skipped":0,"pct":0},"statements":{"total":44,"covered":0,"skipped":0,"pct":0},"branches":{"total":66,"covered":0,"skipped":0,"pct":0}}
,"/Users/jeremiahstones/Documents/workspace/PersonalProjects/sound_first/sound-first-mobile/src/screens/RatingScreen.js": {"lines":{"total":23,"covered":0,"skipped":0,"pct":0},"functions":{"total":4,"covered":0,"skipped":0,"pct":0},"statements":{"total":23,"covered":0,"skipped":0,"pct":0},"branches":{"total":18,"covered":0,"skipped":0,"pct":0}}
,"/Users/jeremiahstones/Documents/workspace/PersonalProjects/sound_first/sound-first-mobile/src/screens/SelfDirectedScreen.js": {"lines":{"total":24,"covered":0,"skipped":0,"pct":0},"functions":{"total":8,"covered":0,"skipped":0,"pct":0},"statements":{"total":25,"covered":0,"skipped":0,"pct":0},"branches":{"total":11,"covered":0,"skipped":0,"pct":0}}
,"/Users/jeremiahstones/Documents/workspace/PersonalProjects/sound_first/sound-first-mobile/src/screens/SessionEndScreen.js": {"lines":{"total":13,"covered":0,"skipped":0,"pct":0},"functions":{"total":3,"covered":0,"skipped":0,"pct":0},"statements":{"total":13,"covered":0,"skipped":0,"pct":0},"branches":{"total":11,"covered":0,"skipped":0,"pct":0}}
,"/Users/jeremiahstones/Documents/workspace/PersonalProjects/sound_first/sound-first-mobile/src/screens/StartPracticeScreen.js": {"lines":{"total":39,"covered":31,"skipped":0,"pct":79.48},"functions":{"total":15,"covered":10,"skipped":0,"pct":66.66},"statements":{"total":39,"covered":31,"skipped":0,"pct":79.48},"branches":{"total":31,"covered":29,"skipped":0,"pct":93.54}}
,"/Users/jeremiahstones/Documents/workspace/PersonalProjects/sound_first/sound-first-mobile/src/screens/Admin/index.js": {"lines":{"total":6,"covered":0,"skipped":0,"pct":0},"functions":{"total":3,"covered":0,"skipped":0,"pct":0},"statements":{"total":6,"covered":0,"skipped":0,"pct":0},"branches":{"total":18,"covered":0,"skipped":0,"pct":0}}
,"/Users/jeremiahstones/Documents/workspace/PersonalProjects/sound_first/sound-first-mobile/src/screens/Admin/styles.js": {"lines":{"total":1,"covered":0,"skipped":0,"pct":0},"functions":{"total":0,"covered":0,"skipped":0,"pct":100},"statements":{"total":1,"covered":0,"skipped":0,"pct":0},"branches":{"total":12,"covered":0,"skipped":0,"pct":0}}
,"/Users/jeremiahstones/Documents/workspace/PersonalProjects/sound_first/sound-first-mobile/src/screens/Admin/tabs/index.js": {"lines":{"total":0,"covered":0,"skipped":0,"pct":100},"functions":{"total":0,"covered":0,"skipped":0,"pct":100},"statements":{"total":0,"covered":0,"skipped":0,"pct":100},"branches":{"total":0,"covered":0,"skipped":0,"pct":100}}
,"/Users/jeremiahstones/Documents/workspace/PersonalProjects/sound_first/sound-first-mobile/src/screens/Admin/tabs/CapabilityExplorer/index.js": {"lines":{"total":85,"covered":0,"skipped":0,"pct":0},"functions":{"total":35,"covered":0,"skipped":0,"pct":0},"statements":{"total":86,"covered":0,"skipped":0,"pct":0},"branches":{"total":85,"covered":0,"skipped":0,"pct":0}}
,"/Users/jeremiahstones/Documents/workspace/PersonalProjects/sound_first/sound-first-mobile/src/screens/Admin/tabs/CapabilityExplorer/validation.js": {"lines":{"total":34,"covered":0,"skipped":0,"pct":0},"functions":{"total":1,"covered":0,"skipped":0,"pct":0},"statements":{"total":34,"covered":0,"skipped":0,"pct":0},"branches":{"total":33,"covered":0,"skipped":0,"pct":0}}
,"/Users/jeremiahstones/Documents/workspace/PersonalProjects/sound_first/sound-first-mobile/src/screens/Admin/tabs/CapabilityExplorer/components/CapabilityCreateModal.js": {"lines":{"total":54,"covered":0,"skipped":0,"pct":0},"functions":{"total":25,"covered":0,"skipped":0,"pct":0},"statements":{"total":59,"covered":0,"skipped":0,"pct":0},"branches":{"total":54,"covered":0,"skipped":0,"pct":0}}
,"/Users/jeremiahstones/Documents/workspace/PersonalProjects/sound_first/sound-first-mobile/src/screens/Admin/tabs/CapabilityExplorer/components/CapabilityDetailView.js": {"lines":{"total":17,"covered":0,"skipped":0,"pct":0},"functions":{"total":10,"covered":0,"skipped":0,"pct":0},"statements":{"total":18,"covered":0,"skipped":0,"pct":0},"branches":{"total":38,"covered":0,"skipped":0,"pct":0}}
,"/Users/jeremiahstones/Documents/workspace/PersonalProjects/sound_first/sound-first-mobile/src/screens/Admin/tabs/CapabilityExplorer/components/CapabilityEditModal.js": {"lines":{"total":95,"covered":0,"skipped":0,"pct":0},"functions":{"total":38,"covered":0,"skipped":0,"pct":0},"statements":{"total":101,"covered":0,"skipped":0,"pct":0},"branches":{"total":104,"covered":0,"skipped":0,"pct":0}}
,"/Users/jeremiahstones/Documents/workspace/PersonalProjects/sound_first/sound-first-mobile/src/screens/Admin/tabs/CapabilityExplorer/components/DetailRow.js": {"lines":{"total":2,"covered":0,"skipped":0,"pct":0},"functions":{"total":1,"covered":0,"skipped":0,"pct":0},"statements":{"total":2,"covered":0,"skipped":0,"pct":0},"branches":{"total":0,"covered":0,"skipped":0,"pct":100}}
,"/Users/jeremiahstones/Documents/workspace/PersonalProjects/sound_first/sound-first-mobile/src/screens/Admin/tabs/CapabilityExplorer/components/DetectionRuleEditor.js": {"lines":{"total":73,"covered":0,"skipped":0,"pct":0},"functions":{"total":35,"covered":0,"skipped":0,"pct":0},"statements":{"total":80,"covered":0,"skipped":0,"pct":0},"branches":{"total":116,"covered":0,"skipped":0,"pct":0}}
,"/Users/jeremiahstones/Documents/workspace/PersonalProjects/sound_first/sound-first-mobile/src/screens/Admin/tabs/CapabilityExplorer/components/DomainManageModal.js": {"lines":{"total":35,"covered":0,"skipped":0,"pct":0},"functions":{"total":7,"covered":0,"skipped":0,"pct":0},"statements":{"total":35,"covered":0,"skipped":0,"pct":0},"branches":{"total":18,"covered":0,"skipped":0,"pct":0}}
,"/Users/jeremiahstones/Documents/workspace/PersonalProjects/sound_first/sound-first-mobile/src/screens/Admin/tabs/CapabilityExplorer/components/FormField.js": {"lines":{"total":2,"covered":0,"skipped":0,"pct":0},"functions":{"total":1,"covered":0,"skipped":0,"pct":0},"statements":{"total":2,"covered":0,"skipped":0,"pct":0},"branches":{"total":6,"covered":0,"skipped":0,"pct":0}}
,"/Users/jeremiahstones/Documents/workspace/PersonalProjects/sound_first/sound-first-mobile/src/screens/Admin/tabs/CapabilityExplorer/components/PrerequisiteSelector.js": {"lines":{"total":24,"covered":0,"skipped":0,"pct":0},"functions":{"total":10,"covered":0,"skipped":0,"pct":0},"statements":{"total":29,"covered":0,"skipped":0,"pct":0},"branches":{"total":32,"covered":0,"skipped":0,"pct":0}}
,"/Users/jeremiahstones/Documents/workspace/PersonalProjects/sound_first/sound-first-mobile/src/screens/Admin/tabs/CapabilityExplorer/hooks/useCapabilities.js": {"lines":{"total":176,"covered":0,"skipped":0,"pct":0},"functions":{"total":36,"covered":0,"skipped":0,"pct":0},"statements":{"total":188,"covered":0,"skipped":0,"pct":0},"branches":{"total":86,"covered":0,"skipped":0,"pct":0}}
,"/Users/jeremiahstones/Documents/workspace/PersonalProjects/sound_first/sound-first-mobile/src/screens/Admin/tabs/EngineSettings/index.js": {"lines":{"total":61,"covered":0,"skipped":0,"pct":0},"functions":{"total":15,"covered":0,"skipped":0,"pct":0},"statements":{"total":63,"covered":0,"skipped":0,"pct":0},"branches":{"total":28,"covered":0,"skipped":0,"pct":0}}
,"/Users/jeremiahstones/Documents/workspace/PersonalProjects/sound_first/sound-first-mobile/src/screens/Admin/tabs/FocusCardExplorer/index.js": {"lines":{"total":43,"covered":0,"skipped":0,"pct":0},"functions":{"total":20,"covered":0,"skipped":0,"pct":0},"statements":{"total":43,"covered":0,"skipped":0,"pct":0},"branches":{"total":32,"covered":0,"skipped":0,"pct":0}}
,"/Users/jeremiahstones/Documents/workspace/PersonalProjects/sound_first/sound-first-mobile/src/screens/Admin/tabs/FocusCardExplorer/components/DetailRow.js": {"lines":{"total":2,"covered":0,"skipped":0,"pct":0},"functions":{"total":1,"covered":0,"skipped":0,"pct":0},"statements":{"total":2,"covered":0,"skipped":0,"pct":0},"branches":{"total":0,"covered":0,"skipped":0,"pct":100}}
,"/Users/jeremiahstones/Documents/workspace/PersonalProjects/sound_first/sound-first-mobile/src/screens/Admin/tabs/FocusCardExplorer/components/FocusCardCreateModal.js": {"lines":{"total":44,"covered":0,"skipped":0,"pct":0},"functions":{"total":15,"covered":0,"skipped":0,"pct":0},"statements":{"total":48,"covered":0,"skipped":0,"pct":0},"branches":{"total":34,"covered":0,"skipped":0,"pct":0}}
,"/Users/jeremiahstones/Documents/workspace/PersonalProjects/sound_first/sound-first-mobile/src/screens/Admin/tabs/FocusCardExplorer/components/FocusCardDetailView.js": {"lines":{"total":7,"covered":0,"skipped":0,"pct":0},"functions":{"total":5,"covered":0,"skipped":0,"pct":0},"statements":{"total":7,"covered":0,"skipped":0,"pct":0},"branches":{"total":14,"covered":0,"skipped":0,"pct":0}}
,"/Users/jeremiahstones/Documents/workspace/PersonalProjects/sound_first/sound-first-mobile/src/screens/Admin/tabs/FocusCardExplorer/components/FocusCardEditModal.js": {"lines":{"total":48,"covered":0,"skipped":0,"pct":0},"functions":{"total":15,"covered":0,"skipped":0,"pct":0},"statements":{"total":52,"covered":0,"skipped":0,"pct":0},"branches":{"total":46,"covered":0,"skipped":0,"pct":0}}
,"/Users/jeremiahstones/Documents/workspace/PersonalProjects/sound_first/sound-first-mobile/src/screens/Admin/tabs/FocusCardExplorer/components/FormField.js": {"lines":{"total":2,"covered":0,"skipped":0,"pct":0},"functions":{"total":1,"covered":0,"skipped":0,"pct":0},"statements":{"total":2,"covered":0,"skipped":0,"pct":0},"branches":{"total":9,"covered":0,"skipped":0,"pct":0}}
,"/Users/jeremiahstones/Documents/workspace/PersonalProjects/sound_first/sound-first-mobile/src/screens/Admin/tabs/FocusCardExplorer/hooks/index.js": {"lines":{"total":0,"covered":0,"skipped":0,"pct":100},"functions":{"total":0,"covered":0,"skipped":0,"pct":100},"statements":{"total":0,"covered":0,"skipped":0,"pct":100},"branches":{"total":0,"covered":0,"skipped":0,"pct":100}}
,"/Users/jeremiahstones/Documents/workspace/PersonalProjects/sound_first/sound-first-mobile/src/screens/Admin/tabs/FocusCardExplorer/hooks/useFocusCards.js": {"lines":{"total":64,"covered":0,"skipped":0,"pct":0},"functions":{"total":11,"covered":0,"skipped":0,"pct":0},"statements":{"total":65,"covered":0,"skipped":0,"pct":0},"branches":{"total":21,"covered":0,"skipped":0,"pct":0}}
,"/Users/jeremiahstones/Documents/workspace/PersonalProjects/sound_first/sound-first-mobile/src/screens/Admin/tabs/MaterialExplorer/index.js": {"lines":{"total":21,"covered":0,"skipped":0,"pct":0},"functions":{"total":8,"covered":0,"skipped":0,"pct":0},"statements":{"total":21,"covered":0,"skipped":0,"pct":0},"branches":{"total":42,"covered":0,"skipped":0,"pct":0}}
,"/Users/jeremiahstones/Documents/workspace/PersonalProjects/sound_first/sound-first-mobile/src/screens/Admin/tabs/MaterialExplorer/softGateHelp.js": {"lines":{"total":1,"covered":0,"skipped":0,"pct":0},"functions":{"total":0,"covered":0,"skipped":0,"pct":100},"statements":{"total":1,"covered":0,"skipped":0,"pct":0},"branches":{"total":0,"covered":0,"skipped":0,"pct":100}}
,"/Users/jeremiahstones/Documents/workspace/PersonalProjects/sound_first/sound-first-mobile/src/screens/Admin/tabs/MaterialExplorer/components/MaterialDetailView.js": {"lines":{"total":40,"covered":0,"skipped":0,"pct":0},"functions":{"total":10,"covered":0,"skipped":0,"pct":0},"statements":{"total":41,"covered":0,"skipped":0,"pct":0},"branches":{"total":85,"covered":0,"skipped":0,"pct":0}}
,"/Users/jeremiahstones/Documents/workspace/PersonalProjects/sound_first/sound-first-mobile/src/screens/Admin/tabs/MaterialExplorer/components/MaterialUploadContent.js": {"lines":{"total":75,"covered":0,"skipped":0,"pct":0},"functions":{"total":38,"covered":0,"skipped":0,"pct":0},"statements":{"total":83,"covered":0,"skipped":0,"pct":0},"branches":{"total":149,"covered":0,"skipped":0,"pct":0}}
,"/Users/jeremiahstones/Documents/workspace/PersonalProjects/sound_first/sound-first-mobile/src/screens/Admin/tabs/MaterialExplorer/hooks/index.js": {"lines":{"total":0,"covered":0,"skipped":0,"pct":100},"functions":{"total":0,"covered":0,"skipped":0,"pct":100},"statements":{"total":0,"covered":0,"skipped":0,"pct":100},"branches":{"total":0,"covered":0,"skipped":0,"pct":100}}
,"/Users/jeremiahstones/Documents/workspace/PersonalProjects/sound_first/sound-first-mobile/src/screens/Admin/tabs/MaterialExplorer/hooks/useMaterials.js": {"lines":{"total":90,"covered":0,"skipped":0,"pct":0},"functions":{"total":11,"covered":0,"skipped":0,"pct":0},"statements":{"total":90,"covered":0,"skipped":0,"pct":0},"branches":{"total":27,"covered":0,"skipped":0,"pct":0}}
,"/Users/jeremiahstones/Documents/workspace/PersonalProjects/sound_first/sound-first-mobile/src/screens/Admin/tabs/MaterialExplorer/hooks/useUpload.js": {"lines":{"total":77,"covered":0,"skipped":0,"pct":0},"functions":{"total":8,"covered":0,"skipped":0,"pct":0},"statements":{"total":78,"covered":0,"skipped":0,"pct":0},"branches":{"total":33,"covered":0,"skipped":0,"pct":0}}
,"/Users/jeremiahstones/Documents/workspace/PersonalProjects/sound_first/sound-first-mobile/src/screens/Admin/tabs/SessionDiagnostics/index.js": {"lines":{"total":40,"covered":0,"skipped":0,"pct":0},"functions":{"total":11,"covered":0,"skipped":0,"pct":0},"statements":{"total":40,"covered":0,"skipped":0,"pct":0},"branches":{"total":44,"covered":0,"skipped":0,"pct":0}}
,"/Users/jeremiahstones/Documents/workspace/PersonalProjects/sound_first/sound-first-mobile/src/screens/Admin/tabs/SoftGateExplorer/index.js": {"lines":{"total":4,"covered":0,"skipped":0,"pct":0},"functions":{"total":3,"covered":0,"skipped":0,"pct":0},"statements":{"total":4,"covered":0,"skipped":0,"pct":0},"branches":{"total":12,"covered":0,"skipped":0,"pct":0}}
,"/Users/jeremiahstones/Documents/workspace/PersonalProjects/sound_first/sound-first-mobile/src/screens/Admin/tabs/SoftGateExplorer/components/FormField.js": {"lines":{"total":2,"covered":0,"skipped":0,"pct":0},"functions":{"total":1,"covered":0,"skipped":0,"pct":0},"statements":{"total":2,"covered":0,"skipped":0,"pct":0},"branches":{"total":6,"covered":0,"skipped":0,"pct":0}}
,"/Users/jeremiahstones/Documents/workspace/PersonalProjects/sound_first/sound-first-mobile/src/screens/Admin/tabs/SoftGateExplorer/components/SoftGateRuleCreateModal.js": {"lines":{"total":29,"covered":0,"skipped":0,"pct":0},"functions":{"total":12,"covered":0,"skipped":0,"pct":0},"statements":{"total":30,"covered":0,"skipped":0,"pct":0},"branches":{"total":18,"covered":0,"skipped":0,"pct":0}}
,"/Users/jeremiahstones/Documents/workspace/PersonalProjects/sound_first/sound-first-mobile/src/screens/Admin/tabs/SoftGateExplorer/components/SoftGateRuleEditModal.js": {"lines":{"total":29,"covered":0,"skipped":0,"pct":0},"functions":{"total":14,"covered":0,"skipped":0,"pct":0},"statements":{"total":30,"covered":0,"skipped":0,"pct":0},"branches":{"total":22,"covered":0,"skipped":0,"pct":0}}
,"/Users/jeremiahstones/Documents/workspace/PersonalProjects/sound_first/sound-first-mobile/src/screens/Admin/tabs/SoftGateExplorer/components/SoftGateRulesList.js": {"lines":{"total":26,"covered":0,"skipped":0,"pct":0},"functions":{"total":12,"covered":0,"skipped":0,"pct":0},"statements":{"total":26,"covered":0,"skipped":0,"pct":0},"branches":{"total":6,"covered":0,"skipped":0,"pct":0}}
,"/Users/jeremiahstones/Documents/workspace/PersonalProjects/sound_first/sound-first-mobile/src/screens/Admin/tabs/SoftGateExplorer/components/UserSoftGateStateEditModal.js": {"lines":{"total":22,"covered":0,"skipped":0,"pct":0},"functions":{"total":8,"covered":0,"skipped":0,"pct":0},"statements":{"total":23,"covered":0,"skipped":0,"pct":0},"branches":{"total":12,"covered":0,"skipped":0,"pct":0}}
,"/Users/jeremiahstones/Documents/workspace/PersonalProjects/sound_first/sound-first-mobile/src/screens/Admin/tabs/SoftGateExplorer/components/UserSoftGateStateView.js": {"lines":{"total":31,"covered":0,"skipped":0,"pct":0},"functions":{"total":16,"covered":0,"skipped":0,"pct":0},"statements":{"total":31,"covered":0,"skipped":0,"pct":0},"branches":{"total":23,"covered":0,"skipped":0,"pct":0}}
,"/Users/jeremiahstones/Documents/workspace/PersonalProjects/sound_first/sound-first-mobile/src/screens/Admin/tabs/SoftGateExplorer/hooks/index.js": {"lines":{"total":0,"covered":0,"skipped":0,"pct":100},"functions":{"total":0,"covered":0,"skipped":0,"pct":100},"statements":{"total":0,"covered":0,"skipped":0,"pct":100},"branches":{"total":0,"covered":0,"skipped":0,"pct":100}}
,"/Users/jeremiahstones/Documents/workspace/PersonalProjects/sound_first/sound-first-mobile/src/screens/Admin/tabs/SoftGateExplorer/hooks/useSoftGateRules.js": {"lines":{"total":46,"covered":0,"skipped":0,"pct":0},"functions":{"total":6,"covered":0,"skipped":0,"pct":0},"statements":{"total":46,"covered":0,"skipped":0,"pct":0},"branches":{"total":14,"covered":0,"skipped":0,"pct":0}}
,"/Users/jeremiahstones/Documents/workspace/PersonalProjects/sound_first/sound-first-mobile/src/screens/Admin/tabs/SoftGateExplorer/hooks/useUserSoftGateState.js": {"lines":{"total":52,"covered":0,"skipped":0,"pct":0},"functions":{"total":8,"covered":0,"skipped":0,"pct":0},"statements":{"total":54,"covered":0,"skipped":0,"pct":0},"branches":{"total":21,"covered":0,"skipped":0,"pct":0}}
,"/Users/jeremiahstones/Documents/workspace/PersonalProjects/sound_first/sound-first-mobile/src/screens/Admin/tabs/UserProgressionInspector/index.js": {"lines":{"total":248,"covered":0,"skipped":0,"pct":0},"functions":{"total":74,"covered":0,"skipped":0,"pct":0},"statements":{"total":256,"covered":0,"skipped":0,"pct":0},"branches":{"total":256,"covered":0,"skipped":0,"pct":0}}
,"/Users/jeremiahstones/Documents/workspace/PersonalProjects/sound_first/sound-first-mobile/src/screens/CapabilityPath/index.js": {"lines":{"total":110,"covered":0,"skipped":0,"pct":0},"functions":{"total":35,"covered":0,"skipped":0,"pct":0},"statements":{"total":117,"covered":0,"skipped":0,"pct":0},"branches":{"total":48,"covered":0,"skipped":0,"pct":0}}
,"/Users/jeremiahstones/Documents/workspace/PersonalProjects/sound_first/sound-first-mobile/src/screens/CapabilityPath/styles.js": {"lines":{"total":0,"covered":0,"skipped":0,"pct":100},"functions":{"total":0,"covered":0,"skipped":0,"pct":100},"statements":{"total":0,"covered":0,"skipped":0,"pct":100},"branches":{"total":6,"covered":0,"skipped":0,"pct":0}}
,"/Users/jeremiahstones/Documents/workspace/PersonalProjects/sound_first/sound-first-mobile/src/screens/CapabilityPath/components/AddCapabilityModal.js": {"lines":{"total":9,"covered":0,"skipped":0,"pct":0},"functions":{"total":8,"covered":0,"skipped":0,"pct":0},"statements":{"total":9,"covered":0,"skipped":0,"pct":0},"branches":{"total":14,"covered":0,"skipped":0,"pct":0}}
,"/Users/jeremiahstones/Documents/workspace/PersonalProjects/sound_first/sound-first-mobile/src/screens/CapabilityPath/components/CapabilityRow.js": {"lines":{"total":10,"covered":0,"skipped":0,"pct":0},"functions":{"total":9,"covered":0,"skipped":0,"pct":0},"statements":{"total":10,"covered":0,"skipped":0,"pct":0},"branches":{"total":14,"covered":0,"skipped":0,"pct":0}}
,"/Users/jeremiahstones/Documents/workspace/PersonalProjects/sound_first/sound-first-mobile/src/screens/CapabilityPath/data/constants.js": {"lines":{"total":4,"covered":0,"skipped":0,"pct":0},"functions":{"total":0,"covered":0,"skipped":0,"pct":100},"statements":{"total":4,"covered":0,"skipped":0,"pct":0},"branches":{"total":0,"covered":0,"skipped":0,"pct":100}}
,"/Users/jeremiahstones/Documents/workspace/PersonalProjects/sound_first/sound-first-mobile/src/screens/CapabilityPath/data/initialCapabilities.js": {"lines":{"total":35,"covered":0,"skipped":0,"pct":0},"functions":{"total":6,"covered":0,"skipped":0,"pct":0},"statements":{"total":36,"covered":0,"skipped":0,"pct":0},"branches":{"total":22,"covered":0,"skipped":0,"pct":0}}
,"/Users/jeremiahstones/Documents/workspace/PersonalProjects/sound_first/sound-first-mobile/src/screens/FirstNote/index.js": {"lines":{"total":30,"covered":13,"skipped":0,"pct":43.33},"functions":{"total":6,"covered":5,"skipped":0,"pct":83.33},"statements":{"total":30,"covered":13,"skipped":0,"pct":43.33},"branches":{"total":27,"covered":7,"skipped":0,"pct":25.92}}
,"/Users/jeremiahstones/Documents/workspace/PersonalProjects/sound_first/sound-first-mobile/src/screens/FirstNote/styles.js": {"lines":{"total":1,"covered":1,"skipped":0,"pct":100},"functions":{"total":0,"covered":0,"skipped":0,"pct":100},"statements":{"total":1,"covered":1,"skipped":0,"pct":100},"branches":{"total":4,"covered":2,"skipped":0,"pct":50}}
,"/Users/jeremiahstones/Documents/workspace/PersonalProjects/sound_first/sound-first-mobile/src/screens/FirstNote/components/DevNavMenu.js": {"lines":{"total":55,"covered":11,"skipped":0,"pct":20},"functions":{"total":11,"covered":1,"skipped":0,"pct":9.09},"statements":{"total":56,"covered":11,"skipped":0,"pct":19.64},"branches":{"total":52,"covered":1,"skipped":0,"pct":1.92}}
,"/Users/jeremiahstones/Documents/workspace/PersonalProjects/sound_first/sound-first-mobile/src/screens/FirstNote/context/FirstNoteContext.js": {"lines":{"total":59,"covered":49,"skipped":0,"pct":83.05},"functions":{"total":12,"covered":9,"skipped":0,"pct":75},"statements":{"total":61,"covered":50,"skipped":0,"pct":81.96},"branches":{"total":29,"covered":14,"skipped":0,"pct":48.27}}
,"/Users/jeremiahstones/Documents/workspace/PersonalProjects/sound_first/sound-first-mobile/src/screens/FirstNote/data/focusCards.js": {"lines":{"total":2,"covered":2,"skipped":0,"pct":100},"functions":{"total":0,"covered":0,"skipped":0,"pct":100},"statements":{"total":2,"covered":2,"skipped":0,"pct":100},"branches":{"total":0,"covered":0,"skipped":0,"pct":100}}
,"/Users/jeremiahstones/Documents/workspace/PersonalProjects/sound_first/sound-first-mobile/src/screens/FirstNote/data/index.js": {"lines":{"total":0,"covered":0,"skipped":0,"pct":100},"functions":{"total":0,"covered":0,"skipped":0,"pct":100},"statements":{"total":0,"covered":0,"skipped":0,"pct":100},"branches":{"total":0,"covered":0,"skipped":0,"pct":100}}
,"/Users/jeremiahstones/Documents/workspace/PersonalProjects/sound_first/sound-first-mobile/src/screens/FirstNote/data/instruments.js": {"lines":{"total":3,"covered":2,"skipped":0,"pct":66.66},"functions":{"total":1,"covered":0,"skipped":0,"pct":0},"statements":{"total":3,"covered":2,"skipped":0,"pct":66.66},"branches":{"total":2,"covered":0,"skipped":0,"pct":0}}
,"/Users/jeremiahstones/Documents/workspace/PersonalProjects/sound_first/sound-first-mobile/src/screens/FirstNote/data/pitchExplorer.js": {"lines":{"total":2,"covered":2,"skipped":0,"pct":100},"functions":{"total":0,"covered":0,"skipped":0,"pct":100},"statements":{"total":2,"covered":2,"skipped":0,"pct":100},"branches":{"total":0,"covered":0,"skipped":0,"pct":100}}
,"/Users/jeremiahstones/Documents/workspace/PersonalProjects/sound_first/sound-first-mobile/src/screens/FirstNote/hooks/index.js": {"lines":{"total":0,"covered":0,"skipped":0,"pct":100},"functions":{"total":0,"covered":0,"skipped":0,"pct":100},"statements":{"total":0,"covered":0,"skipped":0,"pct":100},"branches":{"total":0,"covered":0,"skipped":0,"pct":100}}
,"/Users/jeremiahstones/Documents/workspace/PersonalProjects/sound_first/sound-first-mobile/src/screens/FirstNote/hooks/useFirstNoteAudio.js": {"lines":{"total":148,"covered":33,"skipped":0,"pct":22.29},"functions":{"total":18,"covered":6,"skipped":0,"pct":33.33},"statements":{"total":150,"covered":33,"skipped":0,"pct":22},"branches":{"total":46,"covered":6,"skipped":0,"pct":13.04}}
,"/Users/jeremiahstones/Documents/workspace/PersonalProjects/sound_first/sound-first-mobile/src/screens/FirstNote/hooks/useFirstNoteNavigation.js": {"lines":{"total":30,"covered":6,"skipped":0,"pct":20},"functions":{"total":6,"covered":1,"skipped":0,"pct":16.66},"statements":{"total":30,"covered":6,"skipped":0,"pct":20},"branches":{"total":10,"covered":0,"skipped":0,"pct":0}}
,"/Users/jeremiahstones/Documents/workspace/PersonalProjects/sound_first/sound-first-mobile/src/screens/FirstNote/stages/Stage0.js": {"lines":{"total":14,"covered":5,"skipped":0,"pct":35.71},"functions":{"total":5,"covered":2,"skipped":0,"pct":40},"statements":{"total":14,"covered":5,"skipped":0,"pct":35.71},"branches":{"total":26,"covered":9,"skipped":0,"pct":34.61}}
,"/Users/jeremiahstones/Documents/workspace/PersonalProjects/sound_first/sound-first-mobile/src/screens/FirstNote/stages/Stage1.js": {"lines":{"total":25,"covered":0,"skipped":0,"pct":0},"functions":{"total":9,"covered":0,"skipped":0,"pct":0},"statements":{"total":25,"covered":0,"skipped":0,"pct":0},"branches":{"total":31,"covered":0,"skipped":0,"pct":0}}
,"/Users/jeremiahstones/Documents/workspace/PersonalProjects/sound_first/sound-first-mobile/src/screens/FirstNote/stages/Stage2.js": {"lines":{"total":62,"covered":1,"skipped":0,"pct":1.61},"functions":{"total":22,"covered":0,"skipped":0,"pct":0},"statements":{"total":67,"covered":1,"skipped":0,"pct":1.49},"branches":{"total":63,"covered":0,"skipped":0,"pct":0}}
,"/Users/jeremiahstones/Documents/workspace/PersonalProjects/sound_first/sound-first-mobile/src/screens/FirstNote/stages/Stage3.js": {"lines":{"total":14,"covered":0,"skipped":0,"pct":0},"functions":{"total":6,"covered":0,"skipped":0,"pct":0},"statements":{"total":14,"covered":0,"skipped":0,"pct":0},"branches":{"total":12,"covered":0,"skipped":0,"pct":0}}
,"/Users/jeremiahstones/Documents/workspace/PersonalProjects/sound_first/sound-first-mobile/src/screens/FirstNote/stages/Stage4.js": {"lines":{"total":28,"covered":0,"skipped":0,"pct":0},"functions":{"total":12,"covered":0,"skipped":0,"pct":0},"statements":{"total":28,"covered":0,"skipped":0,"pct":0},"branches":{"total":32,"covered":0,"skipped":0,"pct":0}}
,"/Users/jeremiahstones/Documents/workspace/PersonalProjects/sound_first/sound-first-mobile/src/screens/FirstNote/stages/Stage5.js": {"lines":{"total":13,"covered":2,"skipped":0,"pct":15.38},"functions":{"total":5,"covered":0,"skipped":0,"pct":0},"statements":{"total":13,"covered":2,"skipped":0,"pct":15.38},"branches":{"total":20,"covered":0,"skipped":0,"pct":0}}
,"/Users/jeremiahstones/Documents/workspace/PersonalProjects/sound_first/sound-first-mobile/src/screens/FirstNote/stages/Stage6.js": {"lines":{"total":46,"covered":2,"skipped":0,"pct":4.34},"functions":{"total":20,"covered":0,"skipped":0,"pct":0},"statements":{"total":46,"covered":2,"skipped":0,"pct":4.34},"branches":{"total":64,"covered":0,"skipped":0,"pct":0}}
,"/Users/jeremiahstones/Documents/workspace/PersonalProjects/sound_first/sound-first-mobile/src/screens/FirstNote/stages/Stage7.js": {"lines":{"total":11,"covered":2,"skipped":0,"pct":18.18},"functions":{"total":7,"covered":0,"skipped":0,"pct":0},"statements":{"total":11,"covered":2,"skipped":0,"pct":18.18},"branches":{"total":14,"covered":0,"skipped":0,"pct":0}}
,"/Users/jeremiahstones/Documents/workspace/PersonalProjects/sound_first/sound-first-mobile/src/screens/FirstNote/stages/index.js": {"lines":{"total":0,"covered":0,"skipped":0,"pct":100},"functions":{"total":0,"covered":0,"skipped":0,"pct":100},"statements":{"total":0,"covered":0,"skipped":0,"pct":100},"branches":{"total":0,"covered":0,"skipped":0,"pct":100}}
,"/Users/jeremiahstones/Documents/workspace/PersonalProjects/sound_first/sound-first-mobile/src/screens/FirstNote/utils/index.js": {"lines":{"total":0,"covered":0,"skipped":0,"pct":100},"functions":{"total":0,"covered":0,"skipped":0,"pct":100},"statements":{"total":0,"covered":0,"skipped":0,"pct":100},"branches":{"total":0,"covered":0,"skipped":0,"pct":100}}
,"/Users/jeremiahstones/Documents/workspace/PersonalProjects/sound_first/sound-first-mobile/src/screens/FirstNote/utils/noteHelpers.js": {"lines":{"total":27,"covered":17,"skipped":0,"pct":62.96},"functions":{"total":4,"covered":3,"skipped":0,"pct":75},"statements":{"total":33,"covered":17,"skipped":0,"pct":51.51},"branches":{"total":29,"covered":17,"skipped":0,"pct":58.62}}
,"/Users/jeremiahstones/Documents/workspace/PersonalProjects/sound_first/sound-first-mobile/src/screens/Onboarding/index.js": {"lines":{"total":57,"covered":0,"skipped":0,"pct":0},"functions":{"total":12,"covered":0,"skipped":0,"pct":0},"statements":{"total":58,"covered":0,"skipped":0,"pct":0},"branches":{"total":30,"covered":0,"skipped":0,"pct":0}}
,"/Users/jeremiahstones/Documents/workspace/PersonalProjects/sound_first/sound-first-mobile/src/screens/Onboarding/styles.js": {"lines":{"total":2,"covered":0,"skipped":0,"pct":0},"functions":{"total":0,"covered":0,"skipped":0,"pct":100},"statements":{"total":2,"covered":0,"skipped":0,"pct":0},"branches":{"total":14,"covered":0,"skipped":0,"pct":0}}
,"/Users/jeremiahstones/Documents/workspace/PersonalProjects/sound_first/sound-first-mobile/src/screens/Onboarding/components/ProgressDots.js": {"lines":{"total":6,"covered":0,"skipped":0,"pct":0},"functions":{"total":3,"covered":0,"skipped":0,"pct":0},"statements":{"total":6,"covered":0,"skipped":0,"pct":0},"branches":{"total":2,"covered":0,"skipped":0,"pct":0}}
,"/Users/jeremiahstones/Documents/workspace/PersonalProjects/sound_first/sound-first-mobile/src/screens/Onboarding/data/instruments.js": {"lines":{"total":13,"covered":0,"skipped":0,"pct":0},"functions":{"total":4,"covered":0,"skipped":0,"pct":0},"statements":{"total":19,"covered":0,"skipped":0,"pct":0},"branches":{"total":19,"covered":0,"skipped":0,"pct":0}}
,"/Users/jeremiahstones/Documents/workspace/PersonalProjects/sound_first/sound-first-mobile/src/screens/Onboarding/steps/InstrumentStep.js": {"lines":{"total":11,"covered":0,"skipped":0,"pct":0},"functions":{"total":6,"covered":0,"skipped":0,"pct":0},"statements":{"total":11,"covered":0,"skipped":0,"pct":0},"branches":{"total":22,"covered":0,"skipped":0,"pct":0}}
,"/Users/jeremiahstones/Documents/workspace/PersonalProjects/sound_first/sound-first-mobile/src/screens/Onboarding/steps/StartingNoteStep.js": {"lines":{"total":14,"covered":0,"skipped":0,"pct":0},"functions":{"total":6,"covered":0,"skipped":0,"pct":0},"statements":{"total":16,"covered":0,"skipped":0,"pct":0},"branches":{"total":26,"covered":0,"skipped":0,"pct":0}}
,"/Users/jeremiahstones/Documents/workspace/PersonalProjects/sound_first/sound-first-mobile/src/screens/Session/SessionScreenContent.js": {"lines":{"total":79,"covered":0,"skipped":0,"pct":0},"functions":{"total":12,"covered":0,"skipped":0,"pct":0},"statements":{"total":79,"covered":0,"skipped":0,"pct":0},"branches":{"total":71,"covered":0,"skipped":0,"pct":0}}
,"/Users/jeremiahstones/Documents/workspace/PersonalProjects/sound_first/sound-first-mobile/src/screens/Session/index.js": {"lines":{"total":2,"covered":0,"skipped":0,"pct":0},"functions":{"total":1,"covered":0,"skipped":0,"pct":0},"statements":{"total":2,"covered":0,"skipped":0,"pct":0},"branches":{"total":0,"covered":0,"skipped":0,"pct":100}}
,"/Users/jeremiahstones/Documents/workspace/PersonalProjects/sound_first/sound-first-mobile/src/screens/Session/components/CurriculumSteps.js": {"lines":{"total":12,"covered":0,"skipped":0,"pct":0},"functions":{"total":5,"covered":0,"skipped":0,"pct":0},"statements":{"total":14,"covered":0,"skipped":0,"pct":0},"branches":{"total":29,"covered":0,"skipped":0,"pct":0}}
,"/Users/jeremiahstones/Documents/workspace/PersonalProjects/sound_first/sound-first-mobile/src/screens/Session/components/FocusCard.js": {"lines":{"total":2,"covered":0,"skipped":0,"pct":0},"functions":{"total":1,"covered":0,"skipped":0,"pct":0},"statements":{"total":2,"covered":0,"skipped":0,"pct":0},"branches":{"total":6,"covered":0,"skipped":0,"pct":0}}
,"/Users/jeremiahstones/Documents/workspace/PersonalProjects/sound_first/sound-first-mobile/src/screens/Session/components/MaterialCard.js": {"lines":{"total":2,"covered":0,"skipped":0,"pct":0},"functions":{"total":1,"covered":0,"skipped":0,"pct":0},"statements":{"total":2,"covered":0,"skipped":0,"pct":0},"branches":{"total":10,"covered":0,"skipped":0,"pct":0}}
,"/Users/jeremiahstones/Documents/workspace/PersonalProjects/sound_first/sound-first-mobile/src/screens/Session/components/ReflectionModal.js": {"lines":{"total":8,"covered":0,"skipped":0,"pct":0},"functions":{"total":6,"covered":0,"skipped":0,"pct":0},"statements":{"total":8,"covered":0,"skipped":0,"pct":0},"branches":{"total":30,"covered":0,"skipped":0,"pct":0}}
,"/Users/jeremiahstones/Documents/workspace/PersonalProjects/sound_first/sound-first-mobile/src/screens/Session/components/SessionTimer.js": {"lines":{"total":21,"covered":0,"skipped":0,"pct":0},"functions":{"total":3,"covered":0,"skipped":0,"pct":0},"statements":{"total":22,"covered":0,"skipped":0,"pct":0},"branches":{"total":12,"covered":0,"skipped":0,"pct":0}}
,"/Users/jeremiahstones/Documents/workspace/PersonalProjects/sound_first/sound-first-mobile/src/screens/Session/components/TeachingModuleSession.js": {"lines":{"total":50,"covered":0,"skipped":0,"pct":0},"functions":{"total":16,"covered":0,"skipped":0,"pct":0},"statements":{"total":50,"covered":0,"skipped":0,"pct":0},"branches":{"total":33,"covered":0,"skipped":0,"pct":0}}
,"/Users/jeremiahstones/Documents/workspace/PersonalProjects/sound_first/sound-first-mobile/src/screens/Session/components/TimeUpModal.js": {"lines":{"total":3,"covered":0,"skipped":0,"pct":0},"functions":{"total":1,"covered":0,"skipped":0,"pct":0},"statements":{"total":3,"covered":0,"skipped":0,"pct":0},"branches":{"total":0,"covered":0,"skipped":0,"pct":100}}
,"/Users/jeremiahstones/Documents/workspace/PersonalProjects/sound_first/sound-first-mobile/src/screens/Session/components/ToolsPanel.js": {"lines":{"total":2,"covered":0,"skipped":0,"pct":0},"functions":{"total":1,"covered":0,"skipped":0,"pct":0},"statements":{"total":2,"covered":0,"skipped":0,"pct":0},"branches":{"total":29,"covered":0,"skipped":0,"pct":0}}
,"/Users/jeremiahstones/Documents/workspace/PersonalProjects/sound_first/sound-first-mobile/src/screens/Session/components/VolumeModal.js": {"lines":{"total":2,"covered":0,"skipped":0,"pct":0},"functions":{"total":1,"covered":0,"skipped":0,"pct":0},"statements":{"total":2,"covered":0,"skipped":0,"pct":0},"branches":{"total":0,"covered":0,"skipped":0,"pct":100}}
,"/Users/jeremiahstones/Documents/workspace/PersonalProjects/sound_first/sound-first-mobile/src/screens/Session/components/styles.js": {"lines":{"total":2,"covered":0,"skipped":0,"pct":0},"functions":{"total":0,"covered":0,"skipped":0,"pct":100},"statements":{"total":2,"covered":0,"skipped":0,"pct":0},"branches":{"total":4,"covered":0,"skipped":0,"pct":0}}
,"/Users/jeremiahstones/Documents/workspace/PersonalProjects/sound_first/sound-first-mobile/src/screens/Session/components/exercises/AuralCompareExercise.js": {"lines":{"total":58,"covered":32,"skipped":0,"pct":55.17},"functions":{"total":14,"covered":5,"skipped":0,"pct":35.71},"statements":{"total":63,"covered":33,"skipped":0,"pct":52.38},"branches":{"total":59,"covered":25,"skipped":0,"pct":42.37}}
,"/Users/jeremiahstones/Documents/workspace/PersonalProjects/sound_first/sound-first-mobile/src/screens/Session/components/exercises/ContourCopyExercise.js": {"lines":{"total":89,"covered":51,"skipped":0,"pct":57.3},"functions":{"total":18,"covered":8,"skipped":0,"pct":44.44},"statements":{"total":97,"covered":53,"skipped":0,"pct":54.63},"branches":{"total":55,"covered":21,"skipped":0,"pct":38.18}}
,"/Users/jeremiahstones/Documents/workspace/PersonalProjects/sound_first/sound-first-mobile/src/screens/Session/components/exercises/DiatonicScalePatternExercise.js": {"lines":{"total":116,"covered":37,"skipped":0,"pct":31.89},"functions":{"total":28,"covered":3,"skipped":0,"pct":10.71},"statements":{"total":125,"covered":37,"skipped":0,"pct":29.6},"branches":{"total":127,"covered":8,"skipped":0,"pct":6.29}}
,"/Users/jeremiahstones/Documents/workspace/PersonalProjects/sound_first/sound-first-mobile/src/screens/Session/components/exercises/EnterOnBeatOneExercise.js": {"lines":{"total":163,"covered":61,"skipped":0,"pct":37.42},"functions":{"total":19,"covered":8,"skipped":0,"pct":42.1},"statements":{"total":170,"covered":63,"skipped":0,"pct":37.05},"branches":{"total":103,"covered":25,"skipped":0,"pct":24.27}}
,"/Users/jeremiahstones/Documents/workspace/PersonalProjects/sound_first/sound-first-mobile/src/screens/Session/components/exercises/FeelThePulseExercise.js": {"lines":{"total":127,"covered":42,"skipped":0,"pct":33.07},"functions":{"total":15,"covered":3,"skipped":0,"pct":20},"statements":{"total":138,"covered":43,"skipped":0,"pct":31.15},"branches":{"total":105,"covered":13,"skipped":0,"pct":12.38}}
,"/Users/jeremiahstones/Documents/workspace/PersonalProjects/sound_first/sound-first-mobile/src/screens/Session/components/exercises/FlatAccidentalExercise.js": {"lines":{"total":110,"covered":34,"skipped":0,"pct":30.9},"functions":{"total":24,"covered":3,"skipped":0,"pct":12.5},"statements":{"total":115,"covered":34,"skipped":0,"pct":29.56},"branches":{"total":82,"covered":8,"skipped":0,"pct":9.75}}
,"/Users/jeremiahstones/Documents/workspace/PersonalProjects/sound_first/sound-first-mobile/src/screens/Session/components/exercises/Fragment2LessonExercise.js": {"lines":{"total":616,"covered":168,"skipped":0,"pct":27.27},"functions":{"total":104,"covered":30,"skipped":0,"pct":28.84},"statements":{"total":641,"covered":175,"skipped":0,"pct":27.3},"branches":{"total":447,"covered":41,"skipped":0,"pct":9.17}}
,"/Users/jeremiahstones/Documents/workspace/PersonalProjects/sound_first/sound-first-mobile/src/screens/Session/components/exercises/HalfNoteLessonExercise.js": {"lines":{"total":403,"covered":109,"skipped":0,"pct":27.04},"functions":{"total":61,"covered":17,"skipped":0,"pct":27.86},"statements":{"total":418,"covered":113,"skipped":0,"pct":27.03},"branches":{"total":326,"covered":29,"skipped":0,"pct":8.89}}
,"/Users/jeremiahstones/Documents/workspace/PersonalProjects/sound_first/sound-first-mobile/src/screens/Session/components/exercises/HalfRestLessonExercise.js": {"lines":{"total":440,"covered":108,"skipped":0,"pct":24.54},"functions":{"total":59,"covered":17,"skipped":0,"pct":28.81},"statements":{"total":453,"covered":112,"skipped":0,"pct":24.72},"branches":{"total":386,"covered":29,"skipped":0,"pct":7.51}}
,"/Users/jeremiahstones/Documents/workspace/PersonalProjects/sound_first/sound-first-mobile/src/screens/Session/components/exercises/HalfStepsTheoryExercise.js": {"lines":{"total":108,"covered":33,"skipped":0,"pct":30.55},"functions":{"total":25,"covered":3,"skipped":0,"pct":12},"statements":{"total":114,"covered":33,"skipped":0,"pct":28.94},"branches":{"total":80,"covered":8,"skipped":0,"pct":10}}
,"/Users/jeremiahstones/Documents/workspace/PersonalProjects/sound_first/sound-first-mobile/src/screens/Session/components/exercises/KeySignatureBasicsExercise.js": {"lines":{"total":70,"covered":30,"skipped":0,"pct":42.85},"functions":{"total":17,"covered":4,"skipped":0,"pct":23.52},"statements":{"total":72,"covered":30,"skipped":0,"pct":41.66},"branches":{"total":86,"covered":10,"skipped":0,"pct":11.62}}
,"/Users/jeremiahstones/Documents/workspace/PersonalProjects/sound_first/sound-first-mobile/src/screens/Session/components/exercises/NaturalAccidentalExercise.js": {"lines":{"total":86,"covered":30,"skipped":0,"pct":34.88},"functions":{"total":19,"covered":3,"skipped":0,"pct":15.78},"statements":{"total":91,"covered":30,"skipped":0,"pct":32.96},"branches":{"total":76,"covered":8,"skipped":0,"pct":10.52}}
,"/Users/jeremiahstones/Documents/workspace/PersonalProjects/sound_first/sound-first-mobile/src/screens/Session/components/exercises/NoteNamePatternExercise.js": {"lines":{"total":106,"covered":37,"skipped":0,"pct":34.9},"functions":{"total":19,"covered":6,"skipped":0,"pct":31.57},"statements":{"total":111,"covered":38,"skipped":0,"pct":34.23},"branches":{"total":92,"covered":9,"skipped":0,"pct":9.78}}
,"/Users/jeremiahstones/Documents/workspace/PersonalProjects/sound_first/sound-first-mobile/src/screens/Session/components/exercises/NoteNameQuizExercise.js": {"lines":{"total":56,"covered":43,"skipped":0,"pct":76.78},"functions":{"total":15,"covered":12,"skipped":0,"pct":80},"statements":{"total":59,"covered":46,"skipped":0,"pct":77.96},"branches":{"total":62,"covered":42,"skipped":0,"pct":67.74}}
,"/Users/jeremiahstones/Documents/workspace/PersonalProjects/sound_first/sound-first-mobile/src/screens/Session/components/exercises/OctaveConceptExercise.js": {"lines":{"total":92,"covered":33,"skipped":0,"pct":35.86},"functions":{"total":21,"covered":3,"skipped":0,"pct":14.28},"statements":{"total":99,"covered":33,"skipped":0,"pct":33.33},"branches":{"total":78,"covered":8,"skipped":0,"pct":10.25}}
,"/Users/jeremiahstones/Documents/workspace/PersonalProjects/sound_first/sound-first-mobile/src/screens/Session/components/exercises/OctaveMatchingExercise.js": {"lines":{"total":99,"covered":44,"skipped":0,"pct":44.44},"functions":{"total":22,"covered":7,"skipped":0,"pct":31.81},"statements":{"total":106,"covered":44,"skipped":0,"pct":41.5},"branches":{"total":85,"covered":25,"skipped":0,"pct":29.41}}
,"/Users/jeremiahstones/Documents/workspace/PersonalProjects/sound_first/sound-first-mobile/src/screens/Session/components/exercises/OctavePlayExercise.js": {"lines":{"total":103,"covered":44,"skipped":0,"pct":42.71},"functions":{"total":18,"covered":4,"skipped":0,"pct":22.22},"statements":{"total":110,"covered":44,"skipped":0,"pct":40},"branches":{"total":74,"covered":17,"skipped":0,"pct":22.97}}
,"/Users/jeremiahstones/Documents/workspace/PersonalProjects/sound_first/sound-first-mobile/src/screens/Session/components/exercises/PitchDirectionExercise.js": {"lines":{"total":67,"covered":41,"skipped":0,"pct":61.19},"functions":{"total":14,"covered":6,"skipped":0,"pct":42.85},"statements":{"total":72,"covered":42,"skipped":0,"pct":58.33},"branches":{"total":60,"covered":28,"skipped":0,"pct":46.66}}
,"/Users/jeremiahstones/Documents/workspace/PersonalProjects/sound_first/sound-first-mobile/src/screens/Session/components/exercises/QuarterNoteLessonExercise.js": {"lines":{"total":437,"covered":110,"skipped":0,"pct":25.17},"functions":{"total":60,"covered":17,"skipped":0,"pct":28.33},"statements":{"total":453,"covered":114,"skipped":0,"pct":25.16},"branches":{"total":325,"covered":29,"skipped":0,"pct":8.92}}
,"/Users/jeremiahstones/Documents/workspace/PersonalProjects/sound_first/sound-first-mobile/src/screens/Session/components/exercises/QuarterRestLessonExercise.js": {"lines":{"total":461,"covered":111,"skipped":0,"pct":24.07},"functions":{"total":61,"covered":17,"skipped":0,"pct":27.86},"statements":{"total":475,"covered":115,"skipped":0,"pct":24.21},"branches":{"total":348,"covered":29,"skipped":0,"pct":8.33}}
,"/Users/jeremiahstones/Documents/workspace/PersonalProjects/sound_first/sound-first-mobile/src/screens/Session/components/exercises/RangeExpansionExercise.js": {"lines":{"total":354,"covered":138,"skipped":0,"pct":38.98},"functions":{"total":55,"covered":25,"skipped":0,"pct":45.45},"statements":{"total":378,"covered":144,"skipped":0,"pct":38.09},"branches":{"total":295,"covered":54,"skipped":0,"pct":18.3}}
,"/Users/jeremiahstones/Documents/workspace/PersonalProjects/sound_first/sound-first-mobile/src/screens/Session/components/exercises/SharpAccidentalExercise.js": {"lines":{"total":113,"covered":34,"skipped":0,"pct":30.08},"functions":{"total":25,"covered":3,"skipped":0,"pct":12},"statements":{"total":118,"covered":34,"skipped":0,"pct":28.81},"branches":{"total":90,"covered":8,"skipped":0,"pct":8.88}}
,"/Users/jeremiahstones/Documents/workspace/PersonalProjects/sound_first/sound-first-mobile/src/screens/Session/components/exercises/StartOnCueExercise.js": {"lines":{"total":362,"covered":101,"skipped":0,"pct":27.9},"functions":{"total":41,"covered":10,"skipped":0,"pct":24.39},"statements":{"total":378,"covered":102,"skipped":0,"pct":26.98},"branches":{"total":216,"covered":29,"skipped":0,"pct":13.42}}
,"/Users/jeremiahstones/Documents/workspace/PersonalProjects/sound_first/sound-first-mobile/src/screens/Session/components/exercises/TapAlongExercise.js": {"lines":{"total":138,"covered":49,"skipped":0,"pct":35.5},"functions":{"total":18,"covered":7,"skipped":0,"pct":38.88},"statements":{"total":145,"covered":50,"skipped":0,"pct":34.48},"branches":{"total":76,"covered":18,"skipped":0,"pct":23.68}}
,"/Users/jeremiahstones/Documents/workspace/PersonalProjects/sound_first/sound-first-mobile/src/screens/Session/components/exercises/TimeSignature44Exercise.js": {"lines":{"total":90,"covered":32,"skipped":0,"pct":35.55},"functions":{"total":19,"covered":5,"skipped":0,"pct":26.31},"statements":{"total":93,"covered":32,"skipped":0,"pct":34.4},"branches":{"total":77,"covered":11,"skipped":0,"pct":14.28}}
,"/Users/jeremiahstones/Documents/workspace/PersonalProjects/sound_first/sound-first-mobile/src/screens/Session/components/exercises/TimeSignatureBasicsExercise.js": {"lines":{"total":114,"covered":46,"skipped":0,"pct":40.35},"functions":{"total":27,"covered":11,"skipped":0,"pct":40.74},"statements":{"total":121,"covered":50,"skipped":0,"pct":41.32},"branches":{"total":75,"covered":12,"skipped":0,"pct":16}}
,"/Users/jeremiahstones/Documents/workspace/PersonalProjects/sound_first/sound-first-mobile/src/screens/Session/components/exercises/WholeNoteLessonExercise.js": {"lines":{"total":402,"covered":108,"skipped":0,"pct":26.86},"functions":{"total":61,"covered":17,"skipped":0,"pct":27.86},"statements":{"total":417,"covered":112,"skipped":0,"pct":26.85},"branches":{"total":330,"covered":27,"skipped":0,"pct":8.18}}
,"/Users/jeremiahstones/Documents/workspace/PersonalProjects/sound_first/sound-first-mobile/src/screens/Session/components/exercises/WholeRestLessonExercise.js": {"lines":{"total":454,"covered":108,"skipped":0,"pct":23.78},"functions":{"total":66,"covered":17,"skipped":0,"pct":25.75},"statements":{"total":470,"covered":112,"skipped":0,"pct":23.82},"branches":{"total":382,"covered":28,"skipped":0,"pct":7.32}}
,"/Users/jeremiahstones/Documents/workspace/PersonalProjects/sound_first/sound-first-mobile/src/screens/Session/components/exercises/WholeStepsTheoryExercise.js": {"lines":{"total":124,"covered":34,"skipped":0,"pct":27.41},"functions":{"total":30,"covered":3,"skipped":0,"pct":10},"statements":{"total":136,"covered":34,"skipped":0,"pct":25},"branches":{"total":76,"covered":8,"skipped":0,"pct":10.52}}
,"/Users/jeremiahstones/Documents/workspace/PersonalProjects/sound_first/sound-first-mobile/src/screens/Session/components/exercises/index.js": {"lines":{"total":2,"covered":0,"skipped":0,"pct":0},"functions":{"total":1,"covered":0,"skipped":0,"pct":0},"statements":{"total":2,"covered":0,"skipped":0,"pct":0},"branches":{"total":2,"covered":0,"skipped":0,"pct":0}}
,"/Users/jeremiahstones/Documents/workspace/PersonalProjects/sound_first/sound-first-mobile/src/screens/Session/components/exercises/shared/AudioLoadingState.js": {"lines":{"total":10,"covered":10,"skipped":0,"pct":100},"functions":{"total":2,"covered":2,"skipped":0,"pct":100},"statements":{"total":10,"covered":10,"skipped":0,"pct":100},"branches":{"total":17,"covered":15,"skipped":0,"pct":88.23}}
,"/Users/jeremiahstones/Documents/workspace/PersonalProjects/sound_first/sound-first-mobile/src/screens/Session/components/exercises/shared/ExerciseErrorBoundary.js": {"lines":{"total":26,"covered":24,"skipped":0,"pct":92.3},"functions":{"total":9,"covered":8,"skipped":0,"pct":88.88},"statements":{"total":26,"covered":24,"skipped":0,"pct":92.3},"branches":{"total":19,"covered":12,"skipped":0,"pct":63.15}}
,"/Users/jeremiahstones/Documents/workspace/PersonalProjects/sound_first/sound-first-mobile/src/screens/Session/components/exercises/shared/MiniKeyboard.js": {"lines":{"total":41,"covered":8,"skipped":0,"pct":19.51},"functions":{"total":7,"covered":0,"skipped":0,"pct":0},"statements":{"total":44,"covered":8,"skipped":0,"pct":18.18},"branches":{"total":52,"covered":0,"skipped":0,"pct":0}}
,"/Users/jeremiahstones/Documents/workspace/PersonalProjects/sound_first/sound-first-mobile/src/screens/Session/components/exercises/shared/audioHelpers.js": {"lines":{"total":55,"covered":6,"skipped":0,"pct":10.9},"functions":{"total":6,"covered":2,"skipped":0,"pct":33.33},"statements":{"total":59,"covered":6,"skipped":0,"pct":10.16},"branches":{"total":31,"covered":2,"skipped":0,"pct":6.45}}
,"/Users/jeremiahstones/Documents/workspace/PersonalProjects/sound_first/sound-first-mobile/src/screens/Session/components/exercises/shared/exerciseConstants.js": {"lines":{"total":9,"covered":9,"skipped":0,"pct":100},"functions":{"total":0,"covered":0,"skipped":0,"pct":100},"statements":{"total":9,"covered":9,"skipped":0,"pct":100},"branches":{"total":0,"covered":0,"skipped":0,"pct":100}}
,"/Users/jeremiahstones/Documents/workspace/PersonalProjects/sound_first/sound-first-mobile/src/screens/Session/components/exercises/shared/index.js": {"lines":{"total":0,"covered":0,"skipped":0,"pct":100},"functions":{"total":0,"covered":0,"skipped":0,"pct":100},"statements":{"total":0,"covered":0,"skipped":0,"pct":100},"branches":{"total":0,"covered":0,"skipped":0,"pct":100}}
,"/Users/jeremiahstones/Documents/workspace/PersonalProjects/sound_first/sound-first-mobile/src/screens/Session/components/exercises/shared/lessonStyles.js": {"lines":{"total":4,"covered":4,"skipped":0,"pct":100},"functions":{"total":0,"covered":0,"skipped":0,"pct":100},"statements":{"total":4,"covered":4,"skipped":0,"pct":100},"branches":{"total":0,"covered":0,"skipped":0,"pct":100}}
,"/Users/jeremiahstones/Documents/workspace/PersonalProjects/sound_first/sound-first-mobile/src/screens/Session/components/exercises/shared/noteUtils.js": {"lines":{"total":39,"covered":39,"skipped":0,"pct":100},"functions":{"total":8,"covered":8,"skipped":0,"pct":100},"statements":{"total":47,"covered":44,"skipped":0,"pct":93.61},"branches":{"total":27,"covered":22,"skipped":0,"pct":81.48}}
,"/Users/jeremiahstones/Documents/workspace/PersonalProjects/sound_first/sound-first-mobile/src/screens/Session/components/exercises/shared/propTypes.js": {"lines":{"total":7,"covered":7,"skipped":0,"pct":100},"functions":{"total":1,"covered":0,"skipped":0,"pct":0},"statements":{"total":7,"covered":7,"skipped":0,"pct":100},"branches":{"total":0,"covered":0,"skipped":0,"pct":100}}
,"/Users/jeremiahstones/Documents/workspace/PersonalProjects/sound_first/sound-first-mobile/src/screens/Session/components/exercises/shared/useExerciseAudioContext.js": {"lines":{"total":33,"covered":0,"skipped":0,"pct":0},"functions":{"total":6,"covered":0,"skipped":0,"pct":0},"statements":{"total":33,"covered":0,"skipped":0,"pct":0},"branches":{"total":12,"covered":0,"skipped":0,"pct":0}}
,"/Users/jeremiahstones/Documents/workspace/PersonalProjects/sound_first/sound-first-mobile/src/screens/Session/context/SessionContext.js": {"lines":{"total":187,"covered":0,"skipped":0,"pct":0},"functions":{"total":36,"covered":0,"skipped":0,"pct":0},"statements":{"total":196,"covered":0,"skipped":0,"pct":0},"branches":{"total":96,"covered":0,"skipped":0,"pct":0}}
,"/Users/jeremiahstones/Documents/workspace/PersonalProjects/sound_first/sound-first-mobile/src/screens/Session/data/stepTypes.js": {"lines":{"total":2,"covered":0,"skipped":0,"pct":0},"functions":{"total":0,"covered":0,"skipped":0,"pct":100},"statements":{"total":2,"covered":0,"skipped":0,"pct":0},"branches":{"total":0,"covered":0,"skipped":0,"pct":100}}
,"/Users/jeremiahstones/Documents/workspace/PersonalProjects/sound_first/sound-first-mobile/src/screens/Session/hooks/useTools.js": {"lines":{"total":42,"covered":0,"skipped":0,"pct":0},"functions":{"total":8,"covered":0,"skipped":0,"pct":0},"statements":{"total":42,"covered":0,"skipped":0,"pct":0},"branches":{"total":6,"covered":0,"skipped":0,"pct":0}}
}
