TN:
SF:src/components/AudioInput.js
FN:40,checkMicPermission
FN:82,AudioInput
FN:148,(anonymous_2)
FN:174,(anonymous_3)
FN:180,(anonymous_4)
FN:240,(anonymous_5)
FN:241,(anonymous_6)
FN:251,(anonymous_7)
FN:253,(anonymous_8)
FN:265,(anonymous_9)
FN:277,(anonymous_10)
FN:349,(anonymous_11)
FN:361,(anonymous_12)
FN:380,(anonymous_13)
FN:388,(anonymous_14)
FN:465,(anonymous_15)
FN:473,(anonymous_16)
FN:479,(anonymous_17)
FN:485,(anonymous_18)
FN:521,(anonymous_19)
FN:529,(anonymous_20)
FN:546,(anonymous_21)
FN:571,(anonymous_22)
FN:603,(anonymous_23)
FN:645,(anonymous_24)
FN:678,(anonymous_25)
FNF:26
FNH:8
FNDA:0,checkMicPermission
FNDA:26,AudioInput
FNDA:20,(anonymous_2)
FNDA:20,(anonymous_3)
FNDA:0,(anonymous_4)
FNDA:20,(anonymous_5)
FNDA:20,(anonymous_6)
FNDA:20,(anonymous_7)
FNDA:0,(anonymous_8)
FNDA:26,(anonymous_9)
FNDA:0,(anonymous_10)
FNDA:0,(anonymous_11)
FNDA:0,(anonymous_12)
FNDA:0,(anonymous_13)
FNDA:0,(anonymous_14)
FNDA:0,(anonymous_15)
FNDA:0,(anonymous_16)
FNDA:0,(anonymous_17)
FNDA:0,(anonymous_18)
FNDA:0,(anonymous_19)
FNDA:0,(anonymous_20)
FNDA:0,(anonymous_21)
FNDA:0,(anonymous_22)
FNDA:0,(anonymous_23)
FNDA:0,(anonymous_24)
FNDA:20,(anonymous_25)
DA:23,1
DA:24,1
DA:25,1
DA:26,1
DA:28,0
DA:33,1
DA:41,0
DA:42,0
DA:44,0
DA:45,0
DA:46,0
DA:48,0
DA:53,1
DA:54,1
DA:55,1
DA:56,1
DA:98,26
DA:99,26
DA:100,26
DA:101,26
DA:102,26
DA:104,26
DA:107,26
DA:111,26
DA:112,26
DA:113,26
DA:114,26
DA:115,26
DA:116,26
DA:117,26
DA:120,26
DA:121,26
DA:124,26
DA:127,26
DA:128,26
DA:131,26
DA:132,26
DA:133,26
DA:136,26
DA:137,26
DA:138,26
DA:139,26
DA:140,26
DA:141,26
DA:142,26
DA:143,26
DA:144,26
DA:145,26
DA:148,26
DA:149,20
DA:150,20
DA:151,20
DA:152,20
DA:153,20
DA:154,20
DA:155,20
DA:156,20
DA:157,20
DA:158,20
DA:172,26
DA:173,26
DA:174,26
DA:175,20
DA:179,26
DA:181,0
DA:182,0
DA:184,0
DA:186,0
DA:187,0
DA:188,0
DA:189,0
DA:191,0
DA:192,0
DA:195,0
DA:196,0
DA:200,0
DA:201,0
DA:202,0
DA:204,0
DA:206,0
DA:207,0
DA:208,0
DA:210,0
DA:211,0
DA:212,0
DA:213,0
DA:215,0
DA:216,0
DA:217,0
DA:219,0
DA:220,0
DA:222,0
DA:223,0
DA:226,0
DA:240,26
DA:241,20
DA:242,20
DA:243,0
DA:245,20
DA:251,26
DA:252,20
DA:253,0
DA:254,0
DA:255,0
DA:256,0
DA:257,0
DA:258,0
DA:265,26
DA:266,26
DA:267,0
DA:268,0
DA:269,0
DA:270,0
DA:277,26
DA:278,0
DA:279,0
DA:280,0
DA:284,0
DA:285,0
DA:286,0
DA:290,0
DA:291,0
DA:292,0
DA:293,0
DA:294,0
DA:297,0
DA:298,0
DA:301,0
DA:309,0
DA:310,0
DA:311,0
DA:312,0
DA:315,0
DA:318,0
DA:321,0
DA:322,0
DA:323,0
DA:324,0
DA:327,0
DA:328,0
DA:331,0
DA:332,0
DA:333,0
DA:335,0
DA:336,0
DA:337,0
DA:338,0
DA:341,0
DA:342,0
DA:344,0
DA:349,26
DA:350,0
DA:351,0
DA:352,0
DA:355,0
DA:356,0
DA:357,0
DA:360,0
DA:361,0
DA:362,0
DA:365,0
DA:366,0
DA:367,0
DA:370,0
DA:371,0
DA:372,0
DA:373,0
DA:374,0
DA:376,0
DA:377,0
DA:380,26
DA:381,0
DA:383,0
DA:384,0
DA:385,0
DA:386,0
DA:388,0
DA:389,0
DA:391,0
DA:394,0
DA:395,0
DA:398,0
DA:401,0
DA:402,0
DA:403,0
DA:404,0
DA:405,0
DA:406,0
DA:411,0
DA:413,0
DA:415,0
DA:416,0
DA:417,0
DA:421,0
DA:422,0
DA:423,0
DA:424,0
DA:425,0
DA:430,0
DA:431,0
DA:432,0
DA:434,0
DA:435,0
DA:441,0
DA:442,0
DA:445,0
DA:446,0
DA:450,0
DA:451,0
DA:452,0
DA:456,0
DA:458,0
DA:464,0
DA:465,0
DA:466,0
DA:467,0
DA:470,0
DA:471,0
DA:472,0
DA:473,0
DA:476,0
DA:478,0
DA:479,0
DA:480,0
DA:483,0
DA:484,0
DA:485,0
DA:486,0
DA:487,0
DA:488,0
DA:492,0
DA:494,0
DA:497,0
DA:498,0
DA:503,0
DA:505,0
DA:506,0
DA:507,0
DA:508,0
DA:514,0
DA:517,0
DA:521,26
DA:522,0
DA:523,0
DA:524,0
DA:527,0
DA:528,0
DA:529,0
DA:530,0
DA:531,0
DA:533,0
DA:534,0
DA:536,0
DA:546,26
DA:547,0
DA:548,0
DA:549,0
DA:552,0
DA:553,0
DA:554,0
DA:555,0
DA:556,0
DA:557,0
DA:559,0
DA:562,0
DA:565,0
DA:566,0
DA:571,26
DA:572,0
DA:573,0
DA:574,0
DA:578,0
DA:579,0
DA:582,0
DA:584,0
DA:585,0
DA:586,0
DA:587,0
DA:592,0
DA:598,0
DA:603,0
DA:604,0
DA:607,0
DA:608,0
DA:611,0
DA:612,0
DA:613,0
DA:614,0
DA:615,0
DA:616,0
DA:621,0
DA:623,0
DA:625,0
DA:626,0
DA:627,0
DA:631,0
DA:632,0
DA:633,0
DA:634,0
DA:635,0
DA:644,0
DA:645,0
DA:646,0
DA:647,0
DA:648,0
DA:649,0
DA:650,0
DA:659,0
DA:660,0
DA:662,0
DA:663,0
DA:664,0
DA:666,0
DA:667,0
DA:678,26
DA:679,20
DA:680,0
DA:681,0
DA:684,20
DA:685,0
DA:687,0
DA:689,0
DA:691,0
DA:694,20
DA:695,20
DA:696,20
DA:697,20
DA:698,20
DA:701,26
DA:705,26
DA:706,26
DA:727,0
DA:736,0
DA:737,0
DA:755,0
DA:759,0
DA:766,0
DA:767,0
DA:784,0
DA:785,0
DA:818,0
DA:821,1
DA:838,1
LF:343
LH:84
BRDA:24,0,0,1
BRDA:24,0,1,0
BRDA:24,1,0,1
BRDA:24,1,1,1
BRDA:41,2,0,0
BRDA:41,2,1,0
BRDA:41,3,0,0
BRDA:41,3,1,0
BRDA:54,4,0,1
BRDA:54,4,1,0
BRDA:54,5,0,1
BRDA:54,5,1,1
BRDA:90,6,0,25
BRDA:91,7,0,25
BRDA:92,8,0,25
BRDA:93,9,0,26
BRDA:94,10,0,0
BRDA:95,11,0,26
BRDA:96,12,0,26
BRDA:172,13,0,10
BRDA:172,13,1,16
BRDA:184,14,0,0
BRDA:184,14,1,0
BRDA:184,14,2,0
BRDA:184,14,3,0
BRDA:184,14,4,0
BRDA:184,14,5,0
BRDA:184,14,6,0
BRDA:184,14,7,0
BRDA:196,15,0,0
BRDA:196,15,1,0
BRDA:202,16,0,0
BRDA:202,16,1,0
BRDA:207,17,0,0
BRDA:207,17,1,0
BRDA:212,18,0,0
BRDA:212,18,1,0
BRDA:216,19,0,0
BRDA:216,19,1,0
BRDA:219,20,0,0
BRDA:219,20,1,0
BRDA:222,21,0,0
BRDA:222,21,1,0
BRDA:242,22,0,0
BRDA:242,22,1,20
BRDA:252,23,0,0
BRDA:252,23,1,20
BRDA:252,24,0,20
BRDA:252,24,1,0
BRDA:256,25,0,0
BRDA:256,25,1,0
BRDA:266,26,0,0
BRDA:266,26,1,26
BRDA:267,27,0,0
BRDA:267,27,1,0
BRDA:267,28,0,0
BRDA:267,28,1,0
BRDA:267,28,2,0
BRDA:269,29,0,0
BRDA:269,29,1,0
BRDA:269,30,0,0
BRDA:269,30,1,0
BRDA:278,31,0,0
BRDA:278,31,1,0
BRDA:284,32,0,0
BRDA:284,32,1,0
BRDA:290,33,0,0
BRDA:290,33,1,0
BRDA:290,34,0,0
BRDA:290,34,1,0
BRDA:316,35,0,0
BRDA:316,35,1,0
BRDA:337,36,0,0
BRDA:337,36,1,0
BRDA:341,37,0,0
BRDA:341,37,1,0
BRDA:350,38,0,0
BRDA:350,38,1,0
BRDA:355,39,0,0
BRDA:355,39,1,0
BRDA:360,40,0,0
BRDA:360,40,1,0
BRDA:365,41,0,0
BRDA:365,41,1,0
BRDA:381,42,0,0
BRDA:381,42,1,0
BRDA:381,43,0,0
BRDA:381,43,1,0
BRDA:389,44,0,0
BRDA:389,44,1,0
BRDA:395,45,0,0
BRDA:395,45,1,0
BRDA:402,46,0,0
BRDA:402,46,1,0
BRDA:405,47,0,0
BRDA:405,47,1,0
BRDA:413,48,0,0
BRDA:413,48,1,0
BRDA:415,49,0,0
BRDA:415,49,1,0
BRDA:421,50,0,0
BRDA:421,50,1,0
BRDA:424,51,0,0
BRDA:424,51,1,0
BRDA:430,52,0,0
BRDA:430,52,1,0
BRDA:430,53,0,0
BRDA:430,53,1,0
BRDA:432,54,0,0
BRDA:432,54,1,0
BRDA:445,55,0,0
BRDA:445,55,1,0
BRDA:450,56,0,0
BRDA:450,56,1,0
BRDA:450,57,0,0
BRDA:450,57,1,0
BRDA:452,58,0,0
BRDA:452,58,1,0
BRDA:456,59,0,0
BRDA:456,59,1,0
BRDA:464,60,0,0
BRDA:464,60,1,0
BRDA:464,61,0,0
BRDA:464,61,1,0
BRDA:476,62,0,0
BRDA:476,62,1,0
BRDA:480,63,0,0
BRDA:480,63,1,0
BRDA:486,64,0,0
BRDA:486,64,1,0
BRDA:492,65,0,0
BRDA:492,65,1,0
BRDA:497,66,0,0
BRDA:497,66,1,0
BRDA:497,67,0,0
BRDA:497,67,1,0
BRDA:507,68,0,0
BRDA:507,68,1,0
BRDA:522,69,0,0
BRDA:522,69,1,0
BRDA:533,70,0,0
BRDA:533,70,1,0
BRDA:547,71,0,0
BRDA:547,71,1,0
BRDA:554,72,0,0
BRDA:554,72,1,0
BRDA:572,73,0,0
BRDA:572,73,1,0
BRDA:578,74,0,0
BRDA:578,74,1,0
BRDA:578,75,0,0
BRDA:578,75,1,0
BRDA:584,76,0,0
BRDA:584,76,1,0
BRDA:586,77,0,0
BRDA:586,77,1,0
BRDA:604,78,0,0
BRDA:604,78,1,0
BRDA:604,79,0,0
BRDA:604,79,1,0
BRDA:612,80,0,0
BRDA:612,80,1,0
BRDA:615,81,0,0
BRDA:615,81,1,0
BRDA:623,82,0,0
BRDA:623,82,1,0
BRDA:625,83,0,0
BRDA:625,83,1,0
BRDA:631,84,0,0
BRDA:631,84,1,0
BRDA:634,85,0,0
BRDA:634,85,1,0
BRDA:644,86,0,0
BRDA:644,86,1,0
BRDA:644,87,0,0
BRDA:644,87,1,0
BRDA:649,88,0,0
BRDA:649,88,1,0
BRDA:679,89,0,0
BRDA:679,89,1,20
BRDA:684,90,0,0
BRDA:684,90,1,20
BRDA:701,91,0,26
BRDA:701,91,1,0
BRDA:705,92,0,26
BRDA:705,92,1,0
BRDA:736,93,0,0
BRDA:736,93,1,0
BRDA:740,94,0,0
BRDA:740,94,1,0
BRDA:755,95,0,0
BRDA:755,95,1,0
BRDA:756,96,0,0
BRDA:756,96,1,0
BRDA:756,96,2,0
BRDA:766,97,0,0
BRDA:766,97,1,0
BRDA:784,98,0,0
BRDA:784,98,1,0
BRDA:788,99,0,0
BRDA:788,99,1,0
BRDA:794,100,0,0
BRDA:794,100,1,0
BRDA:796,101,0,0
BRDA:796,101,1,0
BRDA:803,102,0,0
BRDA:803,102,1,0
BRDA:808,103,0,0
BRDA:808,103,1,0
BRDA:872,104,0,0
BRDA:872,104,1,1
BRF:211
BRH:23
end_of_record
TN:
SF:src/components/AudioPlayer.js
FN:30,AudioPlayer
FN:57,(anonymous_1)
FN:59,(anonymous_2)
FN:60,(anonymous_3)
FN:61,(anonymous_4)
FN:67,(anonymous_5)
FN:72,(anonymous_6)
FN:78,(anonymous_7)
FN:84,(anonymous_8)
FN:90,(anonymous_9)
FN:97,(anonymous_10)
FN:108,(anonymous_11)
FN:110,(anonymous_12)
FN:119,(anonymous_13)
FN:126,(anonymous_14)
FN:138,(anonymous_15)
FN:145,(anonymous_16)
FN:152,(anonymous_17)
FN:237,(anonymous_18)
FNF:19
FNH:8
FNDA:23,AudioPlayer
FNDA:12,(anonymous_1)
FNDA:11,(anonymous_2)
FNDA:10,(anonymous_3)
FNDA:2,(anonymous_4)
FNDA:12,(anonymous_5)
FNDA:0,(anonymous_6)
FNDA:0,(anonymous_7)
FNDA:0,(anonymous_8)
FNDA:0,(anonymous_9)
FNDA:0,(anonymous_10)
FNDA:12,(anonymous_11)
FNDA:0,(anonymous_12)
FNDA:12,(anonymous_13)
FNDA:0,(anonymous_14)
FNDA:0,(anonymous_15)
FNDA:0,(anonymous_16)
FNDA:0,(anonymous_17)
FNDA:0,(anonymous_18)
DA:40,23
DA:41,23
DA:42,23
DA:43,23
DA:44,23
DA:45,23
DA:47,23
DA:48,23
DA:52,23
DA:57,23
DA:58,12
DA:59,11
DA:60,10
DA:62,2
DA:67,23
DA:68,12
DA:69,0
DA:70,0
DA:72,0
DA:73,0
DA:74,0
DA:75,0
DA:78,0
DA:79,0
DA:80,0
DA:81,0
DA:84,0
DA:85,0
DA:86,0
DA:89,0
DA:90,0
DA:92,0
DA:94,0
DA:97,0
DA:98,0
DA:99,0
DA:100,0
DA:101,0
DA:108,23
DA:109,12
DA:110,0
DA:111,0
DA:112,0
DA:115,12
DA:116,0
DA:119,12
DA:120,12
DA:121,0
DA:126,23
DA:127,0
DA:129,0
DA:132,0
DA:134,0
DA:135,0
DA:136,0
DA:138,0
DA:139,0
DA:141,0
DA:145,23
DA:146,0
DA:147,0
DA:148,0
DA:149,0
DA:152,23
DA:153,0
DA:154,0
DA:155,0
DA:156,0
DA:159,23
DA:162,23
DA:163,0
DA:182,23
DA:183,23
DA:200,0
DA:238,0
DA:240,0
DA:241,0
DA:276,1
DA:287,1
LF:79
LH:30
BRDA:33,0,0,21
BRDA:34,1,0,21
BRDA:36,2,0,21
BRDA:37,3,0,23
BRDA:38,4,0,23
BRDA:52,5,0,23
BRDA:52,5,1,0
BRDA:52,6,0,23
BRDA:52,6,1,23
BRDA:68,7,0,0
BRDA:68,7,1,12
BRDA:68,8,0,12
BRDA:68,8,1,0
BRDA:81,9,0,0
BRDA:81,9,1,0
BRDA:89,10,0,0
BRDA:89,10,1,0
BRDA:100,11,0,0
BRDA:100,11,1,0
BRDA:109,12,0,0
BRDA:109,12,1,12
BRDA:109,13,0,12
BRDA:109,13,1,0
BRDA:109,13,2,0
BRDA:111,14,0,0
BRDA:111,14,1,0
BRDA:115,15,0,0
BRDA:115,15,1,12
BRDA:120,16,0,0
BRDA:120,16,1,12
BRDA:127,17,0,0
BRDA:127,17,1,0
BRDA:132,18,0,0
BRDA:132,18,1,0
BRDA:132,19,0,0
BRDA:132,19,1,0
BRDA:134,20,0,0
BRDA:134,20,1,0
BRDA:146,21,0,0
BRDA:146,21,1,0
BRDA:146,22,0,0
BRDA:146,22,1,0
BRDA:146,22,2,0
BRDA:153,23,0,0
BRDA:153,23,1,0
BRDA:153,24,0,0
BRDA:153,24,1,0
BRDA:159,25,0,0
BRDA:159,25,1,23
BRDA:162,26,0,0
BRDA:162,26,1,23
BRDA:162,27,0,23
BRDA:162,27,1,23
BRDA:182,28,0,23
BRDA:182,28,1,0
BRDA:207,29,0,0
BRDA:207,29,1,0
BRDA:219,30,0,0
BRDA:219,30,1,0
BRDA:223,31,0,0
BRDA:223,31,1,0
BRDA:234,32,0,0
BRDA:234,32,1,0
BRDA:263,33,0,0
BRDA:263,33,1,0
BRDA:263,33,2,0
BRDA:340,34,0,0
BRDA:340,34,1,1
BRF:68
BRH:20
end_of_record
TN:
SF:src/components/DevNavMenu.js
FN:22,DevNavMenu
FN:27,(anonymous_1)
FN:52,(anonymous_2)
FN:69,(anonymous_3)
FN:78,(anonymous_4)
FN:93,(anonymous_5)
FN:104,(anonymous_6)
FN:108,(anonymous_7)
FN:139,(anonymous_8)
FNF:9
FNH:1
FNDA:52,DevNavMenu
FNDA:0,(anonymous_1)
FNDA:0,(anonymous_2)
FNDA:0,(anonymous_3)
FNDA:0,(anonymous_4)
FNDA:0,(anonymous_5)
FNDA:0,(anonymous_6)
FNDA:0,(anonymous_7)
FNDA:0,(anonymous_8)
DA:23,52
DA:24,52
DA:25,52
DA:27,52
DA:28,0
DA:29,0
DA:30,0
DA:33,0
DA:34,0
DA:41,0
DA:42,0
DA:43,0
DA:45,0
DA:48,0
DA:52,52
DA:53,0
DA:54,0
DA:55,0
DA:58,0
DA:69,52
DA:70,0
DA:71,0
DA:74,52
DA:75,52
DA:78,0
DA:87,0
DA:94,0
DA:105,0
DA:108,0
DA:140,0
DA:141,0
DA:153,2
DA:157,2
LF:33
LH:10
BRDA:22,0,0,48
BRDA:33,1,0,0
BRDA:33,1,1,0
BRDA:42,2,0,0
BRDA:42,2,1,0
BRDA:53,3,0,0
BRDA:53,3,1,0
BRDA:54,4,0,0
BRDA:54,4,1,0
BRDA:74,5,0,52
BRDA:74,5,1,0
BRDA:121,6,0,0
BRDA:121,6,1,0
BRDA:125,7,0,0
BRDA:125,7,1,0
BRDA:130,8,0,0
BRDA:130,8,1,0
BRF:17
BRH:2
end_of_record
TN:
SF:src/components/EDMVisualizer.js
FN:45,AnimatedBar
FN:51,(anonymous_1)
FN:67,(anonymous_2)
FN:131,PulseRing
FN:135,(anonymous_4)
FN:149,(anonymous_5)
FN:184,EDMVisualizer
FN:191,(anonymous_7)
FN:204,(anonymous_8)
FN:205,(anonymous_9)
FN:229,(anonymous_10)
FN:268,EDMVisualizerMedium
FN:274,(anonymous_12)
FN:286,(anonymous_13)
FN:287,(anonymous_14)
FN:311,(anonymous_15)
FN:348,EDMVisualizerCompact
FN:356,(anonymous_17)
FN:368,(anonymous_18)
FN:369,(anonymous_19)
FN:380,(anonymous_20)
FNF:21
FNH:10
FNDA:168,AnimatedBar
FNDA:168,(anonymous_1)
FNDA:168,(anonymous_2)
FNDA:22,PulseRing
FNDA:22,(anonymous_4)
FNDA:0,(anonymous_5)
FNDA:11,EDMVisualizer
FNDA:11,(anonymous_7)
FNDA:11,(anonymous_8)
FNDA:168,(anonymous_9)
FNDA:168,(anonymous_10)
FNDA:0,EDMVisualizerMedium
FNDA:0,(anonymous_12)
FNDA:0,(anonymous_13)
FNDA:0,(anonymous_14)
FNDA:0,(anonymous_15)
FNDA:0,EDMVisualizerCompact
FNDA:0,(anonymous_17)
FNDA:0,(anonymous_18)
FNDA:0,(anonymous_19)
FNDA:0,(anonymous_20)
DA:21,3
DA:46,168
DA:47,168
DA:51,168
DA:52,168
DA:55,120
DA:56,120
DA:59,120
DA:61,120
DA:67,168
DA:69,168
DA:77,168
DA:84,168
DA:90,168
DA:132,22
DA:133,22
DA:135,22
DA:136,22
DA:138,14
DA:151,0
DA:167,22
DA:184,3
DA:191,11
DA:192,11
DA:193,8
DA:195,2
DA:197,1
DA:199,5
DA:204,11
DA:205,168
DA:211,11
DA:212,11
DA:214,11
DA:230,168
DA:258,3
DA:268,3
DA:274,0
DA:275,0
DA:276,0
DA:278,0
DA:280,0
DA:282,0
DA:286,0
DA:287,0
DA:293,0
DA:294,0
DA:296,0
DA:312,0
DA:340,3
DA:348,3
DA:356,0
DA:357,0
DA:358,0
DA:360,0
DA:362,0
DA:364,0
DA:368,0
DA:369,0
DA:375,0
DA:377,0
DA:381,0
DA:395,3
DA:404,3
LF:63
LH:39
BRDA:52,0,0,48
BRDA:52,0,1,120
BRDA:78,1,0,104
BRDA:78,1,1,64
BRDA:100,2,0,168
BRDA:100,2,1,0
BRDA:136,3,0,14
BRDA:136,3,1,8
BRDA:185,4,0,0
BRDA:186,5,0,0
BRDA:187,6,0,10
BRDA:192,7,0,3
BRDA:192,7,1,8
BRDA:193,8,0,2
BRDA:193,8,1,1
BRDA:193,8,2,5
BRDA:247,9,0,11
BRDA:247,9,1,0
BRDA:269,10,0,0
BRDA:270,11,0,0
BRDA:271,12,0,0
BRDA:275,13,0,0
BRDA:275,13,1,0
BRDA:276,14,0,0
BRDA:276,14,1,0
BRDA:276,14,2,0
BRDA:329,15,0,0
BRDA:329,15,1,0
BRDA:349,16,0,0
BRDA:350,17,0,0
BRDA:351,18,0,0
BRDA:352,19,0,0
BRDA:353,20,0,0
BRDA:357,21,0,0
BRDA:357,21,1,0
BRDA:358,22,0,0
BRDA:358,22,1,0
BRDA:358,22,2,0
BRF:38
BRH:14
end_of_record
TN:
SF:src/components/ErrorBoundary.js
FN:24,(anonymous_0)
FN:29,(anonymous_1)
FN:34,(anonymous_2)
FN:46,(anonymous_3)
FN:50,(anonymous_4)
FNF:5
FNH:5
FNDA:43,(anonymous_0)
FNDA:12,(anonymous_1)
FNDA:6,(anonymous_2)
FNDA:1,(anonymous_3)
FNDA:69,(anonymous_4)
DA:25,43
DA:26,43
DA:31,12
DA:36,6
DA:37,6
DA:38,6
DA:41,6
DA:42,1
DA:46,43
DA:47,1
DA:51,69
DA:53,18
DA:54,3
DA:58,15
DA:88,51
DA:92,3
DA:98,3
LF:17
LH:17
BRDA:41,0,0,1
BRDA:41,0,1,5
BRDA:51,1,0,18
BRDA:51,1,1,51
BRDA:53,2,0,3
BRDA:53,2,1,15
BRDA:67,3,0,15
BRDA:67,3,1,15
BRDA:67,3,2,15
BRF:9
BRH:9
end_of_record
TN:
SF:src/components/HelpMenu.js
FN:20,HelpMenu
FN:30,(anonymous_1)
FN:36,(anonymous_2)
FN:53,(anonymous_3)
FN:60,(anonymous_4)
FN:141,(anonymous_5)
FN:152,(anonymous_6)
FN:159,(anonymous_7)
FNF:8
FNH:8
FNDA:27,HelpMenu
FNDA:10,(anonymous_1)
FNDA:9,(anonymous_2)
FNDA:1,(anonymous_3)
FNDA:9,(anonymous_4)
FNDA:7,(anonymous_5)
FNDA:9,(anonymous_6)
FNDA:1,(anonymous_7)
DA:26,27
DA:27,27
DA:28,27
DA:30,27
DA:31,10
DA:32,9
DA:36,27
DA:37,9
DA:38,9
DA:39,9
DA:40,9
DA:43,7
DA:44,7
DA:45,7
DA:47,1
DA:49,8
DA:53,27
DA:54,1
DA:55,1
DA:60,27
DA:61,9
DA:62,9
DA:63,9
DA:64,9
DA:67,27
DA:78,27
DA:89,27
DA:142,7
DA:153,9
DA:160,1
DA:188,1
DA:315,1
LF:32
LH:32
BRDA:31,0,0,9
BRDA:31,0,1,1
BRDA:31,1,0,10
BRDA:31,1,1,9
BRDA:43,2,0,0
BRDA:43,2,1,7
BRDA:45,3,0,7
BRDA:45,3,1,0
BRDA:54,4,0,1
BRDA:54,4,1,0
BRDA:61,5,0,9
BRDA:61,5,1,1
BRDA:62,6,0,7
BRDA:62,6,1,2
BRDA:116,7,0,9
BRDA:116,7,1,18
BRDA:121,8,0,1
BRDA:121,8,1,17
BRDA:133,9,0,12
BRDA:133,9,1,5
BRDA:145,10,0,7
BRDA:145,10,1,0
BRDA:148,11,0,7
BRDA:148,11,1,0
BRDA:157,12,0,9
BRDA:157,12,1,8
BRDA:160,13,0,1
BRDA:160,13,1,1
BRDA:163,14,0,9
BRDA:163,14,1,9
BRDA:163,15,0,8
BRDA:163,15,1,1
BRDA:167,16,0,9
BRDA:167,16,1,9
BRDA:169,17,0,1
BRDA:169,17,1,8
BRF:36
BRH:31
end_of_record
TN:
SF:src/components/Metronome.js
FN:49,Metronome
FN:90,(anonymous_1)
FN:105,(anonymous_2)
FN:110,(anonymous_3)
FN:115,(anonymous_4)
FN:126,(anonymous_5)
FN:134,(anonymous_6)
FN:144,(anonymous_7)
FN:155,(anonymous_8)
FN:167,(anonymous_9)
FN:173,(anonymous_10)
FN:181,(anonymous_11)
FN:183,(anonymous_12)
FN:213,(anonymous_13)
FN:233,(anonymous_14)
FN:246,(anonymous_15)
FN:259,(anonymous_16)
FN:266,(anonymous_17)
FN:271,(anonymous_18)
FN:276,(anonymous_19)
FN:284,(anonymous_20)
FN:292,(anonymous_21)
FN:300,(anonymous_22)
FN:316,(anonymous_23)
FN:322,(anonymous_24)
FN:341,(anonymous_25)
FN:343,(anonymous_26)
FN:367,(anonymous_27)
FN:400,(anonymous_28)
FN:444,(anonymous_29)
FN:453,(anonymous_30)
FN:467,(anonymous_31)
FN:470,(anonymous_32)
FN:504,(anonymous_33)
FN:526,(anonymous_34)
FN:527,(anonymous_35)
FN:530,(anonymous_36)
FN:571,(anonymous_37)
FN:581,(anonymous_38)
FN:605,(anonymous_39)
FN:624,(anonymous_40)
FN:631,(anonymous_41)
FN:638,(anonymous_42)
FN:645,(anonymous_43)
FN:683,(anonymous_44)
FN:686,(anonymous_45)
FN:721,(anonymous_46)
FN:739,(anonymous_47)
FN:756,(anonymous_48)
FN:767,(anonymous_49)
FN:780,CompactMetronome
FN:789,(anonymous_51)
FNF:52
FNH:17
FNDA:21,Metronome
FNDA:13,(anonymous_1)
FNDA:13,(anonymous_2)
FNDA:13,(anonymous_3)
FNDA:13,(anonymous_4)
FNDA:13,(anonymous_5)
FNDA:0,(anonymous_6)
FNDA:0,(anonymous_7)
FNDA:0,(anonymous_8)
FNDA:0,(anonymous_9)
FNDA:6,(anonymous_10)
FNDA:0,(anonymous_11)
FNDA:0,(anonymous_12)
FNDA:17,(anonymous_13)
FNDA:6,(anonymous_14)
FNDA:0,(anonymous_15)
FNDA:0,(anonymous_16)
FNDA:17,(anonymous_17)
FNDA:0,(anonymous_18)
FNDA:2,(anonymous_19)
FNDA:2,(anonymous_20)
FNDA:0,(anonymous_21)
FNDA:0,(anonymous_22)
FNDA:0,(anonymous_23)
FNDA:0,(anonymous_24)
FNDA:0,(anonymous_25)
FNDA:5,(anonymous_26)
FNDA:0,(anonymous_27)
FNDA:0,(anonymous_28)
FNDA:0,(anonymous_29)
FNDA:0,(anonymous_30)
FNDA:0,(anonymous_31)
FNDA:0,(anonymous_32)
FNDA:0,(anonymous_33)
FNDA:0,(anonymous_34)
FNDA:0,(anonymous_35)
FNDA:0,(anonymous_36)
FNDA:0,(anonymous_37)
FNDA:84,(anonymous_38)
FNDA:0,(anonymous_39)
FNDA:1,(anonymous_40)
FNDA:0,(anonymous_41)
FNDA:0,(anonymous_42)
FNDA:1,(anonymous_43)
FNDA:120,(anonymous_44)
FNDA:0,(anonymous_45)
FNDA:0,(anonymous_46)
FNDA:0,(anonymous_47)
FNDA:0,(anonymous_48)
FNDA:0,(anonymous_49)
FNDA:0,CompactMetronome
FNDA:0,(anonymous_51)
DA:28,1
DA:29,1
DA:30,1
DA:31,1
DA:33,1
DA:72,21
DA:73,21
DA:74,21
DA:75,21
DA:78,21
DA:79,21
DA:80,21
DA:83,21
DA:84,21
DA:87,21
DA:90,21
DA:91,13
DA:92,0
DA:96,21
DA:97,21
DA:98,21
DA:99,21
DA:100,21
DA:101,21
DA:102,21
DA:105,21
DA:106,13
DA:110,21
DA:111,13
DA:115,21
DA:116,13
DA:117,0
DA:118,0
DA:119,0
DA:121,13
DA:123,0
DA:126,13
DA:127,13
DA:128,0
DA:130,13
DA:131,3
DA:133,13
DA:134,4
DA:136,13
DA:137,0
DA:143,21
DA:145,0
DA:147,0
DA:148,0
DA:149,0
DA:155,21
DA:156,0
DA:158,0
DA:159,0
DA:161,0
DA:165,0
DA:166,0
DA:167,0
DA:172,21
DA:174,6
DA:175,6
DA:177,0
DA:178,0
DA:179,0
DA:181,0
DA:182,0
DA:183,0
DA:184,0
DA:186,0
DA:187,0
DA:188,0
DA:189,0
DA:190,0
DA:192,0
DA:195,0
DA:202,0
DA:204,0
DA:207,0
DA:213,21
DA:214,17
DA:215,4
DA:217,0
DA:218,0
DA:220,0
DA:224,4
DA:225,4
DA:226,4
DA:228,4
DA:229,4
DA:233,4
DA:234,6
DA:237,6
DA:242,6
DA:245,6
DA:246,0
DA:250,6
DA:251,6
DA:254,13
DA:255,1
DA:256,1
DA:258,13
DA:259,1
DA:260,1
DA:262,13
DA:263,13
DA:266,17
DA:267,17
DA:268,4
DA:270,17
DA:271,5
DA:276,21
DA:277,2
DA:278,2
DA:279,2
DA:280,2
DA:284,21
DA:285,2
DA:286,2
DA:287,2
DA:288,0
DA:292,21
DA:293,0
DA:294,0
DA:299,21
DA:300,21
DA:301,0
DA:302,0
DA:305,0
DA:306,0
DA:310,0
DA:311,0
DA:312,0
DA:313,0
DA:316,0
DA:317,0
DA:318,0
DA:322,0
DA:323,0
DA:327,0
DA:332,21
DA:334,21
DA:341,0
DA:343,5
DA:368,0
DA:369,0
DA:401,0
DA:402,0
DA:445,0
DA:454,0
DA:468,0
DA:470,0
DA:504,0
DA:526,0
DA:528,0
DA:531,0
DA:532,0
DA:571,0
DA:582,84
DA:583,84
DA:584,84
DA:606,0
DA:624,1
DA:631,0
DA:638,0
DA:645,1
DA:684,120
DA:686,0
DA:721,0
DA:739,0
DA:757,0
DA:767,0
DA:786,0
DA:790,0
DA:804,1
LF:174
LH:93
BRDA:29,0,0,1
BRDA:29,0,1,0
BRDA:50,1,0,14
BRDA:51,2,0,21
BRDA:52,3,0,21
BRDA:56,4,0,21
BRDA:57,5,0,21
BRDA:58,6,0,21
BRDA:59,7,0,21
BRDA:60,8,0,20
BRDA:61,9,0,15
BRDA:62,10,0,21
BRDA:63,11,0,21
BRDA:64,12,0,21
BRDA:65,13,0,21
BRDA:66,14,0,21
BRDA:68,15,0,21
BRDA:91,16,0,0
BRDA:91,16,1,13
BRDA:91,17,0,13
BRDA:91,17,1,0
BRDA:116,18,0,0
BRDA:116,18,1,13
BRDA:116,19,0,13
BRDA:116,19,1,0
BRDA:117,20,0,0
BRDA:117,20,1,0
BRDA:118,21,0,0
BRDA:118,21,1,0
BRDA:121,22,0,0
BRDA:121,22,1,13
BRDA:127,23,0,0
BRDA:127,23,1,13
BRDA:130,24,0,3
BRDA:130,24,1,10
BRDA:133,25,0,4
BRDA:133,25,1,9
BRDA:136,26,0,0
BRDA:136,26,1,13
BRDA:145,27,0,0
BRDA:145,27,1,0
BRDA:147,28,0,0
BRDA:147,28,1,0
BRDA:148,29,0,0
BRDA:148,29,1,0
BRDA:156,30,0,0
BRDA:156,30,1,0
BRDA:175,31,0,6
BRDA:175,31,1,0
BRDA:175,32,0,6
BRDA:175,32,1,6
BRDA:184,33,0,0
BRDA:184,33,1,0
BRDA:184,34,0,0
BRDA:184,34,1,0
BRDA:186,35,0,0
BRDA:186,35,1,0
BRDA:186,35,2,0
BRDA:187,36,0,0
BRDA:187,36,1,0
BRDA:188,37,0,0
BRDA:188,37,1,0
BRDA:188,38,0,0
BRDA:188,38,1,0
BRDA:189,39,0,0
BRDA:189,39,1,0
BRDA:214,40,0,4
BRDA:214,40,1,13
BRDA:215,41,0,0
BRDA:215,41,1,4
BRDA:217,42,0,0
BRDA:217,42,1,0
BRDA:254,43,0,1
BRDA:254,43,1,12
BRDA:258,44,0,1
BRDA:258,44,1,12
BRDA:267,45,0,4
BRDA:267,45,1,13
BRDA:270,46,0,5
BRDA:270,46,1,12
BRDA:279,47,0,2
BRDA:279,47,1,0
BRDA:287,48,0,0
BRDA:287,48,1,2
BRDA:293,49,0,0
BRDA:293,49,1,0
BRDA:305,50,0,0
BRDA:305,50,1,0
BRDA:310,51,0,0
BRDA:310,51,1,0
BRDA:323,52,0,0
BRDA:323,52,1,0
BRDA:324,53,0,0
BRDA:324,53,1,0
BRDA:338,54,0,21
BRDA:338,54,1,5
BRDA:338,54,2,5
BRDA:345,55,0,0
BRDA:345,55,1,5
BRDA:345,56,0,0
BRDA:345,56,1,5
BRDA:347,57,0,0
BRDA:347,57,1,5
BRDA:351,58,0,0
BRDA:351,58,1,5
BRDA:362,59,0,21
BRDA:362,59,1,20
BRDA:362,59,2,0
BRDA:362,59,3,20
BRDA:365,60,0,20
BRDA:365,60,1,20
BRDA:368,61,0,0
BRDA:368,61,1,0
BRDA:375,62,0,0
BRDA:375,62,1,20
BRDA:378,63,0,0
BRDA:378,63,1,20
BRDA:380,64,0,0
BRDA:380,64,1,20
BRDA:387,65,0,0
BRDA:387,65,1,20
BRDA:398,66,0,20
BRDA:398,66,1,20
BRDA:401,67,0,0
BRDA:401,67,1,0
BRDA:408,68,0,0
BRDA:408,68,1,20
BRDA:411,69,0,0
BRDA:411,69,1,20
BRDA:413,70,0,0
BRDA:413,70,1,20
BRDA:420,71,0,0
BRDA:420,71,1,20
BRDA:433,72,0,21
BRDA:433,72,1,0
BRDA:473,73,0,0
BRDA:473,73,1,0
BRDA:481,74,0,0
BRDA:481,74,1,0
BRDA:491,75,0,0
BRDA:491,75,1,0
BRDA:513,76,0,21
BRDA:513,76,1,0
BRDA:516,77,0,0
BRDA:516,77,1,0
BRDA:526,78,0,0
BRDA:526,78,1,0
BRDA:536,79,0,0
BRDA:536,79,1,0
BRDA:545,80,0,0
BRDA:545,80,1,0
BRDA:555,81,0,0
BRDA:555,81,1,0
BRDA:563,82,0,0
BRDA:563,82,1,0
BRDA:582,83,0,84
BRDA:582,83,1,20
BRDA:583,84,0,84
BRDA:583,84,1,21
BRDA:589,85,0,5
BRDA:589,85,1,79
BRDA:590,86,0,4
BRDA:590,86,1,1
BRDA:593,87,0,17
BRDA:593,87,1,62
BRDA:603,88,0,21
BRDA:603,88,1,0
BRDA:603,88,2,0
BRDA:610,89,0,0
BRDA:610,89,1,0
BRDA:619,90,0,21
BRDA:619,90,1,20
BRDA:658,91,0,5
BRDA:658,91,1,15
BRDA:661,92,0,5
BRDA:661,92,1,15
BRDA:666,93,0,5
BRDA:666,93,1,15
BRDA:689,94,0,16
BRDA:689,94,1,104
BRDA:697,95,0,16
BRDA:697,95,1,104
BRDA:710,96,0,21
BRDA:710,96,1,21
BRDA:710,96,2,21
BRDA:739,97,0,0
BRDA:739,97,1,0
BRDA:757,98,0,0
BRDA:757,98,1,0
BRDA:784,99,0,0
BRDA:794,100,0,0
BRDA:794,100,1,0
BRDA:794,101,0,0
BRDA:794,101,1,0
BRF:194
BRH:93
end_of_record
TN:
SF:src/components/MiniLesson.js
FN:38,MiniLesson
FN:52,(anonymous_1)
FN:56,(anonymous_2)
FN:71,(anonymous_3)
FN:77,(anonymous_4)
FN:83,(anonymous_5)
FN:106,(anonymous_6)
FN:187,(anonymous_7)
FN:263,(anonymous_8)
FN:270,(anonymous_9)
FNF:10
FNH:10
FNDA:75,MiniLesson
FNDA:21,(anonymous_1)
FNDA:21,(anonymous_2)
FNDA:29,(anonymous_3)
FNDA:1,(anonymous_4)
FNDA:4,(anonymous_5)
FNDA:1,(anonymous_6)
FNDA:255,(anonymous_7)
FNDA:15,(anonymous_8)
FNDA:4,(anonymous_9)
DA:17,1
DA:25,1
DA:44,75
DA:45,75
DA:46,75
DA:47,75
DA:48,75
DA:49,75
DA:50,75
DA:52,75
DA:53,21
DA:56,75
DA:57,21
DA:58,21
DA:59,21
DA:60,21
DA:61,18
DA:62,17
DA:63,17
DA:65,3
DA:67,20
DA:71,75
DA:72,29
DA:73,29
DA:77,75
DA:78,1
DA:79,1
DA:83,75
DA:84,4
DA:85,4
DA:86,4
DA:87,4
DA:88,4
DA:91,4
DA:92,4
DA:102,0
DA:106,75
DA:107,1
DA:108,1
DA:112,75
DA:113,21
DA:121,54
DA:122,3
DA:147,51
DA:148,0
DA:165,51
DA:166,51
DA:167,51
DA:168,51
DA:170,51
DA:188,255
DA:264,15
DA:270,4
DA:361,1
DA:369,1
LF:55
LH:53
BRDA:42,0,0,75
BRDA:61,1,0,1
BRDA:61,1,1,17
BRDA:72,2,0,29
BRDA:72,2,1,0
BRDA:78,3,0,1
BRDA:78,3,1,0
BRDA:107,4,0,1
BRDA:107,4,1,0
BRDA:112,5,0,21
BRDA:112,5,1,54
BRDA:121,6,0,3
BRDA:121,6,1,51
BRDA:133,7,0,3
BRDA:133,7,1,3
BRDA:147,8,0,0
BRDA:147,8,1,51
BRDA:147,9,0,51
BRDA:147,9,1,51
BRDA:147,9,2,51
BRDA:151,10,0,0
BRDA:151,10,1,0
BRDA:192,11,0,255
BRDA:192,11,1,51
BRDA:193,12,0,255
BRDA:193,12,1,79
BRDA:197,13,0,255
BRDA:197,13,1,0
BRDA:207,14,0,51
BRDA:207,14,1,0
BRDA:210,15,0,51
BRDA:210,15,1,0
BRDA:217,16,0,51
BRDA:217,16,1,18
BRDA:217,16,2,18
BRDA:232,17,0,51
BRDA:232,17,1,11
BRDA:238,18,0,51
BRDA:238,18,1,7
BRDA:238,18,2,7
BRDA:249,19,0,51
BRDA:249,19,1,6
BRDA:258,20,0,51
BRDA:258,20,1,9
BRDA:260,21,0,5
BRDA:260,21,1,4
BRDA:262,22,0,5
BRDA:262,22,1,5
BRDA:268,23,0,15
BRDA:268,23,1,0
BRDA:280,24,0,3
BRDA:280,24,1,1
BRDA:301,25,0,51
BRDA:301,25,1,33
BRDA:314,26,0,4
BRDA:314,26,1,47
BRDA:314,27,0,51
BRDA:314,27,1,9
BRDA:314,27,2,9
BRDA:323,28,0,0
BRDA:323,28,1,47
BRDA:323,29,0,47
BRDA:323,29,1,5
BRDA:333,30,0,47
BRDA:333,30,1,42
BRDA:347,31,0,51
BRDA:347,31,1,51
BRF:67
BRH:56
end_of_record
TN:
SF:src/components/MobileAudioInput.js
FN:16,MobileAudioInput
FNF:1
FNH:1
FNDA:44,MobileAudioInput
DA:33,44
DA:49,44
DA:50,38
DA:66,6
DA:67,1
DA:76,5
DA:77,1
DA:102,4
DA:146,2
DA:163,2
LF:10
LH:10
BRDA:24,0,0,7
BRDA:25,1,0,7
BRDA:26,2,0,7
BRDA:27,3,0,8
BRDA:28,4,0,0
BRDA:29,5,0,7
BRDA:30,6,0,7
BRDA:49,7,0,38
BRDA:49,7,1,6
BRDA:66,8,0,1
BRDA:66,8,1,5
BRDA:76,9,0,1
BRDA:76,9,1,4
BRDA:80,10,0,1
BRDA:80,10,1,0
BRDA:86,11,0,1
BRDA:86,11,1,0
BRDA:89,12,0,1
BRDA:89,12,1,1
BRDA:92,13,0,1
BRDA:92,13,1,1
BRDA:103,14,0,1
BRDA:103,14,1,3
BRDA:105,15,0,1
BRDA:105,15,1,3
BRDA:107,16,0,4
BRDA:107,16,1,0
BRDA:112,17,0,1
BRDA:112,17,1,3
BRDA:120,18,0,2
BRDA:120,18,1,2
BRDA:126,19,0,4
BRDA:126,19,1,2
BRDA:128,20,0,1
BRDA:128,20,1,1
BRDA:132,21,0,0
BRDA:132,21,1,2
BRDA:134,22,0,0
BRDA:134,22,1,2
BRDA:139,23,0,4
BRDA:139,23,1,2
BRDA:139,23,2,0
BRDA:263,24,0,2
BRDA:263,24,1,0
BRF:44
BRH:36
end_of_record
TN:
SF:src/components/NotationDisplay.js
FN:30,NotationDisplay
FN:46,(anonymous_1)
FN:53,(anonymous_2)
FN:67,(anonymous_3)
FN:70,(anonymous_4)
FN:77,(anonymous_5)
FN:174,(anonymous_6)
FN:182,(anonymous_7)
FN:203,(anonymous_8)
FN:355,(anonymous_9)
FN:432,NotationPlaceholder
FNF:11
FNH:5
FNDA:46,NotationDisplay
FNDA:23,(anonymous_1)
FNDA:0,(anonymous_2)
FNDA:0,(anonymous_3)
FNDA:0,(anonymous_4)
FNDA:0,(anonymous_5)
FNDA:0,(anonymous_6)
FNDA:23,(anonymous_7)
FNDA:23,(anonymous_8)
FNDA:23,(anonymous_9)
FNDA:0,NotationPlaceholder
DA:13,3
DA:14,3
DA:15,3
DA:16,3
DA:17,2
DA:40,46
DA:41,46
DA:42,46
DA:43,46
DA:44,46
DA:46,46
DA:47,23
DA:48,23
DA:49,23
DA:53,0
DA:54,0
DA:57,0
DA:58,0
DA:59,0
DA:63,0
DA:64,0
DA:66,0
DA:67,0
DA:68,0
DA:70,0
DA:71,0
DA:72,0
DA:74,0
DA:77,0
DA:78,0
DA:79,0
DA:80,0
DA:84,0
DA:85,0
DA:86,0
DA:89,0
DA:90,0
DA:94,0
DA:95,0
DA:96,0
DA:99,0
DA:124,0
DA:126,0
DA:127,0
DA:128,0
DA:129,0
DA:130,0
DA:131,0
DA:134,0
DA:135,0
DA:136,0
DA:141,0
DA:142,0
DA:144,0
DA:145,0
DA:146,0
DA:149,0
DA:150,0
DA:153,0
DA:154,0
DA:155,0
DA:157,0
DA:158,0
DA:159,0
DA:160,0
DA:164,0
DA:166,0
DA:167,0
DA:168,0
DA:172,0
DA:174,0
DA:175,0
DA:176,0
DA:182,46
DA:183,23
DA:184,23
DA:186,0
DA:188,0
DA:189,0
DA:190,0
DA:194,0
DA:195,0
DA:197,0
DA:198,0
DA:203,46
DA:204,23
DA:207,21
DA:212,21
DA:355,46
DA:356,23
DA:358,21
DA:362,21
DA:366,46
DA:367,46
DA:368,4
DA:375,42
DA:394,0
DA:395,0
DA:402,0
DA:418,3
DA:435,0
DA:443,3
DA:447,3
DA:546,3
LF:104
LH:33
BRDA:14,0,0,3
BRDA:14,0,1,0
BRDA:14,1,0,3
BRDA:14,1,1,3
BRDA:17,2,0,2
BRDA:17,2,1,0
BRDA:32,3,0,14
BRDA:33,4,0,14
BRDA:34,5,0,40
BRDA:35,6,0,22
BRDA:36,7,0,46
BRDA:37,8,0,46
BRDA:38,9,0,46
BRDA:47,10,0,23
BRDA:47,10,1,0
BRDA:54,11,0,0
BRDA:54,11,1,0
BRDA:57,12,0,0
BRDA:57,12,1,0
BRDA:78,13,0,0
BRDA:78,13,1,0
BRDA:78,14,0,0
BRDA:78,14,1,0
BRDA:84,15,0,0
BRDA:84,15,1,0
BRDA:94,16,0,0
BRDA:94,16,1,0
BRDA:134,17,0,0
BRDA:134,17,1,0
BRDA:141,18,0,0
BRDA:141,18,1,0
BRDA:144,19,0,0
BRDA:144,19,1,0
BRDA:153,20,0,0
BRDA:153,20,1,0
BRDA:155,21,0,0
BRDA:155,21,1,0
BRDA:175,22,0,0
BRDA:175,22,1,0
BRDA:183,23,0,23
BRDA:183,23,1,0
BRDA:183,24,0,23
BRDA:183,24,1,0
BRDA:183,24,2,0
BRDA:188,25,0,0
BRDA:188,25,1,0
BRDA:188,26,0,0
BRDA:188,26,1,0
BRDA:197,27,0,0
BRDA:197,27,1,0
BRDA:204,28,0,2
BRDA:204,28,1,21
BRDA:204,29,0,23
BRDA:204,29,1,23
BRDA:289,30,0,0
BRDA:289,30,1,21
BRDA:356,31,0,2
BRDA:356,31,1,21
BRDA:356,32,0,23
BRDA:356,32,1,23
BRDA:366,33,0,46
BRDA:366,33,1,0
BRDA:367,34,0,4
BRDA:367,34,1,42
BRDA:394,35,0,0
BRDA:394,35,1,0
BRDA:404,36,0,0
BRDA:404,36,1,0
BRDA:433,37,0,0
BRF:69
BRH:26
end_of_record
TN:
SF:src/components/PitchDrone.js
FN:41,PitchDrone
FN:90,(anonymous_1)
FN:93,(anonymous_2)
FN:105,(anonymous_3)
FN:109,(anonymous_4)
FN:122,(anonymous_5)
FN:126,(anonymous_6)
FN:141,(anonymous_7)
FN:153,(anonymous_8)
FN:155,(anonymous_9)
FN:161,(anonymous_10)
FN:166,(anonymous_11)
FN:172,(anonymous_12)
FN:189,(anonymous_13)
FN:198,(anonymous_14)
FN:239,(anonymous_15)
FN:305,(anonymous_16)
FN:315,(anonymous_17)
FN:343,(anonymous_18)
FN:371,(anonymous_19)
FN:382,(anonymous_20)
FN:397,(anonymous_21)
FN:416,(anonymous_22)
FN:446,(anonymous_23)
FN:449,(anonymous_24)
FN:460,(anonymous_25)
FN:476,(anonymous_26)
FN:486,(anonymous_27)
FN:492,(anonymous_28)
FN:509,(anonymous_29)
FN:528,(anonymous_30)
FN:539,(anonymous_31)
FN:549,(anonymous_32)
FN:567,(anonymous_33)
FN:574,(anonymous_34)
FN:580,(anonymous_35)
FN:587,(anonymous_36)
FN:594,(anonymous_37)
FN:613,(anonymous_38)
FN:628,(anonymous_39)
FN:630,(anonymous_40)
FN:650,(anonymous_41)
FN:673,(anonymous_42)
FN:719,(anonymous_43)
FN:722,(anonymous_44)
FN:749,(anonymous_45)
FN:774,(anonymous_46)
FN:819,(anonymous_47)
FN:838,(anonymous_48)
FN:845,(anonymous_49)
FN:846,(anonymous_50)
FN:890,(anonymous_51)
FN:908,(anonymous_52)
FN:926,(anonymous_53)
FN:945,(anonymous_54)
FN:954,(anonymous_55)
FNF:56
FNH:26
FNDA:67,PitchDrone
FNDA:30,(anonymous_1)
FNDA:0,(anonymous_2)
FNDA:30,(anonymous_3)
FNDA:0,(anonymous_4)
FNDA:30,(anonymous_5)
FNDA:0,(anonymous_6)
FNDA:29,(anonymous_7)
FNDA:29,(anonymous_8)
FNDA:0,(anonymous_9)
FNDA:0,(anonymous_10)
FNDA:0,(anonymous_11)
FNDA:0,(anonymous_12)
FNDA:31,(anonymous_13)
FNDA:0,(anonymous_14)
FNDA:1,(anonymous_15)
FNDA:0,(anonymous_16)
FNDA:1,(anonymous_17)
FNDA:0,(anonymous_18)
FNDA:0,(anonymous_19)
FNDA:2,(anonymous_20)
FNDA:0,(anonymous_21)
FNDA:0,(anonymous_22)
FNDA:29,(anonymous_23)
FNDA:0,(anonymous_24)
FNDA:0,(anonymous_25)
FNDA:11,(anonymous_26)
FNDA:0,(anonymous_27)
FNDA:1,(anonymous_28)
FNDA:0,(anonymous_29)
FNDA:0,(anonymous_30)
FNDA:0,(anonymous_31)
FNDA:0,(anonymous_32)
FNDA:1,(anonymous_33)
FNDA:804,(anonymous_34)
FNDA:0,(anonymous_35)
FNDA:804,(anonymous_36)
FNDA:0,(anonymous_37)
FNDA:0,(anonymous_38)
FNDA:0,(anonymous_39)
FNDA:0,(anonymous_40)
FNDA:1,(anonymous_41)
FNDA:3,(anonymous_42)
FNDA:36,(anonymous_43)
FNDA:0,(anonymous_44)
FNDA:11,(anonymous_45)
FNDA:17,(anonymous_46)
FNDA:1,(anonymous_47)
FNDA:804,(anonymous_48)
FNDA:1,(anonymous_49)
FNDA:1,(anonymous_50)
FNDA:603,(anonymous_51)
FNDA:0,(anonymous_52)
FNDA:0,(anonymous_53)
FNDA:0,(anonymous_54)
FNDA:0,(anonymous_55)
DA:32,1
DA:33,1
DA:34,1
DA:35,1
DA:37,1
DA:53,67
DA:54,67
DA:55,67
DA:56,67
DA:57,67
DA:58,67
DA:61,67
DA:65,67
DA:68,67
DA:71,67
DA:73,67
DA:74,67
DA:75,67
DA:76,67
DA:77,67
DA:78,67
DA:79,67
DA:80,67
DA:83,67
DA:86,67
DA:87,67
DA:90,67
DA:91,30
DA:93,30
DA:94,0
DA:95,0
DA:96,0
DA:105,67
DA:106,30
DA:108,30
DA:109,30
DA:110,0
DA:111,0
DA:112,0
DA:122,67
DA:123,30
DA:126,30
DA:127,0
DA:128,0
DA:130,0
DA:132,0
DA:141,67
DA:142,29
DA:144,0
DA:145,0
DA:146,0
DA:148,29
DA:150,0
DA:153,29
DA:155,29
DA:156,0
DA:157,0
DA:158,0
DA:161,29
DA:162,0
DA:163,0
DA:166,29
DA:167,0
DA:168,0
DA:169,0
DA:172,29
DA:173,0
DA:174,0
DA:177,29
DA:178,29
DA:179,29
DA:180,29
DA:182,29
DA:183,0
DA:189,67
DA:190,31
DA:191,31
DA:192,3
DA:197,67
DA:199,0
DA:201,0
DA:204,0
DA:205,0
DA:208,0
DA:209,0
DA:212,0
DA:213,0
DA:216,0
DA:217,0
DA:222,0
DA:223,0
DA:226,0
DA:227,0
DA:228,0
DA:229,0
DA:231,0
DA:238,67
DA:240,1
DA:242,0
DA:245,0
DA:248,0
DA:251,0
DA:252,0
DA:255,0
DA:259,0
DA:260,0
DA:262,0
DA:263,0
DA:266,0
DA:267,0
DA:269,0
DA:270,0
DA:276,0
DA:277,0
DA:281,0
DA:287,0
DA:288,0
DA:289,0
DA:291,0
DA:296,0
DA:297,0
DA:298,0
DA:300,0
DA:301,0
DA:302,0
DA:303,0
DA:305,0
DA:307,0
DA:315,67
DA:316,1
DA:318,1
DA:319,1
DA:320,1
DA:321,1
DA:323,1
DA:325,0
DA:326,0
DA:327,0
DA:328,0
DA:330,0
DA:332,0
DA:333,0
DA:337,0
DA:343,0
DA:344,0
DA:345,0
DA:346,0
DA:347,0
DA:348,0
DA:349,0
DA:350,0
DA:352,0
DA:359,0
DA:360,0
DA:361,0
DA:362,0
DA:363,0
DA:364,0
DA:365,0
DA:367,0
DA:371,0
DA:372,0
DA:373,0
DA:374,0
DA:377,0
DA:382,67
DA:384,2
DA:385,2
DA:386,2
DA:387,2
DA:390,2
DA:391,2
DA:392,2
DA:393,2
DA:394,2
DA:397,2
DA:398,0
DA:399,0
DA:400,0
DA:401,0
DA:403,0
DA:405,0
DA:406,0
DA:410,0
DA:416,0
DA:417,0
DA:418,0
DA:419,0
DA:420,0
DA:421,0
DA:422,0
DA:423,0
DA:425,0
DA:430,0
DA:431,0
DA:432,0
DA:433,0
DA:434,0
DA:435,0
DA:436,0
DA:438,0
DA:442,2
DA:446,67
DA:447,29
DA:449,0
DA:450,0
DA:452,0
DA:459,0
DA:460,0
DA:461,0
DA:464,0
DA:465,0
DA:467,0
DA:468,0
DA:476,67
DA:477,11
DA:479,2
DA:480,2
DA:482,11
DA:486,67
DA:487,0
DA:488,0
DA:492,67
DA:493,1
DA:495,1
DA:497,0
DA:498,0
DA:500,0
DA:502,0
DA:503,0
DA:506,0
DA:509,0
DA:510,0
DA:511,0
DA:512,0
DA:514,0
DA:516,0
DA:520,0
DA:521,0
DA:524,0
DA:525,0
DA:528,0
DA:529,0
DA:530,0
DA:536,0
DA:539,0
DA:545,0
DA:546,0
DA:549,0
DA:550,0
DA:551,0
DA:556,0
DA:557,0
DA:562,1
DA:567,67
DA:568,1
DA:569,1
DA:574,67
DA:575,804
DA:576,804
DA:580,67
DA:581,0
DA:582,0
DA:583,0
DA:587,67
DA:588,804
DA:590,0
DA:592,0
DA:595,0
DA:596,0
DA:613,67
DA:614,0
DA:615,0
DA:619,67
DA:621,67
DA:628,0
DA:630,0
DA:650,1
DA:673,3
DA:720,36
DA:722,0
DA:749,11
DA:774,17
DA:819,1
DA:839,804
DA:840,804
DA:842,804
DA:845,1
DA:846,1
DA:891,603
DA:908,0
DA:927,0
DA:945,0
DA:954,0
DA:966,1
LF:295
LH:112
BRDA:33,0,0,1
BRDA:33,0,1,0
BRDA:44,1,0,63
BRDA:45,2,0,65
BRDA:46,3,0,67
BRDA:47,4,0,67
BRDA:50,5,0,67
BRDA:51,6,0,67
BRDA:95,7,0,0
BRDA:95,7,1,0
BRDA:97,8,0,0
BRDA:97,8,1,0
BRDA:98,9,0,0
BRDA:98,9,1,0
BRDA:108,10,0,30
BRDA:108,10,1,0
BRDA:111,11,0,0
BRDA:111,11,1,0
BRDA:111,12,0,0
BRDA:111,12,1,0
BRDA:130,13,0,0
BRDA:130,13,1,0
BRDA:130,14,0,0
BRDA:130,14,1,0
BRDA:130,14,2,0
BRDA:133,15,0,0
BRDA:133,15,1,0
BRDA:142,16,0,0
BRDA:142,16,1,29
BRDA:142,17,0,29
BRDA:142,17,1,0
BRDA:144,18,0,0
BRDA:144,18,1,0
BRDA:145,19,0,0
BRDA:145,19,1,0
BRDA:148,20,0,0
BRDA:148,20,1,29
BRDA:182,21,0,0
BRDA:182,21,1,29
BRDA:191,22,0,3
BRDA:191,22,1,28
BRDA:199,23,0,0
BRDA:199,23,1,0
BRDA:201,24,0,0
BRDA:201,24,1,0
BRDA:217,25,0,0
BRDA:217,25,1,0
BRDA:240,26,0,1
BRDA:240,26,1,0
BRDA:245,27,0,0
BRDA:245,27,1,0
BRDA:248,28,0,0
BRDA:248,28,1,0
BRDA:251,29,0,0
BRDA:251,29,1,0
BRDA:282,30,0,0
BRDA:282,30,1,0
BRDA:292,31,0,0
BRDA:292,31,1,0
BRDA:323,32,0,0
BRDA:323,32,1,1
BRDA:332,33,0,0
BRDA:332,33,1,0
BRDA:332,34,0,0
BRDA:332,34,1,0
BRDA:347,35,0,0
BRDA:347,35,1,0
BRDA:348,36,0,0
BRDA:348,36,1,0
BRDA:352,37,0,0
BRDA:352,37,1,0
BRDA:362,38,0,0
BRDA:362,38,1,0
BRDA:363,39,0,0
BRDA:363,39,1,0
BRDA:367,40,0,0
BRDA:367,40,1,0
BRDA:405,41,0,0
BRDA:405,41,1,0
BRDA:405,42,0,0
BRDA:405,42,1,0
BRDA:420,43,0,0
BRDA:420,43,1,0
BRDA:421,44,0,0
BRDA:421,44,1,0
BRDA:425,45,0,0
BRDA:425,45,1,0
BRDA:433,46,0,0
BRDA:433,46,1,0
BRDA:434,47,0,0
BRDA:434,47,1,0
BRDA:438,48,0,0
BRDA:438,48,1,0
BRDA:447,49,0,0
BRDA:447,49,1,29
BRDA:447,50,0,29
BRDA:447,50,1,0
BRDA:447,50,2,0
BRDA:450,51,0,0
BRDA:450,51,1,0
BRDA:459,52,0,0
BRDA:459,52,1,0
BRDA:461,53,0,0
BRDA:461,53,1,0
BRDA:465,54,0,0
BRDA:465,54,1,0
BRDA:477,55,0,2
BRDA:477,55,1,9
BRDA:487,56,0,0
BRDA:487,56,1,0
BRDA:487,57,0,0
BRDA:487,57,1,0
BRDA:495,58,0,0
BRDA:495,58,1,1
BRDA:497,59,0,0
BRDA:497,59,1,0
BRDA:500,60,0,0
BRDA:500,60,1,0
BRDA:511,61,0,0
BRDA:511,61,1,0
BRDA:520,62,0,0
BRDA:520,62,1,0
BRDA:529,63,0,0
BRDA:529,63,1,0
BRDA:550,64,0,0
BRDA:550,64,1,0
BRDA:556,65,0,0
BRDA:556,65,1,0
BRDA:568,66,0,1
BRDA:568,66,1,0
BRDA:576,67,0,804
BRDA:576,67,1,804
BRDA:581,68,0,0
BRDA:581,68,1,0
BRDA:588,69,0,804
BRDA:588,69,1,0
BRDA:602,70,0,0
BRDA:602,70,1,0
BRDA:614,71,0,0
BRDA:614,71,1,0
BRDA:625,72,0,67
BRDA:625,72,1,0
BRDA:625,72,2,0
BRDA:632,73,0,0
BRDA:632,73,1,0
BRDA:632,74,0,0
BRDA:632,74,1,0
BRDA:634,75,0,0
BRDA:634,75,1,0
BRDA:638,76,0,0
BRDA:638,76,1,0
BRDA:653,77,0,64
BRDA:653,77,1,3
BRDA:657,78,0,64
BRDA:657,78,1,3
BRDA:664,79,0,64
BRDA:664,79,1,3
BRDA:676,80,0,3
BRDA:676,80,1,64
BRDA:680,81,0,3
BRDA:680,81,1,64
BRDA:687,82,0,3
BRDA:687,82,1,64
BRDA:713,83,0,67
BRDA:713,83,1,3
BRDA:725,84,0,3
BRDA:725,84,1,33
BRDA:733,85,0,3
BRDA:733,85,1,33
BRDA:752,86,0,65
BRDA:752,86,1,2
BRDA:760,87,0,65
BRDA:760,87,1,2
BRDA:777,88,0,64
BRDA:777,88,1,3
BRDA:785,89,0,64
BRDA:785,89,1,3
BRDA:802,90,0,15
BRDA:802,90,1,52
BRDA:808,91,0,15
BRDA:808,91,1,52
BRDA:813,92,0,15
BRDA:813,92,1,52
BRDA:821,93,0,1
BRDA:821,93,1,66
BRDA:826,94,0,1
BRDA:826,94,1,66
BRDA:831,95,0,1
BRDA:831,95,1,66
BRDA:849,96,0,0
BRDA:849,96,1,804
BRDA:860,97,0,0
BRDA:860,97,1,804
BRDA:867,98,0,804
BRDA:867,98,1,0
BRDA:879,99,0,67
BRDA:879,99,1,0
BRDA:927,100,0,0
BRDA:927,100,1,0
BRDA:945,101,0,0
BRDA:945,101,1,0
BRF:201
BRH:68
end_of_record
TN:
SF:src/components/ResetButton.js
FNF:0
FNH:0
LF:0
LH:0
BRF:0
BRH:0
end_of_record
TN:
SF:src/components/StaffNotePicker.js
FN:37,getEnharmonicDisplay
FN:57,noteToMusicXMLPitch
FN:76,generateSingleNoteMusicXML
FN:124,StaffNotePicker
FN:135,(anonymous_4)
FN:142,(anonymous_5)
FN:147,(anonymous_6)
FN:159,(anonymous_7)
FN:187,(anonymous_8)
FN:209,(anonymous_9)
FN:221,(anonymous_10)
FN:234,(anonymous_11)
FNF:12
FNH:12
FNDA:12,getEnharmonicDisplay
FNDA:12,noteToMusicXMLPitch
FNDA:12,generateSingleNoteMusicXML
FNDA:12,StaffNotePicker
FNDA:8,(anonymous_4)
FNDA:12,(anonymous_5)
FNDA:2,(anonymous_6)
FNDA:2,(anonymous_7)
FNDA:1,(anonymous_8)
FNDA:1,(anonymous_9)
FNDA:1,(anonymous_10)
FNDA:1,(anonymous_11)
DA:38,12
DA:39,12
DA:41,12
DA:42,12
DA:45,12
DA:47,0
DA:48,12
DA:50,1
DA:53,11
DA:58,12
DA:59,12
DA:63,12
DA:64,12
DA:66,12
DA:67,1
DA:68,11
DA:69,0
DA:72,12
DA:77,12
DA:78,12
DA:79,12
DA:82,12
DA:84,12
DA:131,12
DA:135,12
DA:136,8
DA:137,0
DA:142,12
DA:143,12
DA:146,12
DA:149,2
DA:150,2
DA:151,2
DA:152,2
DA:153,2
DA:158,12
DA:160,2
DA:161,2
DA:162,2
DA:163,2
DA:164,2
DA:169,12
DA:187,1
DA:209,1
DA:221,1
DA:234,1
DA:248,1
DA:256,1
LF:48
LH:45
BRDA:39,0,0,0
BRDA:39,0,1,12
BRDA:45,1,0,0
BRDA:45,1,1,12
BRDA:48,2,0,1
BRDA:48,2,1,11
BRDA:59,3,0,0
BRDA:59,3,1,12
BRDA:66,4,0,1
BRDA:66,4,1,11
BRDA:68,5,0,0
BRDA:68,5,1,11
BRDA:76,6,0,0
BRDA:78,7,0,1
BRDA:78,7,1,11
BRDA:79,8,0,1
BRDA:79,8,1,11
BRDA:82,9,0,1
BRDA:82,9,1,11
BRDA:125,10,0,11
BRDA:129,11,0,12
BRDA:132,12,0,12
BRDA:132,12,1,3
BRDA:132,13,0,1
BRDA:132,13,1,2
BRDA:136,14,0,0
BRDA:136,14,1,8
BRDA:136,15,0,8
BRDA:136,15,1,5
BRDA:275,16,0,1
BRDA:275,16,1,0
BRDA:329,17,0,1
BRDA:329,17,1,0
BRF:33
BRH:25
end_of_record
TN:
SF:src/components/VolumeBar.js
FN:30,VolumeBar
FN:44,(anonymous_1)
FN:62,(anonymous_2)
FN:69,(anonymous_3)
FN:157,CircularVolumeIndicator
FN:165,(anonymous_5)
FN:179,(anonymous_6)
FNF:7
FNH:6
FNDA:18,VolumeBar
FNDA:18,(anonymous_1)
FNDA:0,(anonymous_2)
FNDA:18,(anonymous_3)
FNDA:10,CircularVolumeIndicator
FNDA:10,(anonymous_5)
FNDA:10,(anonymous_6)
DA:21,2
DA:30,2
DA:39,18
DA:40,18
DA:41,18
DA:44,18
DA:45,18
DA:46,18
DA:52,0
DA:56,18
DA:57,0
DA:59,0
DA:60,0
DA:62,0
DA:63,0
DA:69,18
DA:70,18
DA:72,16
DA:74,1
DA:76,1
DA:79,14
DA:83,18
DA:86,18
DA:92,18
DA:139,2
DA:156,2
DA:163,10
DA:165,10
DA:167,10
DA:168,10
DA:169,10
DA:171,10
DA:179,10
DA:180,10
DA:181,9
DA:183,1
DA:185,1
DA:187,7
DA:191,10
DA:216,2
DA:223,2
LF:41
LH:35
BRDA:31,0,0,0
BRDA:32,1,0,14
BRDA:33,2,0,17
BRDA:34,3,0,15
BRDA:35,4,0,18
BRDA:36,5,0,18
BRDA:45,6,0,18
BRDA:45,6,1,0
BRDA:56,7,0,0
BRDA:56,7,1,18
BRDA:56,8,0,18
BRDA:56,8,1,0
BRDA:59,9,0,0
BRDA:59,9,1,0
BRDA:70,10,0,2
BRDA:70,10,1,16
BRDA:72,11,0,1
BRDA:72,11,1,1
BRDA:72,11,2,1
BRDA:72,11,3,14
BRDA:94,12,0,18
BRDA:94,12,1,1
BRDA:106,13,0,18
BRDA:106,13,1,0
BRDA:106,13,2,0
BRDA:125,14,0,18
BRDA:125,14,1,1
BRDA:125,14,2,1
BRDA:130,15,0,18
BRDA:130,15,1,1
BRDA:130,15,2,1
BRDA:158,16,0,0
BRDA:159,17,0,7
BRDA:160,18,0,6
BRDA:180,19,0,1
BRDA:180,19,1,9
BRDA:181,20,0,1
BRDA:181,20,1,1
BRDA:181,20,2,7
BRDA:204,21,0,9
BRDA:204,21,1,1
BRDA:208,22,0,10
BRDA:208,22,1,9
BRDA:208,22,2,1
BRF:44
BRH:35
end_of_record
TN:
SF:src/components/AudioInput/index.js
FNF:0
FNH:0
LF:0
LH:0
BRF:0
BRH:0
end_of_record
TN:
SF:src/components/AudioInput/pitchUtils.js
FN:29,frequencyToNote
FN:63,noteNameToMidi
FN:92,autoCorrelate
FN:177,isOctaveEquivalent
FN:187,getPitchClass
FNF:5
FNH:1
FNDA:0,frequencyToNote
FNDA:10,noteNameToMidi
FNDA:0,autoCorrelate
FNDA:0,isOctaveEquivalent
FNDA:0,getPitchClass
DA:9,1
DA:30,0
DA:31,0
DA:35,0
DA:36,0
DA:39,0
DA:40,0
DA:41,0
DA:44,0
DA:45,0
DA:47,0
DA:64,10
DA:66,10
DA:67,10
DA:69,10
DA:70,10
DA:72,10
DA:75,10
DA:77,10
DA:78,10
DA:79,10
DA:80,10
DA:82,10
DA:93,0
DA:94,0
DA:97,0
DA:98,0
DA:100,0
DA:102,0
DA:104,0
DA:110,0
DA:111,0
DA:113,0
DA:116,0
DA:117,0
DA:118,0
DA:119,0
DA:121,0
DA:122,0
DA:123,0
DA:124,0
DA:128,0
DA:129,0
DA:130,0
DA:133,0
DA:134,0
DA:138,0
DA:139,0
DA:141,0
DA:142,0
DA:143,0
DA:144,0
DA:147,0
DA:148,0
DA:149,0
DA:152,0
DA:153,0
DA:154,0
DA:155,0
DA:159,0
DA:163,0
DA:164,0
DA:165,0
DA:168,0
DA:178,0
DA:179,0
DA:188,0
LF:67
LH:13
BRDA:30,0,0,0
BRDA:30,0,1,0
BRDA:30,1,0,0
BRDA:30,1,1,0
BRDA:30,1,2,0
BRDA:64,2,0,0
BRDA:64,2,1,10
BRDA:67,3,0,0
BRDA:67,3,1,10
BRDA:75,4,0,0
BRDA:75,4,1,10
BRDA:78,5,0,1
BRDA:78,5,1,9
BRDA:79,6,0,2
BRDA:79,6,1,8
BRDA:102,7,0,0
BRDA:102,7,1,0
BRDA:116,8,0,0
BRDA:116,8,1,0
BRDA:129,9,0,0
BRDA:129,9,1,0
BRDA:133,10,0,0
BRDA:133,10,1,0
BRDA:147,11,0,0
BRDA:147,11,1,0
BRDA:147,12,0,0
BRDA:147,12,1,0
BRDA:147,12,2,0
BRDA:147,12,3,0
BRDA:153,13,0,0
BRDA:153,13,1,0
BRDA:159,14,0,0
BRDA:159,14,1,0
BRDA:163,15,0,0
BRDA:163,15,1,0
BRDA:163,16,0,0
BRDA:163,16,1,0
BRDA:178,17,0,0
BRDA:178,17,1,0
BRDA:178,18,0,0
BRDA:178,18,1,0
BRF:41
BRH:7
end_of_record
TN:
SF:src/components/AudioInput/styles.js
FNF:0
FNH:0
DA:7,0
LF:1
LH:0
BRDA:41,0,0,0
BRDA:41,0,1,0
BRF:2
BRH:0
end_of_record
TN:
SF:src/components/AudioInput/webViewHtml.js
FN:16,generateAudioWebViewHtml
FNF:1
FNH:0
FNDA:0,generateAudioWebViewHtml
DA:23,0
DA:25,0
LF:2
LH:0
BRDA:90,0,0,0
BRDA:90,0,1,0
BRF:2
BRH:0
end_of_record
TN:
SF:src/components/Metronome/constants.js
FN:30,getSubdivisionLabel
FNF:1
FNH:1
FNDA:20,getSubdivisionLabel
DA:9,1
DA:14,1
DA:32,20
DA:65,20
DA:67,20
DA:82,20
DA:90,1
LF:7
LH:7
BRDA:65,0,0,20
BRDA:65,0,1,0
BRDA:82,1,0,20
BRDA:82,1,1,0
BRF:4
BRH:2
end_of_record
TN:
SF:src/components/Metronome/index.js
FNF:0
FNH:0
LF:0
LH:0
BRF:0
BRH:0
end_of_record
TN:
SF:src/components/Metronome/styles.js
FNF:0
FNH:0
DA:10,1
DA:24,1
DA:731,1
LF:3
LH:3
BRDA:42,0,0,1
BRDA:42,0,1,0
BRF:2
BRH:1
end_of_record
TN:
SF:src/components/PitchDrone/constants.js
FN:65,calculateEqualTemperamentFrequency
FN:84,calculateJustIntonationFrequency
FN:106,getNoteNameBySemitone
FN:107,(anonymous_3)
FN:116,getOctaveColor
FNF:5
FNH:0
FNDA:0,calculateEqualTemperamentFrequency
FNDA:0,calculateJustIntonationFrequency
FNDA:0,getNoteNameBySemitone
FNDA:0,(anonymous_3)
FNDA:0,getOctaveColor
DA:9,1
DA:27,1
DA:43,1
DA:72,0
DA:73,0
DA:91,0
DA:92,0
DA:95,0
DA:96,0
DA:98,0
DA:107,0
DA:108,0
DA:117,0
LF:13
LH:3
BRDA:68,0,0,0
BRDA:88,1,0,0
BRDA:108,2,0,0
BRDA:108,2,1,0
BRDA:117,3,0,0
BRDA:117,3,1,0
BRF:6
BRH:0
end_of_record
TN:
SF:src/components/PitchDrone/index.js
FNF:0
FNH:0
LF:0
LH:0
BRF:0
BRH:0
end_of_record
TN:
SF:src/components/PitchDrone/styles.js
FNF:0
FNH:0
DA:10,1
DA:25,1
LF:2
LH:2
BRDA:38,0,0,1
BRDA:38,0,1,0
BRDA:358,1,0,1
BRDA:358,1,1,0
BRF:4
BRH:2
end_of_record
TN:
SF:src/components/admin/DetailRow.js
FN:19,DetailRow
FNF:1
FNH:0
FNDA:0,DetailRow
DA:20,0
DA:30,0
DA:36,0
LF:3
LH:0
BRDA:24,0,0,0
BRDA:24,0,1,0
BRDA:24,1,0,0
BRDA:24,1,1,0
BRF:4
BRH:0
end_of_record
TN:
SF:src/components/admin/FormField.js
FN:25,FormField
FNF:1
FNH:0
FNDA:0,FormField
DA:36,0
DA:60,0
DA:72,0
LF:3
LH:0
BRDA:31,0,0,0
BRDA:32,1,0,0
BRDA:33,2,0,0
BRDA:34,3,0,0
BRDA:42,4,0,0
BRDA:42,4,1,0
BRDA:43,5,0,0
BRDA:43,5,1,0
BRDA:52,6,0,0
BRDA:52,6,1,0
BRDA:53,7,0,0
BRDA:53,7,1,0
BRDA:55,8,0,0
BRDA:55,8,1,0
BRF:14
BRH:0
end_of_record
TN:
SF:src/components/admin/index.js
FNF:0
FNH:0
LF:0
LH:0
BRF:0
BRH:0
end_of_record
TN:
SF:src/hooks/index.js
FNF:0
FNH:0
LF:0
LH:0
BRF:0
BRH:0
end_of_record
TN:
SF:src/hooks/useApi.js
FN:39,useApi
FN:47,(anonymous_1)
FN:59,(anonymous_2)
FN:85,(anonymous_3)
FN:86,(anonymous_4)
FN:98,(anonymous_5)
FN:99,(anonymous_6)
FN:111,(anonymous_7)
FN:112,(anonymous_8)
FN:123,(anonymous_9)
FN:124,(anonymous_10)
FNF:11
FNH:11
FNDA:20,useApi
FNDA:1,(anonymous_1)
FNDA:9,(anonymous_2)
FNDA:6,(anonymous_3)
FNDA:6,(anonymous_4)
FNDA:1,(anonymous_5)
FNDA:1,(anonymous_6)
FNDA:1,(anonymous_7)
FNDA:1,(anonymous_8)
FNDA:1,(anonymous_9)
FNDA:1,(anonymous_10)
DA:40,20
DA:41,20
DA:42,20
DA:47,20
DA:48,1
DA:49,1
DA:50,1
DA:58,20
DA:60,9
DA:61,9
DA:63,9
DA:64,9
DA:65,9
DA:66,7
DA:67,7
DA:69,2
DA:70,2
DA:71,2
DA:73,9
DA:84,20
DA:86,6
DA:97,20
DA:99,1
DA:110,20
DA:112,1
DA:122,20
DA:124,1
DA:129,20
LF:28
LH:28
BRDA:39,0,0,17
BRDA:39,1,0,17
BRDA:60,2,0,9
BRDA:60,2,1,0
BRF:4
BRH:3
end_of_record
TN:
SF:src/hooks/useAsyncState.js
FN:36,useAsyncState
FN:46,(anonymous_1)
FN:65,(anonymous_2)
FNF:3
FNH:3
FNDA:18,useAsyncState
FNDA:6,(anonymous_1)
FNDA:1,(anonymous_2)
DA:37,18
DA:38,18
DA:39,18
DA:46,18
DA:47,6
DA:48,6
DA:49,6
DA:50,6
DA:51,4
DA:52,4
DA:54,2
DA:55,2
DA:56,2
DA:58,6
DA:65,18
DA:66,1
DA:67,1
DA:68,1
DA:71,18
LF:19
LH:19
BRDA:36,0,0,14
BRF:1
BRH:1
end_of_record
TN:
SF:src/hooks/useDebounce.js
FN:31,useDebounce
FN:34,(anonymous_1)
FN:35,(anonymous_2)
FN:39,(anonymous_3)
FN:53,useDebouncedCallback
FN:57,(anonymous_5)
FN:58,(anonymous_6)
FN:66,(anonymous_7)
FN:71,(anonymous_8)
FNF:9
FNH:9
FNDA:15,useDebounce
FNDA:11,(anonymous_1)
FNDA:4,(anonymous_2)
FNDA:11,(anonymous_3)
FNDA:2,useDebouncedCallback
FNDA:2,(anonymous_5)
FNDA:2,(anonymous_6)
FNDA:4,(anonymous_7)
FNDA:2,(anonymous_8)
DA:32,15
DA:34,15
DA:35,11
DA:36,4
DA:39,11
DA:40,11
DA:44,15
DA:54,2
DA:57,2
DA:58,2
DA:59,2
DA:60,2
DA:65,2
DA:67,4
DA:68,2
DA:71,4
DA:72,2
DA:78,2
LF:18
LH:18
BRDA:31,0,0,4
BRDA:53,1,0,1
BRDA:59,2,0,2
BRDA:59,2,1,0
BRDA:67,3,0,2
BRDA:67,3,1,2
BRF:6
BRH:5
end_of_record
TN:
SF:src/hooks/useExerciseAudio.js
FN:27,noteToFrequency
FN:76,intervalToSemitones
FN:105,transposeFrequency
FN:109,useExerciseAudio
FN:114,(anonymous_4)
FN:128,(anonymous_5)
FN:129,(anonymous_6)
FN:142,(anonymous_7)
FN:146,(anonymous_8)
FN:184,(anonymous_9)
FN:195,(anonymous_10)
FN:203,(anonymous_11)
FN:215,(anonymous_12)
FN:224,(anonymous_13)
FN:229,(anonymous_14)
FN:237,(anonymous_15)
FN:255,(anonymous_16)
FN:282,(anonymous_17)
FN:311,(anonymous_18)
FN:337,(anonymous_19)
FN:338,(anonymous_20)
FN:351,(anonymous_21)
FNF:22
FNH:12
FNDA:10,noteToFrequency
FNDA:5,intervalToSemitones
FNDA:11,transposeFrequency
FNDA:28,useExerciseAudio
FNDA:0,(anonymous_4)
FNDA:23,(anonymous_5)
FNDA:0,(anonymous_6)
FNDA:0,(anonymous_7)
FNDA:0,(anonymous_8)
FNDA:0,(anonymous_9)
FNDA:0,(anonymous_10)
FNDA:0,(anonymous_11)
FNDA:0,(anonymous_12)
FNDA:0,(anonymous_13)
FNDA:0,(anonymous_14)
FNDA:3,(anonymous_15)
FNDA:8,(anonymous_16)
FNDA:3,(anonymous_17)
FNDA:15,(anonymous_18)
FNDA:22,(anonymous_19)
FNDA:22,(anonymous_20)
FNDA:22,(anonymous_21)
DA:11,2
DA:12,2
DA:13,2
DA:14,2
DA:16,0
DA:21,2
DA:28,10
DA:53,10
DA:54,10
DA:55,0
DA:56,0
DA:59,10
DA:60,10
DA:61,10
DA:63,10
DA:64,0
DA:65,0
DA:69,10
DA:70,10
DA:77,5
DA:97,5
DA:99,5
DA:106,11
DA:110,28
DA:111,28
DA:114,28
DA:115,0
DA:117,0
DA:118,0
DA:119,0
DA:120,0
DA:121,0
DA:124,0
DA:128,28
DA:129,23
DA:130,0
DA:131,0
DA:132,0
DA:137,23
DA:141,28
DA:143,0
DA:144,0
DA:146,0
DA:147,0
DA:150,0
DA:151,0
DA:154,0
DA:155,0
DA:156,0
DA:157,0
DA:159,0
DA:160,0
DA:163,0
DA:164,0
DA:165,0
DA:166,0
DA:170,0
DA:174,0
DA:177,0
DA:184,0
DA:185,0
DA:186,0
DA:187,0
DA:188,0
DA:189,0
DA:190,0
DA:191,0
DA:192,0
DA:195,0
DA:196,0
DA:197,0
DA:200,0
DA:202,0
DA:204,0
DA:214,28
DA:216,0
DA:217,0
DA:223,28
DA:225,0
DA:226,0
DA:228,0
DA:229,0
DA:230,0
DA:236,28
DA:238,3
DA:241,3
DA:243,3
DA:244,3
DA:245,3
DA:247,3
DA:250,3
DA:251,1
DA:254,2
DA:255,8
DA:258,2
DA:261,2
DA:262,2
DA:263,2
DA:264,2
DA:267,3
DA:271,3
DA:281,28
DA:287,3
DA:290,3
DA:292,3
DA:293,3
DA:294,3
DA:297,3
DA:298,0
DA:299,0
DA:300,0
DA:301,0
DA:303,3
DA:307,3
DA:308,0
DA:311,15
DA:313,3
DA:316,3
DA:317,3
DA:323,3
DA:327,3
DA:337,28
DA:338,22
DA:339,22
DA:340,22
DA:341,0
DA:342,0
DA:350,28
DA:351,22
LF:129
LH:66
BRDA:12,0,0,2
BRDA:12,0,1,0
BRDA:54,1,0,0
BRDA:54,1,1,10
BRDA:63,2,0,0
BRDA:63,2,1,10
BRDA:99,3,0,5
BRDA:99,3,1,0
BRDA:115,4,0,0
BRDA:115,4,1,0
BRDA:117,5,0,0
BRDA:117,5,1,0
BRDA:118,6,0,0
BRDA:118,6,1,0
BRDA:120,7,0,0
BRDA:120,7,1,0
BRDA:131,8,0,0
BRDA:131,8,1,0
BRDA:142,9,0,0
BRDA:142,10,0,0
BRDA:144,11,0,0
BRDA:144,11,1,0
BRDA:144,12,0,0
BRDA:144,12,1,0
BRDA:215,13,0,0
BRDA:224,14,0,0
BRDA:224,15,0,0
BRDA:226,16,0,0
BRDA:226,16,1,0
BRDA:237,17,0,1
BRDA:250,18,0,1
BRDA:250,18,1,2
BRDA:255,19,0,8
BRDA:255,19,1,6
BRDA:258,20,0,2
BRDA:258,20,1,0
BRDA:263,21,0,0
BRDA:263,21,1,2
BRDA:274,22,0,1
BRDA:274,22,1,2
BRDA:284,23,0,1
BRDA:285,24,0,1
BRDA:297,25,0,0
BRDA:297,25,1,3
BRDA:299,26,0,0
BRDA:299,26,1,0
BRDA:300,27,0,0
BRDA:300,27,1,0
BRDA:303,28,0,0
BRDA:303,28,1,3
BRDA:307,29,0,0
BRDA:307,29,1,3
BRDA:311,30,0,15
BRDA:311,30,1,15
BRDA:313,31,0,3
BRDA:313,31,1,0
BRDA:319,32,0,0
BRDA:319,32,1,3
BRDA:340,33,0,0
BRDA:340,33,1,22
BRF:60
BRH:23
end_of_record
TN:
SF:src/hooks/usePitchDetection.js
FN:47,usePitchDetection
FN:88,(anonymous_1)
FN:93,(anonymous_2)
FN:127,(anonymous_3)
FN:229,(anonymous_4)
FN:236,(anonymous_5)
FN:242,(anonymous_6)
FN:248,(anonymous_7)
FN:296,(anonymous_8)
FN:408,(anonymous_9)
FN:444,(anonymous_10)
FN:467,(anonymous_11)
FN:522,(anonymous_12)
FN:533,(anonymous_13)
FN:560,(anonymous_14)
FN:598,(anonymous_15)
FN:623,(anonymous_16)
FN:631,(anonymous_17)
FN:643,(anonymous_18)
FN:651,(anonymous_19)
FN:654,(anonymous_20)
FN:671,(anonymous_21)
FNF:22
FNH:11
FNDA:48,usePitchDetection
FNDA:32,(anonymous_1)
FNDA:5,(anonymous_2)
FNDA:0,(anonymous_3)
FNDA:0,(anonymous_4)
FNDA:0,(anonymous_5)
FNDA:0,(anonymous_6)
FNDA:0,(anonymous_7)
FNDA:0,(anonymous_8)
FNDA:0,(anonymous_9)
FNDA:0,(anonymous_10)
FNDA:0,(anonymous_11)
FNDA:0,(anonymous_12)
FNDA:0,(anonymous_13)
FNDA:7,(anonymous_14)
FNDA:69,(anonymous_15)
FNDA:7,(anonymous_16)
FNDA:69,(anonymous_17)
FNDA:48,(anonymous_18)
FNDA:38,(anonymous_19)
FNDA:38,(anonymous_20)
FNDA:38,(anonymous_21)
DA:12,2
DA:13,2
DA:14,2
DA:15,2
DA:17,1
DA:22,0
DA:25,0
DA:28,1
DA:32,2
DA:33,2
DA:63,48
DA:64,48
DA:65,48
DA:66,48
DA:67,48
DA:68,48
DA:70,48
DA:71,48
DA:72,48
DA:73,48
DA:74,48
DA:75,48
DA:76,48
DA:77,48
DA:80,48
DA:81,48
DA:82,48
DA:83,48
DA:84,48
DA:85,48
DA:88,48
DA:89,32
DA:93,48
DA:94,5
DA:95,5
DA:97,0
DA:98,0
DA:99,5
DA:100,0
DA:111,0
DA:112,0
DA:115,5
DA:116,5
DA:119,0
DA:120,0
DA:121,0
DA:126,48
DA:128,0
DA:130,0
DA:132,0
DA:135,0
DA:136,0
DA:137,0
DA:141,0
DA:142,0
DA:145,0
DA:146,0
DA:147,0
DA:149,0
DA:151,0
DA:153,0
DA:155,0
DA:156,0
DA:157,0
DA:161,0
DA:162,0
DA:163,0
DA:164,0
DA:167,0
DA:169,0
DA:174,0
DA:175,0
DA:177,0
DA:178,0
DA:179,0
DA:184,0
DA:185,0
DA:188,0
DA:195,0
DA:196,0
DA:199,0
DA:202,0
DA:203,0
DA:207,0
DA:211,0
DA:212,0
DA:218,0
DA:221,0
DA:222,0
DA:223,0
DA:224,0
DA:228,0
DA:229,0
DA:230,0
DA:231,0
DA:234,0
DA:235,0
DA:236,0
DA:239,0
DA:241,0
DA:242,0
DA:243,0
DA:246,0
DA:247,0
DA:248,0
DA:249,0
DA:250,0
DA:251,0
DA:255,0
DA:256,0
DA:259,0
DA:260,0
DA:265,0
DA:267,0
DA:268,0
DA:269,0
DA:271,0
DA:276,0
DA:296,48
DA:297,0
DA:299,0
DA:300,0
DA:301,0
DA:302,0
DA:305,0
DA:306,0
DA:307,0
DA:309,0
DA:310,0
DA:313,0
DA:314,0
DA:315,0
DA:317,0
DA:319,0
DA:321,0
DA:323,0
DA:324,0
DA:325,0
DA:326,0
DA:327,0
DA:328,0
DA:330,0
DA:332,0
DA:336,0
DA:337,0
DA:345,0
DA:347,0
DA:348,0
DA:349,0
DA:351,0
DA:355,0
DA:356,0
DA:359,0
DA:363,0
DA:364,0
DA:367,0
DA:368,0
DA:369,0
DA:371,0
DA:379,0
DA:380,0
DA:381,0
DA:385,0
DA:390,0
DA:391,0
DA:392,0
DA:393,0
DA:399,0
DA:400,0
DA:401,0
DA:402,0
DA:407,0
DA:408,0
DA:409,0
DA:410,0
DA:411,0
DA:412,0
DA:413,0
DA:418,0
DA:422,0
DA:423,0
DA:440,48
DA:441,48
DA:444,48
DA:446,0
DA:447,0
DA:448,0
DA:450,0
DA:452,0
DA:453,0
DA:456,0
DA:465,0
DA:466,0
DA:467,0
DA:468,0
DA:471,0
DA:475,0
DA:476,0
DA:477,0
DA:478,0
DA:481,0
DA:482,0
DA:483,0
DA:484,0
DA:487,0
DA:488,0
DA:489,0
DA:492,0
DA:493,0
DA:497,0
DA:498,0
DA:499,0
DA:502,0
DA:503,0
DA:505,0
DA:506,0
DA:507,0
DA:508,0
DA:511,0
DA:513,0
DA:515,0
DA:516,0
DA:517,0
DA:522,48
DA:523,0
DA:524,0
DA:525,0
DA:527,0
DA:528,0
DA:529,0
DA:532,0
DA:533,0
DA:534,0
DA:538,0
DA:539,0
DA:541,0
DA:543,0
DA:545,0
DA:546,0
DA:547,0
DA:548,0
DA:549,0
DA:550,0
DA:551,0
DA:553,0
DA:554,0
DA:555,0
DA:560,48
DA:561,7
DA:562,7
DA:565,7
DA:568,0
DA:570,0
DA:571,0
DA:574,0
DA:583,0
DA:586,0
DA:587,0
DA:588,0
DA:589,0
DA:590,0
DA:592,0
DA:593,0
DA:598,48
DA:599,69
DA:601,0
DA:602,0
DA:603,0
DA:604,0
DA:605,0
DA:606,0
DA:607,0
DA:608,0
DA:609,0
DA:610,0
DA:611,0
DA:613,0
DA:614,0
DA:615,0
DA:618,0
DA:623,48
DA:624,7
DA:625,0
DA:627,7
DA:631,48
DA:632,69
DA:633,0
DA:635,69
DA:640,48
DA:641,48
DA:642,48
DA:643,48
DA:644,48
DA:645,48
DA:646,48
DA:651,48
DA:652,38
DA:654,38
DA:655,38
DA:657,7
DA:658,7
DA:659,5
DA:661,7
DA:662,7
DA:665,31
DA:669,38
DA:671,38
DA:672,38
DA:673,38
DA:677,48
LF:310
LH:76
BRDA:13,0,0,2
BRDA:13,0,1,0
BRDA:17,1,0,0
BRDA:17,1,1,1
BRDA:18,2,0,1
BRDA:18,2,1,1
BRDA:18,2,2,1
BRDA:55,3,0,11
BRDA:56,4,0,11
BRDA:57,5,0,12
BRDA:58,6,0,11
BRDA:59,7,0,0
BRDA:60,8,0,48
BRDA:61,9,0,48
BRDA:95,10,0,0
BRDA:95,10,1,5
BRDA:99,11,0,0
BRDA:99,11,1,5
BRDA:128,12,0,0
BRDA:128,12,1,0
BRDA:145,13,0,0
BRDA:145,13,1,0
BRDA:153,14,0,0
BRDA:153,14,1,0
BRDA:155,15,0,0
BRDA:155,15,1,0
BRDA:162,16,0,0
BRDA:162,16,1,0
BRDA:162,17,0,0
BRDA:162,17,1,0
BRDA:164,18,0,0
BRDA:164,18,1,0
BRDA:167,19,0,0
BRDA:167,19,1,0
BRDA:169,20,0,0
BRDA:169,20,1,0
BRDA:169,20,2,0
BRDA:174,21,0,0
BRDA:174,21,1,0
BRDA:174,22,0,0
BRDA:174,22,1,0
BRDA:177,23,0,0
BRDA:177,23,1,0
BRDA:184,24,0,0
BRDA:184,24,1,0
BRDA:184,25,0,0
BRDA:184,25,1,0
BRDA:195,26,0,0
BRDA:195,26,1,0
BRDA:202,27,0,0
BRDA:202,27,1,0
BRDA:207,28,0,0
BRDA:207,28,1,0
BRDA:211,29,0,0
BRDA:211,29,1,0
BRDA:218,30,0,0
BRDA:218,30,1,0
BRDA:221,31,0,0
BRDA:221,31,1,0
BRDA:221,32,0,0
BRDA:221,32,1,0
BRDA:228,33,0,0
BRDA:228,33,1,0
BRDA:228,34,0,0
BRDA:228,34,1,0
BRDA:239,35,0,0
BRDA:239,35,1,0
BRDA:243,36,0,0
BRDA:243,36,1,0
BRDA:249,37,0,0
BRDA:249,37,1,0
BRDA:255,38,0,0
BRDA:255,38,1,0
BRDA:259,39,0,0
BRDA:259,39,1,0
BRDA:267,40,0,0
BRDA:267,40,1,0
BRDA:297,41,0,0
BRDA:297,41,1,0
BRDA:297,42,0,0
BRDA:297,42,1,0
BRDA:313,43,0,0
BRDA:313,43,1,0
BRDA:321,44,0,0
BRDA:321,44,1,0
BRDA:326,45,0,0
BRDA:326,45,1,0
BRDA:326,46,0,0
BRDA:326,46,1,0
BRDA:328,47,0,0
BRDA:328,47,1,0
BRDA:330,48,0,0
BRDA:330,48,1,0
BRDA:332,49,0,0
BRDA:332,49,1,0
BRDA:332,49,2,0
BRDA:336,50,0,0
BRDA:336,50,1,0
BRDA:341,51,0,0
BRDA:341,51,1,0
BRDA:345,52,0,0
BRDA:345,52,1,0
BRDA:347,53,0,0
BRDA:347,53,1,0
BRDA:355,54,0,0
BRDA:355,54,1,0
BRDA:359,55,0,0
BRDA:359,55,1,0
BRDA:363,56,0,0
BRDA:363,56,1,0
BRDA:367,57,0,0
BRDA:367,57,1,0
BRDA:369,58,0,0
BRDA:369,58,1,0
BRDA:379,59,0,0
BRDA:379,59,1,0
BRDA:379,60,0,0
BRDA:379,60,1,0
BRDA:385,61,0,0
BRDA:385,61,1,0
BRDA:390,62,0,0
BRDA:390,62,1,0
BRDA:390,63,0,0
BRDA:390,63,1,0
BRDA:399,64,0,0
BRDA:399,64,1,0
BRDA:407,65,0,0
BRDA:407,65,1,0
BRDA:407,66,0,0
BRDA:407,66,1,0
BRDA:422,67,0,0
BRDA:422,67,1,0
BRDA:446,68,0,0
BRDA:446,68,1,0
BRDA:446,69,0,0
BRDA:446,69,1,0
BRDA:465,70,0,0
BRDA:465,70,1,0
BRDA:475,71,0,0
BRDA:475,71,1,0
BRDA:481,72,0,0
BRDA:481,72,1,0
BRDA:492,73,0,0
BRDA:492,73,1,0
BRDA:527,74,0,0
BRDA:527,74,1,0
BRDA:532,75,0,0
BRDA:532,75,1,0
BRDA:538,76,0,0
BRDA:538,76,1,0
BRDA:538,77,0,0
BRDA:538,77,1,0
BRDA:553,78,0,0
BRDA:553,78,1,0
BRDA:561,79,0,7
BRDA:561,79,1,0
BRDA:568,80,0,0
BRDA:568,80,1,0
BRDA:599,81,0,69
BRDA:599,81,1,0
BRDA:599,82,0,69
BRDA:599,82,1,24
BRDA:613,83,0,0
BRDA:613,83,1,0
BRDA:624,84,0,0
BRDA:624,84,1,7
BRDA:632,85,0,0
BRDA:632,85,1,69
BRDA:655,86,0,7
BRDA:655,86,1,31
BRDA:658,87,0,5
BRDA:658,87,1,2
BRDA:661,88,0,7
BRDA:661,88,1,0
BRDA:661,89,0,7
BRDA:661,89,1,7
BRDA:684,90,0,48
BRDA:684,90,1,48
BRF:178
BRH:28
end_of_record
TN:
SF:src/hooks/useSelectionEngine.js
FN:25,useSelectionEngine
FN:34,(anonymous_1)
FN:36,(anonymous_2)
FN:42,(anonymous_3)
FN:43,(anonymous_4)
FN:44,(anonymous_5)
FN:46,(anonymous_6)
FN:50,(anonymous_7)
FN:62,(anonymous_8)
FN:63,(anonymous_9)
FN:70,(anonymous_10)
FN:77,(anonymous_11)
FN:78,(anonymous_12)
FN:79,(anonymous_13)
FN:86,(anonymous_14)
FN:94,(anonymous_15)
FN:147,(anonymous_16)
FN:190,(anonymous_17)
FN:224,(anonymous_18)
FN:225,(anonymous_19)
FN:234,(anonymous_20)
FNF:21
FNH:21
FNDA:16,useSelectionEngine
FNDA:19,(anonymous_1)
FNDA:228,(anonymous_2)
FNDA:228,(anonymous_3)
FNDA:228,(anonymous_4)
FNDA:228,(anonymous_5)
FNDA:228,(anonymous_6)
FNDA:87,(anonymous_7)
FNDA:14,(anonymous_8)
FNDA:448,(anonymous_9)
FNDA:16,(anonymous_10)
FNDA:16,(anonymous_11)
FNDA:19,(anonymous_12)
FNDA:19,(anonymous_13)
FNDA:16,(anonymous_14)
FNDA:4,(anonymous_15)
FNDA:3,(anonymous_16)
FNDA:3,(anonymous_17)
FNDA:2,(anonymous_18)
FNDA:1,(anonymous_19)
FNDA:16,(anonymous_20)
DA:18,1
DA:26,16
DA:34,16
DA:35,19
DA:36,228
DA:42,228
DA:43,228
DA:44,228
DA:45,19
DA:46,228
DA:49,19
DA:50,87
DA:52,19
DA:62,14
DA:63,448
DA:70,16
DA:71,16
DA:77,16
DA:78,19
DA:79,19
DA:80,16
DA:86,16
DA:87,16
DA:94,16
DA:95,4
DA:96,0
DA:97,0
DA:101,4
DA:104,4
DA:105,3
DA:110,3
DA:118,1
DA:119,1
DA:122,1
DA:123,1
DA:128,1
DA:136,0
DA:147,16
DA:148,3
DA:149,1
DA:150,1
DA:154,2
DA:155,2
DA:156,3
DA:157,36
DA:166,2
DA:167,2
DA:169,2
DA:175,2
DA:183,2
DA:190,16
DA:191,3
DA:192,1
DA:193,1
DA:196,2
DA:198,2
DA:199,1
DA:201,1
DA:203,1
DA:205,1
DA:209,2
DA:210,0
DA:217,2
DA:223,16
DA:225,2
DA:226,2
DA:234,16
DA:235,16
DA:236,16
DA:237,16
DA:240,16
DA:241,16
DA:242,16
DA:243,19
DA:244,228
DA:245,228
DA:248,16
DA:250,16
DA:258,16
LF:79
LH:75
BRDA:26,0,0,16
BRDA:26,0,1,0
BRDA:35,1,0,19
BRDA:35,1,1,0
BRDA:38,2,0,228
BRDA:38,2,1,0
BRDA:39,3,0,228
BRDA:39,3,1,0
BRDA:46,4,0,228
BRDA:46,4,1,96
BRDA:62,5,0,19
BRDA:62,5,1,11
BRDA:63,6,0,19
BRDA:63,6,1,0
BRDA:95,7,0,0
BRDA:95,7,1,4
BRDA:104,8,0,3
BRDA:104,8,1,1
BRDA:118,9,0,1
BRDA:118,9,1,0
BRDA:138,10,0,0
BRDA:138,10,1,0
BRDA:148,11,0,1
BRDA:148,11,1,2
BRDA:191,12,0,1
BRDA:191,12,1,2
BRDA:198,13,0,1
BRDA:198,13,1,1
BRDA:201,14,0,0
BRDA:201,14,1,1
BRDA:205,15,0,0
BRDA:205,15,1,1
BRDA:209,16,0,0
BRDA:209,16,1,2
BRDA:209,17,0,2
BRDA:209,17,1,0
BRDA:226,18,0,2
BRDA:226,18,1,1
BRDA:248,19,0,11
BRDA:248,19,1,5
BRF:40
BRH:27
end_of_record
TN:
SF:src/hooks/useTuneMasteryData.js
FN:100,(anonymous_0)
FN:101,(anonymous_1)
FN:124,(anonymous_2)
FN:131,useTuneMasteryData
FN:137,(anonymous_4)
FN:138,(anonymous_5)
FN:166,(anonymous_6)
FN:178,(anonymous_7)
FN:179,(anonymous_8)
FN:194,(anonymous_9)
FN:204,(anonymous_10)
FN:219,(anonymous_11)
FN:220,(anonymous_12)
FN:221,(anonymous_13)
FN:225,(anonymous_14)
FN:242,(anonymous_15)
FN:243,(anonymous_16)
FN:244,(anonymous_17)
FN:248,(anonymous_18)
FN:263,(anonymous_19)
FN:264,(anonymous_20)
FN:268,(anonymous_21)
FN:273,(anonymous_22)
FN:289,(anonymous_23)
FN:290,(anonymous_24)
FN:292,(anonymous_25)
FN:314,(anonymous_26)
FN:315,(anonymous_27)
FN:316,(anonymous_28)
FN:355,(anonymous_29)
FN:356,(anonymous_30)
FN:370,(anonymous_31)
FN:371,(anonymous_32)
FN:383,(anonymous_33)
FN:384,(anonymous_34)
FN:394,(anonymous_35)
FN:395,(anonymous_36)
FN:408,(anonymous_37)
FN:409,(anonymous_38)
FN:410,(anonymous_39)
FN:431,(anonymous_40)
FN:432,(anonymous_41)
FN:433,(anonymous_42)
FN:451,(anonymous_43)
FN:461,(anonymous_44)
FN:462,(anonymous_45)
FN:471,(anonymous_46)
FNF:47
FNH:25
FNDA:2,(anonymous_0)
FNDA:24,(anonymous_1)
FNDA:2,(anonymous_2)
FNDA:25,useTuneMasteryData
FNDA:9,(anonymous_4)
FNDA:9,(anonymous_5)
FNDA:7,(anonymous_6)
FNDA:7,(anonymous_7)
FNDA:7,(anonymous_8)
FNDA:2,(anonymous_9)
FNDA:2,(anonymous_10)
FNDA:1,(anonymous_11)
FNDA:1,(anonymous_12)
FNDA:1,(anonymous_13)
FNDA:1,(anonymous_14)
FNDA:1,(anonymous_15)
FNDA:1,(anonymous_16)
FNDA:1,(anonymous_17)
FNDA:1,(anonymous_18)
FNDA:0,(anonymous_19)
FNDA:0,(anonymous_20)
FNDA:0,(anonymous_21)
FNDA:0,(anonymous_22)
FNDA:1,(anonymous_23)
FNDA:1,(anonymous_24)
FNDA:2,(anonymous_25)
FNDA:2,(anonymous_26)
FNDA:2,(anonymous_27)
FNDA:2,(anonymous_28)
FNDA:0,(anonymous_29)
FNDA:0,(anonymous_30)
FNDA:0,(anonymous_31)
FNDA:0,(anonymous_32)
FNDA:0,(anonymous_33)
FNDA:0,(anonymous_34)
FNDA:0,(anonymous_35)
FNDA:0,(anonymous_36)
FNDA:0,(anonymous_37)
FNDA:0,(anonymous_38)
FNDA:0,(anonymous_39)
FNDA:0,(anonymous_40)
FNDA:0,(anonymous_41)
FNDA:0,(anonymous_42)
FNDA:0,(anonymous_43)
FNDA:0,(anonymous_44)
FNDA:0,(anonymous_45)
FNDA:0,(anonymous_46)
DA:20,3
DA:23,3
DA:84,3
DA:100,3
DA:101,2
DA:102,24
DA:103,24
DA:107,3
DA:124,3
DA:125,2
DA:132,25
DA:133,25
DA:134,25
DA:137,25
DA:138,9
DA:139,9
DA:140,9
DA:141,9
DA:142,9
DA:143,6
DA:145,6
DA:152,3
DA:154,9
DA:156,0
DA:157,0
DA:159,9
DA:162,9
DA:166,25
DA:167,7
DA:168,7
DA:169,7
DA:171,0
DA:172,0
DA:177,25
DA:179,7
DA:180,7
DA:181,7
DA:182,7
DA:193,25
DA:195,2
DA:204,2
DA:208,2
DA:209,2
DA:218,25
DA:220,1
DA:221,1
DA:222,1
DA:223,1
DA:225,1
DA:232,1
DA:241,25
DA:243,1
DA:244,1
DA:245,1
DA:246,1
DA:248,1
DA:252,1
DA:262,25
DA:264,0
DA:265,0
DA:266,0
DA:268,0
DA:271,0
DA:273,0
DA:278,0
DA:288,25
DA:290,1
DA:291,1
DA:292,2
DA:293,1
DA:295,1
DA:296,1
DA:299,1
DA:300,1
DA:302,1
DA:313,25
DA:315,2
DA:316,2
DA:317,2
DA:319,2
DA:320,2
DA:321,2
DA:322,2
DA:327,2
DA:331,2
DA:332,2
DA:343,2
DA:345,2
DA:354,25
DA:356,0
DA:360,0
DA:369,25
DA:371,0
DA:375,0
DA:383,25
DA:384,0
DA:388,0
DA:394,25
DA:395,0
DA:407,25
DA:409,0
DA:410,0
DA:411,0
DA:413,0
DA:414,0
DA:418,0
DA:420,0
DA:430,25
DA:432,0
DA:433,0
DA:434,0
DA:436,0
DA:437,0
DA:441,0
DA:443,0
DA:451,25
DA:452,0
DA:453,0
DA:460,25
DA:462,0
DA:471,0
DA:477,0
DA:482,25
LF:123
LH:86
BRDA:142,0,0,6
BRDA:142,0,1,3
BRDA:180,1,0,7
BRDA:180,1,1,0
BRDA:222,2,0,0
BRDA:222,2,1,1
BRDA:229,3,0,0
BRDA:229,3,1,1
BRDA:245,4,0,0
BRDA:245,4,1,1
BRDA:263,5,0,0
BRDA:265,6,0,0
BRDA:265,6,1,0
BRDA:275,7,0,0
BRDA:275,7,1,0
BRDA:293,8,0,0
BRDA:293,8,1,1
BRDA:296,9,0,0
BRDA:296,9,1,1
BRDA:296,10,0,1
BRDA:296,10,1,1
BRDA:317,11,0,0
BRDA:317,11,1,2
BRDA:327,12,0,1
BRDA:327,12,1,1
BRDA:398,13,0,0
BRDA:398,13,1,0
BRDA:411,14,0,0
BRDA:411,14,1,0
BRDA:434,15,0,0
BRDA:434,15,1,0
BRDA:461,16,0,0
BRF:32
BRH:13
end_of_record
TN:
SF:src/screens/ExerciseTestScreen.js
FN:64,chromaticLower
FN:346,ExerciseTestScreen
FN:359,(anonymous_2)
FN:366,(anonymous_3)
FN:373,(anonymous_4)
FN:375,(anonymous_5)
FN:381,(anonymous_6)
FN:404,(anonymous_7)
FN:414,(anonymous_8)
FN:418,(anonymous_9)
FN:424,(anonymous_10)
FN:429,(anonymous_11)
FN:440,(anonymous_12)
FN:442,(anonymous_13)
FN:461,(anonymous_14)
FN:470,(anonymous_15)
FN:499,(anonymous_16)
FN:512,(anonymous_17)
FN:537,(anonymous_18)
FN:547,(anonymous_19)
FN:594,(anonymous_20)
FN:635,(anonymous_21)
FN:645,(anonymous_22)
FN:651,(anonymous_23)
FNF:24
FNH:0
FNDA:0,chromaticLower
FNDA:0,ExerciseTestScreen
FNDA:0,(anonymous_2)
FNDA:0,(anonymous_3)
FNDA:0,(anonymous_4)
FNDA:0,(anonymous_5)
FNDA:0,(anonymous_6)
FNDA:0,(anonymous_7)
FNDA:0,(anonymous_8)
FNDA:0,(anonymous_9)
FNDA:0,(anonymous_10)
FNDA:0,(anonymous_11)
FNDA:0,(anonymous_12)
FNDA:0,(anonymous_13)
FNDA:0,(anonymous_14)
FNDA:0,(anonymous_15)
FNDA:0,(anonymous_16)
FNDA:0,(anonymous_17)
FNDA:0,(anonymous_18)
FNDA:0,(anonymous_19)
FNDA:0,(anonymous_20)
FNDA:0,(anonymous_21)
FNDA:0,(anonymous_22)
FNDA:0,(anonymous_23)
DA:65,0
DA:66,0
DA:69,0
DA:70,0
DA:71,0
DA:72,0
DA:74,0
DA:77,0
DA:80,0
DA:347,0
DA:348,0
DA:349,0
DA:352,0
DA:353,0
DA:354,0
DA:355,0
DA:356,0
DA:359,0
DA:360,0
DA:361,0
DA:362,0
DA:366,0
DA:367,0
DA:368,0
DA:373,0
DA:374,0
DA:375,0
DA:381,0
DA:382,0
DA:386,0
DA:390,0
DA:393,0
DA:398,0
DA:399,0
DA:404,0
DA:405,0
DA:406,0
DA:409,0
DA:410,0
DA:411,0
DA:414,0
DA:415,0
DA:416,0
DA:418,0
DA:419,0
DA:420,0
DA:424,0
DA:425,0
DA:429,0
DA:430,0
DA:431,0
DA:432,0
DA:433,0
DA:435,0
DA:440,0
DA:441,0
DA:442,0
DA:443,0
DA:453,0
DA:454,0
DA:459,0
DA:460,0
DA:461,0
DA:463,0
DA:471,0
DA:472,0
DA:499,0
DA:512,0
DA:538,0
DA:547,0
DA:585,0
DA:586,0
DA:587,0
DA:594,0
DA:628,0
DA:635,0
DA:646,0
DA:651,0
DA:670,0
LF:79
LH:0
BRDA:66,0,0,0
BRDA:66,0,1,0
BRDA:69,1,0,0
BRDA:69,1,1,0
BRDA:71,2,0,0
BRDA:71,2,1,0
BRDA:360,3,0,0
BRDA:360,3,1,0
BRDA:362,4,0,0
BRDA:362,4,1,0
BRDA:367,5,0,0
BRDA:367,5,1,0
BRDA:367,6,0,0
BRDA:367,6,1,0
BRDA:374,7,0,0
BRDA:374,7,1,0
BRDA:374,8,0,0
BRDA:374,8,1,0
BRDA:382,9,0,0
BRDA:382,9,1,0
BRDA:386,10,0,0
BRDA:386,10,1,0
BRDA:387,11,0,0
BRDA:387,11,1,0
BRDA:405,12,0,0
BRDA:405,12,1,0
BRDA:406,13,0,0
BRDA:406,13,1,0
BRDA:409,14,0,0
BRDA:409,14,1,0
BRDA:430,15,0,0
BRDA:430,15,1,0
BRDA:441,16,0,0
BRDA:441,16,1,0
BRDA:441,17,0,0
BRDA:441,17,1,0
BRDA:459,18,0,0
BRDA:459,18,1,0
BRDA:459,19,0,0
BRDA:459,19,1,0
BRDA:497,20,0,0
BRDA:497,20,1,0
BRDA:510,21,0,0
BRDA:510,21,1,0
BRDA:544,22,0,0
BRDA:544,22,1,0
BRDA:571,23,0,0
BRDA:571,23,1,0
BRDA:585,24,0,0
BRDA:585,24,1,0
BRDA:603,25,0,0
BRDA:603,25,1,0
BRDA:606,26,0,0
BRDA:606,26,1,0
BRDA:609,27,0,0
BRDA:609,27,1,0
BRDA:619,28,0,0
BRDA:619,28,1,0
BRF:58
BRH:0
end_of_record
TN:
SF:src/screens/FocusCardScreen.js
FN:7,FocusCardScreen
FNF:1
FNH:1
FNDA:4,FocusCardScreen
DA:8,4
DA:9,4
DA:22,1
DA:30,1
LF:4
LH:4
BRDA:57,0,0,1
BRDA:57,0,1,0
BRDA:62,1,0,1
BRDA:62,1,1,0
BRF:4
BRH:2
end_of_record
TN:
SF:src/screens/HistoryScreen.js
FN:25,HistoryScreen
FN:33,(anonymous_1)
FN:35,(anonymous_2)
FN:36,(anonymous_3)
FN:37,(anonymous_4)
FN:38,(anonymous_5)
FN:42,(anonymous_6)
FN:49,(anonymous_7)
FN:58,(anonymous_8)
FN:62,(anonymous_9)
FN:148,(anonymous_10)
FN:149,(anonymous_11)
FN:194,(anonymous_12)
FN:195,(anonymous_13)
FN:237,(anonymous_14)
FN:269,(anonymous_15)
FN:287,StatCard
FN:296,StatRow
FNF:18
FNH:7
FNDA:19,HistoryScreen
FNDA:6,(anonymous_1)
FNDA:6,(anonymous_2)
FNDA:6,(anonymous_3)
FNDA:6,(anonymous_4)
FNDA:6,(anonymous_5)
FNDA:6,(anonymous_6)
FNDA:0,(anonymous_7)
FNDA:0,(anonymous_8)
FNDA:0,(anonymous_9)
FNDA:0,(anonymous_10)
FNDA:0,(anonymous_11)
FNDA:0,(anonymous_12)
FNDA:0,(anonymous_13)
FNDA:0,(anonymous_14)
FNDA:0,(anonymous_15)
FNDA:0,StatCard
FNDA:0,StatRow
DA:17,1
DA:26,19
DA:27,18
DA:28,18
DA:29,18
DA:30,18
DA:31,18
DA:33,18
DA:34,6
DA:35,6
DA:36,6
DA:37,6
DA:39,6
DA:43,6
DA:44,6
DA:45,6
DA:46,6
DA:47,6
DA:50,0
DA:51,0
DA:55,18
DA:56,6
DA:58,12
DA:59,0
DA:62,0
DA:81,12
DA:148,0
DA:150,0
DA:194,0
DA:196,0
DA:238,0
DA:270,0
DA:288,0
DA:297,0
DA:309,1
LF:35
LH:23
BRDA:55,0,0,6
BRDA:55,0,1,12
BRDA:65,1,0,0
BRDA:65,1,1,0
BRDA:71,2,0,0
BRDA:71,2,1,0
BRDA:95,3,0,12
BRDA:95,3,1,12
BRDA:95,3,2,12
BRDA:144,4,0,0
BRDA:144,4,1,0
BRDA:153,5,0,0
BRDA:153,5,1,0
BRDA:165,6,0,0
BRDA:165,6,1,0
BRDA:177,7,0,0
BRDA:177,7,1,0
BRDA:180,8,0,0
BRDA:180,8,1,0
BRDA:190,9,0,0
BRDA:190,9,1,0
BRDA:204,10,0,0
BRDA:204,10,1,0
BRDA:209,11,0,0
BRDA:209,11,1,0
BRDA:211,12,0,0
BRDA:211,12,1,0
BRDA:215,13,0,0
BRDA:215,13,1,0
BRDA:217,14,0,0
BRDA:217,14,1,0
BRDA:228,15,0,0
BRDA:228,15,1,0
BRDA:233,16,0,0
BRDA:233,16,1,0
BRDA:244,17,0,0
BRDA:244,17,1,0
BRDA:253,18,0,0
BRDA:253,18,1,0
BRDA:256,19,0,0
BRDA:256,19,1,0
BRDA:301,20,0,0
BRDA:301,20,1,0
BRDA:553,21,0,1
BRDA:553,21,1,0
BRF:45
BRH:6
end_of_record
TN:
SF:src/screens/HomeScreen.js
FN:27,(anonymous_0)
FN:33,HomeScreen
FN:45,(anonymous_2)
FN:54,(anonymous_3)
FN:59,(anonymous_4)
FN:75,(anonymous_5)
FN:80,(anonymous_6)
FN:111,(anonymous_7)
FN:130,(anonymous_8)
FN:198,(anonymous_9)
FN:213,(anonymous_10)
FN:218,(anonymous_11)
FN:224,(anonymous_12)
FN:225,(anonymous_13)
FN:232,(anonymous_14)
FN:253,(anonymous_15)
FNF:16
FNH:6
FNDA:1,(anonymous_0)
FNDA:9,HomeScreen
FNDA:1,(anonymous_2)
FNDA:9,(anonymous_3)
FNDA:1,(anonymous_4)
FNDA:0,(anonymous_5)
FNDA:9,(anonymous_6)
FNDA:0,(anonymous_7)
FNDA:0,(anonymous_8)
FNDA:0,(anonymous_9)
FNDA:0,(anonymous_10)
FNDA:0,(anonymous_11)
FNDA:0,(anonymous_12)
FNDA:0,(anonymous_13)
FNDA:0,(anonymous_14)
FNDA:0,(anonymous_15)
DA:27,1
DA:28,1
DA:29,0
DA:40,9
DA:41,9
DA:44,9
DA:46,1
DA:47,1
DA:53,9
DA:55,9
DA:59,9
DA:61,1
DA:62,0
DA:69,1
DA:75,9
DA:76,0
DA:77,0
DA:80,9
DA:81,9
DA:82,9
DA:83,0
DA:84,0
DA:85,0
DA:86,0
DA:87,0
DA:88,0
DA:89,0
DA:90,0
DA:91,0
DA:94,9
DA:111,0
DA:130,0
DA:198,0
DA:213,0
DA:218,0
DA:224,0
DA:226,0
DA:232,0
DA:254,0
DA:255,0
DA:272,1
DA:278,1
LF:42
LH:19
BRDA:28,0,0,0
BRDA:28,0,1,1
BRDA:28,1,0,1
BRDA:28,1,1,0
BRDA:61,2,0,0
BRDA:61,2,1,1
BRDA:61,3,0,1
BRDA:61,3,1,1
BRDA:81,4,0,9
BRDA:81,4,1,0
BRDA:82,5,0,9
BRDA:82,5,1,0
BRDA:83,6,0,0
BRDA:83,6,1,0
BRDA:84,7,0,0
BRDA:84,7,1,0
BRDA:85,8,0,0
BRDA:85,8,1,0
BRDA:86,9,0,0
BRDA:86,9,1,0
BRDA:86,10,0,0
BRDA:86,10,1,0
BRDA:87,11,0,0
BRDA:87,11,1,0
BRDA:88,12,0,0
BRDA:88,12,1,0
BRDA:88,13,0,0
BRDA:88,13,1,0
BRDA:89,14,0,0
BRDA:89,14,1,0
BRDA:90,15,0,0
BRDA:90,15,1,0
BRDA:108,16,0,9
BRDA:108,16,1,0
BRDA:112,17,0,9
BRDA:112,17,1,0
BRDA:119,18,0,9
BRDA:119,18,1,0
BRDA:123,19,0,9
BRDA:123,19,1,9
BRDA:123,19,2,0
BRDA:149,20,0,9
BRDA:149,20,1,9
BRDA:149,20,2,0
BRDA:153,21,0,9
BRDA:153,21,1,9
BRDA:155,22,0,0
BRDA:155,22,1,9
BRDA:155,23,0,9
BRDA:155,23,1,9
BRDA:160,24,0,0
BRDA:160,24,1,9
BRDA:160,25,0,9
BRDA:160,25,1,9
BRDA:165,26,0,9
BRDA:165,26,1,9
BRDA:168,27,0,0
BRDA:168,27,1,9
BRDA:168,28,0,9
BRDA:168,28,1,9
BRDA:173,29,0,0
BRDA:173,29,1,9
BRDA:173,30,0,9
BRDA:173,30,1,9
BRDA:229,31,0,0
BRDA:229,31,1,0
BRDA:241,32,0,0
BRDA:241,32,1,0
BRDA:245,33,0,0
BRDA:245,33,1,0
BRF:70
BRH:30
end_of_record
TN:
SF:src/screens/RatingScreen.js
FN:15,RatingScreen
FN:27,(anonymous_1)
FN:61,(anonymous_2)
FN:64,(anonymous_3)
FNF:4
FNH:3
FNDA:9,RatingScreen
FNDA:0,(anonymous_1)
FNDA:45,(anonymous_2)
FNDA:3,(anonymous_3)
DA:16,9
DA:17,9
DA:20,9
DA:21,9
DA:22,9
DA:23,9
DA:24,9
DA:25,9
DA:27,9
DA:28,0
DA:29,0
DA:30,0
DA:43,0
DA:44,0
DA:45,0
DA:47,0
DA:50,0
DA:52,0
DA:56,9
DA:62,45
DA:64,3
DA:111,1
DA:120,1
LF:23
LH:14
BRDA:43,0,0,0
BRDA:43,0,1,0
BRDA:65,1,0,3
BRDA:65,1,1,42
BRDA:70,2,0,45
BRDA:70,2,1,3
BRDA:76,3,0,45
BRDA:76,3,1,3
BRDA:84,4,0,9
BRDA:84,4,1,3
BRDA:89,5,0,0
BRDA:89,5,1,3
BRDA:95,6,0,3
BRDA:95,6,1,0
BRDA:98,7,0,0
BRDA:98,7,1,3
BRDA:137,8,0,1
BRDA:137,8,1,0
BRF:18
BRH:12
end_of_record
TN:
SF:src/screens/SelfDirectedScreen.js
FN:18,SelfDirectedScreen
FN:26,(anonymous_1)
FN:28,(anonymous_2)
FN:29,(anonymous_3)
FN:30,(anonymous_4)
FN:37,(anonymous_5)
FN:65,(anonymous_6)
FN:84,(anonymous_7)
FNF:8
FNH:5
FNDA:15,SelfDirectedScreen
FNDA:5,(anonymous_1)
FNDA:5,(anonymous_2)
FNDA:5,(anonymous_3)
FNDA:5,(anonymous_4)
FNDA:0,(anonymous_5)
FNDA:0,(anonymous_6)
FNDA:0,(anonymous_7)
DA:19,15
DA:20,15
DA:21,15
DA:22,15
DA:23,15
DA:24,15
DA:26,15
DA:27,5
DA:28,5
DA:29,5
DA:31,5
DA:32,5
DA:33,5
DA:37,15
DA:38,0
DA:39,0
DA:40,0
DA:42,0
DA:50,15
DA:52,10
DA:66,0
DA:85,0
DA:137,1
DA:143,1
LF:24
LH:18
BRDA:38,0,0,0
BRDA:38,0,1,0
BRDA:38,1,0,0
BRDA:38,1,1,0
BRDA:38,1,2,0
BRDA:50,2,0,5
BRDA:50,2,1,10
BRDA:163,3,0,1
BRDA:163,3,1,0
BRDA:194,4,0,1
BRDA:194,4,1,0
BRF:11
BRH:4
end_of_record
TN:
SF:src/screens/SessionEndScreen.js
FN:21,SessionEndScreen
FN:31,(anonymous_1)
FN:38,(anonymous_2)
FNF:3
FNH:3
FNDA:13,SessionEndScreen
FNDA:1,(anonymous_1)
FNDA:1,(anonymous_2)
DA:22,13
DA:29,13
DA:31,13
DA:32,1
DA:38,13
DA:39,1
DA:40,1
DA:43,1
DA:49,0
DA:50,0
DA:54,13
DA:129,1
DA:143,1
LF:13
LH:11
BRDA:26,0,0,11
BRDA:27,1,0,11
BRDA:28,2,0,11
BRDA:29,3,0,13
BRDA:29,3,1,1
BRDA:70,4,0,1
BRDA:70,4,1,12
BRDA:73,5,0,13
BRDA:73,5,1,1
BRDA:97,6,0,1
BRDA:97,6,1,12
BRF:11
BRH:11
end_of_record
TN:
SF:src/screens/StartPracticeScreen.js
FN:32,StartPracticeScreen
FN:39,(anonymous_1)
FN:46,(anonymous_2)
FN:59,(anonymous_3)
FN:98,(anonymous_4)
FN:101,(anonymous_5)
FN:124,(anonymous_6)
FN:127,(anonymous_7)
FN:180,(anonymous_8)
FN:192,(anonymous_9)
FN:205,(anonymous_10)
FN:218,(anonymous_11)
FN:233,(anonymous_12)
FN:254,(anonymous_13)
FN:262,(anonymous_14)
FNF:15
FNH:10
FNDA:48,StartPracticeScreen
FNDA:15,(anonymous_1)
FNDA:6,(anonymous_2)
FNDA:3,(anonymous_3)
FNDA:240,(anonymous_4)
FNDA:9,(anonymous_5)
FNDA:240,(anonymous_6)
FNDA:15,(anonymous_7)
FNDA:0,(anonymous_8)
FNDA:1,(anonymous_9)
FNDA:2,(anonymous_10)
FNDA:0,(anonymous_11)
FNDA:0,(anonymous_12)
FNDA:0,(anonymous_13)
FNDA:0,(anonymous_14)
DA:16,1
DA:24,1
DA:33,48
DA:34,48
DA:35,48
DA:36,48
DA:37,48
DA:39,48
DA:40,15
DA:41,15
DA:42,6
DA:46,48
DA:47,6
DA:48,1
DA:50,5
DA:59,48
DA:60,3
DA:61,3
DA:63,1
DA:68,1
DA:71,2
DA:78,2
DA:81,0
DA:88,0
DA:92,48
DA:99,240
DA:101,9
DA:125,240
DA:127,15
DA:180,0
DA:192,1
DA:205,2
DA:218,0
DA:234,0
DA:235,0
DA:254,0
DA:262,0
DA:285,1
DA:296,1
LF:39
LH:31
BRDA:33,0,0,48
BRDA:33,0,1,48
BRDA:41,1,0,6
BRDA:41,1,1,9
BRDA:47,2,0,1
BRDA:47,2,1,5
BRDA:61,3,0,1
BRDA:61,3,1,2
BRDA:61,3,2,0
BRDA:104,4,0,48
BRDA:104,4,1,192
BRDA:106,5,0,48
BRDA:106,5,1,192
BRDA:113,6,0,48
BRDA:113,6,1,192
BRDA:128,7,0,48
BRDA:128,7,1,192
BRDA:136,8,0,48
BRDA:136,8,1,192
BRDA:137,9,0,12
BRDA:137,9,1,36
BRDA:142,10,0,48
BRDA:142,10,1,192
BRDA:143,11,0,12
BRDA:143,11,1,36
BRDA:153,12,0,48
BRDA:153,12,1,192
BRDA:167,13,0,12
BRDA:167,13,1,36
BRDA:314,14,0,1
BRDA:314,14,1,0
BRF:31
BRH:29
end_of_record
TN:
SF:src/screens/Admin/index.js
FN:40,AdminScreen
FN:53,(anonymous_1)
FN:59,(anonymous_2)
FNF:3
FNH:0
FNDA:0,AdminScreen
FNDA:0,(anonymous_1)
FNDA:0,(anonymous_2)
DA:30,0
DA:41,0
DA:43,0
DA:54,0
DA:59,0
DA:91,0
LF:6
LH:0
BRDA:58,0,0,0
BRDA:58,0,1,0
BRDA:64,1,0,0
BRDA:64,1,1,0
BRDA:75,2,0,0
BRDA:75,2,1,0
BRDA:76,3,0,0
BRDA:76,3,1,0
BRDA:77,4,0,0
BRDA:77,4,1,0
BRDA:78,5,0,0
BRDA:78,5,1,0
BRDA:79,6,0,0
BRDA:79,6,1,0
BRDA:80,7,0,0
BRDA:80,7,1,0
BRDA:81,8,0,0
BRDA:81,8,1,0
BRF:18
BRH:0
end_of_record
TN:
SF:src/screens/Admin/styles.js
FNF:0
FNH:0
DA:3,0
LF:1
LH:0
BRDA:10,0,0,0
BRDA:10,0,1,0
BRDA:237,1,0,0
BRDA:237,1,1,0
BRDA:752,2,0,0
BRDA:752,2,1,0
BRDA:1413,3,0,0
BRDA:1413,3,1,0
BRDA:1552,4,0,0
BRDA:1552,4,1,0
BRDA:1790,5,0,0
BRDA:1790,5,1,0
BRF:12
BRH:0
end_of_record
TN:
SF:src/screens/Admin/tabs/index.js
FNF:0
FNH:0
LF:0
LH:0
BRF:0
BRH:0
end_of_record
TN:
SF:src/screens/Admin/tabs/CapabilityExplorer/index.js
FN:27,CapabilityExplorer
FN:54,(anonymous_1)
FN:74,(anonymous_2)
FN:85,(anonymous_3)
FN:91,(anonymous_4)
FN:100,(anonymous_5)
FN:107,(anonymous_6)
FN:114,(anonymous_7)
FN:122,(anonymous_8)
FN:130,(anonymous_9)
FN:134,(anonymous_10)
FN:138,(anonymous_11)
FN:143,(anonymous_12)
FN:148,(anonymous_13)
FN:149,(anonymous_14)
FN:151,(anonymous_15)
FN:181,(anonymous_16)
FN:232,(anonymous_17)
FN:246,(anonymous_18)
FN:258,(anonymous_19)
FN:302,(anonymous_20)
FN:310,(anonymous_21)
FN:363,(anonymous_22)
FN:374,(anonymous_23)
FN:383,(anonymous_24)
FN:401,(anonymous_25)
FN:411,(anonymous_26)
FN:420,(anonymous_27)
FN:425,(anonymous_28)
FN:437,(anonymous_29)
FN:442,(anonymous_30)
FN:454,(anonymous_31)
FN:459,(anonymous_32)
FN:469,(anonymous_33)
FN:474,(anonymous_34)
FNF:35
FNH:0
FNDA:0,CapabilityExplorer
FNDA:0,(anonymous_1)
FNDA:0,(anonymous_2)
FNDA:0,(anonymous_3)
FNDA:0,(anonymous_4)
FNDA:0,(anonymous_5)
FNDA:0,(anonymous_6)
FNDA:0,(anonymous_7)
FNDA:0,(anonymous_8)
FNDA:0,(anonymous_9)
FNDA:0,(anonymous_10)
FNDA:0,(anonymous_11)
FNDA:0,(anonymous_12)
FNDA:0,(anonymous_13)
FNDA:0,(anonymous_14)
FNDA:0,(anonymous_15)
FNDA:0,(anonymous_16)
FNDA:0,(anonymous_17)
FNDA:0,(anonymous_18)
FNDA:0,(anonymous_19)
FNDA:0,(anonymous_20)
FNDA:0,(anonymous_21)
FNDA:0,(anonymous_22)
FNDA:0,(anonymous_23)
FNDA:0,(anonymous_24)
FNDA:0,(anonymous_25)
FNDA:0,(anonymous_26)
FNDA:0,(anonymous_27)
FNDA:0,(anonymous_28)
FNDA:0,(anonymous_29)
FNDA:0,(anonymous_30)
FNDA:0,(anonymous_31)
FNDA:0,(anonymous_32)
FNDA:0,(anonymous_33)
FNDA:0,(anonymous_34)
DA:51,0
DA:54,0
DA:55,0
DA:59,0
DA:60,0
DA:67,0
DA:68,0
DA:69,0
DA:70,0
DA:71,0
DA:72,0
DA:74,0
DA:75,0
DA:76,0
DA:79,0
DA:80,0
DA:81,0
DA:85,0
DA:86,0
DA:87,0
DA:88,0
DA:91,0
DA:93,0
DA:94,0
DA:95,0
DA:97,0
DA:100,0
DA:101,0
DA:102,0
DA:103,0
DA:107,0
DA:108,0
DA:109,0
DA:110,0
DA:114,0
DA:115,0
DA:116,0
DA:117,0
DA:118,0
DA:122,0
DA:123,0
DA:124,0
DA:125,0
DA:127,0
DA:130,0
DA:131,0
DA:134,0
DA:135,0
DA:138,0
DA:139,0
DA:142,0
DA:146,0
DA:148,0
DA:149,0
DA:151,0
DA:152,0
DA:154,0
DA:157,0
DA:169,0
DA:170,0
DA:175,0
DA:181,0
DA:232,0
DA:246,0
DA:259,0
DA:279,0
DA:280,0
DA:288,0
DA:302,0
DA:310,0
DA:363,0
DA:375,0
DA:383,0
DA:402,0
DA:411,0
DA:420,0
DA:425,0
DA:437,0
DA:443,0
DA:444,0
DA:454,0
DA:459,0
DA:469,0
DA:474,0
DA:482,0
LF:85
LH:0
BRDA:59,0,0,0
BRDA:59,0,1,0
BRDA:80,1,0,0
BRDA:80,1,1,0
BRDA:102,2,0,0
BRDA:102,2,1,0
BRDA:109,3,0,0
BRDA:109,3,1,0
BRDA:116,4,0,0
BRDA:116,4,1,0
BRDA:124,5,0,0
BRDA:124,5,1,0
BRDA:146,6,0,0
BRDA:146,6,1,0
BRDA:149,7,0,0
BRDA:149,7,1,0
BRDA:149,8,0,0
BRDA:149,8,1,0
BRDA:152,9,0,0
BRDA:152,9,1,0
BRDA:154,10,0,0
BRDA:154,10,1,0
BRDA:169,11,0,0
BRDA:169,11,1,0
BRDA:178,12,0,0
BRDA:178,12,1,0
BRDA:184,13,0,0
BRDA:184,13,1,0
BRDA:188,14,0,0
BRDA:188,14,1,0
BRDA:196,15,0,0
BRDA:196,15,1,0
BRDA:200,16,0,0
BRDA:200,16,1,0
BRDA:205,17,0,0
BRDA:205,17,1,0
BRDA:208,18,0,0
BRDA:208,18,1,0
BRDA:211,19,0,0
BRDA:211,19,1,0
BRDA:216,20,0,0
BRDA:216,20,1,0
BRDA:219,21,0,0
BRDA:219,21,1,0
BRDA:222,22,0,0
BRDA:222,22,1,0
BRDA:227,23,0,0
BRDA:227,23,1,0
BRDA:227,23,2,0
BRDA:237,24,0,0
BRDA:237,24,1,0
BRDA:244,25,0,0
BRDA:244,25,1,0
BRDA:246,26,0,0
BRDA:246,26,1,0
BRDA:256,27,0,0
BRDA:256,27,1,0
BRDA:259,28,0,0
BRDA:259,28,1,0
BRDA:279,29,0,0
BRDA:279,29,1,0
BRDA:315,30,0,0
BRDA:315,30,1,0
BRDA:319,31,0,0
BRDA:319,31,1,0
BRDA:325,32,0,0
BRDA:325,32,1,0
BRDA:330,33,0,0
BRDA:330,33,1,0
BRDA:334,34,0,0
BRDA:334,34,1,0
BRDA:341,35,0,0
BRDA:341,35,1,0
BRDA:361,36,0,0
BRDA:361,36,1,0
BRDA:368,37,0,0
BRDA:368,37,1,0
BRDA:381,38,0,0
BRDA:381,38,1,0
BRDA:388,39,0,0
BRDA:388,39,1,0
BRDA:411,40,0,0
BRDA:411,40,1,0
BRDA:461,41,0,0
BRDA:461,41,1,0
BRF:85
BRH:0
end_of_record
TN:
SF:src/screens/Admin/tabs/CapabilityExplorer/validation.js
FN:17,validateCapabilityForm
FNF:1
FNH:0
FNDA:0,validateCapabilityForm
DA:5,0
DA:6,0
DA:7,0
DA:8,0
DA:9,0
DA:10,0
DA:18,0
DA:21,0
DA:22,0
DA:23,0
DA:24,0
DA:27,0
DA:28,0
DA:31,0
DA:32,0
DA:33,0
DA:36,0
DA:37,0
DA:42,0
DA:45,0
DA:46,0
DA:47,0
DA:50,0
DA:51,0
DA:52,0
DA:56,0
DA:57,0
DA:58,0
DA:62,0
DA:63,0
DA:66,0
DA:67,0
DA:70,0
DA:79,0
LF:34
LH:0
BRDA:21,0,0,0
BRDA:21,0,1,0
BRDA:23,1,0,0
BRDA:23,1,1,0
BRDA:27,2,0,0
BRDA:27,2,1,0
BRDA:32,3,0,0
BRDA:32,3,1,0
BRDA:32,4,0,0
BRDA:32,4,1,0
BRDA:32,4,2,0
BRDA:37,5,0,0
BRDA:37,5,1,0
BRDA:38,6,0,0
BRDA:38,6,1,0
BRDA:38,6,2,0
BRDA:46,7,0,0
BRDA:46,7,1,0
BRDA:46,8,0,0
BRDA:46,8,1,0
BRDA:51,9,0,0
BRDA:51,9,1,0
BRDA:51,10,0,0
BRDA:51,10,1,0
BRDA:57,11,0,0
BRDA:57,11,1,0
BRDA:57,12,0,0
BRDA:57,12,1,0
BRDA:57,12,2,0
BRDA:62,13,0,0
BRDA:62,13,1,0
BRDA:66,14,0,0
BRDA:66,14,1,0
BRF:33
BRH:0
end_of_record
TN:
SF:src/screens/Admin/tabs/CapabilityExplorer/components/CapabilityCreateModal.js
FN:23,CapabilityCreateModal
FN:55,(anonymous_1)
FN:56,(anonymous_2)
FN:58,(anonymous_3)
FN:66,(anonymous_4)
FN:125,(anonymous_5)
FN:136,(anonymous_6)
FN:152,(anonymous_7)
FN:170,(anonymous_8)
FN:185,(anonymous_9)
FN:194,(anonymous_10)
FN:224,(anonymous_11)
FN:232,(anonymous_12)
FN:242,(anonymous_13)
FN:262,(anonymous_14)
FN:282,(anonymous_15)
FN:283,(anonymous_16)
FN:299,(anonymous_17)
FN:300,(anonymous_18)
FN:301,(anonymous_19)
FN:319,(anonymous_20)
FN:330,(anonymous_21)
FN:336,(anonymous_22)
FN:338,(anonymous_23)
FN:342,(anonymous_24)
FNF:25
FNH:0
FNDA:0,CapabilityCreateModal
FNDA:0,(anonymous_1)
FNDA:0,(anonymous_2)
FNDA:0,(anonymous_3)
FNDA:0,(anonymous_4)
FNDA:0,(anonymous_5)
FNDA:0,(anonymous_6)
FNDA:0,(anonymous_7)
FNDA:0,(anonymous_8)
FNDA:0,(anonymous_9)
FNDA:0,(anonymous_10)
FNDA:0,(anonymous_11)
FNDA:0,(anonymous_12)
FNDA:0,(anonymous_13)
FNDA:0,(anonymous_14)
FNDA:0,(anonymous_15)
FNDA:0,(anonymous_16)
FNDA:0,(anonymous_17)
FNDA:0,(anonymous_18)
FNDA:0,(anonymous_19)
FNDA:0,(anonymous_20)
FNDA:0,(anonymous_21)
FNDA:0,(anonymous_22)
FNDA:0,(anonymous_23)
FNDA:0,(anonymous_24)
DA:30,0
DA:45,0
DA:46,0
DA:47,0
DA:48,0
DA:49,0
DA:50,0
DA:51,0
DA:52,0
DA:53,0
DA:55,0
DA:56,0
DA:57,0
DA:58,0
DA:59,0
DA:60,0
DA:63,0
DA:66,0
DA:67,0
DA:68,0
DA:70,0
DA:71,0
DA:72,0
DA:73,0
DA:76,0
DA:77,0
DA:79,0
DA:100,0
DA:101,0
DA:102,0
DA:106,0
DA:126,0
DA:136,0
DA:152,0
DA:170,0
DA:186,0
DA:194,0
DA:224,0
DA:233,0
DA:242,0
DA:262,0
DA:283,0
DA:284,0
DA:285,0
DA:300,0
DA:301,0
DA:303,0
DA:319,0
DA:330,0
DA:337,0
DA:338,0
DA:339,0
DA:342,0
DA:389,0
LF:54
LH:0
BRDA:33,0,0,0
BRDA:33,0,1,0
BRDA:57,1,0,0
BRDA:57,1,1,0
BRDA:67,2,0,0
BRDA:67,2,1,0
BRDA:71,3,0,0
BRDA:71,3,1,0
BRDA:81,4,0,0
BRDA:81,4,1,0
BRDA:83,5,0,0
BRDA:83,5,1,0
BRDA:95,6,0,0
BRDA:95,6,1,0
BRDA:101,7,0,0
BRDA:101,7,1,0
BRDA:150,8,0,0
BRDA:150,8,1,0
BRDA:157,9,0,0
BRDA:157,9,1,0
BRDA:168,10,0,0
BRDA:168,10,1,0
BRDA:175,11,0,0
BRDA:175,11,1,0
BRDA:183,12,0,0
BRDA:183,12,1,0
BRDA:192,13,0,0
BRDA:192,13,1,0
BRDA:199,14,0,0
BRDA:199,14,1,0
BRDA:215,15,0,0
BRDA:215,15,1,0
BRDA:239,16,0,0
BRDA:239,16,1,0
BRDA:247,17,0,0
BRDA:247,17,1,0
BRDA:277,18,0,0
BRDA:277,18,1,0
BRDA:284,19,0,0
BRDA:284,19,1,0
BRDA:289,20,0,0
BRDA:289,20,1,0
BRDA:296,21,0,0
BRDA:296,21,1,0
BRDA:337,22,0,0
BRDA:337,22,1,0
BRDA:351,23,0,0
BRDA:351,23,1,0
[...]
BRH:0
end_of_record
TN:
SF:src/screens/Session/context/SessionContext.js
FN:19,getSessionUrl
FN:26,SessionProvider
FN:73,(anonymous_2)
FN:100,(anonymous_3)
FN:102,(anonymous_4)
FN:107,(anonymous_5)
FN:112,(anonymous_6)
FN:119,(anonymous_7)
FN:122,(anonymous_8)
FN:128,(anonymous_9)
FN:140,(anonymous_10)
FN:148,(anonymous_11)
FN:184,(anonymous_12)
FN:209,(anonymous_13)
FN:214,(anonymous_14)
FN:220,(anonymous_15)
FN:230,(anonymous_16)
FN:237,(anonymous_17)
FN:240,(anonymous_18)
FN:245,(anonymous_19)
FN:256,(anonymous_20)
FN:282,(anonymous_21)
FN:288,(anonymous_22)
FN:290,(anonymous_23)
FN:291,(anonymous_24)
FN:298,(anonymous_25)
FN:299,(anonymous_26)
FN:315,(anonymous_27)
FN:316,(anonymous_28)
FN:330,(anonymous_29)
FN:336,(anonymous_30)
FN:344,(anonymous_31)
FN:398,(anonymous_32)
FN:429,(anonymous_33)
FN:435,(anonymous_34)
FN:522,useSession
FNF:36
FNH:0
FNDA:0,getSessionUrl
FNDA:0,SessionProvider
FNDA:0,(anonymous_2)
FNDA:0,(anonymous_3)
FNDA:0,(anonymous_4)
FNDA:0,(anonymous_5)
FNDA:0,(anonymous_6)
FNDA:0,(anonymous_7)
FNDA:0,(anonymous_8)
FNDA:0,(anonymous_9)
FNDA:0,(anonymous_10)
FNDA:0,(anonymous_11)
FNDA:0,(anonymous_12)
FNDA:0,(anonymous_13)
FNDA:0,(anonymous_14)
FNDA:0,(anonymous_15)
FNDA:0,(anonymous_16)
FNDA:0,(anonymous_17)
FNDA:0,(anonymous_18)
FNDA:0,(anonymous_19)
FNDA:0,(anonymous_20)
FNDA:0,(anonymous_21)
FNDA:0,(anonymous_22)
FNDA:0,(anonymous_23)
FNDA:0,(anonymous_24)
FNDA:0,(anonymous_25)
FNDA:0,(anonymous_26)
FNDA:0,(anonymous_27)
FNDA:0,(anonymous_28)
FNDA:0,(anonymous_29)
FNDA:0,(anonymous_30)
FNDA:0,(anonymous_31)
FNDA:0,(anonymous_32)
FNDA:0,(anonymous_33)
FNDA:0,(anonymous_34)
FNDA:0,useSession
DA:17,0
DA:20,0
DA:23,0
DA:28,0
DA:29,0
DA:30,0
DA:31,0
DA:34,0
DA:35,0
DA:36,0
DA:37,0
DA:38,0
DA:39,0
DA:42,0
DA:43,0
DA:44,0
DA:45,0
DA:46,0
DA:47,0
DA:50,0
DA:51,0
DA:52,0
DA:53,0
DA:54,0
DA:57,0
DA:58,0
DA:59,0
DA:62,0
DA:63,0
DA:64,0
DA:65,0
DA:66,0
DA:67,0
DA:68,0
DA:69,0
DA:70,0
DA:73,0
DA:74,0
DA:76,0
DA:77,0
DA:86,0
DA:95,0
DA:101,0
DA:102,0
DA:103,0
DA:105,0
DA:108,0
DA:109,0
DA:110,0
DA:113,0
DA:114,0
DA:119,0
DA:120,0
DA:122,0
DA:123,0
DA:124,0
DA:125,0
DA:128,0
DA:129,0
DA:130,0
DA:136,0
DA:137,0
DA:140,0
DA:141,0
DA:142,0
DA:143,0
DA:148,0
DA:149,0
DA:151,0
DA:152,0
DA:155,0
DA:156,0
DA:164,0
DA:172,0
DA:178,0
DA:180,0
DA:182,0
DA:184,0
DA:188,0
DA:191,0
DA:193,0
DA:194,0
DA:209,0
DA:210,0
DA:214,0
DA:215,0
DA:216,0
DA:220,0
DA:221,0
DA:222,0
DA:230,0
DA:231,0
DA:232,0
DA:234,0
DA:236,0
DA:238,0
DA:241,0
DA:242,0
DA:243,0
DA:246,0
DA:247,0
DA:248,0
DA:253,0
DA:256,0
DA:261,0
DA:263,0
DA:264,0
DA:273,0
DA:275,0
DA:276,0
DA:279,0
DA:280,0
DA:281,0
DA:282,0
DA:284,0
DA:285,0
DA:288,0
DA:290,0
DA:291,0
DA:292,0
DA:297,0
DA:298,0
DA:299,0
DA:300,0
DA:305,0
DA:307,0
DA:308,0
DA:314,0
DA:315,0
DA:316,0
DA:317,0
DA:322,0
DA:325,0
DA:330,0
DA:331,0
DA:332,0
DA:336,0
DA:337,0
DA:338,0
DA:339,0
DA:340,0
DA:344,0
DA:345,0
DA:346,0
DA:347,0
DA:360,0
DA:362,0
DA:364,0
DA:365,0
DA:366,0
DA:367,0
DA:368,0
DA:369,0
DA:370,0
DA:371,0
DA:372,0
DA:373,0
DA:375,0
DA:376,0
DA:377,0
DA:380,0
DA:388,0
DA:398,0
DA:399,0
DA:400,0
DA:401,0
DA:402,0
DA:403,0
DA:404,0
DA:405,0
DA:407,0
DA:408,0
DA:409,0
DA:412,0
DA:420,0
DA:429,0
DA:430,0
DA:431,0
DA:435,0
DA:436,0
DA:439,0
DA:507,0
DA:512,0
DA:523,0
DA:524,0
DA:525,0
DA:527,0
LF:187
LH:0
BRDA:19,0,0,0
BRDA:20,1,0,0
BRDA:20,1,1,0
BRDA:62,2,0,0
BRDA:62,2,1,0
BRDA:63,3,0,0
BRDA:63,3,1,0
BRDA:64,4,0,0
BRDA:64,4,1,0
BRDA:65,5,0,0
BRDA:65,5,1,0
BRDA:66,6,0,0
BRDA:66,6,1,0
BRDA:76,7,0,0
BRDA:76,7,1,0
BRDA:101,8,0,0
BRDA:101,8,1,0
BRDA:103,9,0,0
BRDA:103,9,1,0
BRDA:113,10,0,0
BRDA:113,10,1,0
BRDA:120,11,0,0
BRDA:120,11,1,0
BRDA:129,12,0,0
BRDA:129,12,1,0
BRDA:141,13,0,0
BRDA:141,13,1,0
BRDA:141,14,0,0
BRDA:141,14,1,0
BRDA:141,14,2,0
BRDA:149,15,0,0
BRDA:149,15,1,0
BRDA:149,16,0,0
BRDA:149,16,1,0
BRDA:155,17,0,0
BRDA:155,17,1,0
BRDA:178,18,0,0
BRDA:178,18,1,0
BRDA:182,19,0,0
BRDA:182,19,1,0
BRDA:182,20,0,0
BRDA:182,20,1,0
BRDA:231,21,0,0
BRDA:231,21,1,0
BRDA:238,22,0,0
BRDA:238,22,1,0
BRDA:241,23,0,0
BRDA:241,23,1,0
BRDA:242,24,0,0
BRDA:242,24,1,0
BRDA:258,25,0,0
BRDA:259,26,0,0
BRDA:261,27,0,0
BRDA:261,27,1,0
BRDA:275,28,0,0
BRDA:275,28,1,0
BRDA:279,29,0,0
BRDA:279,29,1,0
BRDA:284,30,0,0
BRDA:284,30,1,0
BRDA:292,31,0,0
BRDA:292,31,1,0
BRDA:297,32,0,0
BRDA:297,32,1,0
BRDA:300,33,0,0
BRDA:300,33,1,0
BRDA:307,34,0,0
BRDA:307,34,1,0
BRDA:307,35,0,0
BRDA:307,35,1,0
BRDA:314,36,0,0
BRDA:314,36,1,0
BRDA:317,37,0,0
BRDA:317,37,1,0
BRDA:331,38,0,0
BRDA:331,38,1,0
BRDA:332,39,0,0
BRDA:332,39,1,0
BRDA:355,40,0,0
BRDA:355,40,1,0
BRDA:360,41,0,0
BRDA:360,41,1,0
BRDA:371,42,0,0
BRDA:371,42,1,0
BRDA:373,43,0,0
BRDA:373,43,1,0
BRDA:376,44,0,0
BRDA:376,44,1,0
BRDA:403,45,0,0
BRDA:403,45,1,0
BRDA:405,46,0,0
BRDA:405,46,1,0
BRDA:408,47,0,0
BRDA:408,47,1,0
BRDA:524,48,0,0
BRDA:524,48,1,0
BRF:96
BRH:0
end_of_record
TN:
SF:src/screens/Session/data/stepTypes.js
FNF:0
FNH:0
DA:5,0
DA:14,0
LF:2
LH:0
BRF:0
BRH:0
end_of_record
TN:
SF:src/screens/Session/hooks/useTools.js
FN:6,useTools
FN:29,(anonymous_1)
FN:40,(anonymous_2)
FN:51,(anonymous_3)
FN:62,(anonymous_4)
FN:63,(anonymous_5)
FN:69,(anonymous_6)
FN:77,(anonymous_7)
FNF:8
FNH:0
FNDA:0,useTools
FNDA:0,(anonymous_1)
FNDA:0,(anonymous_2)
FNDA:0,(anonymous_3)
FNDA:0,(anonymous_4)
FNDA:0,(anonymous_5)
FNDA:0,(anonymous_6)
FNDA:0,(anonymous_7)
DA:8,0
DA:9,0
DA:10,0
DA:13,0
DA:14,0
DA:15,0
DA:18,0
DA:19,0
DA:20,0
DA:23,0
DA:26,0
DA:29,0
DA:30,0
DA:31,0
DA:32,0
DA:33,0
DA:34,0
DA:35,0
DA:36,0
DA:40,0
DA:41,0
DA:42,0
DA:43,0
DA:45,0
DA:46,0
DA:51,0
DA:52,0
DA:53,0
DA:54,0
DA:56,0
DA:57,0
DA:62,0
DA:63,0
DA:64,0
DA:69,0
DA:70,0
DA:71,0
DA:72,0
DA:77,0
DA:78,0
DA:79,0
DA:82,0
LF:42
LH:0
BRDA:41,0,0,0
BRDA:41,0,1,0
BRDA:52,1,0,0
BRDA:52,1,1,0
BRDA:70,2,0,0
BRDA:70,2,1,0
BRF:6
BRH:0
end_of_record
TN:
SF:src/screens/TuneMastery/index.js
FN:32,TuneMasteryScreen
FN:66,(anonymous_1)
FN:75,(anonymous_2)
FN:92,(anonymous_3)
FN:140,(anonymous_4)
FN:155,(anonymous_5)
FN:164,(anonymous_6)
FN:172,(anonymous_7)
FN:182,(anonymous_8)
FN:191,(anonymous_9)
FN:228,(anonymous_10)
FN:237,(anonymous_11)
FN:277,(anonymous_12)
FN:288,(anonymous_13)
FN:333,(anonymous_14)
FN:337,(anonymous_15)
FN:339,(anonymous_16)
FN:358,(anonymous_17)
FN:363,(anonymous_18)
FN:367,(anonymous_19)
FN:383,(anonymous_20)
FN:413,(anonymous_21)
FNF:22
FNH:9
FNDA:18,TuneMasteryScreen
FNDA:12,(anonymous_1)
FNDA:1,(anonymous_2)
FNDA:0,(anonymous_3)
FNDA:0,(anonymous_4)
FNDA:0,(anonymous_5)
FNDA:0,(anonymous_6)
FNDA:0,(anonymous_7)
FNDA:0,(anonymous_8)
FNDA:0,(anonymous_9)
FNDA:1,(anonymous_10)
FNDA:1,(anonymous_11)
FNDA:2,(anonymous_12)
FNDA:0,(anonymous_13)
FNDA:2,(anonymous_14)
FNDA:16,(anonymous_15)
FNDA:2,(anonymous_16)
FNDA:0,(anonymous_17)
FNDA:0,(anonymous_18)
FNDA:0,(anonymous_19)
FNDA:0,(anonymous_20)
FNDA:0,(anonymous_21)
DA:50,18
DA:53,18
DA:56,18
DA:57,18
DA:58,18
DA:59,18
DA:60,18
DA:61,18
DA:62,18
DA:63,18
DA:66,18
DA:67,12
DA:68,0
DA:69,0
DA:70,0
DA:75,18
DA:76,1
DA:77,1
DA:78,0
DA:79,0
DA:81,1
DA:82,1
DA:83,1
DA:84,1
DA:85,1
DA:87,1
DA:92,18
DA:93,0
DA:94,0
DA:95,0
DA:96,0
DA:97,0
DA:100,0
DA:101,0
DA:102,0
DA:103,0
DA:104,0
DA:106,0
DA:107,0
DA:108,0
DA:112,0
DA:121,0
DA:122,0
DA:123,0
DA:126,0
DA:127,0
DA:139,18
DA:141,0
DA:142,0
DA:146,0
DA:147,0
DA:148,0
DA:149,0
DA:155,18
DA:156,0
DA:157,0
DA:158,0
DA:159,0
DA:163,18
DA:165,0
DA:172,0
DA:181,18
DA:183,0
DA:191,0
DA:199,18
DA:200,1
DA:210,17
DA:211,1
DA:221,16
DA:228,1
DA:237,1
DA:277,2
DA:288,0
DA:333,2
DA:338,16
DA:339,2
DA:341,16
DA:358,0
DA:363,0
DA:367,0
DA:384,0
DA:385,0
DA:413,0
DA:423,1
LF:84
LH:39
BRDA:67,0,0,0
BRDA:67,0,1,12
BRDA:67,1,0,12
BRDA:67,1,1,0
BRDA:77,2,0,0
BRDA:77,2,1,1
BRDA:97,3,0,0
BRDA:97,3,1,0
BRDA:100,4,0,0
BRDA:100,4,1,0
BRDA:100,5,0,0
BRDA:100,5,1,0
BRDA:102,6,0,0
BRDA:102,6,1,0
BRDA:106,7,0,0
BRDA:106,7,1,0
BRDA:107,8,0,0
BRDA:107,8,1,0
BRDA:126,9,0,0
BRDA:126,9,1,0
BRDA:126,10,0,0
BRDA:126,10,1,0
BRDA:141,11,0,0
BRDA:141,11,1,0
BRDA:141,12,0,0
BRDA:141,12,1,0
BRDA:199,13,0,1
BRDA:199,13,1,17
BRDA:210,14,0,1
BRDA:210,14,1,16
BRDA:285,15,0,16
BRDA:285,15,1,1
BRDA:289,16,0,0
BRDA:289,16,1,1
BRDA:293,17,0,0
BRDA:293,17,1,1
BRDA:299,18,0,16
BRDA:299,18,1,0
BRDA:311,19,0,16
BRDA:311,19,1,16
BRDA:333,20,0,16
BRDA:333,20,1,16
BRDA:342,21,0,16
BRDA:342,21,1,16
BRDA:343,22,0,16
BRDA:343,22,1,16
BRDA:344,23,0,16
BRDA:344,23,1,16
BRDA:394,24,0,16
BRDA:394,24,1,1
BRDA:399,25,0,1
BRDA:399,25,1,15
BRF:52
BRH:26
end_of_record
TN:
SF:src/screens/TuneMastery/styles.js
FNF:0
FNH:0
DA:6,1
LF:1
LH:1
BRF:0
BRH:0
end_of_record
TN:
SF:src/screens/TuneMastery/components/KeyBadge.js
FN:8,KeyBadge
FN:18,(anonymous_1)
FNF:2
FNH:2
FNDA:52,KeyBadge
FNDA:104,(anonymous_1)
DA:8,2
DA:14,52
DA:15,52
DA:18,52
DA:19,104
DA:20,42
DA:21,34
DA:22,22
DA:23,8
DA:24,0
DA:25,0
DA:28,52
DA:43,2
DA:52,2
LF:14
LH:12
BRDA:12,0,0,3
BRDA:19,1,0,62
BRDA:19,1,1,42
BRDA:20,2,0,8
BRDA:20,2,1,34
BRDA:21,3,0,12
BRDA:21,3,1,22
BRDA:22,4,0,14
BRDA:22,4,1,8
BRDA:23,5,0,8
BRDA:23,5,1,0
BRDA:24,6,0,0
BRDA:24,6,1,0
BRDA:32,7,0,21
BRDA:32,7,1,31
BRDA:32,8,0,4
BRDA:32,8,1,17
BRDA:37,9,0,21
BRDA:37,9,1,31
BRF:19
BRH:16
end_of_record
TN:
SF:src/screens/TuneMastery/components/PracticePanel.js
FN:188,PracticePanel
FN:237,(anonymous_1)
FN:242,(anonymous_2)
FN:243,(anonymous_3)
FN:267,(anonymous_4)
FN:281,(anonymous_5)
FN:282,(anonymous_6)
FN:317,(anonymous_7)
FN:341,(anonymous_8)
FN:349,(anonymous_9)
FN:377,(anonymous_10)
FN:385,(anonymous_11)
FN:483,(anonymous_12)
FN:496,(anonymous_13)
FN:504,(anonymous_14)
FN:512,(anonymous_15)
FN:520,(anonymous_16)
FN:535,(anonymous_17)
FN:549,(anonymous_18)
FN:591,(anonymous_19)
FNF:20
FNH:7
FNDA:19,PracticePanel
FNDA:16,(anonymous_1)
FNDA:3,(anonymous_2)
FNDA:3,(anonymous_3)
FNDA:0,(anonymous_4)
FNDA:0,(anonymous_5)
FNDA:0,(anonymous_6)
FNDA:0,(anonymous_7)
FNDA:0,(anonymous_8)
FNDA:0,(anonymous_9)
FNDA:0,(anonymous_10)
FNDA:0,(anonymous_11)
FNDA:0,(anonymous_12)
FNDA:1,(anonymous_13)
FNDA:0,(anonymous_14)
FNDA:0,(anonymous_15)
FNDA:2,(anonymous_16)
FNDA:5,(anonymous_17)
FNDA:0,(anonymous_18)
FNDA:0,(anonymous_19)
DA:30,1
DA:197,19
DA:200,19
DA:201,19
DA:202,19
DA:205,19
DA:208,19
DA:211,19
DA:212,19
DA:213,19
DA:214,19
DA:217,19
DA:218,19
DA:219,19
DA:222,19
DA:229,19
DA:232,19
DA:237,19
DA:238,16
DA:239,16
DA:242,19
DA:243,3
DA:246,19
DA:267,0
DA:282,0
DA:317,0
DA:342,0
DA:343,0
DA:344,0
DA:346,0
DA:351,0
DA:352,0
DA:378,0
DA:379,0
DA:380,0
DA:382,0
DA:387,0
DA:388,0
DA:483,0
DA:496,1
DA:504,0
DA:512,0
DA:520,2
DA:535,5
DA:549,0
DA:591,0
DA:605,1
DA:617,1
LF:48
LH:28
BRDA:197,0,0,19
BRDA:197,0,1,0
BRDA:206,1,0,19
BRDA:206,1,1,16
BRDA:208,2,0,19
BRDA:208,2,1,18
BRDA:217,3,0,19
BRDA:217,3,1,0
BRDA:218,4,0,19
BRDA:218,4,1,0
BRDA:219,5,0,19
BRDA:219,5,1,0
BRDA:229,6,0,19
BRDA:229,6,1,0
BRDA:263,7,0,3
BRDA:263,7,1,16
BRDA:263,8,0,19
BRDA:263,8,1,16
BRDA:279,9,0,3
BRDA:279,9,1,0
BRDA:285,10,0,0
BRDA:285,10,1,3
BRDA:289,11,0,0
BRDA:289,11,1,3
BRDA:315,12,0,19
BRDA:315,12,1,0
BRDA:319,13,0,0
BRDA:319,13,1,19
BRDA:327,14,0,19
BRDA:327,14,1,0
BRDA:338,15,0,19
BRDA:338,15,1,19
BRDA:338,15,2,3
BRDA:342,16,0,0
BRDA:342,16,1,0
BRDA:355,17,0,0
BRDA:355,17,1,19
BRDA:363,18,0,19
BRDA:363,18,1,19
BRDA:363,18,2,3
BRDA:375,19,0,19
BRDA:375,19,1,19
BRDA:375,19,2,1
BRDA:378,20,0,0
BRDA:378,20,1,0
BRDA:391,21,0,0
BRDA:391,21,1,19
BRDA:399,22,0,19
BRDA:399,22,1,19
BRDA:399,22,2,1
BRDA:408,23,0,19
BRDA:408,23,1,0
BRDA:411,24,0,0
BRDA:411,24,1,0
BRDA:412,25,0,0
BRDA:412,25,1,0
BRDA:417,26,0,19
BRDA:417,26,1,3
BRDA:422,27,0,3
BRDA:422,27,1,3
BRDA:424,28,0,0
BRDA:424,28,1,3
BRDA:427,29,0,0
BRDA:427,29,1,3
BRDA:446,30,0,19
BRDA:446,30,1,1
BRDA:451,31,0,1
BRDA:451,31,1,1
BRDA:453,32,0,0
BRDA:453,32,1,1
BRDA:456,33,0,0
BRDA:456,33,1,1
BRDA:531,34,0,19
BRDA:531,34,1,19
BRDA:531,34,2,19
BRDA:531,34,3,19
BRDA:712,35,0,1
BRDA:712,35,1,0
BRDA:718,36,0,1
BRDA:718,36,1,0
BRF:80
BRH:52
end_of_record
TN:
SF:src/screens/TuneMastery/components/SelectionPanel.js
FN:16,SelectionPanel
FN:28,(anonymous_1)
FN:31,(anonymous_2)
FN:36,(anonymous_3)
FN:38,(anonymous_4)
FN:43,(anonymous_5)
FN:44,(anonymous_6)
FN:45,(anonymous_7)
FN:46,(anonymous_8)
FN:117,(anonymous_9)
FN:118,(anonymous_10)
FN:124,(anonymous_11)
FN:157,(anonymous_12)
FN:159,(anonymous_13)
FN:165,(anonymous_14)
FNF:15
FNH:5
FNDA:22,SelectionPanel
FNDA:11,(anonymous_1)
FNDA:16,(anonymous_2)
FNDA:16,(anonymous_3)
FNDA:192,(anonymous_4)
FNDA:0,(anonymous_5)
FNDA:0,(anonymous_6)
FNDA:0,(anonymous_7)
FNDA:0,(anonymous_8)
FNDA:0,(anonymous_9)
FNDA:0,(anonymous_10)
FNDA:0,(anonymous_11)
FNDA:0,(anonymous_12)
FNDA:0,(anonymous_13)
FNDA:0,(anonymous_14)
DA:16,2
DA:25,22
DA:26,22
DA:28,22
DA:30,22
DA:31,16
DA:35,22
DA:36,16
DA:38,192
DA:43,22
DA:44,22
DA:45,22
DA:46,22
DA:48,22
DA:117,0
DA:119,0
DA:125,0
DA:126,0
DA:157,0
DA:160,0
DA:166,0
DA:167,0
DA:190,2
DA:205,2
LF:24
LH:16
BRDA:57,0,0,22
BRDA:57,0,1,21
BRDA:61,1,0,22
BRDA:61,1,1,21
BRDA:73,2,0,22
BRDA:73,2,1,22
BRDA:77,3,0,22
BRDA:77,3,1,22
BRDA:86,4,0,21
BRDA:86,4,1,1
BRDA:91,5,0,22
BRDA:91,5,1,16
BRDA:117,6,0,0
BRDA:117,6,1,0
BRDA:122,7,0,0
BRDA:122,7,1,0
BRDA:130,8,0,0
BRDA:130,8,1,0
BRDA:157,9,0,0
BRDA:157,9,1,0
BRDA:163,10,0,0
BRDA:163,10,1,0
BRDA:173,11,0,0
BRDA:173,11,1,0
BRF:24
BRH:12
end_of_record
TN:
SF:src/screens/TuneMastery/components/SettingsModal.js
FN:20,SettingsModal
FN:40,(anonymous_1)
FN:50,(anonymous_2)
FN:80,(anonymous_3)
FN:83,(anonymous_4)
FN:120,(anonymous_5)
FN:150,(anonymous_6)
FN:169,(anonymous_7)
FN:195,(anonymous_8)
FN:214,(anonymous_9)
FN:243,(anonymous_10)
FN:263,(anonymous_11)
FNF:12
FNH:4
FNDA:27,SettingsModal
FNDA:19,(anonymous_1)
FNDA:1,(anonymous_2)
FNDA:0,(anonymous_3)
FNDA:0,(anonymous_4)
FNDA:0,(anonymous_5)
FNDA:0,(anonymous_6)
FNDA:0,(anonymous_7)
FNDA:0,(anonymous_8)
FNDA:0,(anonymous_9)
FNDA:1,(anonymous_10)
FNDA:0,(anonymous_11)
DA:20,2
DA:27,27
DA:28,27
DA:29,27
DA:32,27
DA:35,27
DA:36,27
DA:37,27
DA:40,27
DA:41,19
DA:42,8
DA:43,8
DA:44,8
DA:45,8
DA:46,8
DA:50,27
DA:51,1
DA:52,1
DA:54,0
DA:55,0
DA:57,1
DA:58,1
DA:59,1
DA:66,1
DA:68,1
DA:80,27
DA:81,0
DA:83,0
DA:84,0
DA:85,0
DA:86,0
DA:87,0
DA:89,0
DA:93,0
DA:94,0
DA:95,0
DA:98,0
DA:108,27
DA:120,0
DA:150,0
DA:169,0
DA:195,0
DA:214,0
DA:243,1
DA:263,0
DA:340,2
DA:354,2
LF:47
LH:28
BRDA:27,0,0,27
BRDA:27,0,1,0
BRDA:28,1,0,27
BRDA:28,1,1,0
BRDA:30,2,0,27
BRDA:30,2,1,0
BRDA:33,3,0,27
BRDA:33,3,1,27
BRDA:35,4,0,27
BRDA:35,4,1,27
BRDA:41,5,0,8
BRDA:41,5,1,11
BRDA:42,6,0,8
BRDA:42,6,1,0
BRDA:43,7,0,8
BRDA:43,7,1,0
BRDA:44,8,0,8
BRDA:44,8,1,0
BRDA:45,9,0,8
BRDA:45,9,1,8
BRDA:46,10,0,8
BRDA:46,10,1,8
BRDA:52,11,0,0
BRDA:52,11,1,1
BRDA:52,12,0,1
BRDA:52,12,1,1
BRDA:52,12,2,1
BRDA:93,13,0,0
BRDA:93,13,1,0
BRDA:94,14,0,0
BRDA:94,14,1,0
BRDA:148,15,0,27
BRDA:148,15,1,27
BRDA:158,16,0,27
BRDA:158,16,1,27
BRDA:167,17,0,27
BRDA:167,17,1,0
BRDA:177,18,0,27
BRDA:177,18,1,0
BRDA:193,19,0,27
BRDA:193,19,1,27
BRDA:203,20,0,27
BRDA:203,20,1,27
BRDA:212,21,0,27
BRDA:212,21,1,0
BRDA:222,22,0,27
BRDA:222,22,1,0
BRDA:241,23,0,27
BRDA:241,23,1,1
BRDA:244,24,0,1
BRDA:244,24,1,26
BRDA:252,25,0,27
BRDA:252,25,1,1
BRDA:255,26,0,1
BRDA:255,26,1,26
BRDA:261,27,0,27
BRDA:261,27,1,0
BRDA:264,28,0,0
BRDA:264,28,1,27
BRDA:272,29,0,27
BRDA:272,29,1,0
BRDA:275,30,0,0
BRDA:275,30,1,27
BRDA:290,31,0,27
BRDA:290,31,1,26
BRDA:290,31,2,1
BRDA:293,32,0,27
BRDA:293,32,1,26
BRDA:298,33,0,0
BRDA:298,33,1,27
BRDA:311,34,0,27
BRDA:311,34,1,26
BRDA:320,35,0,27
BRDA:320,35,1,26
BRDA:320,35,2,1
BRDA:323,36,0,27
BRDA:323,36,1,26
BRDA:327,37,0,1
BRDA:327,37,1,26
BRF:79
BRH:59
end_of_record
TN:
SF:src/screens/TuneMastery/components/TuneCard.js
FN:21,TuneCard
FN:45,(anonymous_1)
FN:50,(anonymous_2)
FN:59,(anonymous_3)
FN:67,(anonymous_4)
FN:76,(anonymous_5)
FN:84,(anonymous_6)
FN:136,(anonymous_7)
FN:158,(anonymous_8)
FN:184,(anonymous_9)
FN:217,(anonymous_10)
FN:224,(anonymous_11)
FN:244,(anonymous_12)
FN:251,(anonymous_13)
FNF:14
FNH:3
FNDA:15,TuneCard
FNDA:180,(anonymous_1)
FNDA:0,(anonymous_2)
FNDA:0,(anonymous_3)
FNDA:0,(anonymous_4)
FNDA:0,(anonymous_5)
FNDA:0,(anonymous_6)
FNDA:0,(anonymous_7)
FNDA:0,(anonymous_8)
FNDA:48,(anonymous_9)
FNDA:0,(anonymous_10)
FNDA:0,(anonymous_11)
FNDA:0,(anonymous_12)
FNDA:0,(anonymous_13)
DA:18,2
DA:19,2
DA:21,2
DA:37,15
DA:38,15
DA:39,15
DA:44,15
DA:45,180
DA:47,15
DA:48,15
DA:50,15
DA:51,0
DA:52,0
DA:54,0
DA:56,0
DA:59,15
DA:60,0
DA:61,0
DA:62,0
DA:66,15
DA:68,0
DA:69,0
DA:75,15
DA:77,0
DA:78,0
DA:84,15
DA:85,0
DA:86,0
DA:90,15
DA:137,0
DA:138,0
DA:159,0
DA:160,0
DA:185,48
DA:218,0
DA:224,0
DA:245,0
DA:251,0
DA:307,2
DA:331,2
LF:40
LH:19
BRDA:27,0,0,6
BRDA:35,1,0,7
BRDA:40,2,0,7
BRDA:40,2,1,8
BRDA:40,3,0,15
BRDA:40,3,1,15
BRDA:45,4,0,180
BRDA:45,4,1,132
BRDA:51,5,0,0
BRDA:51,5,1,0
BRDA:51,6,0,0
BRDA:51,6,1,0
BRDA:60,7,0,0
BRDA:60,7,1,0
BRDA:61,8,0,0
BRDA:61,8,1,0
BRDA:61,9,0,0
BRDA:61,9,1,0
BRDA:61,9,2,0
BRDA:68,10,0,0
BRDA:68,10,1,0
BRDA:77,11,0,0
BRDA:77,11,1,0
BRDA:85,12,0,0
BRDA:85,12,1,0
BRDA:85,13,0,0
BRDA:85,13,1,0
BRDA:91,14,0,15
BRDA:91,14,1,0
BRDA:101,15,0,4
BRDA:101,15,1,11
BRDA:105,16,0,4
BRDA:105,16,1,11
BRDA:107,17,0,0
BRDA:107,17,1,15
BRDA:129,18,0,15
BRDA:129,18,1,14
BRDA:134,19,0,14
BRDA:134,19,1,10
BRDA:147,20,0,14
BRDA:147,20,1,10
BRDA:156,21,0,14
BRDA:156,21,1,9
BRDA:169,22,0,14
BRDA:169,22,1,9
BRDA:180,23,0,15
BRDA:180,23,1,4
BRDA:188,24,0,48
BRDA:188,24,1,29
BRDA:189,25,0,48
BRDA:189,25,1,29
BRDA:196,26,0,4
BRDA:196,26,1,3
BRDA:196,26,2,0
BRDA:222,27,0,0
BRDA:222,27,1,0
BRDA:229,28,0,0
BRDA:229,28,1,0
BRDA:249,29,0,0
BRDA:249,29,1,0
BRDA:256,30,0,0
BRDA:256,30,1,0
BRDA:271,31,0,1
BRDA:271,31,1,3
BRF:64
BRH:34
end_of_record
TN:
SF:src/screens/TuneMastery/components/TuneList.js
FN:9,TuneList
FN:22,(anonymous_1)
FN:23,(anonymous_2)
FN:53,(anonymous_3)
FN:58,(anonymous_4)
FN:62,(anonymous_5)
FN:63,(anonymous_6)
FN:64,(anonymous_7)
FN:65,(anonymous_8)
FN:66,(anonymous_9)
FN:67,(anonymous_10)
FN:70,(anonymous_11)
FNF:12
FNH:5
FNDA:15,TuneList
FNDA:1,(anonymous_1)
FNDA:1,(anonymous_2)
FNDA:8,(anonymous_3)
FNDA:1,(anonymous_4)
FNDA:0,(anonymous_5)
FNDA:0,(anonymous_6)
FNDA:0,(anonymous_7)
FNDA:0,(anonymous_8)
FNDA:0,(anonymous_9)
FNDA:0,(anonymous_10)
FNDA:0,(anonymous_11)
DA:9,2
DA:20,15
DA:22,15
DA:23,1
DA:26,15
DA:27,11
DA:47,4
DA:54,8
DA:58,1
DA:62,0
DA:63,0
DA:64,0
DA:65,0
DA:66,0
DA:67,0
DA:70,0
DA:80,2
DA:100,2
LF:18
LH:11
BRDA:11,0,0,14
BRDA:18,1,0,5
BRDA:23,2,0,0
BRDA:23,2,1,1
BRDA:26,3,0,11
BRDA:26,3,1,4
BRDA:32,4,0,1
BRDA:32,4,1,10
BRDA:39,5,0,1
BRDA:39,5,1,10
BRDA:51,6,0,0
BRDA:51,6,1,4
BRDA:51,7,0,0
BRDA:51,7,1,4
BRDA:62,8,0,8
BRDA:62,8,1,0
BRDA:63,9,0,8
BRDA:63,9,1,0
BRDA:64,10,0,8
BRDA:64,10,1,0
BRDA:65,11,0,0
BRDA:65,11,1,8
BRDA:66,12,0,0
BRDA:66,12,1,8
BRDA:67,13,0,8
BRDA:67,13,1,0
BRDA:69,14,0,0
BRDA:69,14,1,8
BRF:28
BRH:18
end_of_record
TN:
SF:src/screens/TuneMastery/components/Tuner.js
FN:16,Tuner
FN:25,(anonymous_1)
FN:52,(anonymous_2)
FN:66,(anonymous_3)
FN:67,(anonymous_4)
FN:75,(anonymous_5)
FN:85,(anonymous_6)
FNF:7
FNH:0
FNDA:0,Tuner
FNDA:0,(anonymous_1)
FNDA:0,(anonymous_2)
FNDA:0,(anonymous_3)
FNDA:0,(anonymous_4)
FNDA:0,(anonymous_5)
FNDA:0,(anonymous_6)
DA:14,1
DA:16,1
DA:20,0
DA:21,0
DA:22,0
DA:23,0
DA:25,0
DA:26,0
DA:27,0
DA:28,0
DA:29,0
DA:30,0
DA:31,0
DA:33,0
DA:34,0
DA:35,0
DA:45,0
DA:52,0
DA:53,0
DA:54,0
DA:55,0
DA:56,0
DA:57,0
DA:58,0
DA:60,0
DA:61,0
DA:66,0
DA:67,0
DA:68,0
DA:69,0
DA:75,0
DA:76,0
DA:77,0
DA:78,0
DA:79,0
DA:80,0
DA:81,0
DA:85,0
DA:86,0
DA:87,0
DA:90,0
DA:178,1
DA:183,1
LF:43
LH:4
BRDA:17,0,0,0
BRDA:18,1,0,0
BRDA:26,2,0,0
BRDA:26,2,1,0
BRDA:26,3,0,0
BRDA:26,3,1,0
BRDA:53,4,0,0
BRDA:53,4,1,0
BRDA:68,5,0,0
BRDA:68,5,1,0
BRDA:77,6,0,0
BRDA:77,6,1,0
BRDA:78,7,0,0
BRDA:78,7,1,0
BRDA:79,8,0,0
BRDA:79,8,1,0
BRDA:80,9,0,0
BRDA:80,9,1,0
BRDA:94,10,0,0
BRDA:94,10,1,0
BRDA:96,11,0,0
BRDA:96,11,1,0
BRDA:99,12,0,0
BRDA:99,12,1,0
BRDA:101,13,0,0
BRDA:101,13,1,0
BRDA:106,14,0,0
BRDA:106,14,1,0
BRDA:109,15,0,0
BRDA:109,15,1,0
BRDA:111,16,0,0
BRDA:111,16,1,0
BRDA:137,17,0,0
BRDA:137,17,1,0
BRDA:140,18,0,0
BRDA:140,18,1,0
BRDA:149,19,0,0
BRDA:149,19,1,0
BRDA:152,20,0,0
BRDA:152,20,1,0
BRDA:156,21,0,0
BRDA:156,21,1,0
BRDA:159,22,0,0
BRDA:159,22,1,0
BRDA:161,23,0,0
BRDA:161,23,1,0
BRDA:172,24,0,0
BRDA:172,24,1,0
BRF:48
BRH:0
end_of_record
