TN:
SF:src/screens/Session/SessionScreenContent.js
FN:33,SessionScreenContent
FN:128,(anonymous_1)
FN:151,(anonymous_2)
FN:174,(anonymous_3)
FN:182,(anonymous_4)
FN:207,(anonymous_5)
FN:278,(anonymous_6)
FN:480,(anonymous_7)
FN:508,(anonymous_8)
FN:511,(anonymous_9)
FN:521,(anonymous_10)
FN:528,(anonymous_11)
FNF:12
FNH:0
FNDA:0,SessionScreenContent
FNDA:0,(anonymous_1)
FNDA:0,(anonymous_2)
FNDA:0,(anonymous_3)
FNDA:0,(anonymous_4)
FNDA:0,(anonymous_5)
FNDA:0,(anonymous_6)
FNDA:0,(anonymous_7)
FNDA:0,(anonymous_8)
FNDA:0,(anonymous_9)
FNDA:0,(anonymous_10)
FNDA:0,(anonymous_11)
DA:82,0
DA:106,0
DA:109,0
DA:112,0
DA:113,0
DA:122,0
DA:123,0
DA:128,0
DA:139,0
DA:144,0
DA:151,0
DA:161,0
DA:164,0
DA:167,0
DA:171,0
DA:174,0
DA:175,0
DA:182,0
DA:183,0
DA:184,0
DA:186,0
DA:187,0
DA:188,0
DA:189,0
DA:192,0
DA:207,0
DA:208,0
DA:209,0
DA:210,0
DA:212,0
DA:213,0
DA:214,0
DA:221,0
DA:222,0
DA:223,0
DA:226,0
DA:227,0
DA:229,0
DA:230,0
DA:231,0
DA:234,0
DA:235,0
DA:241,0
DA:242,0
DA:243,0
DA:245,0
DA:247,0
DA:248,0
DA:249,0
DA:251,0
DA:252,0
DA:255,0
DA:256,0
DA:257,0
DA:258,0
DA:260,0
DA:265,0
DA:268,0
DA:278,0
DA:279,0
DA:281,0
DA:283,0
DA:284,0
DA:286,0
DA:287,0
DA:288,0
DA:291,0
DA:304,0
DA:318,0
DA:319,0
DA:365,0
DA:480,0
DA:508,0
DA:512,0
DA:513,0
DA:514,0
DA:521,0
DA:528,0
DA:551,0
LF:79
LH:0
BRDA:112,0,0,0
BRDA:112,0,1,0
BRDA:122,1,0,0
BRDA:122,1,1,0
BRDA:139,2,0,0
BRDA:139,2,1,0
BRDA:140,3,0,0
BRDA:140,3,1,0
BRDA:140,3,2,0
BRDA:171,4,0,0
BRDA:171,4,1,0
BRDA:187,5,0,0
BRDA:187,5,1,0
BRDA:197,6,0,0
BRDA:197,6,1,0
BRDA:212,7,0,0
BRDA:212,7,1,0
BRDA:212,8,0,0
BRDA:212,8,1,0
BRDA:215,9,0,0
BRDA:215,9,1,0
BRDA:216,10,0,0
BRDA:216,10,1,0
BRDA:217,11,0,0
BRDA:217,11,1,0
BRDA:221,12,0,0
BRDA:221,12,1,0
BRDA:234,13,0,0
BRDA:234,13,1,0
BRDA:241,14,0,0
BRDA:241,14,1,0
BRDA:241,15,0,0
BRDA:241,15,1,0
BRDA:241,15,2,0
BRDA:245,16,0,0
BRDA:245,16,1,0
BRDA:249,17,0,0
BRDA:249,17,1,0
BRDA:255,18,0,0
BRDA:255,18,1,0
BRDA:281,19,0,0
BRDA:281,19,1,0
BRDA:284,20,0,0
BRDA:284,20,1,0
BRDA:287,21,0,0
BRDA:287,21,1,0
BRDA:296,22,0,0
BRDA:296,22,1,0
BRDA:309,23,0,0
BRDA:309,23,1,0
BRDA:318,24,0,0
BRDA:318,24,1,0
BRDA:396,25,0,0
BRDA:396,25,1,0
BRDA:396,25,2,0
BRDA:400,26,0,0
BRDA:400,26,1,0
BRDA:404,27,0,0
BRDA:404,27,1,0
BRDA:407,28,0,0
BRDA:407,28,1,0
BRDA:410,29,0,0
BRDA:410,29,1,0
BRDA:444,30,0,0
BRDA:444,30,1,0
BRDA:451,31,0,0
BRDA:451,31,1,0
BRDA:510,32,0,0
BRDA:510,32,1,0
BRDA:615,33,0,0
BRDA:615,33,1,0
BRF:71
BRH:0
end_of_record
TN:
SF:src/screens/Session/index.js
FN:19,SessionScreen
FNF:1
FNH:0
FNDA:0,SessionScreen
DA:20,0
DA:29,0
LF:2
LH:0
BRF:0
BRH:0
end_of_record
TN:
SF:src/screens/Session/components/CurriculumSteps.js
FN:10,CurriculumSteps
FN:21,(anonymous_1)
FN:28,(anonymous_2)
FN:39,(anonymous_3)
FN:65,(anonymous_4)
FNF:5
FNH:0
FNDA:0,CurriculumSteps
FNDA:0,(anonymous_1)
FNDA:0,(anonymous_2)
FNDA:0,(anonymous_3)
FNDA:0,(anonymous_4)
DA:17,0
DA:18,0
DA:21,0
DA:28,0
DA:35,0
DA:40,0
DA:41,0
DA:42,0
DA:43,0
DA:45,0
DA:65,0
DA:76,0
LF:12
LH:0
BRDA:17,0,0,0
BRDA:17,0,1,0
BRDA:23,1,0,0
BRDA:23,1,1,0
BRDA:24,2,0,0
BRDA:24,2,1,0
BRDA:24,2,2,0
BRDA:25,3,0,0
BRDA:25,3,1,0
BRDA:25,3,2,0
BRDA:30,4,0,0
BRDA:30,4,1,0
BRDA:31,5,0,0
BRDA:31,5,1,0
BRDA:31,5,2,0
BRDA:32,6,0,0
BRDA:32,6,1,0
BRDA:32,6,2,0
BRDA:42,7,0,0
BRDA:42,7,1,0
BRDA:43,8,0,0
BRDA:43,8,1,0
BRDA:52,9,0,0
BRDA:52,9,1,0
BRDA:56,10,0,0
BRDA:56,10,1,0
BRDA:62,11,0,0
BRDA:62,11,1,0
BRDA:62,11,2,0
BRF:29
BRH:0
end_of_record
TN:
SF:src/screens/Session/components/FocusCard.js
FN:12,FocusCard
FNF:1
FNH:0
FNDA:0,FocusCard
DA:13,0
DA:44,0
LF:2
LH:0
BRDA:17,0,0,0
BRDA:17,0,1,0
BRDA:27,1,0,0
BRDA:27,1,1,0
BRDA:35,2,0,0
BRDA:35,2,1,0
BRF:6
BRH:0
end_of_record
TN:
SF:src/screens/Session/components/MaterialCard.js
FN:16,MaterialCard
FNF:1
FNH:0
FNDA:0,MaterialCard
DA:17,0
DA:60,0
LF:2
LH:0
BRDA:23,0,0,0
BRDA:23,0,1,0
BRDA:26,1,0,0
BRDA:26,1,1,0
BRDA:34,2,0,0
BRDA:34,2,1,0
BRDA:34,3,0,0
BRDA:34,3,1,0
BRDA:47,4,0,0
BRDA:47,4,1,0
BRF:10
BRH:0
end_of_record
TN:
SF:src/screens/Session/components/ReflectionModal.js
FN:16,ReflectionModal
FN:32,(anonymous_1)
FN:34,(anonymous_2)
FN:37,(anonymous_3)
FN:73,(anonymous_4)
FN:76,(anonymous_5)
FNF:6
FNH:0
FNDA:0,ReflectionModal
FNDA:0,(anonymous_1)
FNDA:0,(anonymous_2)
FNDA:0,(anonymous_3)
FNDA:0,(anonymous_4)
FNDA:0,(anonymous_5)
DA:32,0
DA:33,0
DA:35,0
DA:37,0
DA:58,0
DA:74,0
DA:76,0
DA:162,0
LF:8
LH:0
BRDA:40,0,0,0
BRDA:40,0,1,0
BRDA:48,1,0,0
BRDA:48,1,1,0
BRDA:79,2,0,0
BRDA:79,2,1,0
BRDA:81,3,0,0
BRDA:81,3,1,0
BRDA:81,4,0,0
BRDA:81,4,1,0
BRDA:81,5,0,0
BRDA:81,5,1,0
BRDA:89,6,0,0
BRDA:89,6,1,0
BRDA:110,7,0,0
BRDA:110,7,1,0
BRDA:124,8,0,0
BRDA:124,8,1,0
BRDA:124,8,2,0
BRDA:127,9,0,0
BRDA:127,9,1,0
BRDA:129,10,0,0
BRDA:129,10,1,0
BRDA:133,11,0,0
BRDA:133,11,1,0
BRDA:137,12,0,0
BRDA:137,12,1,0
BRDA:144,13,0,0
BRDA:144,13,1,0
BRDA:144,13,2,0
BRF:30
BRH:0
end_of_record
TN:
SF:src/screens/Session/components/SessionTimer.js
FN:18,formatTime
FN:33,formatClock
FN:51,SessionTimer
FNF:3
FNH:0
FNDA:0,formatTime
FNDA:0,formatClock
FNDA:0,SessionTimer
DA:19,0
DA:20,0
DA:21,0
DA:23,0
DA:24,0
DA:25,0
DA:27,0
DA:34,0
DA:36,0
DA:37,0
DA:38,0
DA:39,0
DA:41,0
DA:42,0
DA:44,0
DA:45,0
DA:46,0
DA:48,0
DA:57,0
DA:76,0
DA:85,0
LF:21
LH:0
BRDA:34,0,0,0
BRDA:34,0,1,0
BRDA:39,1,0,0
BRDA:39,1,1,0
BRDA:42,2,0,0
BRDA:42,2,1,0
BRDA:68,3,0,0
BRDA:68,3,1,0
BRDA:106,4,0,0
BRDA:106,4,1,0
BRDA:119,5,0,0
BRDA:119,5,1,0
BRF:12
BRH:0
end_of_record
TN:
SF:src/screens/Session/components/TeachingModuleSession.js
FN:23,LessonIntro
FN:45,(anonymous_1)
FN:85,(anonymous_2)
FN:105,(anonymous_3)
FN:116,(anonymous_4)
FN:151,LessonComplete
FN:241,UnsupportedExercise
FN:264,(anonymous_7)
FN:287,TeachingModuleSession
FN:313,(anonymous_9)
FN:318,(anonymous_10)
FN:322,(anonymous_11)
FN:330,(anonymous_12)
FN:344,(anonymous_13)
FN:349,(anonymous_14)
FN:355,(anonymous_15)
FNF:16
FNH:0
FNDA:0,LessonIntro
FNDA:0,(anonymous_1)
FNDA:0,(anonymous_2)
FNDA:0,(anonymous_3)
FNDA:0,(anonymous_4)
FNDA:0,LessonComplete
FNDA:0,UnsupportedExercise
FNDA:0,(anonymous_7)
FNDA:0,TeachingModuleSession
FNDA:0,(anonymous_9)
FNDA:0,(anonymous_10)
FNDA:0,(anonymous_11)
FNDA:0,(anonymous_12)
FNDA:0,(anonymous_13)
FNDA:0,(anonymous_14)
FNDA:0,(anonymous_15)
DA:24,0
DA:26,0
DA:46,0
DA:85,0
DA:105,0
DA:116,0
DA:138,0
DA:159,0
DA:225,0
DA:242,0
DA:264,0
DA:275,0
DA:297,0
DA:298,0
DA:299,0
DA:302,0
DA:304,0
DA:306,0
DA:307,0
DA:310,0
DA:313,0
DA:314,0
DA:318,0
DA:319,0
DA:320,0
DA:322,0
DA:323,0
DA:329,0
DA:331,0
DA:335,0
DA:336,0
DA:338,0
DA:344,0
DA:345,0
DA:349,0
DA:350,0
DA:351,0
DA:355,0
DA:356,0
DA:365,0
DA:366,0
DA:378,0
DA:379,0
DA:394,0
DA:395,0
DA:405,0
DA:406,0
DA:417,0
DA:461,0
DA:477,0
LF:50
LH:0
BRDA:42,0,0,0
BRDA:42,0,1,0
BRDA:42,0,2,0
BRDA:57,1,0,0
BRDA:57,1,1,0
BRDA:168,2,0,0
BRDA:168,2,1,0
BRDA:171,3,0,0
BRDA:171,3,1,0
BRDA:174,4,0,0
BRDA:174,4,1,0
BRDA:179,5,0,0
BRDA:179,5,1,0
BRDA:304,6,0,0
BRDA:304,6,1,0
BRDA:304,6,2,0
BRDA:306,7,0,0
BRDA:306,7,1,0
BRDA:306,7,2,0
BRDA:307,8,0,0
BRDA:307,8,1,0
BRDA:365,9,0,0
BRDA:365,9,1,0
BRDA:378,10,0,0
BRDA:378,10,1,0
BRDA:394,11,0,0
BRDA:394,11,1,0
BRDA:405,12,0,0
BRDA:405,12,1,0
BRDA:451,13,0,0
BRDA:451,13,1,0
BRDA:455,14,0,0
BRDA:455,14,1,0
BRF:33
BRH:0
end_of_record
TN:
SF:src/screens/Session/components/TimeUpModal.js
FN:19,TimeUpModal
FNF:1
FNH:0
FNDA:0,TimeUpModal
DA:25,0
DA:77,0
DA:84,0
LF:3
LH:0
BRF:0
BRH:0
end_of_record
TN:
SF:src/screens/Session/components/ToolsPanel.js
FN:11,ToolsPanel
FNF:1
FNH:0
FNDA:0,ToolsPanel
DA:30,0
DA:129,0
LF:2
LH:0
BRDA:38,0,0,0
BRDA:38,0,1,0
BRDA:42,1,0,0
BRDA:42,1,1,0
BRDA:49,2,0,0
BRDA:49,2,1,0
BRDA:61,3,0,0
BRDA:61,3,1,0
BRDA:64,4,0,0
BRDA:64,4,1,0
BRDA:70,5,0,0
BRDA:70,5,1,0
BRDA:79,6,0,0
BRDA:79,6,1,0
BRDA:79,6,2,0
BRDA:84,7,0,0
BRDA:84,7,1,0
BRDA:86,8,0,0
BRDA:86,8,1,0
BRDA:93,9,0,0
BRDA:93,9,1,0
BRDA:99,10,0,0
BRDA:99,10,1,0
BRDA:107,11,0,0
BRDA:107,11,1,0
BRDA:113,12,0,0
BRDA:113,12,1,0
BRDA:121,13,0,0
BRDA:121,13,1,0
BRF:29
BRH:0
end_of_record
TN:
SF:src/screens/Session/components/VolumeModal.js
FN:10,VolumeModal
FNF:1
FNH:0
FNDA:0,VolumeModal
DA:18,0
DA:73,0
LF:2
LH:0
BRF:0
BRH:0
end_of_record
TN:
SF:src/screens/Session/components/styles.js
FNF:0
FNH:0
DA:9,0
DA:40,0
LF:2
LH:0
BRDA:325,0,0,0
BRDA:325,0,1,0
BRDA:332,1,0,0
BRDA:332,1,1,0
BRF:4
BRH:0
end_of_record
TN:
SF:src/screens/Session/components/exercises/AuralCompareExercise.js
FN:17,AuralCompareExercise
FN:47,(anonymous_1)
FN:56,(anonymous_2)
FN:61,(anonymous_3)
FN:75,(anonymous_4)
FN:77,(anonymous_5)
FN:80,(anonymous_6)
FN:86,(anonymous_7)
FN:94,(anonymous_8)
FN:97,(anonymous_9)
FN:104,(anonymous_10)
FN:142,(anonymous_11)
FN:216,(anonymous_12)
FN:238,(anonymous_13)
FNF:14
FNH:0
FNDA:0,AuralCompareExercise
FNDA:0,(anonymous_1)
FNDA:0,(anonymous_2)
FNDA:0,(anonymous_3)
FNDA:0,(anonymous_4)
FNDA:0,(anonymous_5)
FNDA:0,(anonymous_6)
FNDA:0,(anonymous_7)
FNDA:0,(anonymous_8)
FNDA:0,(anonymous_9)
FNDA:0,(anonymous_10)
FNDA:0,(anonymous_11)
FNDA:0,(anonymous_12)
FNDA:0,(anonymous_13)
DA:24,0
DA:27,0
DA:28,0
DA:29,0
DA:30,0
DA:31,0
DA:32,0
DA:33,0
DA:34,0
DA:37,0
DA:40,0
DA:41,0
DA:42,0
DA:47,0
DA:48,0
DA:49,0
DA:50,0
DA:51,0
DA:52,0
DA:56,0
DA:57,0
DA:61,0
DA:62,0
DA:64,0
DA:65,0
DA:71,0
DA:75,0
DA:76,0
DA:77,0
DA:78,0
DA:80,0
DA:85,0
DA:87,0
DA:89,0
DA:90,0
DA:92,0
DA:93,0
DA:94,0
DA:96,0
DA:97,0
DA:98,0
DA:99,0
DA:102,0
DA:104,0
DA:105,0
DA:112,0
DA:115,0
DA:121,0
DA:122,0
DA:130,0
DA:144,0
DA:162,0
DA:164,0
DA:216,0
DA:238,0
DA:282,0
DA:283,0
DA:285,0
LF:58
LH:0
BRDA:22,0,0,0
BRDA:40,1,0,0
BRDA:40,1,1,0
BRDA:41,2,0,0
BRDA:41,2,1,0
BRDA:42,3,0,0
BRDA:42,3,1,0
BRDA:44,4,0,0
BRDA:44,4,1,0
BRDA:62,5,0,0
BRDA:62,5,1,0
BRDA:62,6,0,0
BRDA:62,6,1,0
BRDA:76,7,0,0
BRDA:76,7,1,0
BRDA:76,8,0,0
BRDA:76,8,1,0
BRDA:87,9,0,0
BRDA:87,9,1,0
BRDA:87,10,0,0
BRDA:87,10,1,0
BRDA:96,11,0,0
BRDA:96,11,1,0
BRDA:102,12,0,0
BRDA:102,12,1,0
BRDA:189,13,0,0
BRDA:189,13,1,0
BRDA:192,14,0,0
BRDA:192,14,1,0
BRDA:195,15,0,0
BRDA:195,15,1,0
BRDA:197,16,0,0
BRDA:197,16,1,0
BRDA:207,17,0,0
BRDA:207,17,1,0
BRDA:208,18,0,0
BRDA:208,18,1,0
BRDA:208,18,2,0
BRDA:211,19,0,0
BRDA:211,19,1,0
BRDA:211,19,2,0
BRDA:211,19,3,0
BRDA:229,20,0,0
BRDA:229,20,1,0
BRDA:230,21,0,0
BRDA:230,21,1,0
BRDA:230,21,2,0
BRDA:233,22,0,0
BRDA:233,22,1,0
BRDA:233,22,2,0
BRDA:233,22,3,0
BRDA:255,23,0,0
BRDA:255,23,1,0
BRDA:258,24,0,0
BRDA:258,24,1,0
BRDA:260,25,0,0
BRDA:260,25,1,0
BRDA:271,26,0,0
BRDA:271,26,1,0
BRF:59
BRH:0
end_of_record
TN:
SF:src/screens/Session/components/exercises/ContourCopyExercise.js
FN:25,ContourCopyExercise
FN:55,(anonymous_1)
FN:66,(anonymous_2)
FN:106,(anonymous_3)
FN:115,(anonymous_4)
FN:120,(anonymous_5)
FN:127,(anonymous_6)
FN:129,(anonymous_7)
FN:136,(anonymous_8)
FN:138,(anonymous_9)
FN:141,(anonymous_10)
FN:147,(anonymous_11)
FN:155,(anonymous_12)
FN:158,(anonymous_13)
FN:163,(anonymous_14)
FN:201,(anonymous_15)
FN:255,(anonymous_16)
FN:267,(anonymous_17)
FNF:18
FNH:0
FNDA:0,ContourCopyExercise
FNDA:0,(anonymous_1)
FNDA:0,(anonymous_2)
FNDA:0,(anonymous_3)
FNDA:0,(anonymous_4)
FNDA:0,(anonymous_5)
FNDA:0,(anonymous_6)
FNDA:0,(anonymous_7)
FNDA:0,(anonymous_8)
FNDA:0,(anonymous_9)
FNDA:0,(anonymous_10)
FNDA:0,(anonymous_11)
FNDA:0,(anonymous_12)
FNDA:0,(anonymous_13)
FNDA:0,(anonymous_14)
FNDA:0,(anonymous_15)
FNDA:0,(anonymous_16)
FNDA:0,(anonymous_17)
DA:18,0
DA:32,0
DA:35,0
DA:36,0
DA:37,0
DA:38,0
DA:39,0
DA:40,0
DA:41,0
DA:42,0
DA:45,0
DA:48,0
DA:49,0
DA:50,0
DA:55,0
DA:56,0
DA:61,0
DA:62,0
DA:63,0
DA:66,0
DA:68,0
DA:71,0
DA:72,0
DA:75,0
DA:76,0
DA:79,0
DA:81,0
DA:84,0
DA:85,0
DA:86,0
DA:87,0
DA:88,0
DA:89,0
DA:90,0
DA:91,0
DA:92,0
DA:95,0
DA:96,0
DA:99,0
DA:106,0
DA:107,0
DA:108,0
DA:109,0
DA:110,0
DA:111,0
DA:115,0
DA:116,0
DA:120,0
DA:121,0
DA:123,0
DA:124,0
DA:126,0
DA:127,0
DA:128,0
DA:129,0
DA:130,0
DA:132,0
DA:136,0
DA:137,0
DA:138,0
DA:139,0
DA:141,0
DA:146,0
DA:148,0
DA:150,0
DA:151,0
DA:153,0
DA:154,0
DA:155,0
DA:157,0
DA:158,0
DA:159,0
DA:160,0
DA:162,0
DA:163,0
DA:164,0
DA:171,0
DA:174,0
DA:180,0
DA:181,0
DA:189,0
DA:202,0
DA:203,0
DA:221,0
DA:256,0
DA:267,0
DA:296,0
DA:297,0
DA:299,0
LF:89
LH:0
BRDA:30,0,0,0
BRDA:48,1,0,0
BRDA:48,1,1,0
BRDA:49,2,0,0
BRDA:49,2,1,0
BRDA:50,3,0,0
BRDA:50,3,1,0
BRDA:52,4,0,0
BRDA:52,4,1,0
BRDA:56,5,0,0
BRDA:56,5,1,0
BRDA:84,6,0,0
BRDA:84,6,1,0
BRDA:87,7,0,0
BRDA:87,7,1,0
BRDA:90,8,0,0
BRDA:90,8,1,0
BRDA:121,9,0,0
BRDA:121,9,1,0
BRDA:121,10,0,0
BRDA:121,10,1,0
BRDA:137,11,0,0
BRDA:137,11,1,0
BRDA:137,12,0,0
BRDA:137,12,1,0
BRDA:148,13,0,0
BRDA:148,13,1,0
BRDA:148,14,0,0
BRDA:148,14,1,0
BRDA:157,15,0,0
BRDA:157,15,1,0
BRDA:162,16,0,0
BRDA:162,16,1,0
BRDA:202,17,0,0
BRDA:202,17,1,0
BRDA:202,18,0,0
BRDA:202,18,1,0
BRDA:242,19,0,0
BRDA:242,19,1,0
BRDA:245,20,0,0
BRDA:245,20,1,0
BRDA:249,21,0,0
BRDA:249,21,1,0
BRDA:260,22,0,0
BRDA:260,22,1,0
BRDA:260,22,2,0
BRDA:262,23,0,0
BRDA:262,23,1,0
BRDA:263,24,0,0
BRDA:263,24,1,0
BRDA:263,24,2,0
BRDA:285,25,0,0
BRDA:285,25,1,0
BRDA:288,26,0,0
BRDA:288,26,1,0
BRF:55
BRH:0
end_of_record
TN:
SF:src/screens/Session/components/exercises/DiatonicScalePatternExercise.js
FN:108,ScaleSteps
FN:111,(anonymous_1)
FN:215,DiatonicScalePatternExercise
FN:233,(anonymous_3)
FN:237,(anonymous_4)
FN:244,(anonymous_5)
FN:248,(anonymous_6)
FN:269,(anonymous_7)
FN:277,(anonymous_8)
FN:280,(anonymous_9)
FN:289,(anonymous_10)
FN:295,(anonymous_11)
FN:300,(anonymous_12)
FN:306,(anonymous_13)
FN:310,(anonymous_14)
FN:316,(anonymous_15)
FN:320,(anonymous_16)
FN:326,(anonymous_17)
FN:368,(anonymous_18)
FN:396,(anonymous_19)
FN:421,(anonymous_20)
FN:478,(anonymous_21)
FN:494,(anonymous_22)
FN:527,(anonymous_23)
FN:534,(anonymous_24)
FN:569,(anonymous_25)
FN:611,(anonymous_26)
FN:626,(anonymous_27)
FNF:28
FNH:0
FNDA:0,ScaleSteps
FNDA:0,(anonymous_1)
FNDA:0,DiatonicScalePatternExercise
FNDA:0,(anonymous_3)
FNDA:0,(anonymous_4)
FNDA:0,(anonymous_5)
FNDA:0,(anonymous_6)
FNDA:0,(anonymous_7)
FNDA:0,(anonymous_8)
FNDA:0,(anonymous_9)
FNDA:0,(anonymous_10)
FNDA:0,(anonymous_11)
FNDA:0,(anonymous_12)
FNDA:0,(anonymous_13)
FNDA:0,(anonymous_14)
FNDA:0,(anonymous_15)
FNDA:0,(anonymous_16)
FNDA:0,(anonymous_17)
FNDA:0,(anonymous_18)
FNDA:0,(anonymous_19)
FNDA:0,(anonymous_20)
FNDA:0,(anonymous_21)
FNDA:0,(anonymous_22)
FNDA:0,(anonymous_23)
FNDA:0,(anonymous_24)
FNDA:0,(anonymous_25)
FNDA:0,(anonymous_26)
FNDA:0,(anonymous_27)
DA:24,0
DA:25,0
DA:26,0
DA:31,0
DA:32,0
DA:34,0
DA:42,0
DA:52,0
DA:64,0
DA:65,0
DA:76,0
DA:109,0
DA:112,0
DA:154,0
DA:221,0
DA:222,0
DA:223,0
DA:224,0
DA:225,0
DA:226,0
DA:227,0
DA:228,0
DA:229,0
DA:231,0
DA:233,0
DA:234,0
DA:235,0
DA:237,0
DA:238,0
DA:239,0
DA:244,0
DA:245,0
DA:246,0
DA:248,0
DA:249,0
DA:250,0
DA:252,0
DA:253,0
DA:255,0
DA:256,0
DA:258,0
DA:259,0
DA:261,0
DA:262,0
DA:264,0
DA:268,0
DA:270,0
DA:271,0
DA:272,0
DA:274,0
DA:275,0
DA:276,0
DA:277,0
DA:280,0
DA:281,0
DA:282,0
DA:288,0
DA:290,0
DA:291,0
DA:293,0
DA:294,0
DA:295,0
DA:296,0
DA:297,0
DA:299,0
DA:300,0
DA:305,0
DA:307,0
DA:308,0
DA:309,0
DA:310,0
DA:316,0
DA:317,0
DA:318,0
DA:319,0
DA:320,0
DA:322,0
DA:326,0
DA:327,0
DA:328,0
DA:329,0
DA:337,0
DA:338,0
DA:368,0
DA:378,0
DA:379,0
DA:396,0
DA:422,0
DA:423,0
DA:442,0
DA:443,0
DA:478,0
DA:495,0
DA:496,0
DA:497,0
DA:516,0
DA:517,0
DA:528,0
DA:534,0
DA:569,0
DA:589,0
DA:590,0
DA:592,0
DA:612,0
DA:613,0
DA:614,0
DA:615,0
DA:617,0
DA:626,0
DA:684,0
DA:685,0
DA:687,0
DA:729,0
DA:733,0
DA:734,0
DA:740,0
LF:116
LH:0
BRDA:25,0,0,0
BRDA:25,0,1,0
BRDA:27,1,0,0
BRDA:27,1,1,0
BRDA:28,2,0,0
BRDA:28,2,1,0
BRDA:108,3,0,0
BRDA:108,4,0,0
BRDA:116,5,0,0
BRDA:116,5,1,0
BRDA:122,6,0,0
BRDA:122,6,1,0
BRDA:128,7,0,0
BRDA:128,7,1,0
BRDA:133,8,0,0
BRDA:133,8,1,0
BRDA:136,9,0,0
BRDA:136,9,1,0
BRDA:140,10,0,0
BRDA:140,10,1,0
BRDA:216,11,0,0
BRDA:217,12,0,0
BRDA:234,13,0,0
BRDA:234,13,1,0
BRDA:234,14,0,0
BRDA:234,14,1,0
BRDA:238,15,0,0
BRDA:238,15,1,0
BRDA:244,16,0,0
BRDA:246,17,0,0
BRDA:246,17,1,0
BRDA:269,18,0,0
BRDA:270,19,0,0
BRDA:270,19,1,0
BRDA:290,20,0,0
BRDA:290,20,1,0
BRDA:290,21,0,0
BRDA:290,21,1,0
BRDA:309,22,0,0
BRDA:309,22,1,0
BRDA:319,23,0,0
BRDA:319,23,1,0
BRDA:328,24,0,0
BRDA:328,24,1,0
BRDA:337,25,0,0
BRDA:337,25,1,0
BRDA:378,26,0,0
BRDA:378,26,1,0
BRDA:395,27,0,0
BRDA:395,27,1,0
BRDA:402,28,0,0
BRDA:402,28,1,0
BRDA:419,29,0,0
BRDA:419,29,1,0
BRDA:432,30,0,0
BRDA:432,30,1,0
BRDA:435,31,0,0
BRDA:435,31,1,0
BRDA:442,32,0,0
BRDA:442,32,1,0
BRDA:449,33,0,0
BRDA:449,33,1,0
BRDA:477,34,0,0
BRDA:477,34,1,0
BRDA:484,35,0,0
BRDA:484,35,1,0
BRDA:492,36,0,0
BRDA:492,36,1,0
BRDA:506,37,0,0
BRDA:506,37,1,0
BRDA:509,38,0,0
BRDA:509,38,1,0
BRDA:516,39,0,0
BRDA:516,39,1,0
BRDA:532,40,0,0
BRDA:532,40,1,0
BRDA:545,41,0,0
BRDA:545,41,1,0
BRDA:567,42,0,0
BRDA:567,42,1,0
BRDA:577,43,0,0
BRDA:577,43,1,0
BRDA:580,44,0,0
BRDA:580,44,1,0
BRDA:582,45,0,0
BRDA:582,45,1,0
BRDA:589,46,0,0
BRDA:589,46,1,0
BRDA:614,47,0,0
BRDA:614,47,1,0
BRDA:615,48,0,0
BRDA:615,48,1,0
BRDA:615,48,2,0
BRDA:622,49,0,0
BRDA:622,49,1,0
BRDA:623,50,0,0
BRDA:623,50,1,0
BRDA:624,51,0,0
BRDA:624,51,1,0
BRDA:624,51,2,0
BRDA:626,52,0,0
BRDA:626,52,1,0
BRDA:634,53,0,0
BRDA:634,53,1,0
BRDA:634,53,2,0
BRDA:644,54,0,0
BRDA:644,54,1,0
BRDA:649,55,0,0
BRDA:649,55,1,0
BRDA:654,56,0,0
BRDA:654,56,1,0
BRDA:662,57,0,0
BRDA:662,57,1,0
BRDA:667,58,0,0
BRDA:667,58,1,0
BRDA:674,59,0,0
BRDA:674,59,1,0
BRDA:684,60,0,0
BRDA:684,60,1,0
BRDA:690,61,0,0
BRDA:690,61,1,0
BRDA:692,62,0,0
BRDA:692,62,1,0
BRDA:718,63,0,0
BRDA:718,63,1,0
BRDA:722,64,0,0
BRDA:722,64,1,0
BRF:127
BRH:0
end_of_record
TN:
SF:src/screens/Session/components/exercises/EnterOnBeatOneExercise.js
FN:28,EnterOnBeatOneExercise
FN:71,(anonymous_1)
FN:74,(anonymous_2)
FN:88,(anonymous_3)
FN:97,(anonymous_4)
FN:121,(anonymous_5)
FN:134,(anonymous_6)
FN:155,(anonymous_7)
FN:204,(anonymous_8)
FN:231,(anonymous_9)
FN:240,(anonymous_10)
FN:241,(anonymous_11)
FN:244,(anonymous_12)
FN:248,(anonymous_13)
FN:255,(anonymous_14)
FN:291,(anonymous_15)
FN:333,(anonymous_16)
FN:348,(anonymous_17)
FN:364,(anonymous_18)
FNF:19
FNH:0
FNDA:0,EnterOnBeatOneExercise
FNDA:0,(anonymous_1)
FNDA:0,(anonymous_2)
FNDA:0,(anonymous_3)
FNDA:0,(anonymous_4)
FNDA:0,(anonymous_5)
FNDA:0,(anonymous_6)
FNDA:0,(anonymous_7)
FNDA:0,(anonymous_8)
FNDA:0,(anonymous_9)
FNDA:0,(anonymous_10)
FNDA:0,(anonymous_11)
FNDA:0,(anonymous_12)
FNDA:0,(anonymous_13)
FNDA:0,(anonymous_14)
FNDA:0,(anonymous_15)
FNDA:0,(anonymous_16)
FNDA:0,(anonymous_17)
FNDA:0,(anonymous_18)
DA:26,0
DA:35,0
DA:36,0
DA:37,0
DA:38,0
DA:39,0
DA:40,0
DA:43,0
DA:44,0
DA:45,0
DA:46,0
DA:47,0
DA:48,0
DA:49,0
DA:50,0
DA:53,0
DA:54,0
DA:55,0
DA:58,0
DA:59,0
DA:60,0
DA:61,0
DA:62,0
DA:63,0
DA:64,0
DA:65,0
DA:68,0
DA:71,0
DA:72,0
DA:74,0
DA:75,0
DA:76,0
DA:77,0
DA:78,0
DA:80,0
DA:81,0
DA:82,0
DA:88,0
DA:89,0
DA:90,0
DA:91,0
DA:92,0
DA:96,0
DA:98,0
DA:99,0
DA:100,0
DA:107,0
DA:108,0
DA:109,0
DA:120,0
DA:122,0
DA:123,0
DA:124,0
DA:134,0
DA:135,0
DA:137,0
DA:138,0
DA:139,0
DA:140,0
DA:141,0
DA:142,0
DA:143,0
DA:144,0
DA:145,0
DA:146,0
DA:149,0
DA:150,0
DA:152,0
DA:155,0
DA:156,0
DA:157,0
DA:158,0
DA:160,0
DA:163,0
DA:165,0
DA:167,0
DA:168,0
DA:169,0
DA:176,0
DA:177,0
DA:181,0
DA:183,0
DA:185,0
DA:186,0
DA:187,0
DA:188,0
DA:189,0
DA:192,0
DA:193,0
DA:194,0
DA:195,0
DA:199,0
DA:200,0
DA:202,0
DA:203,0
DA:204,0
DA:206,0
DA:209,0
DA:210,0
DA:211,0
DA:214,0
DA:231,0
DA:232,0
DA:233,0
DA:234,0
DA:236,0
DA:240,0
DA:241,0
DA:242,0
DA:244,0
DA:248,0
DA:249,0
DA:251,0
DA:252,0
DA:253,0
DA:255,0
DA:260,0
DA:262,0
DA:265,0
DA:267,0
DA:269,0
DA:272,0
DA:273,0
DA:275,0
DA:276,0
DA:279,0
DA:282,0
DA:283,0
DA:285,0
DA:289,0
DA:290,0
DA:291,0
DA:292,0
DA:299,0
DA:302,0
DA:309,0
DA:310,0
DA:311,0
DA:333,0
DA:334,0
DA:336,0
DA:338,0
DA:340,0
DA:342,0
DA:344,0
DA:348,0
DA:349,0
DA:351,0
DA:353,0
DA:355,0
DA:357,0
DA:359,0
DA:364,0
DA:365,0
DA:366,0
DA:367,0
DA:368,0
DA:369,0
DA:387,0
DA:390,0
DA:466,0
DA:467,0
DA:469,0
LF:163
LH:0
BRDA:35,0,0,0
BRDA:35,0,1,0
BRDA:36,1,0,0
BRDA:36,1,1,0
BRDA:37,2,0,0
BRDA:37,2,1,0
BRDA:38,3,0,0
BRDA:38,3,1,0
BRDA:39,4,0,0
BRDA:39,4,1,0
BRDA:76,5,0,0
BRDA:76,5,1,0
BRDA:80,6,0,0
BRDA:80,6,1,0
BRDA:88,7,0,0
BRDA:89,8,0,0
BRDA:89,8,1,0
BRDA:90,9,0,0
BRDA:90,9,1,0
BRDA:91,10,0,0
BRDA:91,10,1,0
BRDA:97,11,0,0
BRDA:98,12,0,0
BRDA:98,12,1,0
BRDA:107,13,0,0
BRDA:107,13,1,0
BRDA:135,14,0,0
BRDA:135,14,1,0
BRDA:135,15,0,0
BRDA:135,15,1,0
BRDA:156,16,0,0
BRDA:156,16,1,0
BRDA:163,17,0,0
BRDA:163,17,1,0
BRDA:163,18,0,0
BRDA:163,18,1,0
BRDA:165,19,0,0
BRDA:165,19,1,0
BRDA:165,20,0,0
BRDA:165,20,1,0
BRDA:183,21,0,0
BRDA:183,21,1,0
BRDA:187,22,0,0
BRDA:187,22,1,0
BRDA:192,23,0,0
BRDA:192,23,1,0
BRDA:203,24,0,0
BRDA:203,24,1,0
BRDA:210,25,0,0
BRDA:210,25,1,0
BRDA:232,26,0,0
BRDA:232,26,1,0
BRDA:249,27,0,0
BRDA:249,27,1,0
BRDA:249,28,0,0
BRDA:249,28,1,0
BRDA:260,29,0,0
BRDA:260,29,1,0
BRDA:262,30,0,0
BRDA:262,30,1,0
BRDA:265,31,0,0
BRDA:265,31,1,0
BRDA:265,32,0,0
BRDA:265,32,1,0
BRDA:267,33,0,0
BRDA:267,33,1,0
BRDA:279,34,0,0
BRDA:279,34,1,0
BRDA:282,35,0,0
BRDA:282,35,1,0
BRDA:289,36,0,0
BRDA:289,36,1,0
BRDA:334,37,0,0
BRDA:334,37,1,0
BRDA:334,37,2,0
BRDA:334,37,3,0
BRDA:334,37,4,0
BRDA:349,38,0,0
BRDA:349,38,1,0
BRDA:349,38,2,0
BRDA:349,38,3,0
BRDA:349,38,4,0
BRDA:367,39,0,0
BRDA:367,39,1,0
BRDA:374,40,0,0
BRDA:374,40,1,0
BRDA:375,41,0,0
BRDA:375,41,1,0
BRDA:376,42,0,0
BRDA:376,42,1,0
BRDA:376,42,2,0
BRDA:380,43,0,0
BRDA:380,43,1,0
BRDA:415,44,0,0
BRDA:415,44,1,0
BRDA:423,45,0,0
BRDA:423,45,1,0
BRDA:432,46,0,0
BRDA:432,46,1,0
BRDA:436,47,0,0
BRDA:436,47,1,0
BRDA:458,48,0,0
BRDA:458,48,1,0
BRF:103
BRH:0
end_of_record
TN:
SF:src/screens/Session/components/exercises/FeelThePulseExercise.js
FN:32,FeelThePulseExercise
FN:61,(anonymous_1)
FN:63,(anonymous_2)
FN:70,(anonymous_3)
FN:75,(anonymous_4)
FN:86,(anonymous_5)
FN:95,(anonymous_6)
FN:108,(anonymous_7)
FN:126,(anonymous_8)
FN:143,(anonymous_9)
FN:177,(anonymous_10)
FN:185,(anonymous_11)
FN:191,(anonymous_12)
FN:210,(anonymous_13)
FN:232,(anonymous_14)
FNF:15
FNH:0
FNDA:0,FeelThePulseExercise
FNDA:0,(anonymous_1)
FNDA:0,(anonymous_2)
FNDA:0,(anonymous_3)
FNDA:0,(anonymous_4)
FNDA:0,(anonymous_5)
FNDA:0,(anonymous_6)
FNDA:0,(anonymous_7)
FNDA:0,(anonymous_8)
FNDA:0,(anonymous_9)
FNDA:0,(anonymous_10)
FNDA:0,(anonymous_11)
FNDA:0,(anonymous_12)
FNDA:0,(anonymous_13)
FNDA:0,(anonymous_14)
DA:24,0
DA:25,0
DA:27,0
DA:28,0
DA:29,0
DA:30,0
DA:38,0
DA:39,0
DA:40,0
DA:41,0
DA:42,0
DA:44,0
DA:45,0
DA:46,0
DA:47,0
DA:48,0
DA:50,0
DA:51,0
DA:53,0
DA:54,0
DA:55,0
DA:56,0
DA:57,0
DA:59,0
DA:61,0
DA:62,0
DA:63,0
DA:64,0
DA:65,0
DA:66,0
DA:70,0
DA:71,0
DA:72,0
DA:75,0
DA:76,0
DA:77,0
DA:85,0
DA:87,0
DA:88,0
DA:89,0
DA:90,0
DA:95,0
DA:96,0
DA:99,0
DA:100,0
DA:101,0
DA:102,0
DA:106,0
DA:107,0
DA:108,0
DA:109,0
DA:110,0
DA:111,0
DA:112,0
DA:114,0
DA:117,0
DA:118,0
DA:122,0
DA:123,0
DA:126,0
DA:127,0
DA:128,0
DA:130,0
DA:131,0
DA:132,0
DA:133,0
DA:134,0
DA:135,0
DA:137,0
DA:138,0
DA:140,0
DA:141,0
DA:143,0
DA:144,0
DA:145,0
DA:146,0
DA:148,0
DA:150,0
DA:152,0
DA:153,0
DA:154,0
DA:155,0
DA:157,0
DA:158,0
DA:159,0
DA:160,0
DA:162,0
DA:163,0
DA:166,0
DA:167,0
DA:169,0
DA:170,0
DA:172,0
DA:173,0
DA:174,0
DA:175,0
DA:176,0
DA:177,0
DA:181,0
DA:185,0
DA:186,0
DA:190,0
DA:191,0
DA:192,0
DA:210,0
DA:211,0
DA:213,0
DA:214,0
DA:216,0
DA:219,0
DA:220,0
DA:221,0
DA:223,0
DA:224,0
DA:225,0
DA:232,0
DA:233,0
DA:235,0
DA:237,0
DA:239,0
DA:241,0
DA:246,0
DA:247,0
DA:279,0
DA:385,0
DA:386,0
DA:388,0
LF:127
LH:0
BRDA:38,0,0,0
BRDA:38,0,1,0
BRDA:39,1,0,0
BRDA:39,1,1,0
BRDA:40,2,0,0
BRDA:40,2,1,0
BRDA:41,3,0,0
BRDA:41,3,1,0
BRDA:42,4,0,0
BRDA:42,4,1,0
BRDA:65,5,0,0
BRDA:65,5,1,0
BRDA:66,6,0,0
BRDA:66,6,1,0
BRDA:70,7,0,0
BRDA:71,8,0,0
BRDA:71,8,1,0
BRDA:72,9,0,0
BRDA:72,9,1,0
BRDA:111,10,0,0
BRDA:111,10,1,0
BRDA:111,11,0,0
BRDA:111,11,1,0
BRDA:117,12,0,0
BRDA:117,12,1,0
BRDA:117,13,0,0
BRDA:117,13,1,0
BRDA:127,14,0,0
BRDA:127,14,1,0
BRDA:128,15,0,0
BRDA:128,15,1,0
BRDA:144,16,0,0
BRDA:144,16,1,0
BRDA:150,17,0,0
BRDA:150,17,1,0
BRDA:155,18,0,0
BRDA:155,18,1,0
BRDA:160,19,0,0
BRDA:160,19,1,0
BRDA:169,20,0,0
BRDA:169,20,1,0
BRDA:172,21,0,0
BRDA:172,21,1,0
BRDA:175,22,0,0
BRDA:175,22,1,0
BRDA:186,23,0,0
BRDA:186,23,1,0
BRDA:192,24,0,0
BRDA:192,24,1,0
BRDA:211,25,0,0
BRDA:211,25,1,0
BRDA:219,26,0,0
BRDA:219,26,1,0
BRDA:220,27,0,0
BRDA:220,27,1,0
BRDA:233,28,0,0
BRDA:233,28,1,0
BRDA:233,28,2,0
BRDA:233,28,3,0
BRDA:246,29,0,0
BRDA:246,29,1,0
BRDA:296,30,0,0
BRDA:296,30,1,0
BRDA:297,31,0,0
BRDA:297,31,1,0
BRDA:298,32,0,0
BRDA:298,32,1,0
BRDA:304,33,0,0
BRDA:304,33,1,0
BRDA:306,34,0,0
BRDA:306,34,1,0
BRDA:307,35,0,0
BRDA:307,35,1,0
BRDA:308,36,0,0
BRDA:308,36,1,0
BRDA:318,37,0,0
BRDA:318,37,1,0
BRDA:328,38,0,0
BRDA:328,38,1,0
BRDA:329,39,0,0
BRDA:329,39,1,0
BRDA:330,40,0,0
BRDA:330,40,1,0
BRDA:331,41,0,0
BRDA:331,41,1,0
BRDA:336,42,0,0
BRDA:336,42,1,0
BRDA:343,43,0,0
BRDA:343,43,1,0
BRDA:350,44,0,0
BRDA:350,44,1,0
BRDA:353,45,0,0
BRDA:353,45,1,0
BRDA:356,46,0,0
BRDA:356,46,1,0
BRDA:363,47,0,0
BRDA:363,47,1,0
BRDA:366,48,0,0
BRDA:366,48,1,0
BRDA:368,49,0,0
BRDA:368,49,1,0
BRDA:370,50,0,0
BRDA:370,50,1,0
BRDA:378,51,0,0
BRDA:378,51,1,0
BRF:105
BRH:0
end_of_record
TN:
SF:src/screens/Session/components/exercises/FlatAccidentalExercise.js
FN:133,FlatAccidentalExercise
FN:152,(anonymous_1)
FN:156,(anonymous_2)
FN:164,(anonymous_3)
FN:168,(anonymous_4)
FN:190,(anonymous_5)
FN:203,(anonymous_6)
FN:210,(anonymous_7)
FN:221,(anonymous_8)
FN:225,(anonymous_9)
FN:232,(anonymous_10)
FN:236,(anonymous_11)
FN:243,(anonymous_12)
FN:289,(anonymous_13)
FN:336,(anonymous_14)
FN:366,(anonymous_15)
FN:370,(anonymous_16)
FN:394,(anonymous_17)
FN:431,(anonymous_18)
FN:448,(anonymous_19)
FN:455,(anonymous_20)
FN:473,(anonymous_21)
FN:504,(anonymous_22)
FN:519,(anonymous_23)
FNF:24
FNH:0
FNDA:0,FlatAccidentalExercise
FNDA:0,(anonymous_1)
FNDA:0,(anonymous_2)
FNDA:0,(anonymous_3)
FNDA:0,(anonymous_4)
FNDA:0,(anonymous_5)
FNDA:0,(anonymous_6)
FNDA:0,(anonymous_7)
FNDA:0,(anonymous_8)
FNDA:0,(anonymous_9)
FNDA:0,(anonymous_10)
FNDA:0,(anonymous_11)
FNDA:0,(anonymous_12)
FNDA:0,(anonymous_13)
FNDA:0,(anonymous_14)
FNDA:0,(anonymous_15)
FNDA:0,(anonymous_16)
FNDA:0,(anonymous_17)
FNDA:0,(anonymous_18)
FNDA:0,(anonymous_19)
FNDA:0,(anonymous_20)
FNDA:0,(anonymous_21)
FNDA:0,(anonymous_22)
FNDA:0,(anonymous_23)
DA:24,0
DA:25,0
DA:26,0
DA:31,0
DA:32,0
DA:34,0
DA:42,0
DA:52,0
DA:71,0
DA:86,0
DA:139,0
DA:140,0
DA:141,0
DA:142,0
DA:143,0
DA:144,0
DA:145,0
DA:146,0
DA:147,0
DA:149,0
DA:152,0
DA:153,0
DA:154,0
DA:156,0
DA:157,0
DA:158,0
DA:164,0
DA:165,0
DA:166,0
DA:168,0
DA:169,0
DA:170,0
DA:172,0
DA:173,0
DA:175,0
DA:176,0
DA:178,0
DA:179,0
DA:181,0
DA:182,0
DA:184,0
DA:189,0
DA:191,0
DA:192,0
DA:194,0
DA:195,0
DA:196,0
DA:199,0
DA:200,0
DA:201,0
DA:203,0
DA:206,0
DA:207,0
DA:208,0
DA:210,0
DA:211,0
DA:212,0
DA:213,0
DA:220,0
DA:222,0
DA:223,0
DA:224,0
DA:225,0
DA:232,0
DA:233,0
DA:234,0
DA:235,0
DA:236,0
DA:238,0
DA:243,0
DA:244,0
DA:245,0
DA:246,0
DA:255,0
DA:256,0
DA:289,0
DA:298,0
DA:299,0
DA:336,0
DA:345,0
DA:346,0
DA:367,0
DA:371,0
DA:372,0
DA:395,0
DA:396,0
DA:397,0
DA:407,0
DA:408,0
DA:410,0
DA:431,0
DA:449,0
DA:455,0
DA:473,0
DA:482,0
DA:483,0
DA:485,0
DA:505,0
DA:506,0
DA:507,0
DA:508,0
DA:510,0
DA:519,0
DA:567,0
DA:568,0
DA:570,0
DA:601,0
DA:605,0
DA:606,0
DA:612,0
LF:110
LH:0
BRDA:25,0,0,0
BRDA:25,0,1,0
BRDA:27,1,0,0
BRDA:27,1,1,0
BRDA:28,2,0,0
BRDA:28,2,1,0
BRDA:134,3,0,0
BRDA:135,4,0,0
BRDA:153,5,0,0
BRDA:153,5,1,0
BRDA:153,6,0,0
BRDA:153,6,1,0
BRDA:157,7,0,0
BRDA:157,7,1,0
BRDA:164,8,0,0
BRDA:166,9,0,0
BRDA:166,9,1,0
BRDA:191,10,0,0
BRDA:191,10,1,0
BRDA:196,11,0,0
BRDA:196,11,1,0
BRDA:224,12,0,0
BRDA:224,12,1,0
BRDA:235,13,0,0
BRDA:235,13,1,0
BRDA:245,14,0,0
BRDA:245,14,1,0
BRDA:255,15,0,0
BRDA:255,15,1,0
BRDA:298,16,0,0
BRDA:298,16,1,0
BRDA:345,17,0,0
BRDA:345,17,1,0
BRDA:372,18,0,0
BRDA:372,18,1,0
BRDA:407,19,0,0
BRDA:407,19,1,0
BRDA:430,20,0,0
BRDA:430,20,1,0
BRDA:435,21,0,0
BRDA:435,21,1,0
BRDA:453,22,0,0
BRDA:453,22,1,0
BRDA:460,23,0,0
BRDA:460,23,1,0
BRDA:482,24,0,0
BRDA:482,24,1,0
BRDA:507,25,0,0
BRDA:507,25,1,0
BRDA:508,26,0,0
BRDA:508,26,1,0
BRDA:508,26,2,0
BRDA:515,27,0,0
BRDA:515,27,1,0
BRDA:516,28,0,0
BRDA:516,28,1,0
BRDA:517,29,0,0
BRDA:517,29,1,0
BRDA:517,29,2,0
BRDA:519,30,0,0
BRDA:519,30,1,0
BRDA:525,31,0,0
BRDA:525,31,1,0
BRDA:525,31,2,0
BRDA:535,32,0,0
BRDA:535,32,1,0
BRDA:540,33,0,0
BRDA:540,33,1,0
BRDA:545,34,0,0
BRDA:545,34,1,0
BRDA:553,35,0,0
BRDA:553,35,1,0
BRDA:556,36,0,0
BRDA:556,36,1,0
BRDA:567,37,0,0
BRDA:567,37,1,0
BRDA:573,38,0,0
BRDA:573,38,1,0
BRDA:575,39,0,0
BRDA:575,39,1,0
BRDA:594,40,0,0
BRDA:594,40,1,0
BRF:82
BRH:0
end_of_record
TN:
SF:src/screens/Session/components/exercises/Fragment2LessonExercise.js
FN:128,getScaleDegreePitch
FN:135,generateFragmentMusicXML
FN:142,(anonymous_2)
FN:190,(anonymous_3)
FN:303,createSubdivisionClick
FN:336,Fragment2LessonExercise
FN:395,(anonymous_6)
FN:405,(anonymous_7)
FN:432,(anonymous_8)
FN:448,(anonymous_9)
FN:454,(anonymous_10)
FN:459,(anonymous_11)
FN:460,(anonymous_12)
FN:465,(anonymous_13)
FN:466,(anonymous_14)
FN:471,(anonymous_15)
FN:484,(anonymous_16)
FN:493,(anonymous_17)
FN:535,(anonymous_18)
FN:540,(anonymous_19)
FN:546,(anonymous_20)
FN:553,(anonymous_21)
FN:556,(anonymous_22)
FN:566,(anonymous_23)
FN:571,(anonymous_24)
FN:572,(anonymous_25)
FN:577,(anonymous_26)
FN:598,(anonymous_27)
FN:683,(anonymous_28)
FN:692,(anonymous_29)
FN:705,(anonymous_30)
FN:730,(anonymous_31)
FN:738,(anonymous_32)
FN:752,(anonymous_33)
FN:769,(anonymous_34)
FN:794,(anonymous_35)
FN:862,(anonymous_36)
FN:941,(anonymous_37)
FN:962,(anonymous_38)
FN:972,(anonymous_39)
FN:983,(anonymous_40)
FN:987,(anonymous_41)
FN:1016,(anonymous_42)
FN:1022,(anonymous_43)
FN:1029,(anonymous_44)
FN:1037,(anonymous_45)
FN:1062,(anonymous_46)
FN:1066,(anonymous_47)
FN:1073,(anonymous_48)
FN:1080,(anonymous_49)
FN:1087,(anonymous_50)
FN:1099,(anonymous_51)
FN:1112,(anonymous_52)
FN:1118,(anonymous_53)
FN:1123,(anonymous_54)
FN:1130,(anonymous_55)
FN:1136,(anonymous_56)
FN:1142,(anonymous_57)
FN:1147,(anonymous_58)
FN:1154,(anonymous_59)
FN:1159,(anonymous_60)
FN:1161,(anonymous_61)
FN:1162,(anonymous_62)
FN:1176,(anonymous_63)
FN:1203,(anonymous_64)
FN:1216,(anonymous_65)
FN:1224,(anonymous_66)
FN:1254,(anonymous_67)
FN:1254,(anonymous_68)
FN:1303,(anonymous_69)
FN:1309,(anonymous_70)
FN:1312,(anonymous_71)
FN:1318,(anonymous_72)
FN:1384,(anonymous_73)
FN:1396,(anonymous_74)
FN:1401,(anonymous_75)
FN:1416,(anonymous_76)
FN:1522,(anonymous_77)
FN:1522,(anonymous_78)
FN:1602,(anonymous_79)
FN:1617,(anonymous_80)
FN:1620,(anonymous_81)
FN:1632,(anonymous_82)
FN:1652,(anonymous_83)
FN:1665,(anonymous_84)
FN:1668,(anonymous_85)
FN:1691,(anonymous_86)
FN:1704,(anonymous_87)
FN:1762,(anonymous_88)
FN:1830,(anonymous_89)
FN:1833,(anonymous_90)
FN:1849,(anonymous_91)
FN:1857,(anonymous_92)
FN:1868,(anonymous_93)
FN:1948,(anonymous_94)
FN:1961,(anonymous_95)
FN:1964,(anonymous_96)
FN:1976,(anonymous_97)
FN:1996,(anonymous_98)
FN:2009,(anonymous_99)
FN:2012,(anonymous_100)
FN:2035,(anonymous_101)
FN:2048,(anonymous_102)
FN:2089,(anonymous_103)
FNF:104
FNH:0
FNDA:0,getScaleDegreePitch
FNDA:0,generateFragmentMusicXML
FNDA:0,(anonymous_2)
FNDA:0,(anonymous_3)
FNDA:0,createSubdivisionClick
FNDA:0,Fragment2LessonExercise
FNDA:0,(anonymous_6)
FNDA:0,(anonymous_7)
FNDA:0,(anonymous_8)
FNDA:0,(anonymous_9)
FNDA:0,(anonymous_10)
FNDA:0,(anonymous_11)
FNDA:0,(anonymous_12)
FNDA:0,(anonymous_13)
FNDA:0,(anonymous_14)
FNDA:0,(anonymous_15)
FNDA:0,(anonymous_16)
FNDA:0,(anonymous_17)
FNDA:0,(anonymous_18)
FNDA:0,(anonymous_19)
FNDA:0,(anonymous_20)
FNDA:0,(anonymous_21)
FNDA:0,(anonymous_22)
FNDA:0,(anonymous_23)
FNDA:0,(anonymous_24)
FNDA:0,(anonymous_25)
FNDA:0,(anonymous_26)
FNDA:0,(anonymous_27)
FNDA:0,(anonymous_28)
FNDA:0,(anonymous_29)
FNDA:0,(anonymous_30)
FNDA:0,(anonymous_31)
FNDA:0,(anonymous_32)
FNDA:0,(anonymous_33)
FNDA:0,(anonymous_34)
FNDA:0,(anonymous_35)
FNDA:0,(anonymous_36)
FNDA:0,(anonymous_37)
FNDA:0,(anonymous_38)
FNDA:0,(anonymous_39)
FNDA:0,(anonymous_40)
FNDA:0,(anonymous_41)
FNDA:0,(anonymous_42)
FNDA:0,(anonymous_43)
FNDA:0,(anonymous_44)
FNDA:0,(anonymous_45)
FNDA:0,(anonymous_46)
FNDA:0,(anonymous_47)
FNDA:0,(anonymous_48)
FNDA:0,(anonymous_49)
FNDA:0,(anonymous_50)
FNDA:0,(anonymous_51)
FNDA:0,(anonymous_52)
FNDA:0,(anonymous_53)
FNDA:0,(anonymous_54)
FNDA:0,(anonymous_55)
FNDA:0,(anonymous_56)
FNDA:0,(anonymous_57)
FNDA:0,(anonymous_58)
FNDA:0,(anonymous_59)
FNDA:0,(anonymous_60)
FNDA:0,(anonymous_61)
FNDA:0,(anonymous_62)
FNDA:0,(anonymous_63)
FNDA:0,(anonymous_64)
FNDA:0,(anonymous_65)
FNDA:0,(anonymous_66)
FNDA:0,(anonymous_67)
FNDA:0,(anonymous_68)
FNDA:0,(anonymous_69)
FNDA:0,(anonymous_70)
FNDA:0,(anonymous_71)
FNDA:0,(anonymous_72)
FNDA:0,(anonymous_73)
FNDA:0,(anonymous_74)
FNDA:0,(anonymous_75)
FNDA:0,(anonymous_76)
FNDA:0,(anonymous_77)
FNDA:0,(anonymous_78)
FNDA:0,(anonymous_79)
FNDA:0,(anonymous_80)
FNDA:0,(anonymous_81)
FNDA:0,(anonymous_82)
FNDA:0,(anonymous_83)
FNDA:0,(anonymous_84)
FNDA:0,(anonymous_85)
FNDA:0,(anonymous_86)
FNDA:0,(anonymous_87)
FNDA:0,(anonymous_88)
FNDA:0,(anonymous_89)
FNDA:0,(anonymous_90)
FNDA:0,(anonymous_91)
FNDA:0,(anonymous_92)
FNDA:0,(anonymous_93)
FNDA:0,(anonymous_94)
FNDA:0,(anonymous_95)
FNDA:0,(anonymous_96)
FNDA:0,(anonymous_97)
FNDA:0,(anonymous_98)
FNDA:0,(anonymous_99)
FNDA:0,(anonymous_100)
FNDA:0,(anonymous_101)
FNDA:0,(anonymous_102)
FNDA:0,(anonymous_103)
DA:53,0
DA:54,0
DA:55,0
DA:57,0
DA:61,0
DA:67,0
DA:94,0
DA:97,0
DA:125,0
DA:130,0
DA:131,0
DA:136,0
DA:138,0
DA:139,0
DA:141,0
DA:143,0
DA:144,0
DA:145,0
DA:147,0
DA:148,0
DA:149,0
DA:151,0
DA:152,0
DA:153,0
DA:154,0
DA:155,0
DA:156,0
DA:157,0
DA:158,0
DA:161,0
DA:162,0
DA:164,0
DA:177,0
DA:178,0
DA:188,0
DA:190,0
DA:191,0
DA:192,0
DA:194,0
DA:195,0
DA:197,0
DA:198,0
DA:199,0
DA:200,0
DA:201,0
DA:202,0
DA:205,0
DA:206,0
DA:208,0
DA:211,0
DA:272,0
DA:304,0
DA:305,0
DA:306,0
DA:307,0
DA:308,0
DA:310,0
DA:311,0
DA:314,0
DA:315,0
DA:317,0
DA:318,0
DA:319,0
DA:320,0
DA:322,0
DA:323,0
DA:324,0
DA:329,0
DA:330,0
DA:331,0
DA:333,0
DA:346,0
DA:347,0
DA:348,0
DA:349,0
DA:350,0
DA:351,0
DA:352,0
DA:353,0
DA:354,0
DA:355,0
DA:356,0
DA:357,0
DA:358,0
DA:359,0
DA:360,0
DA:363,0
DA:364,0
DA:365,0
DA:368,0
DA:371,0
DA:372,0
DA:373,0
DA:374,0
DA:375,0
DA:376,0
DA:377,0
DA:378,0
DA:379,0
DA:380,0
DA:381,0
DA:382,0
DA:383,0
DA:384,0
DA:385,0
DA:386,0
DA:387,0
DA:390,0
DA:393,0
DA:394,0
DA:395,0
DA:397,0
DA:401,0
DA:405,0
DA:406,0
DA:409,0
DA:412,0
DA:413,0
DA:415,0
DA:416,0
DA:420,0
DA:421,0
DA:424,0
DA:429,0
DA:432,0
DA:433,0
DA:434,0
DA:435,0
DA:436,0
DA:437,0
DA:445,0
DA:448,0
DA:449,0
DA:450,0
DA:453,0
DA:454,0
DA:459,0
DA:460,0
DA:461,0
DA:465,0
DA:466,0
DA:470,0
DA:471,0
DA:476,0
DA:484,0
DA:485,0
DA:487,0
DA:488,0
DA:490,0
DA:493,0
DA:494,0
DA:495,0
DA:500,0
DA:501,0
DA:502,0
DA:506,0
DA:507,0
DA:508,0
DA:513,0
DA:516,0
DA:517,0
DA:519,0
DA:521,0
DA:522,0
DA:535,0
DA:536,0
DA:540,0
DA:541,0
DA:542,0
DA:543,0
DA:544,0
DA:545,0
DA:546,0
DA:553,0
DA:554,0
DA:556,0
DA:557,0
DA:558,0
DA:559,0
DA:560,0
DA:561,0
DA:566,0
DA:567,0
DA:571,0
DA:572,0
DA:576,0
DA:578,0
DA:579,0
DA:581,0
DA:584,0
DA:585,0
DA:586,0
DA:587,0
DA:589,0
DA:590,0
DA:591,0
DA:592,0
DA:593,0
DA:595,0
DA:596,0
DA:598,0
DA:599,0
DA:600,0
DA:601,0
DA:604,0
DA:605,0
DA:606,0
DA:607,0
DA:609,0
DA:610,0
DA:611,0
DA:613,0
DA:614,0
DA:615,0
DA:616,0
DA:617,0
DA:618,0
DA:619,0
DA:622,0
DA:623,0
DA:624,0
DA:625,0
DA:626,0
DA:627,0
DA:628,0
DA:630,0
DA:631,0
DA:633,0
DA:634,0
DA:635,0
DA:636,0
DA:639,0
DA:640,0
DA:641,0
DA:642,0
DA:643,0
DA:645,0
DA:646,0
DA:647,0
DA:648,0
DA:650,0
DA:651,0
DA:652,0
DA:653,0
DA:655,0
DA:657,0
DA:659,0
DA:660,0
DA:662,0
DA:663,0
DA:664,0
DA:665,0
DA:666,0
DA:667,0
DA:668,0
DA:669,0
DA:670,0
DA:671,0
DA:673,0
DA:675,0
DA:683,0
DA:684,0
DA:685,0
DA:686,0
DA:688,0
DA:689,0
DA:690,0
DA:692,0
DA:693,0
DA:694,0
DA:697,0
DA:698,0
DA:699,0
DA:700,0
DA:701,0
DA:705,0
DA:706,0
DA:707,0
DA:709,0
DA:711,0
DA:712,0
DA:714,0
DA:715,0
DA:717,0
DA:718,0
DA:720,0
DA:721,0
DA:722,0
DA:724,0
DA:725,0
DA:726,0
DA:730,0
DA:731,0
DA:732,0
DA:733,0
DA:734,0
DA:738,0
DA:739,0
DA:740,0
DA:742,0
DA:743,0
DA:747,0
DA:751,0
DA:753,0
DA:754,0
DA:756,0
DA:757,0
DA:760,0
DA:763,0
DA:764,0
DA:765,0
DA:766,0
DA:767,0
DA:768,0
DA:769,0
DA:773,0
DA:775,0
DA:776,0
DA:777,0
DA:778,0
DA:779,0
DA:781,0
DA:787,0
DA:788,0
DA:791,0
DA:792,0
DA:794,0
DA:795,0
DA:796,0
DA:797,0
DA:800,0
DA:801,0
DA:802,0
DA:803,0
DA:804,0
DA:807,0
DA:812,0
DA:813,0
DA:814,0
DA:816,0
DA:821,0
DA:822,0
DA:823,0
DA:824,0
DA:831,0
DA:833,0
DA:837,0
DA:840,0
DA:847,0
DA:848,0
DA:849,0
DA:851,0
DA:852,0
DA:857,0
DA:859,0
DA:860,0
DA:862,0
DA:863,0
DA:864,0
DA:865,0
DA:866,0
DA:869,0
DA:870,0
DA:871,0
DA:872,0
DA:874,0
DA:875,0
DA:876,0
DA:878,0
DA:879,0
DA:880,0
DA:881,0
DA:882,0
DA:883,0
DA:884,0
DA:885,0
DA:886,0
DA:887,0
DA:890,0
DA:895,0
DA:896,0
DA:897,0
DA:898,0
DA:905,0
DA:907,0
DA:911,0
DA:914,0
DA:915,0
DA:916,0
DA:917,0
DA:918,0
DA:919,0
DA:920,0
DA:921,0
DA:923,0
DA:924,0
DA:927,0
DA:928,0
DA:929,0
DA:931,0
DA:933,0
DA:941,0
DA:942,0
DA:943,0
DA:944,0
DA:946,0
DA:947,0
DA:948,0
DA:949,0
DA:951,0
DA:952,0
DA:961,0
DA:962,0
DA:963,0
DA:964,0
DA:968,0
DA:973,0
DA:978,0
DA:979,0
DA:982,0
DA:983,0
DA:986,0
DA:987,0
DA:990,0
DA:992,0
DA:994,0
DA:995,0
DA:996,0
DA:997,0
DA:998,0
DA:999,0
DA:1000,0
DA:1001,0
DA:1002,0
DA:1003,0
DA:1005,0
DA:1008,0
DA:1011,0
DA:1015,0
DA:1017,0
DA:1018,0
DA:1019,0
DA:1020,0
DA:1022,0
DA:1024,0
DA:1025,0
DA:1026,0
DA:1027,0
DA:1029,0
DA:1037,0
DA:1038,0
DA:1040,0
DA:1041,0
DA:1043,0
DA:1044,0
DA:1045,0
DA:1047,0
DA:1048,0
DA:1049,0
DA:1051,0
DA:1052,0
DA:1054,0
DA:1055,0
DA:1056,0
DA:1058,0
DA:1059,0
DA:1062,0
DA:1065,0
DA:1066,0
DA:1068,0
DA:1069,0
DA:1072,0
DA:1073,0
DA:1075,0
DA:1076,0
DA:1079,0
DA:1080,0
DA:1082,0
DA:1083,0
DA:1087,0
DA:1089,0
DA:1090,0
DA:1091,0
DA:1092,0
DA:1094,0
DA:1099,0
DA:1100,0
DA:1101,0
DA:1102,0
DA:1103,0
DA:1104,0
DA:1105,0
DA:1106,0
DA:1108,0
DA:1112,0
DA:1113,0
DA:1114,0
DA:1118,0
DA:1119,0
DA:1120,0
DA:1121,0
DA:1122,0
DA:1123,0
DA:1130,0
DA:1131,0
DA:1132,0
DA:1136,0
DA:1138,0
DA:1142,0
DA:1143,0
DA:1144,0
DA:1145,0
DA:1146,0
DA:1147,0
DA:1154,0
DA:1155,0
DA:1159,0
DA:1160,0
DA:1162,0
DA:1163,0
DA:1164,0
DA:1166,0
DA:1177,0
DA:1179,0
DA:1180,0
DA:1181,0
DA:1182,0
DA:1183,0
DA:1184,0
DA:1203,0
DA:1204,0
DA:1216,0
DA:1217,0
DA:1219,0
DA:1225,0
DA:1254,0
DA:1255,0
DA:1256,0
DA:1258,0
DA:1303,0
DA:1304,0
DA:1305,0
DA:1309,0
DA:1310,0
DA:1312,0
DA:1313,0
DA:1318,0
DA:1322,0
DA:1326,0
DA:1328,0
DA:1329,0
DA:1333,0
DA:1334,0
DA:1338,0
DA:1342,0
DA:1384,0
DA:1395,0
DA:1397,0
DA:1401,0
DA:1416,0
DA:1437,0
DA:1438,0
DA:1485,0
DA:1486,0
DA:1522,0
DA:1535,0
DA:1536,0
DA:1602,0
DA:1618,0
DA:1619,0
DA:1620,0
DA:1633,0
DA:1634,0
DA:1652,0
DA:1666,0
DA:1667,0
DA:1668,0
DA:1691,0
DA:1704,0
DA:1720,0
DA:1721,0
DA:1762,0
DA:1781,0
DA:1782,0
DA:1831,0
DA:1832,0
DA:1833,0
DA:1849,0
DA:1858,0
DA:1859,0
DA:1869,0
DA:1884,0
DA:1885,0
DA:1948,0
DA:1962,0
DA:1963,0
DA:1964,0
DA:1977,0
DA:1978,0
DA:1996,0
DA:2010,0
DA:2011,0
DA:2012,0
DA:2035,0
DA:2048,0
DA:2064,0
DA:2065,0
DA:2090,0
DA:2105,0
DA:2107,0
DA:2110,0
DA:2112,0
DA:2153,0
DA:2157,0
DA:2158,0
DA:2160,0
LF:616
LH:0
BRDA:135,0,0,0
BRDA:138,1,0,0
BRDA:138,1,1,0
BRDA:139,2,0,0
BRDA:139,2,1,0
BRDA:151,3,0,0
BRDA:151,3,1,0
BRDA:155,4,0,0
BRDA:155,4,1,0
BRDA:188,5,0,0
BRDA:188,5,1,0
BRDA:197,6,0,0
BRDA:197,6,1,0
BRDA:200,7,0,0
BRDA:200,7,1,0
BRDA:341,8,0,0
BRDA:390,9,0,0
BRDA:390,9,1,0
BRDA:397,10,0,0
BRDA:397,10,1,0
BRDA:406,11,0,0
BRDA:406,11,1,0
BRDA:409,12,0,0
BRDA:409,12,1,0
BRDA:420,13,0,0
BRDA:420,13,1,0
BRDA:433,14,0,0
BRDA:433,14,1,0
BRDA:433,15,0,0
BRDA:433,15,1,0
BRDA:445,16,0,0
BRDA:445,16,1,0
BRDA:445,16,2,0
BRDA:450,17,0,0
BRDA:450,17,1,0
BRDA:478,18,0,0
BRDA:478,18,1,0
BRDA:478,18,2,0
BRDA:478,18,3,0
BRDA:485,19,0,0
BRDA:485,19,1,0
BRDA:485,20,0,0
BRDA:485,20,1,0
BRDA:488,21,0,0
BRDA:488,21,1,0
BRDA:495,22,0,0
BRDA:495,22,1,0
BRDA:496,23,0,0
BRDA:496,23,1,0
BRDA:500,24,0,0
BRDA:500,24,1,0
BRDA:506,25,0,0
BRDA:506,25,1,0
BRDA:506,26,0,0
BRDA:506,26,1,0
BRDA:508,27,0,0
BRDA:508,27,1,0
BRDA:509,28,0,0
BRDA:509,28,1,0
BRDA:509,28,2,0
BRDA:519,29,0,0
BRDA:519,29,1,0
BRDA:519,30,0,0
BRDA:519,30,1,0
BRDA:521,31,0,0
BRDA:521,31,1,0
BRDA:560,32,0,0
BRDA:560,32,1,0
BRDA:579,33,0,0
BRDA:579,33,1,0
BRDA:579,34,0,0
BRDA:579,34,1,0
BRDA:582,35,0,0
BRDA:582,35,1,0
BRDA:599,36,0,0
BRDA:599,36,1,0
BRDA:604,37,0,0
BRDA:604,37,1,0
BRDA:610,38,0,0
BRDA:610,38,1,0
BRDA:613,39,0,0
BRDA:613,39,1,0
BRDA:613,40,0,0
BRDA:613,40,1,0
BRDA:616,41,0,0
BRDA:616,41,1,0
BRDA:616,42,0,0
BRDA:616,42,1,0
BRDA:617,43,0,0
BRDA:617,43,1,0
BRDA:622,44,0,0
BRDA:622,44,1,0
BRDA:657,45,0,0
BRDA:657,45,1,0
BRDA:669,46,0,0
BRDA:669,46,1,0
BRDA:684,47,0,0
BRDA:684,47,1,0
BRDA:688,48,0,0
BRDA:688,48,1,0
BRDA:707,49,0,0
BRDA:707,49,1,0
BRDA:707,50,0,0
BRDA:707,50,1,0
BRDA:731,51,0,0
BRDA:731,51,1,0
BRDA:731,52,0,0
BRDA:731,52,1,0
BRDA:733,53,0,0
BRDA:733,53,1,0
BRDA:752,54,0,0
BRDA:754,55,0,0
BRDA:754,55,1,0
BRDA:754,56,0,0
BRDA:754,56,1,0
BRDA:756,57,0,0
BRDA:756,57,1,0
BRDA:761,58,0,0
BRDA:761,58,1,0
BRDA:795,59,0,0
BRDA:795,59,1,0
BRDA:800,60,0,0
BRDA:800,60,1,0
BRDA:800,61,0,0
BRDA:800,61,1,0
BRDA:801,62,0,0
BRDA:801,62,1,0
BRDA:803,63,0,0
BRDA:803,63,1,0
BRDA:812,64,0,0
BRDA:812,64,1,0
BRDA:812,65,0,0
BRDA:812,65,1,0
BRDA:814,66,0,0
BRDA:814,66,1,0
BRDA:816,67,0,0
BRDA:816,67,1,0
BRDA:817,68,0,0
BRDA:817,68,1,0
BRDA:823,69,0,0
BRDA:823,69,1,0
BRDA:833,70,0,0
BRDA:833,70,1,0
BRDA:834,71,0,0
BRDA:834,71,1,0
BRDA:848,72,0,0
BRDA:848,72,1,0
BRDA:851,73,0,0
BRDA:851,73,1,0
BRDA:863,74,0,0
BRDA:863,74,1,0
BRDA:869,75,0,0
BRDA:869,75,1,0
BRDA:875,76,0,0
BRDA:875,76,1,0
BRDA:878,77,0,0
BRDA:878,77,1,0
BRDA:878,78,0,0
BRDA:878,78,1,0
BRDA:881,79,0,0
BRDA:881,79,1,0
BRDA:881,80,0,0
BRDA:881,80,1,0
BRDA:885,81,0,0
BRDA:885,81,1,0
BRDA:890,82,0,0
BRDA:890,82,1,0
BRDA:891,83,0,0
BRDA:891,83,1,0
BRDA:897,84,0,0
BRDA:897,84,1,0
BRDA:907,85,0,0
BRDA:907,85,1,0
BRDA:908,86,0,0
BRDA:908,86,1,0
BRDA:923,87,0,0
BRDA:923,87,1,0
BRDA:927,88,0,0
BRDA:927,88,1,0
BRDA:951,89,0,0
BRDA:951,89,1,0
BRDA:963,90,0,0
BRDA:963,90,1,0
BRDA:973,91,0,0
BRDA:973,91,1,0
BRDA:979,92,0,0
BRDA:979,92,1,0
BRDA:979,92,2,0
BRDA:990,93,0,0
BRDA:990,93,1,0
BRDA:990,93,2,0
BRDA:992,94,0,0
BRDA:992,94,1,0
BRDA:995,95,0,0
BRDA:995,95,1,0
BRDA:997,96,0,0
BRDA:997,96,1,0
BRDA:997,97,0,0
BRDA:997,97,1,0
BRDA:999,98,0,0
BRDA:999,98,1,0
BRDA:999,99,0,0
BRDA:999,99,1,0
BRDA:1000,100,0,0
BRDA:1000,100,1,0
BRDA:1002,101,0,0
BRDA:1002,101,1,0
BRDA:1017,102,0,0
BRDA:1017,102,1,0
BRDA:1019,103,0,0
BRDA:1019,103,1,0
BRDA:1024,104,0,0
BRDA:1024,104,1,0
BRDA:1024,105,0,0
BRDA:1024,105,1,0
BRDA:1026,106,0,0
BRDA:1026,106,1,0
BRDA:1038,107,0,0
BRDA:1038,107,1,0
BRDA:1038,107,2,0
BRDA:1038,107,3,0
BRDA:1038,107,4,0
BRDA:1038,107,5,0
BRDA:1038,107,6,0
BRDA:1068,108,0,0
BRDA:1068,108,1,0
BRDA:1073,109,0,0
BRDA:1073,109,1,0
BRDA:1075,110,0,0
BRDA:1075,110,1,0
BRDA:1082,111,0,0
BRDA:1082,111,1,0
BRDA:1101,112,0,0
BRDA:1101,112,1,0
BRDA:1104,113,0,0
BRDA:1104,113,1,0
BRDA:1169,114,0,0
BRDA:1169,114,1,0
BRDA:1169,115,0,0
BRDA:1169,115,1,0
BRDA:1173,116,0,0
BRDA:1173,116,1,0
BRDA:1174,117,0,0
BRDA:1174,117,1,0
BRDA:1177,118,0,0
BRDA:1177,118,1,0
BRDA:1177,119,0,0
BRDA:1177,119,1,0
BRDA:1191,120,0,0
BRDA:1191,120,1,0
BRDA:1191,120,2,0
BRDA:1194,121,0,0
BRDA:1194,121,1,0
BRDA:1229,122,0,0
BRDA:1229,122,1,0
BRDA:1229,122,2,0
BRDA:1232,123,0,0
BRDA:1232,123,1,0
BRDA:1238,124,0,0
BRDA:1238,124,1,0
BRDA:1238,124,2,0
BRDA:1255,125,0,0
BRDA:1255,125,1,0
BRDA:1263,126,0,0
BRDA:1263,126,1,0
BRDA:1264,127,0,0
BRDA:1264,127,1,0
BRDA:1270,128,0,0
BRDA:1270,128,1,0
BRDA:1284,129,0,0
BRDA:1284,129,1,0
BRDA:1290,130,0,0
BRDA:1290,130,1,0
BRDA:1304,131,0,0
BRDA:1304,131,1,0
BRDA:1304,132,0,0
BRDA:1304,132,1,0
BRDA:1326,133,0,0
BRDA:1326,133,1,0
BRDA:1338,134,0,0
BRDA:1338,134,1,0
BRDA:1338,135,0,0
BRDA:1338,135,1,0
BRDA:1344,136,0,0
BRDA:1344,136,1,0
BRDA:1355,137,0,0
BRDA:1355,137,1,0
BRDA:1366,138,0,0
BRDA:1366,138,1,0
BRDA:1407,139,0,0
BRDA:1407,139,1,0
BRDA:1437,140,0,0
BRDA:1437,140,1,0
BRDA:1485,141,0,0
BRDA:1485,141,1,0
BRDA:1507,142,0,0
BRDA:1507,142,1,0
BRDA:1509,143,0,0
BRDA:1509,143,1,0
BRDA:1512,144,0,0
BRDA:1512,144,1,0
BRDA:1518,145,0,0
BRDA:1518,145,1,0
BRDA:1521,146,0,0
BRDA:1521,146,1,0
BRDA:1526,147,0,0
BRDA:1526,147,1,0
BRDA:1535,148,0,0
BRDA:1535,148,1,0
BRDA:1556,149,0,0
BRDA:1556,149,1,0
BRDA:1558,150,0,0
BRDA:1558,150,1,0
BRDA:1560,151,0,0
BRDA:1560,151,1,0
BRDA:1560,151,2,0
BRDA:1563,152,0,0
BRDA:1563,152,1,0
BRDA:1563,152,2,0
BRDA:1571,153,0,0
BRDA:1571,153,1,0
BRDA:1576,154,0,0
BRDA:1576,154,1,0
BRDA:1579,155,0,0
BRDA:1579,155,1,0
BRDA:1585,156,0,0
BRDA:1585,156,1,0
BRDA:1589,157,0,0
BRDA:1589,157,1,0
BRDA:1589,158,0,0
BRDA:1589,158,1,0
BRDA:1594,159,0,0
BRDA:1594,159,1,0
BRDA:1600,160,0,0
BRDA:1600,160,1,0
BRDA:1606,161,0,0
BRDA:1606,161,1,0
BRDA:1615,162,0,0
BRDA:1615,162,1,0
BRDA:1629,163,0,0
BRDA:1629,163,1,0
BRDA:1643,164,0,0
BRDA:1643,164,1,0
BRDA:1650,165,0,0
BRDA:1650,165,1,0
BRDA:1656,166,0,0
BRDA:1656,166,1,0
BRDA:1663,167,0,0
BRDA:1663,167,1,0
BRDA:1689,168,0,0
BRDA:1689,168,1,0
BRDA:1695,169,0,0
BRDA:1695,169,1,0
BRDA:1702,170,0,0
BRDA:1702,170,1,0
BRDA:1708,171,0,0
BRDA:1708,171,1,0
BRDA:1720,172,0,0
BRDA:1720,172,1,0
BRDA:1742,173,0,0
BRDA:1742,173,1,0
BRDA:1744,174,0,0
BRDA:1744,174,1,0
BRDA:1746,175,0,0
BRDA:1746,175,1,0
BRDA:1756,176,0,0
BRDA:1756,176,1,0
BRDA:1761,177,0,0
BRDA:1761,177,1,0
BRDA:1766,178,0,0
BRDA:1766,178,1,0
BRDA:1781,179,0,0
BRDA:1781,179,1,0
BRDA:1803,180,0,0
BRDA:1803,180,1,0
BRDA:1805,181,0,0
BRDA:1805,181,1,0
BRDA:1814,182,0,0
BRDA:1814,182,1,0
BRDA:1817,183,0,0
BRDA:1817,183,1,0
BRDA:1821,184,0,0
BRDA:1821,184,1,0
BRDA:1828,185,0,0
BRDA:1828,185,1,0
BRDA:1847,186,0,0
BRDA:1847,186,1,0
BRDA:1867,187,0,0
BRDA:1867,187,1,0
BRDA:1874,188,0,0
BRDA:1874,188,1,0
BRDA:1884,189,0,0
BRDA:1884,189,1,0
BRDA:1906,190,0,0
BRDA:1906,190,1,0
BRDA:1908,191,0,0
BRDA:1908,191,1,0
BRDA:1910,192,0,0
BRDA:1910,192,1,0
BRDA:1910,192,2,0
BRDA:1913,193,0,0
BRDA:1913,193,1,0
BRDA:1913,193,2,0
BRDA:1921,194,0,0
BRDA:1921,194,1,0
BRDA:1926,195,0,0
BRDA:1926,195,1,0
BRDA:1929,196,0,0
BRDA:1929,196,1,0
BRDA:1935,197,0,0
BRDA:1935,197,1,0
BRDA:1939,198,0,0
BRDA:1939,198,1,0
BRDA:1939,199,0,0
BRDA:1939,199,1,0
BRDA:1946,200,0,0
BRDA:1946,200,1,0
BRDA:1952,201,0,0
BRDA:1952,201,1,0
BRDA:1959,202,0,0
BRDA:1959,202,1,0
BRDA:1973,203,0,0
BRDA:1973,203,1,0
BRDA:1987,204,0,0
BRDA:1987,204,1,0
BRDA:1994,205,0,0
BRDA:1994,205,1,0
BRDA:2000,206,0,0
BRDA:2000,206,1,0
BRDA:2007,207,0,0
BRDA:2007,207,1,0
BRDA:2033,208,0,0
BRDA:2033,208,1,0
BRDA:2039,209,0,0
BRDA:2039,209,1,0
BRDA:2046,210,0,0
BRDA:2046,210,1,0
BRDA:2052,211,0,0
BRDA:2052,211,1,0
BRDA:2064,212,0,0
BRDA:2064,212,1,0
BRDA:2105,213,0,0
BRDA:2105,213,1,0
BRDA:2107,214,0,0
BRDA:2107,214,1,0
BRDA:2143,215,0,0
BRDA:2143,215,1,0
BRF:447
BRH:0
end_of_record
TN:
SF:src/screens/Session/components/exercises/HalfNoteLessonExercise.js
FN:52,generateHalfNoteMusicXML
FN:114,HalfNoteLessonExercise
FN:163,(anonymous_2)
FN:169,(anonymous_3)
FN:175,(anonymous_4)
FN:188,(anonymous_5)
FN:190,(anonymous_6)
FN:210,(anonymous_7)
FN:215,(anonymous_8)
FN:224,(anonymous_9)
FN:230,(anonymous_10)
FN:233,(anonymous_11)
FN:252,(anonymous_12)
FN:258,(anonymous_13)
FN:271,(anonymous_14)
FN:309,(anonymous_15)
FN:348,(anonymous_16)
FN:373,(anonymous_17)
FN:393,(anonymous_18)
FN:435,(anonymous_19)
FN:488,(anonymous_20)
FN:520,(anonymous_21)
FN:549,(anonymous_22)
FN:553,(anonymous_23)
FN:557,(anonymous_24)
FN:565,(anonymous_25)
FN:570,(anonymous_26)
FN:581,(anonymous_27)
FN:585,(anonymous_28)
FN:589,(anonymous_29)
FN:597,(anonymous_30)
FN:602,(anonymous_31)
FN:617,(anonymous_32)
FN:627,(anonymous_33)
FN:632,(anonymous_34)
FN:639,(anonymous_35)
FN:652,(anonymous_36)
FN:658,(anonymous_37)
FN:660,(anonymous_38)
FN:665,(anonymous_39)
FN:701,(anonymous_40)
FN:713,(anonymous_41)
FN:731,(anonymous_42)
FN:739,(anonymous_43)
FN:768,(anonymous_44)
FN:815,(anonymous_45)
FN:820,(anonymous_46)
FN:833,(anonymous_47)
FN:897,(anonymous_48)
FN:942,(anonymous_49)
FN:943,(anonymous_50)
FN:972,(anonymous_51)
FN:1054,(anonymous_52)
FN:1088,(anonymous_53)
FN:1100,(anonymous_54)
FN:1110,(anonymous_55)
FN:1251,(anonymous_56)
FN:1285,(anonymous_57)
FN:1297,(anonymous_58)
FN:1300,(anonymous_59)
FN:1322,(anonymous_60)
FNF:61
FNH:0
FNDA:0,generateHalfNoteMusicXML
FNDA:0,HalfNoteLessonExercise
FNDA:0,(anonymous_2)
FNDA:0,(anonymous_3)
FNDA:0,(anonymous_4)
FNDA:0,(anonymous_5)
FNDA:0,(anonymous_6)
FNDA:0,(anonymous_7)
FNDA:0,(anonymous_8)
FNDA:0,(anonymous_9)
FNDA:0,(anonymous_10)
FNDA:0,(anonymous_11)
FNDA:0,(anonymous_12)
FNDA:0,(anonymous_13)
FNDA:0,(anonymous_14)
FNDA:0,(anonymous_15)
FNDA:0,(anonymous_16)
FNDA:0,(anonymous_17)
FNDA:0,(anonymous_18)
FNDA:0,(anonymous_19)
FNDA:0,(anonymous_20)
FNDA:0,(anonymous_21)
FNDA:0,(anonymous_22)
FNDA:0,(anonymous_23)
FNDA:0,(anonymous_24)
FNDA:0,(anonymous_25)
FNDA:0,(anonymous_26)
FNDA:0,(anonymous_27)
FNDA:0,(anonymous_28)
FNDA:0,(anonymous_29)
FNDA:0,(anonymous_30)
FNDA:0,(anonymous_31)
FNDA:0,(anonymous_32)
FNDA:0,(anonymous_33)
FNDA:0,(anonymous_34)
FNDA:0,(anonymous_35)
FNDA:0,(anonymous_36)
FNDA:0,(anonymous_37)
FNDA:0,(anonymous_38)
FNDA:0,(anonymous_39)
FNDA:0,(anonymous_40)
FNDA:0,(anonymous_41)
FNDA:0,(anonymous_42)
FNDA:0,(anonymous_43)
FNDA:0,(anonymous_44)
FNDA:0,(anonymous_45)
FNDA:0,(anonymous_46)
FNDA:0,(anonymous_47)
FNDA:0,(anonymous_48)
FNDA:0,(anonymous_49)
FNDA:0,(anonymous_50)
FNDA:0,(anonymous_51)
FNDA:0,(anonymous_52)
FNDA:0,(anonymous_53)
FNDA:0,(anonymous_54)
FNDA:0,(anonymous_55)
FNDA:0,(anonymous_56)
FNDA:0,(anonymous_57)
FNDA:0,(anonymous_58)
FNDA:0,(anonymous_59)
FNDA:0,(anonymous_60)
DA:44,0
DA:45,0
DA:46,0
DA:48,0
DA:53,0
DA:54,0
DA:56,0
DA:57,0
DA:58,0
DA:59,0
DA:60,0
DA:61,0
DA:62,0
DA:63,0
DA:66,0
DA:67,0
DA:68,0
DA:70,0
DA:72,0
DA:122,0
DA:123,0
DA:124,0
DA:125,0
DA:126,0
DA:127,0
DA:128,0
DA:129,0
DA:130,0
DA:131,0
DA:132,0
DA:133,0
DA:134,0
DA:135,0
DA:138,0
DA:139,0
DA:140,0
DA:141,0
DA:142,0
DA:143,0
DA:144,0
DA:145,0
DA:146,0
DA:147,0
DA:148,0
DA:150,0
DA:151,0
DA:152,0
DA:155,0
DA:158,0
DA:159,0
DA:160,0
DA:163,0
DA:164,0
DA:165,0
DA:168,0
DA:169,0
DA:174,0
DA:175,0
DA:180,0
DA:188,0
DA:190,0
DA:191,0
DA:193,0
DA:194,0
DA:196,0
DA:199,0
DA:203,0
DA:204,0
DA:205,0
DA:206,0
DA:210,0
DA:211,0
DA:215,0
DA:216,0
DA:217,0
DA:218,0
DA:219,0
DA:220,0
DA:221,0
DA:224,0
DA:225,0
DA:226,0
DA:230,0
DA:231,0
DA:233,0
DA:234,0
DA:235,0
DA:236,0
DA:238,0
DA:239,0
DA:241,0
DA:242,0
DA:243,0
DA:246,0
DA:247,0
DA:252,0
DA:253,0
DA:257,0
DA:259,0
DA:260,0
DA:262,0
DA:265,0
DA:266,0
DA:268,0
DA:269,0
DA:271,0
DA:272,0
DA:273,0
DA:275,0
DA:276,0
DA:278,0
DA:279,0
DA:281,0
DA:282,0
DA:283,0
DA:284,0
DA:286,0
DA:287,0
DA:288,0
DA:289,0
DA:290,0
DA:292,0
DA:293,0
DA:294,0
DA:295,0
DA:297,0
DA:298,0
DA:299,0
DA:300,0
DA:302,0
DA:303,0
DA:304,0
DA:307,0
DA:309,0
DA:310,0
DA:311,0
DA:312,0
DA:315,0
DA:316,0
DA:318,0
DA:319,0
DA:320,0
DA:321,0
DA:322,0
DA:323,0
DA:324,0
DA:325,0
DA:326,0
DA:327,0
DA:328,0
DA:330,0
DA:331,0
DA:333,0
DA:334,0
DA:335,0
DA:336,0
DA:337,0
DA:338,0
DA:339,0
DA:348,0
DA:349,0
DA:350,0
DA:351,0
DA:353,0
DA:354,0
DA:355,0
DA:357,0
DA:358,0
DA:359,0
DA:362,0
DA:363,0
DA:364,0
DA:367,0
DA:368,0
DA:372,0
DA:374,0
DA:375,0
DA:377,0
DA:380,0
DA:381,0
DA:382,0
DA:383,0
DA:384,0
DA:386,0
DA:387,0
DA:389,0
DA:390,0
DA:391,0
DA:393,0
DA:394,0
DA:395,0
DA:396,0
DA:399,0
DA:400,0
DA:401,0
DA:402,0
DA:403,0
DA:406,0
DA:409,0
DA:410,0
DA:411,0
DA:416,0
DA:417,0
DA:418,0
DA:423,0
DA:425,0
DA:426,0
DA:427,0
DA:431,0
DA:433,0
DA:435,0
DA:436,0
DA:437,0
DA:438,0
DA:439,0
DA:442,0
DA:443,0
DA:445,0
DA:446,0
DA:447,0
DA:448,0
DA:449,0
DA:450,0
DA:451,0
DA:452,0
DA:453,0
DA:454,0
DA:455,0
DA:456,0
DA:458,0
DA:463,0
DA:464,0
DA:465,0
DA:470,0
DA:471,0
DA:472,0
DA:473,0
DA:474,0
DA:475,0
DA:476,0
DA:477,0
DA:478,0
DA:479,0
DA:488,0
DA:489,0
DA:490,0
DA:491,0
DA:493,0
DA:494,0
DA:495,0
DA:503,0
DA:504,0
DA:511,0
DA:512,0
DA:514,0
DA:515,0
DA:517,0
DA:518,0
DA:520,0
DA:521,0
DA:524,0
DA:529,0
DA:531,0
DA:532,0
DA:533,0
DA:534,0
DA:535,0
DA:536,0
DA:537,0
DA:538,0
DA:539,0
DA:540,0
DA:541,0
DA:542,0
DA:543,0
DA:546,0
DA:549,0
DA:550,0
DA:551,0
DA:552,0
DA:553,0
DA:557,0
DA:558,0
DA:559,0
DA:560,0
DA:561,0
DA:562,0
DA:563,0
DA:564,0
DA:565,0
DA:566,0
DA:570,0
DA:571,0
DA:572,0
DA:573,0
DA:574,0
DA:575,0
DA:576,0
DA:577,0
DA:578,0
DA:581,0
DA:582,0
DA:583,0
DA:584,0
DA:585,0
DA:589,0
DA:590,0
DA:591,0
DA:592,0
DA:593,0
DA:594,0
DA:595,0
DA:596,0
DA:597,0
DA:598,0
DA:602,0
DA:603,0
DA:604,0
DA:605,0
DA:606,0
DA:607,0
DA:608,0
DA:609,0
DA:610,0
DA:611,0
DA:612,0
DA:613,0
DA:614,0
DA:617,0
DA:618,0
DA:619,0
DA:620,0
DA:621,0
DA:622,0
DA:624,0
DA:627,0
DA:628,0
DA:629,0
DA:632,0
DA:633,0
DA:639,0
DA:640,0
DA:641,0
DA:652,0
DA:653,0
DA:654,0
DA:658,0
DA:659,0
DA:660,0
DA:661,0
DA:665,0
DA:666,0
DA:669,0
DA:670,0
DA:672,0
DA:701,0
DA:713,0
DA:714,0
DA:731,0
DA:732,0
DA:734,0
DA:740,0
DA:769,0
DA:814,0
DA:816,0
DA:820,0
DA:833,0
DA:856,0
DA:857,0
DA:897,0
DA:909,0
DA:910,0
DA:943,0
DA:973,0
DA:974,0
DA:990,0
DA:991,0
DA:1054,0
DA:1089,0
DA:1100,0
DA:1110,0
DA:1127,0
DA:1128,0
DA:1187,0
DA:1188,0
DA:1251,0
DA:1286,0
DA:1298,0
DA:1299,0
DA:1300,0
DA:1301,0
DA:1309,0
DA:1310,0
DA:1322,0
DA:1339,0
DA:1340,0
DA:1342,0
DA:1343,0
DA:1356,0
DA:1419,0
DA:1423,0
DA:1424,0
DA:1426,0
LF:403
LH:0
BRDA:52,0,0,0
BRDA:54,1,0,0
BRDA:54,1,1,0
BRDA:58,2,0,0
BRDA:58,2,1,0
BRDA:61,3,0,0
BRDA:61,3,1,0
BRDA:66,4,0,0
BRDA:66,4,1,0
BRDA:67,5,0,0
BRDA:67,5,1,0
BRDA:68,6,0,0
BRDA:68,6,1,0
BRDA:70,7,0,0
BRDA:70,7,1,0
BRDA:119,8,0,0
BRDA:158,9,0,0
BRDA:158,9,1,0
BRDA:159,10,0,0
BRDA:159,10,1,0
BRDA:160,11,0,0
BRDA:160,11,1,0
BRDA:165,12,0,0
BRDA:165,12,1,0
BRDA:182,13,0,0
BRDA:182,13,1,0
BRDA:182,13,2,0
BRDA:182,13,3,0
BRDA:191,14,0,0
BRDA:191,14,1,0
BRDA:191,15,0,0
BRDA:191,15,1,0
BRDA:194,16,0,0
BRDA:194,16,1,0
BRDA:199,17,0,0
BRDA:199,17,1,0
BRDA:200,18,0,0
BRDA:200,18,1,0
BRDA:204,19,0,0
BRDA:204,19,1,0
BRDA:225,20,0,0
BRDA:225,20,1,0
BRDA:225,21,0,0
BRDA:225,21,1,0
BRDA:235,22,0,0
BRDA:235,22,1,0
BRDA:238,23,0,0
BRDA:238,23,1,0
BRDA:241,24,0,0
BRDA:241,24,1,0
BRDA:246,25,0,0
BRDA:246,25,1,0
BRDA:260,26,0,0
BRDA:260,26,1,0
BRDA:260,27,0,0
BRDA:260,27,1,0
BRDA:263,28,0,0
BRDA:263,28,1,0
BRDA:310,29,0,0
BRDA:310,29,1,0
BRDA:316,30,0,0
BRDA:316,30,1,0
BRDA:318,31,0,0
BRDA:318,31,1,0
BRDA:318,32,0,0
BRDA:318,32,1,0
BRDA:321,33,0,0
BRDA:321,33,1,0
BRDA:325,34,0,0
BRDA:325,34,1,0
BRDA:328,35,0,0
BRDA:328,35,1,0
BRDA:337,36,0,0
BRDA:337,36,1,0
BRDA:349,37,0,0
BRDA:349,37,1,0
BRDA:353,38,0,0
BRDA:353,38,1,0
BRDA:357,39,0,0
BRDA:357,39,1,0
BRDA:362,40,0,0
BRDA:362,40,1,0
BRDA:375,41,0,0
BRDA:375,41,1,0
BRDA:375,42,0,0
BRDA:375,42,1,0
BRDA:378,43,0,0
BRDA:378,43,1,0
BRDA:394,44,0,0
BRDA:394,44,1,0
BRDA:399,45,0,0
BRDA:399,45,1,0
BRDA:399,46,0,0
BRDA:399,46,1,0
BRDA:400,47,0,0
BRDA:400,47,1,0
BRDA:402,48,0,0
BRDA:402,48,1,0
BRDA:409,49,0,0
BRDA:409,49,1,0
BRDA:409,50,0,0
BRDA:409,50,1,0
BRDA:410,51,0,0
BRDA:410,51,1,0
BRDA:411,52,0,0
BRDA:411,52,1,0
BRDA:412,53,0,0
BRDA:412,53,1,0
BRDA:426,54,0,0
BRDA:426,54,1,0
BRDA:436,55,0,0
BRDA:436,55,1,0
BRDA:443,56,0,0
BRDA:443,56,1,0
BRDA:445,57,0,0
BRDA:445,57,1,0
BRDA:445,58,0,0
BRDA:445,58,1,0
BRDA:448,59,0,0
BRDA:448,59,1,0
BRDA:451,60,0,0
BRDA:451,60,1,0
BRDA:454,61,0,0
BRDA:454,61,1,0
BRDA:458,62,0,0
BRDA:458,62,1,0
BRDA:459,63,0,0
BRDA:459,63,1,0
BRDA:477,64,0,0
BRDA:477,64,1,0
BRDA:503,65,0,0
BRDA:503,65,1,0
BRDA:512,66,0,0
BRDA:512,66,1,0
BRDA:524,67,0,0
BRDA:524,67,1,0
BRDA:524,67,2,0
BRDA:524,67,3,0
BRDA:529,68,0,0
BRDA:529,68,1,0
BRDA:532,69,0,0
BRDA:532,69,1,0
BRDA:532,70,0,0
BRDA:532,70,1,0
BRDA:534,71,0,0
BRDA:534,71,1,0
BRDA:536,72,0,0
BRDA:536,72,1,0
BRDA:538,73,0,0
BRDA:538,73,1,0
BRDA:540,74,0,0
BRDA:540,74,1,0
BRDA:542,75,0,0
BRDA:542,75,1,0
BRDA:552,76,0,0
BRDA:552,76,1,0
BRDA:584,77,0,0
BRDA:584,77,1,0
BRDA:619,78,0,0
BRDA:619,78,1,0
BRDA:621,79,0,0
BRDA:621,79,1,0
BRDA:640,80,0,0
BRDA:640,80,1,0
BRDA:653,81,0,0
BRDA:653,81,1,0
BRDA:653,82,0,0
BRDA:653,82,1,0
BRDA:666,83,0,0
BRDA:666,83,1,0
BRDA:669,84,0,0
BRDA:669,84,1,0
BRDA:674,85,0,0
BRDA:674,85,1,0
BRDA:690,86,0,0
BRDA:690,86,1,0
BRDA:744,87,0,0
BRDA:744,87,1,0
BRDA:744,87,2,0
BRDA:747,88,0,0
BRDA:747,88,1,0
BRDA:753,89,0,0
BRDA:753,89,1,0
BRDA:753,89,2,0
BRDA:773,90,0,0
BRDA:773,90,1,0
BRDA:773,90,2,0
BRDA:776,91,0,0
BRDA:776,91,1,0
BRDA:782,92,0,0
BRDA:782,92,1,0
BRDA:782,92,2,0
BRDA:795,93,0,0
BRDA:795,93,1,0
BRDA:801,94,0,0
BRDA:801,94,1,0
BRDA:826,95,0,0
BRDA:826,95,1,0
BRDA:856,96,0,0
BRDA:856,96,1,0
BRDA:909,97,0,0
BRDA:909,97,1,0
BRDA:930,98,0,0
BRDA:930,98,1,0
BRDA:932,99,0,0
BRDA:932,99,1,0
BRDA:935,100,0,0
BRDA:935,100,1,0
BRDA:939,101,0,0
BRDA:939,101,1,0
BRDA:941,102,0,0
BRDA:941,102,1,0
BRDA:950,103,0,0
BRDA:950,103,1,0
BRDA:958,104,0,0
BRDA:958,104,1,0
BRDA:966,105,0,0
BRDA:966,105,1,0
BRDA:969,106,0,0
BRDA:969,106,1,0
BRDA:990,107,0,0
BRDA:990,107,1,0
BRDA:1011,108,0,0
BRDA:1011,108,1,0
BRDA:1013,109,0,0
BRDA:1013,109,1,0
BRDA:1015,110,0,0
BRDA:1015,110,1,0
BRDA:1018,111,0,0
BRDA:1018,111,1,0
BRDA:1018,111,2,0
BRDA:1026,112,0,0
BRDA:1026,112,1,0
BRDA:1029,113,0,0
BRDA:1029,113,1,0
BRDA:1032,114,0,0
BRDA:1032,114,1,0
BRDA:1037,115,0,0
BRDA:1037,115,1,0
BRDA:1041,116,0,0
BRDA:1041,116,1,0
BRDA:1041,117,0,0
BRDA:1041,117,1,0
BRDA:1051,118,0,0
BRDA:1051,118,1,0
BRDA:1064,119,0,0
BRDA:1064,119,1,0
BRDA:1071,120,0,0
BRDA:1071,120,1,0
BRDA:1079,121,0,0
BRDA:1079,121,1,0
BRDA:1086,122,0,0
BRDA:1086,122,1,0
BRDA:1109,123,0,0
BRDA:1109,123,1,0
BRDA:1116,124,0,0
BRDA:1116,124,1,0
BRDA:1127,125,0,0
BRDA:1127,125,1,0
BRDA:1148,126,0,0
BRDA:1148,126,1,0
BRDA:1150,127,0,0
BRDA:1150,127,1,0
BRDA:1158,128,0,0
BRDA:1158,128,1,0
BRDA:1163,129,0,0
BRDA:1163,129,1,0
BRDA:1170,130,0,0
BRDA:1170,130,1,0
BRDA:1187,131,0,0
BRDA:1187,131,1,0
BRDA:1208,132,0,0
BRDA:1208,132,1,0
BRDA:1210,133,0,0
BRDA:1210,133,1,0
BRDA:1212,134,0,0
BRDA:1212,134,1,0
BRDA:1215,135,0,0
BRDA:1215,135,1,0
BRDA:1215,135,2,0
BRDA:1223,136,0,0
BRDA:1223,136,1,0
BRDA:1226,137,0,0
BRDA:1226,137,1,0
BRDA:1229,138,0,0
BRDA:1229,138,1,0
BRDA:1234,139,0,0
BRDA:1234,139,1,0
BRDA:1238,140,0,0
BRDA:1238,140,1,0
BRDA:1238,141,0,0
BRDA:1238,141,1,0
BRDA:1248,142,0,0
BRDA:1248,142,1,0
BRDA:1261,143,0,0
BRDA:1261,143,1,0
BRDA:1268,144,0,0
BRDA:1268,144,1,0
BRDA:1276,145,0,0
BRDA:1276,145,1,0
BRDA:1283,146,0,0
BRDA:1283,146,1,0
BRDA:1298,147,0,0
BRDA:1298,147,1,0
BRDA:1321,148,0,0
BRDA:1321,148,1,0
BRDA:1328,149,0,0
BRDA:1328,149,1,0
BRDA:1339,150,0,0
BRDA:1339,150,1,0
BRDA:1340,151,0,0
BRDA:1340,151,1,0
BRDA:1342,152,0,0
BRDA:1342,152,1,0
BRDA:1363,153,0,0
BRDA:1363,153,1,0
BRDA:1371,154,0,0
BRDA:1371,154,1,0
BRDA:1374,155,0,0
BRDA:1374,155,1,0
BRDA:1381,156,0,0
BRDA:1381,156,1,0
BRDA:1384,157,0,0
BRDA:1384,157,1,0
BRDA:1411,158,0,0
BRDA:1411,158,1,0
BRF:326
BRH:0
end_of_record
TN:
SF:src/screens/Session/components/exercises/HalfRestLessonExercise.js
FN:52,generateHalfRestPatternMusicXML
FN:132,HalfRestLessonExercise
FN:184,(anonymous_2)
FN:190,(anonymous_3)
FN:196,(anonymous_4)
FN:209,(anonymous_5)
FN:211,(anonymous_6)
FN:231,(anonymous_7)
FN:236,(anonymous_8)
FN:244,(anonymous_9)
FN:250,(anonymous_10)
FN:253,(anonymous_11)
FN:272,(anonymous_12)
FN:278,(anonymous_13)
FN:293,(anonymous_14)
FN:331,(anonymous_15)
FN:396,(anonymous_16)
FN:422,(anonymous_17)
FN:443,(anonymous_18)
FN:491,(anonymous_19)
FN:562,(anonymous_20)
FN:636,(anonymous_21)
FN:640,(anonymous_22)
FN:644,(anonymous_23)
FN:651,(anonymous_24)
FN:656,(anonymous_25)
FN:666,(anonymous_26)
FN:670,(anonymous_27)
FN:674,(anonymous_28)
FN:681,(anonymous_29)
FN:686,(anonymous_30)
FN:700,(anonymous_31)
FN:710,(anonymous_32)
FN:715,(anonymous_33)
FN:722,(anonymous_34)
FN:736,(anonymous_35)
FN:744,(anonymous_36)
FN:746,(anonymous_37)
FN:751,(anonymous_38)
FN:789,(anonymous_39)
FN:801,(anonymous_40)
FN:821,(anonymous_41)
FN:835,(anonymous_42)
FN:1013,(anonymous_43)
FN:1018,(anonymous_44)
FN:1031,(anonymous_45)
FN:1112,(anonymous_46)
FN:1157,(anonymous_47)
FN:1158,(anonymous_48)
FN:1187,(anonymous_49)
FN:1269,(anonymous_50)
FN:1303,(anonymous_51)
FN:1315,(anonymous_52)
FN:1325,(anonymous_53)
FN:1466,(anonymous_54)
FN:1500,(anonymous_55)
FN:1512,(anonymous_56)
FN:1515,(anonymous_57)
FN:1537,(anonymous_58)
FNF:59
FNH:0
FNDA:0,generateHalfRestPatternMusicXML
FNDA:0,HalfRestLessonExercise
FNDA:0,(anonymous_2)
FNDA:0,(anonymous_3)
FNDA:0,(anonymous_4)
FNDA:0,(anonymous_5)
FNDA:0,(anonymous_6)
FNDA:0,(anonymous_7)
FNDA:0,(anonymous_8)
FNDA:0,(anonymous_9)
FNDA:0,(anonymous_10)
FNDA:0,(anonymous_11)
FNDA:0,(anonymous_12)
FNDA:0,(anonymous_13)
FNDA:0,(anonymous_14)
FNDA:0,(anonymous_15)
FNDA:0,(anonymous_16)
FNDA:0,(anonymous_17)
FNDA:0,(anonymous_18)
FNDA:0,(anonymous_19)
FNDA:0,(anonymous_20)
FNDA:0,(anonymous_21)
FNDA:0,(anonymous_22)
FNDA:0,(anonymous_23)
FNDA:0,(anonymous_24)
FNDA:0,(anonymous_25)
FNDA:0,(anonymous_26)
FNDA:0,(anonymous_27)
FNDA:0,(anonymous_28)
FNDA:0,(anonymous_29)
FNDA:0,(anonymous_30)
FNDA:0,(anonymous_31)
FNDA:0,(anonymous_32)
FNDA:0,(anonymous_33)
FNDA:0,(anonymous_34)
FNDA:0,(anonymous_35)
FNDA:0,(anonymous_36)
FNDA:0,(anonymous_37)
FNDA:0,(anonymous_38)
FNDA:0,(anonymous_39)
FNDA:0,(anonymous_40)
FNDA:0,(anonymous_41)
FNDA:0,(anonymous_42)
FNDA:0,(anonymous_43)
FNDA:0,(anonymous_44)
FNDA:0,(anonymous_45)
FNDA:0,(anonymous_46)
FNDA:0,(anonymous_47)
FNDA:0,(anonymous_48)
FNDA:0,(anonymous_49)
FNDA:0,(anonymous_50)
FNDA:0,(anonymous_51)
FNDA:0,(anonymous_52)
FNDA:0,(anonymous_53)
FNDA:0,(anonymous_54)
FNDA:0,(anonymous_55)
FNDA:0,(anonymous_56)
FNDA:0,(anonymous_57)
FNDA:0,(anonymous_58)
DA:44,0
DA:45,0
DA:46,0
DA:48,0
DA:53,0
DA:54,0
DA:56,0
DA:57,0
DA:58,0
DA:59,0
DA:60,0
DA:61,0
DA:62,0
DA:63,0
DA:66,0
DA:67,0
DA:68,0
DA:70,0
DA:75,0
DA:140,0
DA:141,0
DA:142,0
DA:143,0
DA:144,0
DA:145,0
DA:146,0
DA:147,0
DA:148,0
DA:149,0
DA:150,0
DA:151,0
DA:152,0
DA:153,0
DA:156,0
DA:157,0
DA:158,0
DA:159,0
DA:160,0
DA:161,0
DA:162,0
DA:163,0
DA:164,0
DA:165,0
DA:166,0
DA:171,0
DA:172,0
DA:173,0
DA:176,0
DA:179,0
DA:180,0
DA:181,0
DA:184,0
DA:185,0
DA:186,0
DA:189,0
DA:190,0
DA:195,0
DA:196,0
DA:201,0
DA:209,0
DA:211,0
DA:212,0
DA:214,0
DA:215,0
DA:217,0
DA:220,0
DA:224,0
DA:225,0
DA:226,0
DA:227,0
DA:231,0
DA:232,0
DA:236,0
DA:237,0
DA:238,0
DA:239,0
DA:240,0
DA:241,0
DA:244,0
DA:245,0
DA:246,0
DA:250,0
DA:251,0
DA:253,0
DA:254,0
DA:255,0
DA:256,0
DA:258,0
DA:259,0
DA:261,0
DA:262,0
DA:263,0
DA:266,0
DA:267,0
DA:272,0
DA:273,0
DA:277,0
DA:279,0
DA:280,0
DA:282,0
DA:285,0
DA:286,0
DA:287,0
DA:289,0
DA:290,0
DA:291,0
DA:293,0
DA:294,0
DA:295,0
DA:297,0
DA:298,0
DA:300,0
DA:301,0
DA:303,0
DA:304,0
DA:305,0
DA:306,0
DA:308,0
DA:309,0
DA:310,0
DA:311,0
DA:312,0
DA:314,0
DA:315,0
DA:316,0
DA:317,0
DA:319,0
DA:320,0
DA:321,0
DA:322,0
DA:324,0
DA:325,0
DA:326,0
DA:329,0
DA:331,0
DA:332,0
DA:333,0
DA:334,0
DA:337,0
DA:338,0
DA:339,0
DA:340,0
DA:341,0
DA:344,0
DA:345,0
DA:346,0
DA:347,0
DA:349,0
DA:350,0
DA:351,0
DA:352,0
DA:353,0
DA:355,0
DA:356,0
DA:357,0
DA:359,0
DA:360,0
DA:361,0
DA:363,0
DA:364,0
DA:365,0
DA:367,0
DA:368,0
DA:369,0
DA:370,0
DA:371,0
DA:373,0
DA:374,0
DA:375,0
DA:377,0
DA:378,0
DA:380,0
DA:381,0
DA:382,0
DA:383,0
DA:384,0
DA:385,0
DA:386,0
DA:387,0
DA:396,0
DA:397,0
DA:398,0
DA:399,0
DA:401,0
DA:402,0
DA:403,0
DA:405,0
DA:406,0
DA:407,0
DA:410,0
DA:411,0
DA:412,0
DA:415,0
DA:416,0
DA:417,0
DA:421,0
DA:423,0
DA:424,0
DA:426,0
DA:429,0
DA:430,0
DA:431,0
DA:432,0
DA:433,0
DA:435,0
DA:436,0
DA:437,0
DA:439,0
DA:440,0
DA:441,0
DA:443,0
DA:444,0
DA:445,0
DA:446,0
DA:450,0
DA:451,0
DA:452,0
DA:453,0
DA:454,0
DA:457,0
DA:461,0
DA:462,0
DA:463,0
DA:468,0
DA:469,0
DA:470,0
DA:475,0
DA:481,0
DA:482,0
DA:483,0
DA:487,0
DA:489,0
DA:491,0
DA:492,0
DA:493,0
DA:494,0
DA:495,0
DA:498,0
DA:499,0
DA:500,0
DA:501,0
DA:502,0
DA:505,0
DA:506,0
DA:507,0
DA:508,0
DA:509,0
DA:510,0
DA:511,0
DA:512,0
DA:513,0
DA:514,0
DA:515,0
DA:516,0
DA:517,0
DA:518,0
DA:519,0
DA:520,0
DA:521,0
DA:522,0
DA:523,0
DA:524,0
DA:525,0
DA:526,0
DA:527,0
DA:528,0
DA:529,0
DA:530,0
DA:532,0
DA:537,0
DA:538,0
DA:539,0
DA:544,0
DA:545,0
DA:546,0
DA:547,0
DA:548,0
DA:549,0
DA:550,0
DA:551,0
DA:552,0
DA:553,0
DA:562,0
DA:563,0
DA:564,0
DA:565,0
DA:567,0
DA:568,0
DA:569,0
DA:577,0
DA:578,0
DA:585,0
DA:586,0
DA:588,0
DA:589,0
DA:594,0
DA:598,0
DA:602,0
DA:605,0
DA:608,0
DA:614,0
DA:616,0
DA:617,0
DA:618,0
DA:619,0
DA:620,0
DA:621,0
DA:622,0
DA:623,0
DA:624,0
DA:625,0
DA:626,0
DA:627,0
DA:628,0
DA:629,0
DA:630,0
DA:633,0
DA:636,0
DA:637,0
DA:638,0
DA:639,0
DA:640,0
DA:644,0
DA:645,0
DA:646,0
DA:647,0
DA:648,0
DA:649,0
DA:650,0
DA:651,0
DA:652,0
DA:656,0
DA:657,0
DA:658,0
DA:659,0
DA:660,0
DA:661,0
DA:662,0
DA:663,0
DA:666,0
DA:667,0
DA:668,0
DA:669,0
DA:670,0
DA:674,0
DA:675,0
DA:676,0
DA:677,0
DA:678,0
DA:679,0
DA:680,0
DA:681,0
DA:682,0
DA:686,0
DA:687,0
DA:688,0
DA:689,0
DA:690,0
DA:691,0
DA:692,0
DA:693,0
DA:694,0
DA:695,0
DA:696,0
DA:697,0
DA:700,0
DA:701,0
DA:702,0
DA:703,0
DA:704,0
DA:705,0
DA:707,0
DA:710,0
DA:711,0
DA:712,0
DA:715,0
DA:716,0
DA:722,0
DA:723,0
DA:724,0
DA:736,0
DA:737,0
DA:740,0
DA:744,0
DA:745,0
DA:746,0
DA:747,0
DA:751,0
DA:752,0
DA:755,0
DA:757,0
DA:758,0
DA:760,0
DA:789,0
DA:801,0
DA:802,0
DA:821,0
DA:824,0
DA:830,0
DA:836,0
DA:1012,0
DA:1014,0
DA:1018,0
DA:1031,0
DA:1054,0
DA:1055,0
DA:1112,0
DA:1124,0
DA:1125,0
DA:1158,0
DA:1188,0
DA:1189,0
DA:1205,0
DA:1206,0
DA:1269,0
DA:1304,0
DA:1315,0
DA:1325,0
DA:1342,0
DA:1343,0
DA:1402,0
DA:1403,0
DA:1466,0
DA:1501,0
DA:1513,0
DA:1514,0
DA:1515,0
DA:1516,0
DA:1524,0
DA:1525,0
DA:1537,0
DA:1554,0
DA:1555,0
DA:1557,0
DA:1558,0
DA:1571,0
DA:1634,0
DA:1638,0
DA:1639,0
DA:1641,0
LF:440
LH:0
BRDA:52,0,0,0
BRDA:54,1,0,0
BRDA:54,1,1,0
BRDA:58,2,0,0
BRDA:58,2,1,0
BRDA:61,3,0,0
BRDA:61,3,1,0
BRDA:66,4,0,0
BRDA:66,4,1,0
BRDA:67,5,0,0
BRDA:67,5,1,0
BRDA:68,6,0,0
BRDA:68,6,1,0
BRDA:70,7,0,0
BRDA:70,7,1,0
BRDA:137,8,0,0
BRDA:179,9,0,0
BRDA:179,9,1,0
BRDA:180,10,0,0
BRDA:180,10,1,0
BRDA:181,11,0,0
BRDA:181,11,1,0
BRDA:186,12,0,0
BRDA:186,12,1,0
BRDA:203,13,0,0
BRDA:203,13,1,0
BRDA:203,13,2,0
BRDA:203,13,3,0
BRDA:212,14,0,0
BRDA:212,14,1,0
BRDA:212,15,0,0
BRDA:212,15,1,0
BRDA:215,16,0,0
BRDA:215,16,1,0
BRDA:220,17,0,0
BRDA:220,17,1,0
BRDA:221,18,0,0
BRDA:221,18,1,0
BRDA:225,19,0,0
BRDA:225,19,1,0
BRDA:245,20,0,0
BRDA:245,20,1,0
BRDA:245,21,0,0
BRDA:245,21,1,0
BRDA:255,22,0,0
BRDA:255,22,1,0
BRDA:258,23,0,0
BRDA:258,23,1,0
BRDA:261,24,0,0
BRDA:261,24,1,0
BRDA:266,25,0,0
BRDA:266,25,1,0
BRDA:280,26,0,0
BRDA:280,26,1,0
BRDA:280,27,0,0
BRDA:280,27,1,0
BRDA:283,28,0,0
BRDA:283,28,1,0
BRDA:332,29,0,0
BRDA:332,29,1,0
BRDA:339,30,0,0
BRDA:339,30,1,0
BRDA:344,31,0,0
BRDA:344,31,1,0
BRDA:344,32,0,0
BRDA:344,32,1,0
BRDA:347,33,0,0
BRDA:347,33,1,0
BRDA:353,34,0,0
BRDA:353,34,1,0
BRDA:357,35,0,0
BRDA:357,35,1,0
BRDA:361,36,0,0
BRDA:361,36,1,0
BRDA:365,37,0,0
BRDA:365,37,1,0
BRDA:371,38,0,0
BRDA:371,38,1,0
BRDA:375,39,0,0
BRDA:375,39,1,0
BRDA:385,40,0,0
BRDA:385,40,1,0
BRDA:397,41,0,0
BRDA:397,41,1,0
BRDA:401,42,0,0
BRDA:401,42,1,0
BRDA:405,43,0,0
BRDA:405,43,1,0
BRDA:410,44,0,0
BRDA:410,44,1,0
BRDA:424,45,0,0
BRDA:424,45,1,0
BRDA:424,46,0,0
BRDA:424,46,1,0
BRDA:427,47,0,0
BRDA:427,47,1,0
BRDA:444,48,0,0
BRDA:444,48,1,0
BRDA:450,49,0,0
BRDA:450,49,1,0
BRDA:450,50,0,0
BRDA:450,50,1,0
BRDA:451,51,0,0
BRDA:451,51,1,0
BRDA:453,52,0,0
BRDA:453,52,1,0
BRDA:461,53,0,0
BRDA:461,53,1,0
BRDA:461,54,0,0
BRDA:461,54,1,0
BRDA:462,55,0,0
BRDA:462,55,1,0
BRDA:463,56,0,0
BRDA:463,56,1,0
BRDA:464,57,0,0
BRDA:464,57,1,0
BRDA:482,58,0,0
BRDA:482,58,1,0
BRDA:492,59,0,0
BRDA:492,59,1,0
BRDA:500,60,0,0
BRDA:500,60,1,0
BRDA:505,61,0,0
BRDA:505,61,1,0
BRDA:505,62,0,0
BRDA:505,62,1,0
BRDA:508,63,0,0
BRDA:508,63,1,0
BRDA:512,64,0,0
BRDA:512,64,1,0
BRDA:515,65,0,0
BRDA:515,65,1,0
BRDA:518,66,0,0
BRDA:518,66,1,0
BRDA:521,67,0,0
BRDA:521,67,1,0
BRDA:525,68,0,0
BRDA:525,68,1,0
BRDA:528,69,0,0
BRDA:528,69,1,0
BRDA:532,70,0,0
BRDA:532,70,1,0
BRDA:533,71,0,0
BRDA:533,71,1,0
BRDA:551,72,0,0
BRDA:551,72,1,0
BRDA:577,73,0,0
BRDA:577,73,1,0
BRDA:586,74,0,0
BRDA:586,74,1,0
BRDA:594,75,0,0
BRDA:594,75,1,0
BRDA:598,76,0,0
BRDA:598,76,1,0
BRDA:602,77,0,0
BRDA:602,77,1,0
BRDA:608,78,0,0
BRDA:608,78,1,0
BRDA:608,78,2,0
BRDA:608,78,3,0
BRDA:608,78,4,0
BRDA:614,79,0,0
BRDA:614,79,1,0
BRDA:617,80,0,0
BRDA:617,80,1,0
BRDA:617,81,0,0
BRDA:617,81,1,0
BRDA:619,82,0,0
BRDA:619,82,1,0
BRDA:621,83,0,0
BRDA:621,83,1,0
BRDA:623,84,0,0
BRDA:623,84,1,0
BRDA:625,85,0,0
BRDA:625,85,1,0
BRDA:627,86,0,0
BRDA:627,86,1,0
BRDA:629,87,0,0
BRDA:629,87,1,0
BRDA:639,88,0,0
BRDA:639,88,1,0
BRDA:669,89,0,0
BRDA:669,89,1,0
BRDA:702,90,0,0
BRDA:702,90,1,0
BRDA:704,91,0,0
BRDA:704,91,1,0
BRDA:723,92,0,0
BRDA:723,92,1,0
BRDA:737,93,0,0
BRDA:737,93,1,0
BRDA:737,94,0,0
BRDA:737,94,1,0
BRDA:737,94,2,0
BRDA:752,95,0,0
BRDA:752,95,1,0
BRDA:757,96,0,0
BRDA:757,96,1,0
BRDA:762,97,0,0
BRDA:762,97,1,0
BRDA:778,98,0,0
BRDA:778,98,1,0
BRDA:824,99,0,0
BRDA:824,99,1,0
BRDA:826,100,0,0
BRDA:826,100,1,0
BRDA:840,101,0,0
BRDA:840,101,1,0
BRDA:840,101,2,0
BRDA:843,102,0,0
BRDA:843,102,1,0
BRDA:849,103,0,0
BRDA:849,103,1,0
BRDA:849,103,2,0
BRDA:870,104,0,0
BRDA:870,104,1,0
BRDA:870,104,2,0
BRDA:876,105,0,0
BRDA:876,105,1,0
BRDA:876,105,2,0
BRDA:887,106,0,0
BRDA:887,106,1,0
BRDA:887,106,2,0
BRDA:893,107,0,0
BRDA:893,107,1,0
BRDA:893,107,2,0
BRDA:905,108,0,0
BRDA:905,108,1,0
BRDA:905,108,2,0
BRDA:913,109,0,0
BRDA:913,109,1,0
BRDA:913,109,2,0
BRDA:925,110,0,0
BRDA:925,110,1,0
BRDA:925,110,2,0
BRDA:933,111,0,0
BRDA:933,111,1,0
BRDA:933,111,2,0
BRDA:952,112,0,0
BRDA:952,112,1,0
BRDA:952,112,2,0
BRDA:958,113,0,0
BRDA:958,113,1,0
BRDA:958,113,2,0
BRDA:969,114,0,0
BRDA:969,114,1,0
BRDA:969,114,2,0
BRDA:975,115,0,0
BRDA:975,115,1,0
BRDA:975,115,2,0
BRDA:987,116,0,0
BRDA:987,116,1,0
BRDA:987,116,2,0
BRDA:995,117,0,0
BRDA:995,117,1,0
BRDA:995,117,2,0
BRDA:1024,118,0,0
BRDA:1024,118,1,0
BRDA:1054,119,0,0
BRDA:1054,119,1,0
BRDA:1124,120,0,0
BRDA:1124,120,1,0
BRDA:1145,121,0,0
BRDA:1145,121,1,0
BRDA:1147,122,0,0
BRDA:1147,122,1,0
BRDA:1150,123,0,0
BRDA:1150,123,1,0
BRDA:1154,124,0,0
BRDA:1154,124,1,0
BRDA:1156,125,0,0
BRDA:1156,125,1,0
BRDA:1165,126,0,0
BRDA:1165,126,1,0
BRDA:1173,127,0,0
BRDA:1173,127,1,0
BRDA:1181,128,0,0
BRDA:1181,128,1,0
BRDA:1184,129,0,0
BRDA:1184,129,1,0
BRDA:1205,130,0,0
BRDA:1205,130,1,0
BRDA:1226,131,0,0
BRDA:1226,131,1,0
BRDA:1228,132,0,0
BRDA:1228,132,1,0
BRDA:1230,133,0,0
BRDA:1230,133,1,0
BRDA:1233,134,0,0
BRDA:1233,134,1,0
BRDA:1233,134,2,0
BRDA:1241,135,0,0
BRDA:1241,135,1,0
BRDA:1244,136,0,0
BRDA:1244,136,1,0
BRDA:1247,137,0,0
BRDA:1247,137,1,0
BRDA:1252,138,0,0
BRDA:1252,138,1,0
BRDA:1256,139,0,0
BRDA:1256,139,1,0
BRDA:1256,140,0,0
BRDA:1256,140,1,0
BRDA:1266,141,0,0
BRDA:1266,141,1,0
BRDA:1279,142,0,0
BRDA:1279,142,1,0
BRDA:1286,143,0,0
BRDA:1286,143,1,0
BRDA:1294,144,0,0
BRDA:1294,144,1,0
BRDA:1301,145,0,0
BRDA:1301,145,1,0
BRDA:1324,146,0,0
BRDA:1324,146,1,0
BRDA:1331,147,0,0
BRDA:1331,147,1,0
BRDA:1342,148,0,0
BRDA:1342,148,1,0
BRDA:1363,149,0,0
BRDA:1363,149,1,0
BRDA:1365,150,0,0
BRDA:1365,150,1,0
BRDA:1373,151,0,0
BRDA:1373,151,1,0
BRDA:1378,152,0,0
BRDA:1378,152,1,0
BRDA:1385,153,0,0
BRDA:1385,153,1,0
BRDA:1402,154,0,0
BRDA:1402,154,1,0
BRDA:1423,155,0,0
BRDA:1423,155,1,0
BRDA:1425,156,0,0
BRDA:1425,156,1,0
BRDA:1427,157,0,0
BRDA:1427,157,1,0
BRDA:1430,158,0,0
BRDA:1430,158,1,0
BRDA:1430,158,2,0
BRDA:1438,159,0,0
BRDA:1438,159,1,0
BRDA:1441,160,0,0
BRDA:1441,160,1,0
BRDA:1444,161,0,0
BRDA:1444,161,1,0
BRDA:1449,162,0,0
BRDA:1449,162,1,0
BRDA:1453,163,0,0
BRDA:1453,163,1,0
BRDA:1453,164,0,0
BRDA:1453,164,1,0
BRDA:1463,165,0,0
BRDA:1463,165,1,0
BRDA:1476,166,0,0
BRDA:1476,166,1,0
BRDA:1483,167,0,0
BRDA:1483,167,1,0
BRDA:1491,168,0,0
BRDA:1491,168,1,0
BRDA:1498,169,0,0
BRDA:1498,169,1,0
BRDA:1513,170,0,0
BRDA:1513,170,1,0
BRDA:1536,171,0,0
BRDA:1536,171,1,0
BRDA:1543,172,0,0
BRDA:1543,172,1,0
BRDA:1554,173,0,0
BRDA:1554,173,1,0
BRDA:1555,174,0,0
BRDA:1555,174,1,0
BRDA:1557,175,0,0
BRDA:1557,175,1,0
BRDA:1578,176,0,0
BRDA:1578,176,1,0
BRDA:1586,177,0,0
BRDA:1586,177,1,0
BRDA:1589,178,0,0
BRDA:1589,178,1,0
BRDA:1596,179,0,0
BRDA:1596,179,1,0
BRDA:1599,180,0,0
BRDA:1599,180,1,0
BRDA:1626,181,0,0
BRDA:1626,181,1,0
BRF:386
BRH:0
end_of_record
TN:
SF:src/screens/Session/components/exercises/HalfStepsTheoryExercise.js
FN:110,HalfStepsTheoryExercise
FN:128,(anonymous_1)
FN:132,(anonymous_2)
FN:140,(anonymous_3)
FN:144,(anonymous_4)
FN:166,(anonymous_5)
FN:176,(anonymous_6)
FN:181,(anonymous_7)
FN:188,(anonymous_8)
FN:198,(anonymous_9)
FN:202,(anonymous_10)
FN:209,(anonymous_11)
FN:213,(anonymous_12)
FN:220,(anonymous_13)
FN:265,(anonymous_14)
FN:309,(anonymous_15)
FN:351,(anonymous_16)
FN:358,(anonymous_17)
FN:366,(anonymous_18)
FN:398,(anonymous_19)
FN:415,(anonymous_20)
FN:422,(anonymous_21)
FN:440,(anonymous_22)
FN:471,(anonymous_23)
FN:486,(anonymous_24)
FNF:25
FNH:0
FNDA:0,HalfStepsTheoryExercise
FNDA:0,(anonymous_1)
FNDA:0,(anonymous_2)
FNDA:0,(anonymous_3)
FNDA:0,(anonymous_4)
FNDA:0,(anonymous_5)
FNDA:0,(anonymous_6)
FNDA:0,(anonymous_7)
FNDA:0,(anonymous_8)
FNDA:0,(anonymous_9)
FNDA:0,(anonymous_10)
FNDA:0,(anonymous_11)
FNDA:0,(anonymous_12)
FNDA:0,(anonymous_13)
FNDA:0,(anonymous_14)
FNDA:0,(anonymous_15)
FNDA:0,(anonymous_16)
FNDA:0,(anonymous_17)
FNDA:0,(anonymous_18)
FNDA:0,(anonymous_19)
FNDA:0,(anonymous_20)
FNDA:0,(anonymous_21)
FNDA:0,(anonymous_22)
FNDA:0,(anonymous_23)
FNDA:0,(anonymous_24)
DA:25,0
DA:26,0
DA:27,0
DA:32,0
DA:33,0
DA:35,0
DA:43,0
DA:53,0
DA:70,0
DA:78,0
DA:116,0
DA:117,0
DA:118,0
DA:119,0
DA:120,0
DA:121,0
DA:122,0
DA:123,0
DA:125,0
DA:128,0
DA:129,0
DA:130,0
DA:132,0
DA:133,0
DA:134,0
DA:140,0
DA:141,0
DA:142,0
DA:144,0
DA:145,0
DA:146,0
DA:148,0
DA:149,0
DA:151,0
DA:152,0
DA:154,0
DA:155,0
DA:157,0
DA:158,0
DA:160,0
DA:165,0
DA:167,0
DA:168,0
DA:170,0
DA:171,0
DA:173,0
DA:174,0
DA:176,0
DA:178,0
DA:179,0
DA:181,0
DA:184,0
DA:185,0
DA:186,0
DA:188,0
DA:189,0
DA:190,0
DA:197,0
DA:199,0
DA:200,0
DA:201,0
DA:202,0
DA:209,0
DA:210,0
DA:211,0
DA:212,0
DA:213,0
DA:215,0
DA:220,0
DA:221,0
DA:222,0
DA:223,0
DA:232,0
DA:233,0
DA:265,0
DA:274,0
DA:275,0
DA:310,0
DA:311,0
DA:321,0
DA:322,0
DA:351,0
DA:358,0
DA:367,0
DA:368,0
DA:378,0
DA:379,0
DA:381,0
DA:398,0
DA:416,0
DA:422,0
DA:440,0
DA:449,0
DA:450,0
DA:452,0
DA:472,0
DA:473,0
DA:474,0
DA:475,0
DA:477,0
DA:486,0
DA:534,0
DA:535,0
DA:537,0
DA:568,0
DA:572,0
DA:573,0
DA:579,0
LF:108
LH:0
BRDA:26,0,0,0
BRDA:26,0,1,0
BRDA:28,1,0,0
BRDA:28,1,1,0
BRDA:29,2,0,0
BRDA:29,2,1,0
BRDA:111,3,0,0
BRDA:112,4,0,0
BRDA:129,5,0,0
BRDA:129,5,1,0
BRDA:129,6,0,0
BRDA:129,6,1,0
BRDA:133,7,0,0
BRDA:133,7,1,0
BRDA:140,8,0,0
BRDA:142,9,0,0
BRDA:142,9,1,0
BRDA:167,10,0,0
BRDA:167,10,1,0
BRDA:201,11,0,0
BRDA:201,11,1,0
BRDA:212,12,0,0
BRDA:212,12,1,0
BRDA:222,13,0,0
BRDA:222,13,1,0
BRDA:232,14,0,0
BRDA:232,14,1,0
BRDA:274,15,0,0
BRDA:274,15,1,0
BRDA:321,16,0,0
BRDA:321,16,1,0
BRDA:378,17,0,0
BRDA:378,17,1,0
BRDA:392,18,0,0
BRDA:392,18,1,0
BRDA:397,19,0,0
BRDA:397,19,1,0
BRDA:402,20,0,0
BRDA:402,20,1,0
BRDA:420,21,0,0
BRDA:420,21,1,0
BRDA:427,22,0,0
BRDA:427,22,1,0
BRDA:449,23,0,0
BRDA:449,23,1,0
BRDA:474,24,0,0
BRDA:474,24,1,0
BRDA:475,25,0,0
BRDA:475,25,1,0
BRDA:475,25,2,0
BRDA:482,26,0,0
BRDA:482,26,1,0
BRDA:483,27,0,0
BRDA:483,27,1,0
BRDA:484,28,0,0
BRDA:484,28,1,0
BRDA:484,28,2,0
BRDA:486,29,0,0
BRDA:486,29,1,0
BRDA:492,30,0,0
BRDA:492,30,1,0
BRDA:492,30,2,0
BRDA:502,31,0,0
BRDA:502,31,1,0
BRDA:507,32,0,0
BRDA:507,32,1,0
BRDA:512,33,0,0
BRDA:512,33,1,0
BRDA:520,34,0,0
BRDA:520,34,1,0
BRDA:523,35,0,0
BRDA:523,35,1,0
BRDA:534,36,0,0
BRDA:534,36,1,0
BRDA:540,37,0,0
BRDA:540,37,1,0
BRDA:542,38,0,0
BRDA:542,38,1,0
BRDA:561,39,0,0
BRDA:561,39,1,0
BRF:80
BRH:0
end_of_record
TN:
SF:src/screens/Session/components/exercises/KeySignatureBasicsExercise.js
FN:86,generateKeySignatureMusicXML
FN:161,KeySignatureDisplay
FN:162,(anonymous_2)
FN:226,KeySignatureBasicsExercise
FN:241,(anonymous_4)
FN:245,(anonymous_5)
FN:251,(anonymous_6)
FN:255,(anonymous_7)
FN:261,(anonymous_8)
FN:299,(anonymous_9)
FN:348,(anonymous_10)
FN:392,(anonymous_11)
FN:423,(anonymous_12)
FN:430,(anonymous_13)
FN:456,(anonymous_14)
FN:486,(anonymous_15)
FN:501,(anonymous_16)
FNF:17
FNH:0
FNDA:0,generateKeySignatureMusicXML
FNDA:0,KeySignatureDisplay
FNDA:0,(anonymous_2)
FNDA:0,KeySignatureBasicsExercise
FNDA:0,(anonymous_4)
FNDA:0,(anonymous_5)
FNDA:0,(anonymous_6)
FNDA:0,(anonymous_7)
FNDA:0,(anonymous_8)
FNDA:0,(anonymous_9)
FNDA:0,(anonymous_10)
FNDA:0,(anonymous_11)
FNDA:0,(anonymous_12)
FNDA:0,(anonymous_13)
FNDA:0,(anonymous_14)
FNDA:0,(anonymous_15)
FNDA:0,(anonymous_16)
DA:30,0
DA:31,0
DA:32,0
DA:37,0
DA:38,0
DA:40,0
DA:48,0
DA:58,0
DA:87,0
DA:88,0
DA:90,0
DA:91,0
DA:93,0
DA:124,0
DA:162,0
DA:163,0
DA:166,0
DA:193,0
DA:233,0
DA:234,0
DA:235,0
DA:236,0
DA:237,0
DA:238,0
DA:240,0
DA:242,0
DA:243,0
DA:244,0
DA:245,0
DA:251,0
DA:252,0
DA:253,0
DA:254,0
DA:255,0
DA:257,0
DA:261,0
DA:262,0
DA:263,0
DA:264,0
DA:272,0
DA:273,0
DA:299,0
DA:307,0
DA:308,0
DA:348,0
DA:356,0
DA:357,0
DA:392,0
DA:400,0
DA:401,0
DA:403,0
DA:424,0
DA:430,0
DA:456,0
DA:464,0
DA:465,0
DA:467,0
DA:487,0
DA:488,0
DA:489,0
DA:490,0
DA:492,0
DA:501,0
DA:548,0
DA:549,0
DA:551,0
DA:583,0
DA:587,0
DA:588,0
DA:594,0
LF:70
LH:0
BRDA:31,0,0,0
BRDA:31,0,1,0
BRDA:33,1,0,0
BRDA:33,1,1,0
BRDA:34,2,0,0
BRDA:34,2,1,0
BRDA:86,3,0,0
BRDA:87,4,0,0
BRDA:87,4,1,0
BRDA:88,5,0,0
BRDA:88,5,1,0
BRDA:90,6,0,0
BRDA:90,6,1,0
BRDA:91,7,0,0
BRDA:91,7,1,0
BRDA:161,8,0,0
BRDA:161,9,0,0
BRDA:161,10,0,0
BRDA:169,11,0,0
BRDA:169,11,1,0
BRDA:179,12,0,0
BRDA:179,12,1,0
BRDA:180,13,0,0
BRDA:180,13,1,0
BRDA:181,14,0,0
BRDA:181,14,1,0
BRDA:182,15,0,0
BRDA:182,15,1,0
BRDA:227,16,0,0
BRDA:228,17,0,0
BRDA:231,18,0,0
BRDA:244,19,0,0
BRDA:244,19,1,0
BRDA:254,20,0,0
BRDA:254,20,1,0
BRDA:263,21,0,0
BRDA:263,21,1,0
BRDA:272,22,0,0
BRDA:272,22,1,0
BRDA:307,23,0,0
BRDA:307,23,1,0
BRDA:356,24,0,0
BRDA:356,24,1,0
BRDA:400,25,0,0
BRDA:400,25,1,0
BRDA:428,26,0,0
BRDA:428,26,1,0
BRDA:435,27,0,0
BRDA:435,27,1,0
BRDA:464,28,0,0
BRDA:464,28,1,0
BRDA:489,29,0,0
BRDA:489,29,1,0
BRDA:490,30,0,0
BRDA:490,30,1,0
BRDA:490,30,2,0
BRDA:497,31,0,0
BRDA:497,31,1,0
BRDA:498,32,0,0
BRDA:498,32,1,0
BRDA:499,33,0,0
BRDA:499,33,1,0
BRDA:499,33,2,0
BRDA:501,34,0,0
BRDA:501,34,1,0
BRDA:507,35,0,0
BRDA:507,35,1,0
BRDA:507,35,2,0
BRDA:517,36,0,0
BRDA:517,36,1,0
BRDA:522,37,0,0
BRDA:522,37,1,0
BRDA:527,38,0,0
BRDA:527,38,1,0
BRDA:535,39,0,0
BRDA:535,39,1,0
BRDA:538,40,0,0
BRDA:538,40,1,0
BRDA:548,41,0,0
BRDA:548,41,1,0
BRDA:554,42,0,0
BRDA:554,42,1,0
BRDA:556,43,0,0
BRDA:556,43,1,0
BRDA:576,44,0,0
BRDA:576,44,1,0
BRF:86
BRH:0
end_of_record
TN:
SF:src/screens/Session/components/exercises/NaturalAccidentalExercise.js
FN:113,NaturalAccidentalExercise
FN:129,(anonymous_1)
FN:133,(anonymous_2)
FN:141,(anonymous_3)
FN:145,(anonymous_4)
FN:167,(anonymous_5)
FN:173,(anonymous_6)
FN:185,(anonymous_7)
FN:189,(anonymous_8)
FN:196,(anonymous_9)
FN:200,(anonymous_10)
FN:207,(anonymous_11)
FN:251,(anonymous_12)
FN:278,(anonymous_13)
FN:298,(anonymous_14)
FN:309,(anonymous_15)
FN:357,(anonymous_16)
FN:388,(anonymous_17)
FN:403,(anonymous_18)
FNF:19
FNH:0
FNDA:0,NaturalAccidentalExercise
FNDA:0,(anonymous_1)
FNDA:0,(anonymous_2)
FNDA:0,(anonymous_3)
FNDA:0,(anonymous_4)
FNDA:0,(anonymous_5)
FNDA:0,(anonymous_6)
FNDA:0,(anonymous_7)
FNDA:0,(anonymous_8)
FNDA:0,(anonymous_9)
FNDA:0,(anonymous_10)
FNDA:0,(anonymous_11)
FNDA:0,(anonymous_12)
FNDA:0,(anonymous_13)
FNDA:0,(anonymous_14)
FNDA:0,(anonymous_15)
FNDA:0,(anonymous_16)
FNDA:0,(anonymous_17)
FNDA:0,(anonymous_18)
DA:23,0
DA:24,0
DA:25,0
DA:30,0
DA:31,0
DA:33,0
DA:41,0
DA:50,0
DA:71,0
DA:119,0
DA:120,0
DA:121,0
DA:122,0
DA:123,0
DA:124,0
DA:126,0
DA:129,0
DA:130,0
DA:131,0
DA:133,0
DA:134,0
DA:135,0
DA:141,0
DA:142,0
DA:143,0
DA:145,0
DA:146,0
DA:147,0
DA:149,0
DA:150,0
DA:152,0
DA:153,0
DA:155,0
DA:156,0
DA:158,0
DA:159,0
DA:161,0
DA:166,0
DA:168,0
DA:169,0
DA:172,0
DA:173,0
DA:176,0
DA:178,0
DA:184,0
DA:186,0
DA:187,0
DA:188,0
DA:189,0
DA:196,0
DA:197,0
DA:198,0
DA:199,0
DA:200,0
DA:202,0
DA:207,0
DA:208,0
DA:209,0
DA:210,0
DA:219,0
DA:220,0
DA:251,0
DA:260,0
DA:261,0
DA:278,0
DA:298,0
DA:309,0
DA:318,0
DA:319,0
DA:357,0
DA:366,0
DA:367,0
DA:369,0
DA:389,0
DA:390,0
DA:391,0
DA:392,0
DA:394,0
DA:403,0
DA:451,0
DA:452,0
DA:454,0
DA:485,0
DA:489,0
DA:490,0
DA:496,0
LF:86
LH:0
BRDA:24,0,0,0
BRDA:24,0,1,0
BRDA:26,1,0,0
BRDA:26,1,1,0
BRDA:27,2,0,0
BRDA:27,2,1,0
BRDA:114,3,0,0
BRDA:115,4,0,0
BRDA:130,5,0,0
BRDA:130,5,1,0
BRDA:130,6,0,0
BRDA:130,6,1,0
BRDA:134,7,0,0
BRDA:134,7,1,0
BRDA:141,8,0,0
BRDA:143,9,0,0
BRDA:143,9,1,0
BRDA:168,10,0,0
BRDA:168,10,1,0
BRDA:188,11,0,0
BRDA:188,11,1,0
BRDA:199,12,0,0
BRDA:199,12,1,0
BRDA:209,13,0,0
BRDA:209,13,1,0
BRDA:219,14,0,0
BRDA:219,14,1,0
BRDA:260,15,0,0
BRDA:260,15,1,0
BRDA:277,16,0,0
BRDA:277,16,1,0
BRDA:282,17,0,0
BRDA:282,17,1,0
BRDA:297,18,0,0
BRDA:297,18,1,0
[...]
BRDA:1284,147,0,0
BRDA:1284,147,1,0
BRDA:1290,148,0,0
BRDA:1290,148,1,0
BRDA:1297,149,0,0
BRDA:1297,149,1,0
BRDA:1317,150,0,0
BRDA:1317,150,1,0
BRDA:1322,151,0,0
BRDA:1322,151,1,0
BRDA:1333,152,0,0
BRDA:1333,152,1,0
BRDA:1355,153,0,0
BRDA:1355,153,1,0
BRDA:1357,154,0,0
BRDA:1357,154,1,0
BRDA:1365,155,0,0
BRDA:1365,155,1,0
BRDA:1370,156,0,0
BRDA:1370,156,1,0
BRDA:1375,157,0,0
BRDA:1375,157,1,0
BRDA:1390,158,0,0
BRDA:1390,158,1,0
BRDA:1412,159,0,0
BRDA:1412,159,1,0
BRDA:1414,160,0,0
BRDA:1414,160,1,0
BRDA:1416,161,0,0
BRDA:1416,161,1,0
BRDA:1419,162,0,0
BRDA:1419,162,1,0
BRDA:1419,162,2,0
BRDA:1427,163,0,0
BRDA:1427,163,1,0
BRDA:1430,164,0,0
BRDA:1430,164,1,0
BRDA:1433,165,0,0
BRDA:1433,165,1,0
BRDA:1438,166,0,0
BRDA:1438,166,1,0
BRDA:1442,167,0,0
BRDA:1442,167,1,0
BRDA:1442,168,0,0
BRDA:1442,168,1,0
BRDA:1450,169,0,0
BRDA:1450,169,1,0
BRDA:1461,170,0,0
BRDA:1461,170,1,0
BRDA:1468,171,0,0
BRDA:1468,171,1,0
BRDA:1474,172,0,0
BRDA:1474,172,1,0
BRDA:1481,173,0,0
BRDA:1481,173,1,0
BRDA:1496,174,0,0
BRDA:1496,174,1,0
BRDA:1517,175,0,0
BRDA:1517,175,1,0
BRDA:1522,176,0,0
BRDA:1522,176,1,0
BRDA:1533,177,0,0
BRDA:1533,177,1,0
BRDA:1534,178,0,0
BRDA:1534,178,1,0
BRDA:1536,179,0,0
BRDA:1536,179,1,0
BRDA:1557,180,0,0
BRDA:1557,180,1,0
BRDA:1565,181,0,0
BRDA:1565,181,1,0
BRDA:1568,182,0,0
BRDA:1568,182,1,0
BRDA:1575,183,0,0
BRDA:1575,183,1,0
BRDA:1578,184,0,0
BRDA:1578,184,1,0
BRDA:1602,185,0,0
BRDA:1602,185,1,0
BRF:382
BRH:0
end_of_record
TN:
SF:src/screens/Session/components/exercises/WholeStepsTheoryExercise.js
FN:145,WholeStepsTheoryExercise
FN:163,(anonymous_1)
FN:167,(anonymous_2)
FN:174,(anonymous_3)
FN:178,(anonymous_4)
FN:199,(anonymous_5)
FN:210,(anonymous_6)
FN:214,(anonymous_7)
FN:219,(anonymous_8)
FN:227,(anonymous_9)
FN:237,(anonymous_10)
FN:241,(anonymous_11)
FN:247,(anonymous_12)
FN:251,(anonymous_13)
FN:257,(anonymous_14)
FN:300,(anonymous_15)
FN:327,(anonymous_16)
FN:330,(anonymous_17)
FN:333,(anonymous_18)
FN:346,(anonymous_19)
FN:349,(anonymous_20)
FN:351,(anonymous_21)
FN:354,(anonymous_22)
FN:375,(anonymous_23)
FN:405,(anonymous_24)
FN:416,(anonymous_25)
FN:423,(anonymous_26)
FN:450,(anonymous_27)
FN:480,(anonymous_28)
FN:495,(anonymous_29)
FNF:30
FNH:0
FNDA:0,WholeStepsTheoryExercise
FNDA:0,(anonymous_1)
FNDA:0,(anonymous_2)
FNDA:0,(anonymous_3)
FNDA:0,(anonymous_4)
FNDA:0,(anonymous_5)
FNDA:0,(anonymous_6)
FNDA:0,(anonymous_7)
FNDA:0,(anonymous_8)
FNDA:0,(anonymous_9)
FNDA:0,(anonymous_10)
FNDA:0,(anonymous_11)
FNDA:0,(anonymous_12)
FNDA:0,(anonymous_13)
FNDA:0,(anonymous_14)
FNDA:0,(anonymous_15)
FNDA:0,(anonymous_16)
FNDA:0,(anonymous_17)
FNDA:0,(anonymous_18)
FNDA:0,(anonymous_19)
FNDA:0,(anonymous_20)
FNDA:0,(anonymous_21)
FNDA:0,(anonymous_22)
FNDA:0,(anonymous_23)
FNDA:0,(anonymous_24)
FNDA:0,(anonymous_25)
FNDA:0,(anonymous_26)
FNDA:0,(anonymous_27)
FNDA:0,(anonymous_28)
FNDA:0,(anonymous_29)
DA:25,0
DA:26,0
DA:27,0
DA:32,0
DA:33,0
DA:35,0
DA:43,0
DA:52,0
DA:69,0
DA:108,0
DA:151,0
DA:152,0
DA:153,0
DA:154,0
DA:155,0
DA:156,0
DA:157,0
DA:158,0
DA:159,0
DA:161,0
DA:163,0
DA:164,0
DA:165,0
DA:167,0
DA:168,0
DA:169,0
DA:174,0
DA:175,0
DA:176,0
DA:178,0
DA:179,0
DA:180,0
DA:182,0
DA:183,0
DA:185,0
DA:186,0
DA:188,0
DA:189,0
DA:191,0
DA:192,0
DA:194,0
DA:198,0
DA:200,0
DA:201,0
DA:203,0
DA:204,0
DA:206,0
DA:207,0
DA:208,0
DA:210,0
DA:213,0
DA:214,0
DA:216,0
DA:217,0
DA:219,0
DA:222,0
DA:223,0
DA:224,0
DA:225,0
DA:227,0
DA:228,0
DA:229,0
DA:230,0
DA:236,0
DA:238,0
DA:239,0
DA:240,0
DA:241,0
DA:247,0
DA:248,0
DA:249,0
DA:250,0
DA:251,0
DA:253,0
DA:257,0
DA:258,0
DA:259,0
DA:260,0
DA:268,0
DA:269,0
DA:300,0
DA:308,0
DA:309,0
DA:328,0
DA:329,0
DA:330,0
DA:331,0
DA:332,0
DA:333,0
DA:334,0
DA:347,0
DA:348,0
DA:349,0
DA:350,0
DA:351,0
DA:352,0
DA:353,0
DA:354,0
DA:355,0
DA:356,0
DA:375,0
DA:383,0
DA:384,0
DA:386,0
DA:405,0
DA:417,0
DA:423,0
DA:450,0
DA:458,0
DA:459,0
DA:461,0
DA:481,0
DA:482,0
DA:483,0
DA:484,0
DA:486,0
DA:495,0
DA:542,0
DA:543,0
DA:545,0
DA:576,0
DA:580,0
DA:581,0
DA:587,0
LF:124
LH:0
BRDA:26,0,0,0
BRDA:26,0,1,0
BRDA:28,1,0,0
BRDA:28,1,1,0
BRDA:29,2,0,0
BRDA:29,2,1,0
BRDA:146,3,0,0
BRDA:147,4,0,0
BRDA:164,5,0,0
BRDA:164,5,1,0
BRDA:164,6,0,0
BRDA:164,6,1,0
BRDA:168,7,0,0
BRDA:168,7,1,0
BRDA:174,8,0,0
BRDA:176,9,0,0
BRDA:176,9,1,0
BRDA:200,10,0,0
BRDA:200,10,1,0
BRDA:240,11,0,0
BRDA:240,11,1,0
BRDA:250,12,0,0
BRDA:250,12,1,0
BRDA:259,13,0,0
BRDA:259,13,1,0
BRDA:268,14,0,0
BRDA:268,14,1,0
BRDA:308,15,0,0
BRDA:308,15,1,0
BRDA:383,16,0,0
BRDA:383,16,1,0
BRDA:404,17,0,0
BRDA:404,17,1,0
BRDA:409,18,0,0
BRDA:409,18,1,0
BRDA:421,19,0,0
BRDA:421,19,1,0
BRDA:428,20,0,0
BRDA:428,20,1,0
BRDA:458,21,0,0
BRDA:458,21,1,0
BRDA:483,22,0,0
BRDA:483,22,1,0
BRDA:484,23,0,0
BRDA:484,23,1,0
BRDA:484,23,2,0
BRDA:491,24,0,0
BRDA:491,24,1,0
BRDA:492,25,0,0
BRDA:492,25,1,0
BRDA:493,26,0,0
BRDA:493,26,1,0
BRDA:493,26,2,0
BRDA:495,27,0,0
BRDA:495,27,1,0
BRDA:501,28,0,0
BRDA:501,28,1,0
BRDA:501,28,2,0
BRDA:511,29,0,0
BRDA:511,29,1,0
BRDA:516,30,0,0
BRDA:516,30,1,0
BRDA:521,31,0,0
BRDA:521,31,1,0
BRDA:529,32,0,0
BRDA:529,32,1,0
BRDA:532,33,0,0
BRDA:532,33,1,0
BRDA:542,34,0,0
BRDA:542,34,1,0
BRDA:548,35,0,0
BRDA:548,35,1,0
BRDA:550,36,0,0
BRDA:550,36,1,0
BRDA:569,37,0,0
BRDA:569,37,1,0
BRF:76
BRH:0
end_of_record
TN:
SF:src/screens/Session/components/exercises/index.js
FN:127,getExerciseComponent
FNF:1
FNH:0
FNDA:0,getExerciseComponent
DA:36,0
DA:128,0
LF:2
LH:0
BRDA:128,0,0,0
BRDA:128,0,1,0
BRF:2
BRH:0
end_of_record
TN:
SF:src/screens/Session/components/exercises/shared/AudioLoadingState.tsx
FN:31,AudioLoadingState
FN:90,WithAudioLoading
FNF:2
FNH:0
FNDA:0,AudioLoadingState
FNDA:0,WithAudioLoading
DA:31,0
DA:37,0
DA:38,0
DA:62,0
DA:63,0
DA:73,0
DA:90,0
DA:96,0
DA:97,0
DA:106,0
DA:109,0
LF:11
LH:0
BRDA:32,0,0,0
BRDA:33,1,0,0
BRDA:35,2,0,0
BRDA:37,3,0,0
BRDA:37,3,1,0
BRDA:44,4,0,0
BRDA:44,4,1,0
BRDA:47,5,0,0
BRDA:47,5,1,0
BRDA:62,6,0,0
BRDA:62,6,1,0
BRDA:96,7,0,0
BRDA:96,7,1,0
BRDA:96,8,0,0
BRDA:96,8,1,0
BRDA:99,9,0,0
BRDA:99,9,1,0
BRF:17
BRH:0
end_of_record
TN:
SF:src/screens/Session/components/exercises/shared/ExerciseErrorBoundary.tsx
FN:31,(anonymous_0)
FN:36,(anonymous_1)
FN:42,(anonymous_2)
FN:55,(anonymous_3)
FN:59,(anonymous_4)
FN:65,(anonymous_5)
FN:126,withExerciseErrorBoundary
FN:130,(anonymous_7)
FN:131,(anonymous_8)
FNF:9
FNH:0
FNDA:0,(anonymous_0)
FNDA:0,(anonymous_1)
FNDA:0,(anonymous_2)
FNDA:0,(anonymous_3)
FNDA:0,(anonymous_4)
FNDA:0,(anonymous_5)
FNDA:0,withExerciseErrorBoundary
FNDA:0,(anonymous_7)
FNDA:0,(anonymous_8)
DA:32,0
DA:33,0
DA:39,0
DA:43,0
DA:45,0
DA:46,0
DA:47,0
DA:50,0
DA:51,0
DA:55,0
DA:56,0
DA:59,0
DA:60,0
DA:61,0
DA:66,0
DA:67,0
DA:112,0
DA:130,0
DA:131,0
DA:133,0
DA:134,0
DA:142,0
DA:149,0
DA:157,0
DA:160,0
LF:25
LH:0
BRDA:45,0,0,0
BRDA:45,0,1,0
BRDA:50,1,0,0
BRDA:50,1,1,0
BRDA:60,2,0,0
BRDA:60,2,1,0
BRDA:66,3,0,0
BRDA:66,3,1,0
BRDA:77,4,0,0
BRDA:77,4,1,0
BRDA:77,4,2,0
BRDA:96,5,0,0
BRDA:96,5,1,0
BRDA:133,6,0,0
BRDA:133,6,1,0
BRDA:150,7,0,0
BRDA:150,7,1,0
BRDA:150,7,2,0
BRDA:150,7,3,0
BRF:19
BRH:0
end_of_record
TN:
SF:src/screens/Session/components/exercises/shared/MiniKeyboard.tsx
FN:86,MiniKeyboard
FN:100,(anonymous_1)
FN:101,(anonymous_2)
FN:106,(anonymous_3)
FN:134,(anonymous_4)
FN:152,(anonymous_5)
FN:185,(anonymous_6)
FNF:7
FNH:0
FNDA:0,MiniKeyboard
FNDA:0,(anonymous_1)
FNDA:0,(anonymous_2)
FNDA:0,(anonymous_3)
FNDA:0,(anonymous_4)
FNDA:0,(anonymous_5)
FNDA:0,(anonymous_6)
DA:8,0
DA:25,0
DA:42,0
DA:51,0
DA:60,0
DA:61,0
DA:86,0
DA:95,0
DA:96,0
DA:100,0
DA:101,0
DA:104,0
DA:106,0
DA:107,0
DA:108,0
DA:109,0
DA:110,0
DA:112,0
DA:120,0
DA:127,0
DA:129,0
DA:130,0
DA:134,0
DA:145,0
DA:152,0
DA:153,0
DA:154,0
DA:155,0
DA:156,0
DA:158,0
DA:159,0
DA:161,0
DA:163,0
DA:172,0
DA:178,0
DA:180,0
DA:181,0
DA:185,0
DA:196,0
DA:203,0
DA:213,0
LF:41
LH:0
BRDA:87,0,0,0
BRDA:88,1,0,0
BRDA:89,2,0,0
BRDA:90,3,0,0
BRDA:92,4,0,0
BRDA:93,5,0,0
BRDA:95,6,0,0
BRDA:95,6,1,0
BRDA:96,7,0,0
BRDA:96,7,1,0
BRDA:104,8,0,0
BRDA:104,8,1,0
BRDA:104,8,2,0
BRDA:110,9,0,0
BRDA:110,9,1,0
BRDA:114,10,0,0
BRDA:114,10,1,0
BRDA:115,11,0,0
BRDA:115,11,1,0
BRDA:116,12,0,0
BRDA:116,12,1,0
BRDA:117,13,0,0
BRDA:117,13,1,0
BRDA:122,14,0,0
BRDA:122,14,1,0
BRDA:122,14,2,0
BRDA:122,14,3,0
BRDA:124,15,0,0
BRDA:124,15,1,0
BRDA:127,16,0,0
BRDA:127,16,1,0
BRDA:129,17,0,0
BRDA:129,17,1,0
BRDA:159,18,0,0
BRDA:159,18,1,0
BRDA:166,19,0,0
BRDA:166,19,1,0
BRDA:167,20,0,0
BRDA:167,20,1,0
BRDA:168,21,0,0
BRDA:168,21,1,0
BRDA:169,22,0,0
BRDA:169,22,1,0
BRDA:174,23,0,0
BRDA:174,23,1,0
BRDA:174,23,2,0
BRDA:174,23,3,0
BRDA:174,23,4,0
BRDA:178,24,0,0
BRDA:178,24,1,0
BRDA:180,25,0,0
BRDA:180,25,1,0
BRF:52
BRH:0
end_of_record
TN:
SF:src/screens/Session/components/exercises/shared/audioHelpers.ts
FN:19,getAudioContextClass
FN:42,createAudioContext
FN:52,createClickSound
FN:106,playTone
FN:145,playNote
FN:164,cleanupAudioContext
FNF:6
FNH:0
FNDA:0,getAudioContextClass
FNDA:0,createAudioContext
FNDA:0,createClickSound
FNDA:0,playTone
FNDA:0,playNote
FNDA:0,cleanupAudioContext
DA:20,0
DA:21,0
DA:30,0
DA:32,0
DA:34,0
DA:35,0
DA:43,0
DA:44,0
DA:45,0
DA:58,0
DA:61,0
DA:62,0
DA:63,0
DA:64,0
DA:65,0
DA:66,0
DA:67,0
DA:70,0
DA:71,0
DA:72,0
DA:73,0
DA:76,0
DA:77,0
DA:80,0
DA:81,0
DA:84,0
DA:85,0
DA:86,0
DA:87,0
DA:89,0
DA:90,0
DA:91,0
DA:96,0
DA:97,0
DA:98,0
DA:100,0
DA:113,0
DA:115,0
DA:116,0
DA:118,0
DA:119,0
DA:122,0
DA:123,0
DA:127,0
DA:131,0
DA:133,0
DA:134,0
DA:136,0
DA:137,0
DA:139,0
DA:154,0
DA:157,0
DA:158,0
DA:167,0
DA:168,0
DA:169,0
LF:56
LH:0
BRDA:20,0,0,0
BRDA:20,0,1,0
BRDA:21,1,0,0
BRDA:21,1,1,0
BRDA:22,2,0,0
BRDA:22,2,1,0
BRDA:22,2,2,0
BRDA:44,3,0,0
BRDA:44,3,1,0
BRDA:54,4,0,0
BRDA:55,5,0,0
BRDA:56,6,0,0
BRDA:58,7,0,0
BRDA:58,7,1,0
BRDA:64,8,0,0
BRDA:64,8,1,0
BRDA:65,9,0,0
BRDA:65,9,1,0
BRDA:66,10,0,0
BRDA:66,10,1,0
BRDA:109,11,0,0
BRDA:110,12,0,0
BRDA:111,13,0,0
BRDA:113,14,0,0
BRDA:113,14,1,0
BRDA:148,15,0,0
BRDA:149,16,0,0
BRDA:150,17,0,0
BRDA:167,18,0,0
BRDA:167,18,1,0
BRDA:167,19,0,0
BRDA:167,19,1,0
BRF:32
BRH:0
end_of_record
TN:
SF:src/screens/Session/components/exercises/shared/exerciseConstants.ts
FNF:0
FNH:0
DA:11,0
DA:25,0
DA:41,0
DA:72,0
DA:81,0
DA:90,0
DA:112,0
DA:131,0
DA:146,0
LF:9
LH:0
BRF:0
BRH:0
end_of_record
TN:
SF:src/screens/Session/components/exercises/shared/index.ts
FNF:0
FNH:0
LF:0
LH:0
BRF:0
BRH:0
end_of_record
TN:
SF:src/screens/Session/components/exercises/shared/lessonStyles.ts
FNF:0
FNH:0
DA:9,0
DA:49,0
DA:151,0
DA:444,0
LF:4
LH:0
BRF:0
BRH:0
end_of_record
TN:
SF:src/screens/Session/components/exercises/shared/noteUtils.ts
FN:20,parseNoteName
FN:46,noteToMidi
FN:63,midiToFrequency
FN:70,noteToFrequency
FN:78,formatNoteName
FN:145,midiToNote
FN:159,shouldUseSharps
FN:170,midiToNoteInContext
FNF:8
FNH:0
FNDA:0,parseNoteName
FNDA:0,noteToMidi
FNDA:0,midiToFrequency
FNDA:0,noteToFrequency
FNDA:0,formatNoteName
FNDA:0,midiToNote
FNDA:0,shouldUseSharps
FNDA:0,midiToNoteInContext
DA:21,0
DA:22,0
DA:23,0
DA:24,0
DA:25,0
DA:32,0
DA:47,0
DA:48,0
DA:50,0
DA:51,0
DA:53,0
DA:54,0
DA:56,0
DA:64,0
DA:71,0
DA:79,0
DA:80,0
DA:86,0
DA:105,0
DA:123,0
DA:134,0
DA:146,0
DA:147,0
DA:148,0
DA:149,0
DA:150,0
DA:152,0
DA:160,0
DA:161,0
DA:162,0
DA:163,0
DA:164,0
DA:174,0
DA:175,0
DA:176,0
DA:177,0
DA:180,0
DA:181,0
DA:185,0
DA:186,0
LF:40
LH:0
BRDA:21,0,0,0
BRDA:21,0,1,0
BRDA:23,1,0,0
BRDA:23,1,1,0
BRDA:48,2,0,0
BRDA:48,2,1,0
BRDA:53,3,0,0
BRDA:53,3,1,0
BRDA:54,4,0,0
BRDA:54,4,1,0
BRDA:79,5,0,0
BRDA:79,5,1,0
BRDA:145,6,0,0
BRDA:149,7,0,0
BRDA:149,7,1,0
BRDA:149,8,0,0
BRDA:149,8,1,0
BRDA:160,9,0,0
BRDA:160,9,1,0
BRDA:161,10,0,0
BRDA:161,10,1,0
BRDA:177,11,0,0
BRDA:177,11,1,0
BRDA:180,12,0,0
BRDA:180,12,1,0
BRDA:186,13,0,0
BRDA:186,13,1,0
BRF:27
BRH:0
end_of_record
TN:
SF:src/screens/Session/components/exercises/shared/propTypes.ts
FN:54,(anonymous_0)
FNF:1
FNH:0
FNDA:0,(anonymous_0)
DA:51,0
DA:94,0
DA:106,0
DA:112,0
DA:120,0
DA:127,0
DA:134,0
LF:7
LH:0
BRF:0
BRH:0
end_of_record
TN:
SF:src/screens/Session/components/exercises/shared/useExerciseAudioContext.ts
FN:30,useExerciseAudioContext
FN:36,(anonymous_1)
FN:44,(anonymous_2)
FN:65,(anonymous_3)
FN:74,(anonymous_4)
FN:78,(anonymous_5)
FNF:6
FNH:0
FNDA:0,useExerciseAudioContext
FNDA:0,(anonymous_1)
FNDA:0,(anonymous_2)
FNDA:0,(anonymous_3)
FNDA:0,(anonymous_4)
FNDA:0,(anonymous_5)
DA:31,0
DA:32,0
DA:33,0
DA:34,0
DA:36,0
DA:37,0
DA:38,0
DA:39,0
DA:41,0
DA:43,0
DA:44,0
DA:45,0
DA:46,0
DA:50,0
DA:53,0
DA:56,0
DA:57,0
DA:58,0
DA:65,0
DA:66,0
DA:67,0
DA:68,0
DA:69,0
DA:71,0
DA:74,0
DA:75,0
DA:76,0
DA:78,0
DA:79,0
DA:80,0
DA:81,0
DA:82,0
DA:87,0
LF:33
LH:0
BRDA:41,0,0,0
BRDA:41,0,1,0
BRDA:43,1,0,0
BRDA:43,1,1,0
BRDA:45,2,0,0
BRDA:45,2,1,0
BRDA:57,3,0,0
BRDA:57,3,1,0
BRDA:59,4,0,0
BRDA:59,4,1,0
BRDA:67,5,0,0
BRDA:67,5,1,0
BRDA:80,6,0,0
BRDA:80,6,1,0
BRF:14
BRH:0
end_of_record
TN:
SF:src/screens/Session/context/SessionContext.js
FN:19,getSessionUrl
FN:26,SessionProvider
FN:73,(anonymous_2)
FN:100,(anonymous_3)
FN:102,(anonymous_4)
FN:107,(anonymous_5)
FN:112,(anonymous_6)
FN:119,(anonymous_7)
FN:122,(anonymous_8)
FN:128,(anonymous_9)
FN:140,(anonymous_10)
FN:148,(anonymous_11)
FN:184,(anonymous_12)
FN:209,(anonymous_13)
FN:214,(anonymous_14)
FN:220,(anonymous_15)
FN:230,(anonymous_16)
FN:237,(anonymous_17)
FN:240,(anonymous_18)
FN:245,(anonymous_19)
FN:256,(anonymous_20)
FN:282,(anonymous_21)
FN:288,(anonymous_22)
FN:290,(anonymous_23)
FN:291,(anonymous_24)
FN:298,(anonymous_25)
FN:299,(anonymous_26)
FN:315,(anonymous_27)
FN:316,(anonymous_28)
FN:330,(anonymous_29)
FN:336,(anonymous_30)
FN:344,(anonymous_31)
FN:398,(anonymous_32)
FN:429,(anonymous_33)
FN:435,(anonymous_34)
FN:522,useSession
FNF:36
FNH:19
FNDA:30,getSessionUrl
FNDA:99,SessionProvider
FNDA:30,(anonymous_2)
FNDA:29,(anonymous_3)
FNDA:0,(anonymous_4)
FNDA:28,(anonymous_5)
FNDA:2,(anonymous_6)
FNDA:58,(anonymous_7)
FNDA:64,(anonymous_8)
FNDA:28,(anonymous_9)
FNDA:62,(anonymous_10)
FNDA:0,(anonymous_11)
FNDA:0,(anonymous_12)
FNDA:1,(anonymous_13)
FNDA:0,(anonymous_14)
FNDA:1,(anonymous_15)
FNDA:59,(anonymous_16)
FNDA:29,(anonymous_17)
FNDA:29,(anonymous_18)
FNDA:0,(anonymous_19)
FNDA:0,(anonymous_20)
FNDA:0,(anonymous_21)
FNDA:0,(anonymous_22)
FNDA:0,(anonymous_23)
FNDA:0,(anonymous_24)
FNDA:0,(anonymous_25)
FNDA:0,(anonymous_26)
FNDA:0,(anonymous_27)
FNDA:0,(anonymous_28)
FNDA:1,(anonymous_29)
FNDA:0,(anonymous_30)
FNDA:0,(anonymous_31)
FNDA:0,(anonymous_32)
FNDA:1,(anonymous_33)
FNDA:2,(anonymous_34)
FNDA:99,useSession
DA:17,1
DA:20,30
DA:23,30
DA:28,99
DA:29,99
DA:30,99
DA:31,99
DA:34,99
DA:35,99
DA:36,99
DA:37,99
DA:38,99
DA:39,99
DA:42,99
DA:43,99
DA:44,99
DA:45,99
DA:46,99
DA:47,99
DA:50,99
DA:51,99
DA:52,99
DA:53,99
DA:54,99
DA:57,99
DA:58,99
DA:59,99
DA:62,99
DA:63,99
DA:64,99
DA:65,99
DA:66,99
DA:67,99
DA:68,99
DA:69,99
DA:70,99
DA:73,99
DA:74,30
DA:76,30
DA:77,1
DA:86,29
DA:95,30
DA:101,29
DA:102,1
DA:103,1
DA:105,28
DA:108,28
DA:109,28
DA:110,28
DA:113,2
DA:114,2
DA:119,99
DA:120,58
DA:122,28
DA:123,64
DA:124,64
DA:125,64
DA:128,28
DA:129,28
DA:130,28
DA:136,99
DA:137,99
DA:140,99
DA:141,62
DA:142,1
DA:143,1
DA:148,99
DA:149,0
DA:151,0
DA:152,0
DA:155,0
DA:156,0
DA:164,0
DA:172,0
DA:178,0
DA:180,0
DA:182,0
DA:184,0
DA:188,0
DA:191,0
DA:193,0
DA:194,0
DA:209,99
DA:210,1
DA:214,99
DA:215,0
DA:216,0
DA:220,99
DA:221,1
DA:222,1
DA:230,99
DA:231,59
DA:232,29
DA:234,29
DA:236,29
DA:238,29
DA:241,29
DA:242,29
DA:243,29
DA:246,0
DA:247,0
DA:248,0
DA:253,99
DA:256,99
DA:261,0
DA:263,0
DA:264,0
DA:273,0
DA:275,0
DA:276,0
DA:279,0
DA:280,0
DA:281,0
DA:282,0
DA:284,0
DA:285,0
DA:288,0
DA:290,0
DA:291,0
DA:292,0
DA:297,0
DA:298,0
DA:299,0
DA:300,0
DA:305,0
DA:307,0
DA:308,0
DA:314,0
DA:315,0
DA:316,0
DA:317,0
DA:322,0
DA:325,0
DA:330,99
DA:331,1
DA:332,0
DA:336,99
DA:337,0
DA:338,0
DA:339,0
DA:340,0
DA:344,99
DA:345,0
DA:346,0
DA:347,0
DA:360,0
DA:362,0
DA:364,0
DA:365,0
DA:366,0
DA:367,0
DA:368,0
DA:369,0
DA:370,0
DA:371,0
DA:372,0
DA:373,0
DA:375,0
DA:376,0
DA:377,0
DA:380,0
DA:388,0
DA:398,99
DA:399,0
DA:400,0
DA:401,0
DA:402,0
DA:403,0
DA:404,0
DA:405,0
DA:407,0
DA:408,0
DA:409,0
DA:412,0
DA:420,0
DA:429,99
DA:430,1
DA:431,1
DA:435,99
DA:436,2
DA:439,99
DA:507,99
DA:512,1
DA:523,99
DA:524,99
DA:525,2
DA:527,97
LF:187
LH:101
BRDA:19,0,0,0
BRDA:20,1,0,1
BRDA:20,1,1,29
BRDA:62,2,0,99
BRDA:62,2,1,2
BRDA:63,3,0,99
BRDA:63,3,1,4
BRDA:64,4,0,99
BRDA:64,4,1,97
BRDA:65,5,0,99
BRDA:65,5,1,97
BRDA:66,6,0,99
BRDA:66,6,1,97
BRDA:76,7,0,1
BRDA:76,7,1,29
BRDA:101,8,0,1
BRDA:101,8,1,28
BRDA:103,9,0,1
BRDA:103,9,1,0
BRDA:113,10,0,2
BRDA:113,10,1,0
BRDA:120,11,0,30
BRDA:120,11,1,28
BRDA:129,12,0,28
BRDA:129,12,1,0
BRDA:141,13,0,1
BRDA:141,13,1,61
BRDA:141,14,0,62
BRDA:141,14,1,2
BRDA:141,14,2,1
BRDA:149,15,0,0
BRDA:149,15,1,0
BRDA:149,16,0,0
BRDA:149,16,1,0
BRDA:155,17,0,0
BRDA:155,17,1,0
BRDA:178,18,0,0
BRDA:178,18,1,0
BRDA:182,19,0,0
BRDA:182,19,1,0
BRDA:182,20,0,0
BRDA:182,20,1,0
BRDA:231,21,0,30
BRDA:231,21,1,29
BRDA:238,22,0,29
BRDA:238,22,1,0
BRDA:241,23,0,29
BRDA:241,23,1,29
BRDA:242,24,0,29
BRDA:242,24,1,29
BRDA:258,25,0,0
BRDA:259,26,0,0
BRDA:261,27,0,0
BRDA:261,27,1,0
BRDA:275,28,0,0
BRDA:275,28,1,0
BRDA:279,29,0,0
BRDA:279,29,1,0
BRDA:284,30,0,0
BRDA:284,30,1,0
BRDA:292,31,0,0
BRDA:292,31,1,0
BRDA:297,32,0,0
BRDA:297,32,1,0
BRDA:300,33,0,0
BRDA:300,33,1,0
BRDA:307,34,0,0
BRDA:307,34,1,0
BRDA:307,35,0,0
BRDA:307,35,1,0
BRDA:314,36,0,0
BRDA:314,36,1,0
BRDA:317,37,0,0
BRDA:317,37,1,0
BRDA:331,38,0,1
BRDA:331,38,1,0
BRDA:332,39,0,0
BRDA:332,39,1,0
BRDA:355,40,0,0
BRDA:355,40,1,0
BRDA:360,41,0,0
BRDA:360,41,1,0
BRDA:371,42,0,0
BRDA:371,42,1,0
BRDA:373,43,0,0
BRDA:373,43,1,0
BRDA:376,44,0,0
BRDA:376,44,1,0
BRDA:403,45,0,0
BRDA:403,45,1,0
BRDA:405,46,0,0
BRDA:405,46,1,0
BRDA:408,47,0,0
BRDA:408,47,1,0
BRDA:524,48,0,2
BRDA:524,48,1,97
BRF:96
BRH:36
end_of_record
TN:
SF:src/screens/Session/data/stepTypes.js
FNF:0
FNH:0
DA:5,0
DA:14,0
LF:2
LH:0
BRF:0
BRH:0
end_of_record
TN:
SF:src/screens/Session/hooks/useTools.js
FN:6,useTools
FN:29,(anonymous_1)
FN:40,(anonymous_2)
FN:51,(anonymous_3)
FN:62,(anonymous_4)
FN:63,(anonymous_5)
FN:69,(anonymous_6)
FN:77,(anonymous_7)
FNF:8
FNH:8
FNDA:43,useTools
FNDA:22,(anonymous_1)
FNDA:4,(anonymous_2)
FNDA:4,(anonymous_3)
FNDA:2,(anonymous_4)
FNDA:1,(anonymous_5)
FNDA:3,(anonymous_6)
FNDA:2,(anonymous_7)
DA:8,43
DA:9,43
DA:10,43
DA:13,43
DA:14,43
DA:15,43
DA:18,43
DA:19,43
DA:20,43
DA:23,43
DA:26,43
DA:29,43
DA:30,22
DA:31,22
DA:32,22
DA:33,22
DA:34,22
DA:35,22
DA:36,22
DA:40,43
DA:41,4
DA:42,1
DA:43,1
DA:45,3
DA:46,3
DA:51,43
DA:52,4
DA:53,1
DA:54,1
DA:56,3
DA:57,3
DA:62,43
DA:63,2
DA:64,1
DA:69,43
DA:70,3
DA:71,1
DA:72,1
DA:77,43
DA:78,2
DA:79,2
DA:82,43
LF:42
LH:42
BRDA:41,0,0,1
BRDA:41,0,1,3
BRDA:52,1,0,1
BRDA:52,1,1,3
BRDA:70,2,0,1
BRDA:70,2,1,2
BRF:6
BRH:6
end_of_record
TN:
SF:src/screens/TuneMastery/components/Tuner.tsx
FN:23,Tuner
FN:33,(anonymous_1)
FN:62,(anonymous_2)
FN:76,(anonymous_3)
FN:77,(anonymous_4)
FN:85,(anonymous_5)
FN:95,(anonymous_6)
FNF:7
FNH:6
FNDA:18,Tuner
FNDA:0,(anonymous_1)
FNDA:2,(anonymous_2)
FNDA:14,(anonymous_3)
FNDA:14,(anonymous_4)
FNDA:4,(anonymous_5)
FNDA:2,(anonymous_6)
DA:13,1
DA:23,1
DA:27,18
DA:28,18
DA:29,18
DA:30,18
DA:32,18
DA:34,0
DA:35,0
DA:36,0
DA:37,0
DA:38,0
DA:39,0
DA:41,0
DA:42,0
DA:43,0
DA:55,18
DA:62,18
DA:63,2
DA:64,0
DA:65,0
DA:66,0
DA:67,0
DA:68,0
DA:70,2
DA:71,2
DA:76,18
DA:77,14
DA:78,14
DA:79,2
DA:85,18
DA:86,4
DA:87,4
DA:88,0
DA:89,0
DA:90,0
DA:91,0
DA:95,18
DA:96,2
DA:97,2
DA:100,18
DA:188,1
LF:42
LH:24
BRDA:24,0,0,15
BRDA:25,1,0,16
BRDA:34,2,0,0
BRDA:34,2,1,0
BRDA:34,3,0,0
BRDA:34,3,1,0
BRDA:63,4,0,0
BRDA:63,4,1,2
BRDA:78,5,0,2
BRDA:78,5,1,12
BRDA:87,6,0,4
BRDA:87,6,1,0
BRDA:88,7,0,0
BRDA:88,7,1,0
BRDA:89,8,0,0
BRDA:89,8,1,0
BRDA:90,9,0,0
BRDA:90,9,1,0
BRDA:104,10,0,18
BRDA:104,10,1,2
BRDA:106,11,0,2
BRDA:106,11,1,16
BRDA:109,12,0,2
BRDA:109,12,1,16
BRDA:111,13,0,2
BRDA:111,13,1,16
BRDA:116,14,0,18
BRDA:116,14,1,0
BRDA:119,15,0,18
BRDA:119,15,1,2
BRDA:121,16,0,2
BRDA:121,16,1,0
BRDA:147,17,0,2
BRDA:147,17,1,2
BRDA:150,18,0,0
BRDA:150,18,1,2
BRDA:159,19,0,0
BRDA:159,19,1,0
BRDA:162,20,0,0
BRDA:162,20,1,0
BRDA:166,21,0,0
BRDA:166,21,1,0
BRDA:169,22,0,0
BRDA:169,22,1,0
BRDA:171,23,0,0
BRDA:171,23,1,0
BRDA:182,24,0,1
BRDA:182,24,1,17
BRF:48
BRH:23
end_of_record
